ARM GAS  /tmp/ccDhvtdt.s 			page 1


   1              		.cpu cortex-m4
   2              		.eabi_attribute 27, 1
   3              		.eabi_attribute 28, 1
   4              		.eabi_attribute 20, 1
   5              		.eabi_attribute 21, 1
   6              		.eabi_attribute 23, 3
   7              		.eabi_attribute 24, 1
   8              		.eabi_attribute 25, 1
   9              		.eabi_attribute 26, 1
  10              		.eabi_attribute 30, 1
  11              		.eabi_attribute 34, 1
  12              		.eabi_attribute 18, 4
  13              		.file	"stm32l4xx_hal_crc_ex.c"
  14              		.text
  15              	.Ltext0:
  16              		.cfi_sections	.debug_frame
  17              		.section	.text.HAL_CRCEx_Polynomial_Set,"ax",%progbits
  18              		.align	1
  19              		.global	HAL_CRCEx_Polynomial_Set
  20              		.syntax unified
  21              		.thumb
  22              		.thumb_func
  23              		.fpu fpv4-sp-d16
  25              	HAL_CRCEx_Polynomial_Set:
  26              	.LFB123:
  27              		.file 1 "../../core/ST/STM32L4xx_HAL_Driver/Src/stm32l4xx_hal_crc_ex.c"
   1:../../core/ST/STM32L4xx_HAL_Driver/Src/stm32l4xx_hal_crc_ex.c **** /**
   2:../../core/ST/STM32L4xx_HAL_Driver/Src/stm32l4xx_hal_crc_ex.c ****   ******************************************************************************
   3:../../core/ST/STM32L4xx_HAL_Driver/Src/stm32l4xx_hal_crc_ex.c ****   * @file    stm32l4xx_hal_crc_ex.c
   4:../../core/ST/STM32L4xx_HAL_Driver/Src/stm32l4xx_hal_crc_ex.c ****   * @author  MCD Application Team
   5:../../core/ST/STM32L4xx_HAL_Driver/Src/stm32l4xx_hal_crc_ex.c ****   * @brief   Extended CRC HAL module driver.
   6:../../core/ST/STM32L4xx_HAL_Driver/Src/stm32l4xx_hal_crc_ex.c ****   *          This file provides firmware functions to manage the extended
   7:../../core/ST/STM32L4xx_HAL_Driver/Src/stm32l4xx_hal_crc_ex.c ****   *          functionalities of the CRC peripheral.
   8:../../core/ST/STM32L4xx_HAL_Driver/Src/stm32l4xx_hal_crc_ex.c ****   *
   9:../../core/ST/STM32L4xx_HAL_Driver/Src/stm32l4xx_hal_crc_ex.c ****   @verbatim
  10:../../core/ST/STM32L4xx_HAL_Driver/Src/stm32l4xx_hal_crc_ex.c **** ================================================================================
  11:../../core/ST/STM32L4xx_HAL_Driver/Src/stm32l4xx_hal_crc_ex.c ****             ##### How to use this driver #####
  12:../../core/ST/STM32L4xx_HAL_Driver/Src/stm32l4xx_hal_crc_ex.c **** ================================================================================
  13:../../core/ST/STM32L4xx_HAL_Driver/Src/stm32l4xx_hal_crc_ex.c ****     [..]
  14:../../core/ST/STM32L4xx_HAL_Driver/Src/stm32l4xx_hal_crc_ex.c ****          (+) Set user-defined generating polynomial thru HAL_CRCEx_Polynomial_Set()
  15:../../core/ST/STM32L4xx_HAL_Driver/Src/stm32l4xx_hal_crc_ex.c ****          (+) Configure Input or Output data inversion
  16:../../core/ST/STM32L4xx_HAL_Driver/Src/stm32l4xx_hal_crc_ex.c **** 
  17:../../core/ST/STM32L4xx_HAL_Driver/Src/stm32l4xx_hal_crc_ex.c ****   @endverbatim
  18:../../core/ST/STM32L4xx_HAL_Driver/Src/stm32l4xx_hal_crc_ex.c ****   ******************************************************************************
  19:../../core/ST/STM32L4xx_HAL_Driver/Src/stm32l4xx_hal_crc_ex.c ****   * @attention
  20:../../core/ST/STM32L4xx_HAL_Driver/Src/stm32l4xx_hal_crc_ex.c ****   *
  21:../../core/ST/STM32L4xx_HAL_Driver/Src/stm32l4xx_hal_crc_ex.c ****   * <h2><center>&copy; COPYRIGHT(c) 2017 STMicroelectronics</center></h2>
  22:../../core/ST/STM32L4xx_HAL_Driver/Src/stm32l4xx_hal_crc_ex.c ****   *
  23:../../core/ST/STM32L4xx_HAL_Driver/Src/stm32l4xx_hal_crc_ex.c ****   * Redistribution and use in source and binary forms, with or without modification,
  24:../../core/ST/STM32L4xx_HAL_Driver/Src/stm32l4xx_hal_crc_ex.c ****   * are permitted provided that the following conditions are met:
  25:../../core/ST/STM32L4xx_HAL_Driver/Src/stm32l4xx_hal_crc_ex.c ****   *   1. Redistributions of source code must retain the above copyright notice,
  26:../../core/ST/STM32L4xx_HAL_Driver/Src/stm32l4xx_hal_crc_ex.c ****   *      this list of conditions and the following disclaimer.
  27:../../core/ST/STM32L4xx_HAL_Driver/Src/stm32l4xx_hal_crc_ex.c ****   *   2. Redistributions in binary form must reproduce the above copyright notice,
  28:../../core/ST/STM32L4xx_HAL_Driver/Src/stm32l4xx_hal_crc_ex.c ****   *      this list of conditions and the following disclaimer in the documentation
  29:../../core/ST/STM32L4xx_HAL_Driver/Src/stm32l4xx_hal_crc_ex.c ****   *      and/or other materials provided with the distribution.
  30:../../core/ST/STM32L4xx_HAL_Driver/Src/stm32l4xx_hal_crc_ex.c ****   *   3. Neither the name of STMicroelectronics nor the names of its contributors
  31:../../core/ST/STM32L4xx_HAL_Driver/Src/stm32l4xx_hal_crc_ex.c ****   *      may be used to endorse or promote products derived from this software
ARM GAS  /tmp/ccDhvtdt.s 			page 2


  32:../../core/ST/STM32L4xx_HAL_Driver/Src/stm32l4xx_hal_crc_ex.c ****   *      without specific prior written permission.
  33:../../core/ST/STM32L4xx_HAL_Driver/Src/stm32l4xx_hal_crc_ex.c ****   *
  34:../../core/ST/STM32L4xx_HAL_Driver/Src/stm32l4xx_hal_crc_ex.c ****   * THIS SOFTWARE IS PROVIDED BY THE COPYRIGHT HOLDERS AND CONTRIBUTORS "AS IS"
  35:../../core/ST/STM32L4xx_HAL_Driver/Src/stm32l4xx_hal_crc_ex.c ****   * AND ANY EXPRESS OR IMPLIED WARRANTIES, INCLUDING, BUT NOT LIMITED TO, THE
  36:../../core/ST/STM32L4xx_HAL_Driver/Src/stm32l4xx_hal_crc_ex.c ****   * IMPLIED WARRANTIES OF MERCHANTABILITY AND FITNESS FOR A PARTICULAR PURPOSE ARE
  37:../../core/ST/STM32L4xx_HAL_Driver/Src/stm32l4xx_hal_crc_ex.c ****   * DISCLAIMED. IN NO EVENT SHALL THE COPYRIGHT HOLDER OR CONTRIBUTORS BE LIABLE
  38:../../core/ST/STM32L4xx_HAL_Driver/Src/stm32l4xx_hal_crc_ex.c ****   * FOR ANY DIRECT, INDIRECT, INCIDENTAL, SPECIAL, EXEMPLARY, OR CONSEQUENTIAL
  39:../../core/ST/STM32L4xx_HAL_Driver/Src/stm32l4xx_hal_crc_ex.c ****   * DAMAGES (INCLUDING, BUT NOT LIMITED TO, PROCUREMENT OF SUBSTITUTE GOODS OR
  40:../../core/ST/STM32L4xx_HAL_Driver/Src/stm32l4xx_hal_crc_ex.c ****   * SERVICES; LOSS OF USE, DATA, OR PROFITS; OR BUSINESS INTERRUPTION) HOWEVER
  41:../../core/ST/STM32L4xx_HAL_Driver/Src/stm32l4xx_hal_crc_ex.c ****   * CAUSED AND ON ANY THEORY OF LIABILITY, WHETHER IN CONTRACT, STRICT LIABILITY,
  42:../../core/ST/STM32L4xx_HAL_Driver/Src/stm32l4xx_hal_crc_ex.c ****   * OR TORT (INCLUDING NEGLIGENCE OR OTHERWISE) ARISING IN ANY WAY OUT OF THE USE
  43:../../core/ST/STM32L4xx_HAL_Driver/Src/stm32l4xx_hal_crc_ex.c ****   * OF THIS SOFTWARE, EVEN IF ADVISED OF THE POSSIBILITY OF SUCH DAMAGE.
  44:../../core/ST/STM32L4xx_HAL_Driver/Src/stm32l4xx_hal_crc_ex.c ****   *
  45:../../core/ST/STM32L4xx_HAL_Driver/Src/stm32l4xx_hal_crc_ex.c ****   ******************************************************************************
  46:../../core/ST/STM32L4xx_HAL_Driver/Src/stm32l4xx_hal_crc_ex.c ****   */
  47:../../core/ST/STM32L4xx_HAL_Driver/Src/stm32l4xx_hal_crc_ex.c **** 
  48:../../core/ST/STM32L4xx_HAL_Driver/Src/stm32l4xx_hal_crc_ex.c **** /* Includes ------------------------------------------------------------------*/
  49:../../core/ST/STM32L4xx_HAL_Driver/Src/stm32l4xx_hal_crc_ex.c **** #include "stm32l4xx_hal.h"
  50:../../core/ST/STM32L4xx_HAL_Driver/Src/stm32l4xx_hal_crc_ex.c **** 
  51:../../core/ST/STM32L4xx_HAL_Driver/Src/stm32l4xx_hal_crc_ex.c **** /** @addtogroup STM32L4xx_HAL_Driver
  52:../../core/ST/STM32L4xx_HAL_Driver/Src/stm32l4xx_hal_crc_ex.c ****   * @{
  53:../../core/ST/STM32L4xx_HAL_Driver/Src/stm32l4xx_hal_crc_ex.c ****   */
  54:../../core/ST/STM32L4xx_HAL_Driver/Src/stm32l4xx_hal_crc_ex.c **** 
  55:../../core/ST/STM32L4xx_HAL_Driver/Src/stm32l4xx_hal_crc_ex.c **** /** @defgroup CRCEx CRCEx
  56:../../core/ST/STM32L4xx_HAL_Driver/Src/stm32l4xx_hal_crc_ex.c ****   * @brief CRC Extended HAL module driver
  57:../../core/ST/STM32L4xx_HAL_Driver/Src/stm32l4xx_hal_crc_ex.c ****   * @{
  58:../../core/ST/STM32L4xx_HAL_Driver/Src/stm32l4xx_hal_crc_ex.c ****   */
  59:../../core/ST/STM32L4xx_HAL_Driver/Src/stm32l4xx_hal_crc_ex.c **** 
  60:../../core/ST/STM32L4xx_HAL_Driver/Src/stm32l4xx_hal_crc_ex.c **** #ifdef HAL_CRC_MODULE_ENABLED
  61:../../core/ST/STM32L4xx_HAL_Driver/Src/stm32l4xx_hal_crc_ex.c **** 
  62:../../core/ST/STM32L4xx_HAL_Driver/Src/stm32l4xx_hal_crc_ex.c **** /* Private typedef -----------------------------------------------------------*/
  63:../../core/ST/STM32L4xx_HAL_Driver/Src/stm32l4xx_hal_crc_ex.c **** /* Private define ------------------------------------------------------------*/
  64:../../core/ST/STM32L4xx_HAL_Driver/Src/stm32l4xx_hal_crc_ex.c **** /* Private macro -------------------------------------------------------------*/
  65:../../core/ST/STM32L4xx_HAL_Driver/Src/stm32l4xx_hal_crc_ex.c **** /* Private variables ---------------------------------------------------------*/
  66:../../core/ST/STM32L4xx_HAL_Driver/Src/stm32l4xx_hal_crc_ex.c **** /* Private function prototypes -----------------------------------------------*/
  67:../../core/ST/STM32L4xx_HAL_Driver/Src/stm32l4xx_hal_crc_ex.c **** /* Exported functions --------------------------------------------------------*/
  68:../../core/ST/STM32L4xx_HAL_Driver/Src/stm32l4xx_hal_crc_ex.c **** 
  69:../../core/ST/STM32L4xx_HAL_Driver/Src/stm32l4xx_hal_crc_ex.c **** /** @defgroup CRCEx_Exported_Functions CRC Extended Exported Functions
  70:../../core/ST/STM32L4xx_HAL_Driver/Src/stm32l4xx_hal_crc_ex.c ****   * @{
  71:../../core/ST/STM32L4xx_HAL_Driver/Src/stm32l4xx_hal_crc_ex.c ****   */
  72:../../core/ST/STM32L4xx_HAL_Driver/Src/stm32l4xx_hal_crc_ex.c **** 
  73:../../core/ST/STM32L4xx_HAL_Driver/Src/stm32l4xx_hal_crc_ex.c **** /** @defgroup CRCEx_Exported_Functions_Group1 Extended Initialization/de-initialization functions
  74:../../core/ST/STM32L4xx_HAL_Driver/Src/stm32l4xx_hal_crc_ex.c ****   * @brief    Extended Initialization and Configuration functions.
  75:../../core/ST/STM32L4xx_HAL_Driver/Src/stm32l4xx_hal_crc_ex.c ****   *
  76:../../core/ST/STM32L4xx_HAL_Driver/Src/stm32l4xx_hal_crc_ex.c **** @verbatim
  77:../../core/ST/STM32L4xx_HAL_Driver/Src/stm32l4xx_hal_crc_ex.c ****  ===============================================================================
  78:../../core/ST/STM32L4xx_HAL_Driver/Src/stm32l4xx_hal_crc_ex.c ****             ##### Extended configuration functions #####
  79:../../core/ST/STM32L4xx_HAL_Driver/Src/stm32l4xx_hal_crc_ex.c ****  ===============================================================================
  80:../../core/ST/STM32L4xx_HAL_Driver/Src/stm32l4xx_hal_crc_ex.c ****     [..]  This section provides functions allowing to:
  81:../../core/ST/STM32L4xx_HAL_Driver/Src/stm32l4xx_hal_crc_ex.c ****       (+) Configure the generating polynomial
  82:../../core/ST/STM32L4xx_HAL_Driver/Src/stm32l4xx_hal_crc_ex.c ****       (+) Configure the input data inversion
  83:../../core/ST/STM32L4xx_HAL_Driver/Src/stm32l4xx_hal_crc_ex.c ****       (+) Configure the output data inversion
  84:../../core/ST/STM32L4xx_HAL_Driver/Src/stm32l4xx_hal_crc_ex.c **** 
  85:../../core/ST/STM32L4xx_HAL_Driver/Src/stm32l4xx_hal_crc_ex.c **** @endverbatim
  86:../../core/ST/STM32L4xx_HAL_Driver/Src/stm32l4xx_hal_crc_ex.c ****   * @{
  87:../../core/ST/STM32L4xx_HAL_Driver/Src/stm32l4xx_hal_crc_ex.c ****   */
  88:../../core/ST/STM32L4xx_HAL_Driver/Src/stm32l4xx_hal_crc_ex.c **** 
ARM GAS  /tmp/ccDhvtdt.s 			page 3


  89:../../core/ST/STM32L4xx_HAL_Driver/Src/stm32l4xx_hal_crc_ex.c **** 
  90:../../core/ST/STM32L4xx_HAL_Driver/Src/stm32l4xx_hal_crc_ex.c **** /**
  91:../../core/ST/STM32L4xx_HAL_Driver/Src/stm32l4xx_hal_crc_ex.c ****   * @brief  Initialize the CRC polynomial if different from default one.
  92:../../core/ST/STM32L4xx_HAL_Driver/Src/stm32l4xx_hal_crc_ex.c ****   * @param  hcrc CRC handle
  93:../../core/ST/STM32L4xx_HAL_Driver/Src/stm32l4xx_hal_crc_ex.c ****   * @param  Pol CRC generating polynomial (7, 8, 16 or 32-bit long).
  94:../../core/ST/STM32L4xx_HAL_Driver/Src/stm32l4xx_hal_crc_ex.c ****   *         This parameter is written in normal representation, e.g.
  95:../../core/ST/STM32L4xx_HAL_Driver/Src/stm32l4xx_hal_crc_ex.c ****   *         @arg for a polynomial of degree 7, X^7 + X^6 + X^5 + X^2 + 1 is written 0x65
  96:../../core/ST/STM32L4xx_HAL_Driver/Src/stm32l4xx_hal_crc_ex.c ****   *         @arg for a polynomial of degree 16, X^16 + X^12 + X^5 + 1 is written 0x1021
  97:../../core/ST/STM32L4xx_HAL_Driver/Src/stm32l4xx_hal_crc_ex.c ****   * @param  PolyLength CRC polynomial length.
  98:../../core/ST/STM32L4xx_HAL_Driver/Src/stm32l4xx_hal_crc_ex.c ****   *         This parameter can be one of the following values:
  99:../../core/ST/STM32L4xx_HAL_Driver/Src/stm32l4xx_hal_crc_ex.c ****   *          @arg @ref CRC_POLYLENGTH_7B  7-bit long CRC (generating polynomial of degree 7)
 100:../../core/ST/STM32L4xx_HAL_Driver/Src/stm32l4xx_hal_crc_ex.c ****   *          @arg @ref CRC_POLYLENGTH_8B  8-bit long CRC (generating polynomial of degree 8)
 101:../../core/ST/STM32L4xx_HAL_Driver/Src/stm32l4xx_hal_crc_ex.c ****   *          @arg @ref CRC_POLYLENGTH_16B 16-bit long CRC (generating polynomial of degree 16)
 102:../../core/ST/STM32L4xx_HAL_Driver/Src/stm32l4xx_hal_crc_ex.c ****   *          @arg @ref CRC_POLYLENGTH_32B 32-bit long CRC (generating polynomial of degree 32)
 103:../../core/ST/STM32L4xx_HAL_Driver/Src/stm32l4xx_hal_crc_ex.c ****   * @retval HAL status
 104:../../core/ST/STM32L4xx_HAL_Driver/Src/stm32l4xx_hal_crc_ex.c ****   */
 105:../../core/ST/STM32L4xx_HAL_Driver/Src/stm32l4xx_hal_crc_ex.c **** HAL_StatusTypeDef HAL_CRCEx_Polynomial_Set(CRC_HandleTypeDef *hcrc, uint32_t Pol, uint32_t PolyLeng
 106:../../core/ST/STM32L4xx_HAL_Driver/Src/stm32l4xx_hal_crc_ex.c **** {
  28              		.loc 1 106 0
  29              		.cfi_startproc
  30              		@ args = 0, pretend = 0, frame = 0
  31              		@ frame_needed = 0, uses_anonymous_args = 0
  32              		@ link register save eliminated.
  33              	.LVL0:
  34 0000 30B4     		push	{r4, r5}
  35              	.LCFI0:
  36              		.cfi_def_cfa_offset 8
  37              		.cfi_offset 4, -8
  38              		.cfi_offset 5, -4
  39              	.LVL1:
 107:../../core/ST/STM32L4xx_HAL_Driver/Src/stm32l4xx_hal_crc_ex.c ****   HAL_StatusTypeDef status = HAL_OK;
 108:../../core/ST/STM32L4xx_HAL_Driver/Src/stm32l4xx_hal_crc_ex.c ****   uint32_t msb = 31U; /* polynomial degree is 32 at most, so msb is initialized to max value */
  40              		.loc 1 108 0
  41 0002 1F24     		movs	r4, #31
  42              	.LVL2:
  43              	.L3:
 109:../../core/ST/STM32L4xx_HAL_Driver/Src/stm32l4xx_hal_crc_ex.c **** 
 110:../../core/ST/STM32L4xx_HAL_Driver/Src/stm32l4xx_hal_crc_ex.c ****   /* Check the parameters */
 111:../../core/ST/STM32L4xx_HAL_Driver/Src/stm32l4xx_hal_crc_ex.c ****   assert_param(IS_CRC_POL_LENGTH(PolyLength));
 112:../../core/ST/STM32L4xx_HAL_Driver/Src/stm32l4xx_hal_crc_ex.c **** 
 113:../../core/ST/STM32L4xx_HAL_Driver/Src/stm32l4xx_hal_crc_ex.c ****   /* check polynomial definition vs polynomial size:
 114:../../core/ST/STM32L4xx_HAL_Driver/Src/stm32l4xx_hal_crc_ex.c ****    * polynomial length must be aligned with polynomial
 115:../../core/ST/STM32L4xx_HAL_Driver/Src/stm32l4xx_hal_crc_ex.c ****    * definition. HAL_ERROR is reported if Pol degree is
 116:../../core/ST/STM32L4xx_HAL_Driver/Src/stm32l4xx_hal_crc_ex.c ****    * larger than that indicated by PolyLength.
 117:../../core/ST/STM32L4xx_HAL_Driver/Src/stm32l4xx_hal_crc_ex.c ****    * Look for MSB position: msb will contain the degree of
 118:../../core/ST/STM32L4xx_HAL_Driver/Src/stm32l4xx_hal_crc_ex.c ****    *  the second to the largest polynomial member. E.g., for
 119:../../core/ST/STM32L4xx_HAL_Driver/Src/stm32l4xx_hal_crc_ex.c ****    *  X^7 + X^6 + X^5 + X^2 + 1, msb = 6. */
 120:../../core/ST/STM32L4xx_HAL_Driver/Src/stm32l4xx_hal_crc_ex.c ****   while ((msb-- > 0U) && ((Pol & ((uint32_t)(0x1U) << (msb & 0x1FU))) == 0U))
  44              		.loc 1 120 0 discriminator 2
  45 0004 651E     		subs	r5, r4, #1
  46              	.LVL3:
  47 0006 3CB1     		cbz	r4, .L2
  48              		.loc 1 120 0 is_stmt 0 discriminator 1
  49 0008 05F01F03 		and	r3, r5, #31
  50 000c 21FA03F3 		lsr	r3, r1, r3
  51 0010 2C46     		mov	r4, r5
  52 0012 13F0010F 		tst	r3, #1
ARM GAS  /tmp/ccDhvtdt.s 			page 4


  53 0016 F5D0     		beq	.L3
  54              	.L2:
 121:../../core/ST/STM32L4xx_HAL_Driver/Src/stm32l4xx_hal_crc_ex.c ****   {
 122:../../core/ST/STM32L4xx_HAL_Driver/Src/stm32l4xx_hal_crc_ex.c ****   }
 123:../../core/ST/STM32L4xx_HAL_Driver/Src/stm32l4xx_hal_crc_ex.c **** 
 124:../../core/ST/STM32L4xx_HAL_Driver/Src/stm32l4xx_hal_crc_ex.c ****   switch (PolyLength)
  55              		.loc 1 124 0 is_stmt 1
  56 0018 182A     		cmp	r2, #24
  57 001a 27D8     		bhi	.L11
  58 001c DFE802F0 		tbb	[pc, r2]
  59              	.L6:
  60 0020 0D       		.byte	(.L5-.L6)/2
  61 0021 26       		.byte	(.L11-.L6)/2
  62 0022 26       		.byte	(.L11-.L6)/2
  63 0023 26       		.byte	(.L11-.L6)/2
  64 0024 26       		.byte	(.L11-.L6)/2
  65 0025 26       		.byte	(.L11-.L6)/2
  66 0026 26       		.byte	(.L11-.L6)/2
  67 0027 26       		.byte	(.L11-.L6)/2
  68 0028 22       		.byte	(.L7-.L6)/2
  69 0029 26       		.byte	(.L11-.L6)/2
  70 002a 26       		.byte	(.L11-.L6)/2
  71 002b 26       		.byte	(.L11-.L6)/2
  72 002c 26       		.byte	(.L11-.L6)/2
  73 002d 26       		.byte	(.L11-.L6)/2
  74 002e 26       		.byte	(.L11-.L6)/2
  75 002f 26       		.byte	(.L11-.L6)/2
  76 0030 1E       		.byte	(.L8-.L6)/2
  77 0031 26       		.byte	(.L11-.L6)/2
  78 0032 26       		.byte	(.L11-.L6)/2
  79 0033 26       		.byte	(.L11-.L6)/2
  80 0034 26       		.byte	(.L11-.L6)/2
  81 0035 26       		.byte	(.L11-.L6)/2
  82 0036 26       		.byte	(.L11-.L6)/2
  83 0037 26       		.byte	(.L11-.L6)/2
  84 0038 1A       		.byte	(.L9-.L6)/2
  85 0039 00       		.p2align 1
  86              	.L5:
 107:../../core/ST/STM32L4xx_HAL_Driver/Src/stm32l4xx_hal_crc_ex.c ****   uint32_t msb = 31U; /* polynomial degree is 32 at most, so msb is initialized to max value */
  87              		.loc 1 107 0
  88 003a 0023     		movs	r3, #0
  89              	.L4:
  90              	.LVL4:
 125:../../core/ST/STM32L4xx_HAL_Driver/Src/stm32l4xx_hal_crc_ex.c ****   {
 126:../../core/ST/STM32L4xx_HAL_Driver/Src/stm32l4xx_hal_crc_ex.c ****     case CRC_POLYLENGTH_7B:
 127:../../core/ST/STM32L4xx_HAL_Driver/Src/stm32l4xx_hal_crc_ex.c ****       if (msb >= HAL_CRC_LENGTH_7B)
 128:../../core/ST/STM32L4xx_HAL_Driver/Src/stm32l4xx_hal_crc_ex.c ****       {
 129:../../core/ST/STM32L4xx_HAL_Driver/Src/stm32l4xx_hal_crc_ex.c ****         status =   HAL_ERROR;
 130:../../core/ST/STM32L4xx_HAL_Driver/Src/stm32l4xx_hal_crc_ex.c ****       }
 131:../../core/ST/STM32L4xx_HAL_Driver/Src/stm32l4xx_hal_crc_ex.c ****       break;
 132:../../core/ST/STM32L4xx_HAL_Driver/Src/stm32l4xx_hal_crc_ex.c ****     case CRC_POLYLENGTH_8B:
 133:../../core/ST/STM32L4xx_HAL_Driver/Src/stm32l4xx_hal_crc_ex.c ****       if (msb >= HAL_CRC_LENGTH_8B)
 134:../../core/ST/STM32L4xx_HAL_Driver/Src/stm32l4xx_hal_crc_ex.c ****       {
 135:../../core/ST/STM32L4xx_HAL_Driver/Src/stm32l4xx_hal_crc_ex.c ****         status =   HAL_ERROR;
 136:../../core/ST/STM32L4xx_HAL_Driver/Src/stm32l4xx_hal_crc_ex.c ****       }
 137:../../core/ST/STM32L4xx_HAL_Driver/Src/stm32l4xx_hal_crc_ex.c ****       break;
 138:../../core/ST/STM32L4xx_HAL_Driver/Src/stm32l4xx_hal_crc_ex.c ****     case CRC_POLYLENGTH_16B:
ARM GAS  /tmp/ccDhvtdt.s 			page 5


 139:../../core/ST/STM32L4xx_HAL_Driver/Src/stm32l4xx_hal_crc_ex.c ****       if (msb >= HAL_CRC_LENGTH_16B)
 140:../../core/ST/STM32L4xx_HAL_Driver/Src/stm32l4xx_hal_crc_ex.c ****       {
 141:../../core/ST/STM32L4xx_HAL_Driver/Src/stm32l4xx_hal_crc_ex.c ****         status =   HAL_ERROR;
 142:../../core/ST/STM32L4xx_HAL_Driver/Src/stm32l4xx_hal_crc_ex.c ****       }
 143:../../core/ST/STM32L4xx_HAL_Driver/Src/stm32l4xx_hal_crc_ex.c ****       break;
 144:../../core/ST/STM32L4xx_HAL_Driver/Src/stm32l4xx_hal_crc_ex.c **** 
 145:../../core/ST/STM32L4xx_HAL_Driver/Src/stm32l4xx_hal_crc_ex.c ****     case CRC_POLYLENGTH_32B:
 146:../../core/ST/STM32L4xx_HAL_Driver/Src/stm32l4xx_hal_crc_ex.c ****       /* no polynomial definition vs. polynomial length issue possible */
 147:../../core/ST/STM32L4xx_HAL_Driver/Src/stm32l4xx_hal_crc_ex.c ****       break;
 148:../../core/ST/STM32L4xx_HAL_Driver/Src/stm32l4xx_hal_crc_ex.c ****     default:
 149:../../core/ST/STM32L4xx_HAL_Driver/Src/stm32l4xx_hal_crc_ex.c ****       status =  HAL_ERROR;
 150:../../core/ST/STM32L4xx_HAL_Driver/Src/stm32l4xx_hal_crc_ex.c ****       break;
 151:../../core/ST/STM32L4xx_HAL_Driver/Src/stm32l4xx_hal_crc_ex.c ****   }
 152:../../core/ST/STM32L4xx_HAL_Driver/Src/stm32l4xx_hal_crc_ex.c ****   if (status == HAL_OK)
  91              		.loc 1 152 0
  92 003c 3BB9     		cbnz	r3, .L10
 153:../../core/ST/STM32L4xx_HAL_Driver/Src/stm32l4xx_hal_crc_ex.c ****   {
 154:../../core/ST/STM32L4xx_HAL_Driver/Src/stm32l4xx_hal_crc_ex.c ****     /* set generating polynomial */
 155:../../core/ST/STM32L4xx_HAL_Driver/Src/stm32l4xx_hal_crc_ex.c ****     WRITE_REG(hcrc->Instance->POL, Pol);
  93              		.loc 1 155 0
  94 003e 0468     		ldr	r4, [r0]
  95 0040 6161     		str	r1, [r4, #20]
 156:../../core/ST/STM32L4xx_HAL_Driver/Src/stm32l4xx_hal_crc_ex.c **** 
 157:../../core/ST/STM32L4xx_HAL_Driver/Src/stm32l4xx_hal_crc_ex.c ****     /* set generating polynomial size */
 158:../../core/ST/STM32L4xx_HAL_Driver/Src/stm32l4xx_hal_crc_ex.c ****     MODIFY_REG(hcrc->Instance->CR, CRC_CR_POLYSIZE, PolyLength);
  96              		.loc 1 158 0
  97 0042 0068     		ldr	r0, [r0]
  98              	.LVL5:
  99 0044 8168     		ldr	r1, [r0, #8]
 100              	.LVL6:
 101 0046 21F01801 		bic	r1, r1, #24
 102 004a 0A43     		orrs	r2, r2, r1
 103              	.LVL7:
 104 004c 8260     		str	r2, [r0, #8]
 105              	.LVL8:
 106              	.L10:
 159:../../core/ST/STM32L4xx_HAL_Driver/Src/stm32l4xx_hal_crc_ex.c ****   }
 160:../../core/ST/STM32L4xx_HAL_Driver/Src/stm32l4xx_hal_crc_ex.c ****   /* Return function status */
 161:../../core/ST/STM32L4xx_HAL_Driver/Src/stm32l4xx_hal_crc_ex.c ****   return status;
 162:../../core/ST/STM32L4xx_HAL_Driver/Src/stm32l4xx_hal_crc_ex.c **** }
 107              		.loc 1 162 0
 108 004e 1846     		mov	r0, r3
 109 0050 30BC     		pop	{r4, r5}
 110              	.LCFI1:
 111              		.cfi_remember_state
 112              		.cfi_restore 5
 113              		.cfi_restore 4
 114              		.cfi_def_cfa_offset 0
 115              	.LVL9:
 116 0052 7047     		bx	lr
 117              	.LVL10:
 118              	.L9:
 119              	.LCFI2:
 120              		.cfi_restore_state
 127:../../core/ST/STM32L4xx_HAL_Driver/Src/stm32l4xx_hal_crc_ex.c ****       {
 121              		.loc 1 127 0
 122 0054 062D     		cmp	r5, #6
ARM GAS  /tmp/ccDhvtdt.s 			page 6


 123 0056 0BD8     		bhi	.L12
 107:../../core/ST/STM32L4xx_HAL_Driver/Src/stm32l4xx_hal_crc_ex.c ****   uint32_t msb = 31U; /* polynomial degree is 32 at most, so msb is initialized to max value */
 124              		.loc 1 107 0
 125 0058 0023     		movs	r3, #0
 126 005a EFE7     		b	.L4
 127              	.L8:
 133:../../core/ST/STM32L4xx_HAL_Driver/Src/stm32l4xx_hal_crc_ex.c ****       {
 128              		.loc 1 133 0
 129 005c 072D     		cmp	r5, #7
 130 005e 09D8     		bhi	.L13
 107:../../core/ST/STM32L4xx_HAL_Driver/Src/stm32l4xx_hal_crc_ex.c ****   uint32_t msb = 31U; /* polynomial degree is 32 at most, so msb is initialized to max value */
 131              		.loc 1 107 0
 132 0060 0023     		movs	r3, #0
 133 0062 EBE7     		b	.L4
 134              	.L7:
 139:../../core/ST/STM32L4xx_HAL_Driver/Src/stm32l4xx_hal_crc_ex.c ****       {
 135              		.loc 1 139 0
 136 0064 0F2D     		cmp	r5, #15
 137 0066 07D8     		bhi	.L14
 107:../../core/ST/STM32L4xx_HAL_Driver/Src/stm32l4xx_hal_crc_ex.c ****   uint32_t msb = 31U; /* polynomial degree is 32 at most, so msb is initialized to max value */
 138              		.loc 1 107 0
 139 0068 0023     		movs	r3, #0
 140 006a E7E7     		b	.L4
 141              	.L11:
 149:../../core/ST/STM32L4xx_HAL_Driver/Src/stm32l4xx_hal_crc_ex.c ****       break;
 142              		.loc 1 149 0
 143 006c 0123     		movs	r3, #1
 144 006e E5E7     		b	.L4
 145              	.L12:
 129:../../core/ST/STM32L4xx_HAL_Driver/Src/stm32l4xx_hal_crc_ex.c ****       }
 146              		.loc 1 129 0
 147 0070 0123     		movs	r3, #1
 148 0072 E3E7     		b	.L4
 149              	.L13:
 135:../../core/ST/STM32L4xx_HAL_Driver/Src/stm32l4xx_hal_crc_ex.c ****       }
 150              		.loc 1 135 0
 151 0074 0123     		movs	r3, #1
 152 0076 E1E7     		b	.L4
 153              	.L14:
 141:../../core/ST/STM32L4xx_HAL_Driver/Src/stm32l4xx_hal_crc_ex.c ****       }
 154              		.loc 1 141 0
 155 0078 0123     		movs	r3, #1
 156 007a DFE7     		b	.L4
 157              		.cfi_endproc
 158              	.LFE123:
 160              		.section	.text.HAL_CRCEx_Input_Data_Reverse,"ax",%progbits
 161              		.align	1
 162              		.global	HAL_CRCEx_Input_Data_Reverse
 163              		.syntax unified
 164              		.thumb
 165              		.thumb_func
 166              		.fpu fpv4-sp-d16
 168              	HAL_CRCEx_Input_Data_Reverse:
 169              	.LFB124:
 163:../../core/ST/STM32L4xx_HAL_Driver/Src/stm32l4xx_hal_crc_ex.c **** 
 164:../../core/ST/STM32L4xx_HAL_Driver/Src/stm32l4xx_hal_crc_ex.c **** /**
 165:../../core/ST/STM32L4xx_HAL_Driver/Src/stm32l4xx_hal_crc_ex.c ****   * @brief  Set the Reverse Input data mode.
ARM GAS  /tmp/ccDhvtdt.s 			page 7


 166:../../core/ST/STM32L4xx_HAL_Driver/Src/stm32l4xx_hal_crc_ex.c ****   * @param  hcrc CRC handle
 167:../../core/ST/STM32L4xx_HAL_Driver/Src/stm32l4xx_hal_crc_ex.c ****   * @param  InputReverseMode Input Data inversion mode.
 168:../../core/ST/STM32L4xx_HAL_Driver/Src/stm32l4xx_hal_crc_ex.c ****   *         This parameter can be one of the following values:
 169:../../core/ST/STM32L4xx_HAL_Driver/Src/stm32l4xx_hal_crc_ex.c ****   *          @arg @ref CRC_INPUTDATA_INVERSION_NONE     no change in bit order (default value)
 170:../../core/ST/STM32L4xx_HAL_Driver/Src/stm32l4xx_hal_crc_ex.c ****   *          @arg @ref CRC_INPUTDATA_INVERSION_BYTE     Byte-wise bit reversal
 171:../../core/ST/STM32L4xx_HAL_Driver/Src/stm32l4xx_hal_crc_ex.c ****   *          @arg @ref CRC_INPUTDATA_INVERSION_HALFWORD HalfWord-wise bit reversal
 172:../../core/ST/STM32L4xx_HAL_Driver/Src/stm32l4xx_hal_crc_ex.c ****   *          @arg @ref CRC_INPUTDATA_INVERSION_WORD     Word-wise bit reversal
 173:../../core/ST/STM32L4xx_HAL_Driver/Src/stm32l4xx_hal_crc_ex.c ****   * @retval HAL status
 174:../../core/ST/STM32L4xx_HAL_Driver/Src/stm32l4xx_hal_crc_ex.c ****   */
 175:../../core/ST/STM32L4xx_HAL_Driver/Src/stm32l4xx_hal_crc_ex.c **** HAL_StatusTypeDef HAL_CRCEx_Input_Data_Reverse(CRC_HandleTypeDef *hcrc, uint32_t InputReverseMode)
 176:../../core/ST/STM32L4xx_HAL_Driver/Src/stm32l4xx_hal_crc_ex.c **** {
 170              		.loc 1 176 0
 171              		.cfi_startproc
 172              		@ args = 0, pretend = 0, frame = 0
 173              		@ frame_needed = 0, uses_anonymous_args = 0
 174              		@ link register save eliminated.
 175              	.LVL11:
 177:../../core/ST/STM32L4xx_HAL_Driver/Src/stm32l4xx_hal_crc_ex.c ****   /* Check the parameters */
 178:../../core/ST/STM32L4xx_HAL_Driver/Src/stm32l4xx_hal_crc_ex.c ****   assert_param(IS_CRC_INPUTDATA_INVERSION_MODE(InputReverseMode));
 179:../../core/ST/STM32L4xx_HAL_Driver/Src/stm32l4xx_hal_crc_ex.c **** 
 180:../../core/ST/STM32L4xx_HAL_Driver/Src/stm32l4xx_hal_crc_ex.c ****   /* Change CRC peripheral state */
 181:../../core/ST/STM32L4xx_HAL_Driver/Src/stm32l4xx_hal_crc_ex.c ****   hcrc->State = HAL_CRC_STATE_BUSY;
 176              		.loc 1 181 0
 177 0000 0223     		movs	r3, #2
 178 0002 4377     		strb	r3, [r0, #29]
 182:../../core/ST/STM32L4xx_HAL_Driver/Src/stm32l4xx_hal_crc_ex.c **** 
 183:../../core/ST/STM32L4xx_HAL_Driver/Src/stm32l4xx_hal_crc_ex.c ****   /* set input data inversion mode */
 184:../../core/ST/STM32L4xx_HAL_Driver/Src/stm32l4xx_hal_crc_ex.c ****   MODIFY_REG(hcrc->Instance->CR, CRC_CR_REV_IN, InputReverseMode);
 179              		.loc 1 184 0
 180 0004 0268     		ldr	r2, [r0]
 181 0006 9368     		ldr	r3, [r2, #8]
 182 0008 23F06003 		bic	r3, r3, #96
 183 000c 1943     		orrs	r1, r1, r3
 184              	.LVL12:
 185 000e 9160     		str	r1, [r2, #8]
 185:../../core/ST/STM32L4xx_HAL_Driver/Src/stm32l4xx_hal_crc_ex.c ****   /* Change CRC peripheral state */
 186:../../core/ST/STM32L4xx_HAL_Driver/Src/stm32l4xx_hal_crc_ex.c ****   hcrc->State = HAL_CRC_STATE_READY;
 186              		.loc 1 186 0
 187 0010 0123     		movs	r3, #1
 188 0012 4377     		strb	r3, [r0, #29]
 187:../../core/ST/STM32L4xx_HAL_Driver/Src/stm32l4xx_hal_crc_ex.c **** 
 188:../../core/ST/STM32L4xx_HAL_Driver/Src/stm32l4xx_hal_crc_ex.c ****   /* Return function status */
 189:../../core/ST/STM32L4xx_HAL_Driver/Src/stm32l4xx_hal_crc_ex.c ****   return HAL_OK;
 190:../../core/ST/STM32L4xx_HAL_Driver/Src/stm32l4xx_hal_crc_ex.c **** }
 189              		.loc 1 190 0
 190 0014 0020     		movs	r0, #0
 191              	.LVL13:
 192 0016 7047     		bx	lr
 193              		.cfi_endproc
 194              	.LFE124:
 196              		.section	.text.HAL_CRCEx_Output_Data_Reverse,"ax",%progbits
 197              		.align	1
 198              		.global	HAL_CRCEx_Output_Data_Reverse
 199              		.syntax unified
 200              		.thumb
 201              		.thumb_func
 202              		.fpu fpv4-sp-d16
ARM GAS  /tmp/ccDhvtdt.s 			page 8


 204              	HAL_CRCEx_Output_Data_Reverse:
 205              	.LFB125:
 191:../../core/ST/STM32L4xx_HAL_Driver/Src/stm32l4xx_hal_crc_ex.c **** 
 192:../../core/ST/STM32L4xx_HAL_Driver/Src/stm32l4xx_hal_crc_ex.c **** /**
 193:../../core/ST/STM32L4xx_HAL_Driver/Src/stm32l4xx_hal_crc_ex.c ****   * @brief  Set the Reverse Output data mode.
 194:../../core/ST/STM32L4xx_HAL_Driver/Src/stm32l4xx_hal_crc_ex.c ****   * @param  hcrc CRC handle
 195:../../core/ST/STM32L4xx_HAL_Driver/Src/stm32l4xx_hal_crc_ex.c ****   * @param  OutputReverseMode Output Data inversion mode.
 196:../../core/ST/STM32L4xx_HAL_Driver/Src/stm32l4xx_hal_crc_ex.c ****   *         This parameter can be one of the following values:
 197:../../core/ST/STM32L4xx_HAL_Driver/Src/stm32l4xx_hal_crc_ex.c ****   *          @arg @ref CRC_OUTPUTDATA_INVERSION_DISABLE no CRC inversion (default value)
 198:../../core/ST/STM32L4xx_HAL_Driver/Src/stm32l4xx_hal_crc_ex.c ****   *          @arg @ref CRC_OUTPUTDATA_INVERSION_ENABLE  bit-level inversion (e.g. for a 8-bit CRC: 
 199:../../core/ST/STM32L4xx_HAL_Driver/Src/stm32l4xx_hal_crc_ex.c ****   * @retval HAL status
 200:../../core/ST/STM32L4xx_HAL_Driver/Src/stm32l4xx_hal_crc_ex.c ****   */
 201:../../core/ST/STM32L4xx_HAL_Driver/Src/stm32l4xx_hal_crc_ex.c **** HAL_StatusTypeDef HAL_CRCEx_Output_Data_Reverse(CRC_HandleTypeDef *hcrc, uint32_t OutputReverseMode
 202:../../core/ST/STM32L4xx_HAL_Driver/Src/stm32l4xx_hal_crc_ex.c **** {
 206              		.loc 1 202 0
 207              		.cfi_startproc
 208              		@ args = 0, pretend = 0, frame = 0
 209              		@ frame_needed = 0, uses_anonymous_args = 0
 210              		@ link register save eliminated.
 211              	.LVL14:
 203:../../core/ST/STM32L4xx_HAL_Driver/Src/stm32l4xx_hal_crc_ex.c ****   /* Check the parameters */
 204:../../core/ST/STM32L4xx_HAL_Driver/Src/stm32l4xx_hal_crc_ex.c ****   assert_param(IS_CRC_OUTPUTDATA_INVERSION_MODE(OutputReverseMode));
 205:../../core/ST/STM32L4xx_HAL_Driver/Src/stm32l4xx_hal_crc_ex.c **** 
 206:../../core/ST/STM32L4xx_HAL_Driver/Src/stm32l4xx_hal_crc_ex.c ****   /* Change CRC peripheral state */
 207:../../core/ST/STM32L4xx_HAL_Driver/Src/stm32l4xx_hal_crc_ex.c ****   hcrc->State = HAL_CRC_STATE_BUSY;
 212              		.loc 1 207 0
 213 0000 0223     		movs	r3, #2
 214 0002 4377     		strb	r3, [r0, #29]
 208:../../core/ST/STM32L4xx_HAL_Driver/Src/stm32l4xx_hal_crc_ex.c **** 
 209:../../core/ST/STM32L4xx_HAL_Driver/Src/stm32l4xx_hal_crc_ex.c ****   /* set output data inversion mode */
 210:../../core/ST/STM32L4xx_HAL_Driver/Src/stm32l4xx_hal_crc_ex.c ****   MODIFY_REG(hcrc->Instance->CR, CRC_CR_REV_OUT, OutputReverseMode);
 215              		.loc 1 210 0
 216 0004 0268     		ldr	r2, [r0]
 217 0006 9368     		ldr	r3, [r2, #8]
 218 0008 23F08003 		bic	r3, r3, #128
 219 000c 1943     		orrs	r1, r1, r3
 220              	.LVL15:
 221 000e 9160     		str	r1, [r2, #8]
 211:../../core/ST/STM32L4xx_HAL_Driver/Src/stm32l4xx_hal_crc_ex.c **** 
 212:../../core/ST/STM32L4xx_HAL_Driver/Src/stm32l4xx_hal_crc_ex.c ****   /* Change CRC peripheral state */
 213:../../core/ST/STM32L4xx_HAL_Driver/Src/stm32l4xx_hal_crc_ex.c ****   hcrc->State = HAL_CRC_STATE_READY;
 222              		.loc 1 213 0
 223 0010 0123     		movs	r3, #1
 224 0012 4377     		strb	r3, [r0, #29]
 214:../../core/ST/STM32L4xx_HAL_Driver/Src/stm32l4xx_hal_crc_ex.c **** 
 215:../../core/ST/STM32L4xx_HAL_Driver/Src/stm32l4xx_hal_crc_ex.c ****   /* Return function status */
 216:../../core/ST/STM32L4xx_HAL_Driver/Src/stm32l4xx_hal_crc_ex.c ****   return HAL_OK;
 217:../../core/ST/STM32L4xx_HAL_Driver/Src/stm32l4xx_hal_crc_ex.c **** }
 225              		.loc 1 217 0
 226 0014 0020     		movs	r0, #0
 227              	.LVL16:
 228 0016 7047     		bx	lr
 229              		.cfi_endproc
 230              	.LFE125:
 232              		.text
 233              	.Letext0:
 234              		.file 2 "/usr/include/newlib/machine/_default_types.h"
ARM GAS  /tmp/ccDhvtdt.s 			page 9


 235              		.file 3 "/usr/include/newlib/sys/_stdint.h"
 236              		.file 4 "../../core/ST/CMSIS/Include/core_cm4.h"
 237              		.file 5 "../../core/ST/CMSIS/Device/ST/STM32L4xx/Include/system_stm32l4xx.h"
 238              		.file 6 "../../core/ST/CMSIS/Device/ST/STM32L4xx/Include/stm32l496xx.h"
 239              		.file 7 "../../core/ST/STM32L4xx_HAL_Driver/Inc/stm32l4xx_hal_def.h"
 240              		.file 8 "../../core/ST/STM32L4xx_HAL_Driver/Inc/stm32l4xx_hal_crc.h"
 241              		.file 9 "../../core/ST/STM32L4xx_HAL_Driver/Inc/stm32l4xx_hal.h"
ARM GAS  /tmp/ccDhvtdt.s 			page 10


DEFINED SYMBOLS
                            *ABS*:0000000000000000 stm32l4xx_hal_crc_ex.c
     /tmp/ccDhvtdt.s:18     .text.HAL_CRCEx_Polynomial_Set:0000000000000000 $t
     /tmp/ccDhvtdt.s:25     .text.HAL_CRCEx_Polynomial_Set:0000000000000000 HAL_CRCEx_Polynomial_Set
     /tmp/ccDhvtdt.s:60     .text.HAL_CRCEx_Polynomial_Set:0000000000000020 $d
     /tmp/ccDhvtdt.s:161    .text.HAL_CRCEx_Input_Data_Reverse:0000000000000000 $t
     /tmp/ccDhvtdt.s:168    .text.HAL_CRCEx_Input_Data_Reverse:0000000000000000 HAL_CRCEx_Input_Data_Reverse
     /tmp/ccDhvtdt.s:197    .text.HAL_CRCEx_Output_Data_Reverse:0000000000000000 $t
     /tmp/ccDhvtdt.s:204    .text.HAL_CRCEx_Output_Data_Reverse:0000000000000000 HAL_CRCEx_Output_Data_Reverse
                     .debug_frame:0000000000000010 $d
     /tmp/ccDhvtdt.s:85     .text.HAL_CRCEx_Polynomial_Set:0000000000000039 $d
     /tmp/ccDhvtdt.s:85     .text.HAL_CRCEx_Polynomial_Set:000000000000003a $t

NO UNDEFINED SYMBOLS
