ARM GAS  /tmp/cccnOclb.s 			page 1


   1              		.cpu cortex-m4
   2              		.eabi_attribute 27, 1
   3              		.eabi_attribute 28, 1
   4              		.eabi_attribute 20, 1
   5              		.eabi_attribute 21, 1
   6              		.eabi_attribute 23, 3
   7              		.eabi_attribute 24, 1
   8              		.eabi_attribute 25, 1
   9              		.eabi_attribute 26, 1
  10              		.eabi_attribute 30, 1
  11              		.eabi_attribute 34, 1
  12              		.eabi_attribute 18, 4
  13              		.file	"gpio.c"
  14              		.text
  15              	.Ltext0:
  16              		.cfi_sections	.debug_frame
  17              		.section	.text.OCTA_GPIO_Init,"ax",%progbits
  18              		.align	1
  19              		.global	OCTA_GPIO_Init
  20              		.syntax unified
  21              		.thumb
  22              		.thumb_func
  23              		.fpu fpv4-sp-d16
  25              	OCTA_GPIO_Init:
  26              	.LFB123:
  27              		.file 1 "../../core/platform/octa/src/gpio.c"
   1:../../core/platform/octa/src/gpio.c **** #include "gpio.h"
   2:../../core/platform/octa/src/gpio.c **** 
   3:../../core/platform/octa/src/gpio.c **** /**
   4:../../core/platform/octa/src/gpio.c ****   * @brief GPIO Initialization Function
   5:../../core/platform/octa/src/gpio.c ****   * @param None
   6:../../core/platform/octa/src/gpio.c ****   * @retval None
   7:../../core/platform/octa/src/gpio.c ****   */
   8:../../core/platform/octa/src/gpio.c **** void OCTA_GPIO_Init(void)
   9:../../core/platform/octa/src/gpio.c **** {
  28              		.loc 1 9 0
  29              		.cfi_startproc
  30              		@ args = 0, pretend = 0, frame = 48
  31              		@ frame_needed = 0, uses_anonymous_args = 0
  32 0000 2DE9F04F 		push	{r4, r5, r6, r7, r8, r9, r10, fp, lr}
  33              	.LCFI0:
  34              		.cfi_def_cfa_offset 36
  35              		.cfi_offset 4, -36
  36              		.cfi_offset 5, -32
  37              		.cfi_offset 6, -28
  38              		.cfi_offset 7, -24
  39              		.cfi_offset 8, -20
  40              		.cfi_offset 9, -16
  41              		.cfi_offset 10, -12
  42              		.cfi_offset 11, -8
  43              		.cfi_offset 14, -4
  44 0004 8DB0     		sub	sp, sp, #52
  45              	.LCFI1:
  46              		.cfi_def_cfa_offset 88
  10:../../core/platform/octa/src/gpio.c ****   GPIO_InitTypeDef GPIO_InitStruct = {0};
  47              		.loc 1 10 0
  48 0006 0024     		movs	r4, #0
ARM GAS  /tmp/cccnOclb.s 			page 2


  49 0008 0794     		str	r4, [sp, #28]
  50 000a 0894     		str	r4, [sp, #32]
  51 000c 0994     		str	r4, [sp, #36]
  52 000e 0A94     		str	r4, [sp, #40]
  53 0010 0B94     		str	r4, [sp, #44]
  54              	.LBB2:
  11:../../core/platform/octa/src/gpio.c **** 
  12:../../core/platform/octa/src/gpio.c ****   /* GPIO Ports Clock Enable */
  13:../../core/platform/octa/src/gpio.c ****   __HAL_RCC_GPIOE_CLK_ENABLE();
  55              		.loc 1 13 0
  56 0012 A34B     		ldr	r3, .L3
  57 0014 DA6C     		ldr	r2, [r3, #76]
  58 0016 42F01002 		orr	r2, r2, #16
  59 001a DA64     		str	r2, [r3, #76]
  60 001c DA6C     		ldr	r2, [r3, #76]
  61 001e 02F01002 		and	r2, r2, #16
  62 0022 0092     		str	r2, [sp]
  63 0024 009A     		ldr	r2, [sp]
  64              	.LBE2:
  65              	.LBB3:
  14:../../core/platform/octa/src/gpio.c ****   __HAL_RCC_GPIOC_CLK_ENABLE();
  66              		.loc 1 14 0
  67 0026 DA6C     		ldr	r2, [r3, #76]
  68 0028 42F00402 		orr	r2, r2, #4
  69 002c DA64     		str	r2, [r3, #76]
  70 002e DA6C     		ldr	r2, [r3, #76]
  71 0030 02F00402 		and	r2, r2, #4
  72 0034 0192     		str	r2, [sp, #4]
  73 0036 019A     		ldr	r2, [sp, #4]
  74              	.LBE3:
  75              	.LBB4:
  15:../../core/platform/octa/src/gpio.c ****   __HAL_RCC_GPIOF_CLK_ENABLE();
  76              		.loc 1 15 0
  77 0038 DA6C     		ldr	r2, [r3, #76]
  78 003a 42F02002 		orr	r2, r2, #32
  79 003e DA64     		str	r2, [r3, #76]
  80 0040 DA6C     		ldr	r2, [r3, #76]
  81 0042 02F02002 		and	r2, r2, #32
  82 0046 0292     		str	r2, [sp, #8]
  83 0048 029A     		ldr	r2, [sp, #8]
  84              	.LBE4:
  85              	.LBB5:
  16:../../core/platform/octa/src/gpio.c ****   __HAL_RCC_GPIOA_CLK_ENABLE();
  86              		.loc 1 16 0
  87 004a DA6C     		ldr	r2, [r3, #76]
  88 004c 42F00102 		orr	r2, r2, #1
  89 0050 DA64     		str	r2, [r3, #76]
  90 0052 DA6C     		ldr	r2, [r3, #76]
  91 0054 02F00102 		and	r2, r2, #1
  92 0058 0392     		str	r2, [sp, #12]
  93 005a 039A     		ldr	r2, [sp, #12]
  94              	.LBE5:
  95              	.LBB6:
  17:../../core/platform/octa/src/gpio.c ****   __HAL_RCC_GPIOB_CLK_ENABLE();
  96              		.loc 1 17 0
  97 005c DA6C     		ldr	r2, [r3, #76]
  98 005e 42F00202 		orr	r2, r2, #2
ARM GAS  /tmp/cccnOclb.s 			page 3


  99 0062 DA64     		str	r2, [r3, #76]
 100 0064 DA6C     		ldr	r2, [r3, #76]
 101 0066 02F00202 		and	r2, r2, #2
 102 006a 0492     		str	r2, [sp, #16]
 103 006c 049A     		ldr	r2, [sp, #16]
 104              	.LBE6:
 105              	.LBB7:
  18:../../core/platform/octa/src/gpio.c ****   __HAL_RCC_GPIOG_CLK_ENABLE();
 106              		.loc 1 18 0
 107 006e DA6C     		ldr	r2, [r3, #76]
 108 0070 42F04002 		orr	r2, r2, #64
 109 0074 DA64     		str	r2, [r3, #76]
 110 0076 DA6C     		ldr	r2, [r3, #76]
 111 0078 02F04002 		and	r2, r2, #64
 112 007c 0592     		str	r2, [sp, #20]
 113 007e 059A     		ldr	r2, [sp, #20]
 114              	.LBE7:
 115              	.LBB8:
  19:../../core/platform/octa/src/gpio.c ****   __HAL_RCC_GPIOD_CLK_ENABLE();
 116              		.loc 1 19 0
 117 0080 DA6C     		ldr	r2, [r3, #76]
 118 0082 42F00802 		orr	r2, r2, #8
 119 0086 DA64     		str	r2, [r3, #76]
 120 0088 DB6C     		ldr	r3, [r3, #76]
 121 008a 03F00803 		and	r3, r3, #8
 122 008e 0693     		str	r3, [sp, #24]
 123 0090 069B     		ldr	r3, [sp, #24]
 124              	.LBE8:
  20:../../core/platform/octa/src/gpio.c ****   HAL_PWREx_EnableVddIO2();
 125              		.loc 1 20 0
 126 0092 FFF7FEFF 		bl	HAL_PWREx_EnableVddIO2
 127              	.LVL0:
  21:../../core/platform/octa/src/gpio.c **** 
  22:../../core/platform/octa/src/gpio.c ****   /*Configure GPIO pin Output Level */
  23:../../core/platform/octa/src/gpio.c ****   HAL_GPIO_WritePin(GPIOE, P2_DIO1_Pin|P2_DIO6_Pin|P2_DIO2_Pin|P2_DIO4_Pin 
 128              		.loc 1 23 0
 129 0096 834D     		ldr	r5, .L3+4
 130 0098 0122     		movs	r2, #1
 131 009a 40F2FC71 		movw	r1, #2044
 132 009e 2846     		mov	r0, r5
 133 00a0 FFF7FEFF 		bl	HAL_GPIO_WritePin
 134              	.LVL1:
  24:../../core/platform/octa/src/gpio.c ****                           |P2_DIO3_Pin|P3_DIO1_Pin|P3_DIO4_Pin|P3_DIO5_Pin 
  25:../../core/platform/octa/src/gpio.c ****                           |P3_DIO2_Pin, GPIO_PIN_SET);
  26:../../core/platform/octa/src/gpio.c **** 
  27:../../core/platform/octa/src/gpio.c ****   /*Configure GPIO pin Output Level */
  28:../../core/platform/octa/src/gpio.c ****   HAL_GPIO_WritePin(GPIOF, P1_DIO3_Pin|P1_DIO5_Pin|P2_DIO5_Pin|P3_DIO3_Pin , GPIO_PIN_SET);
 135              		.loc 1 28 0
 136 00a4 804F     		ldr	r7, .L3+8
 137 00a6 0122     		movs	r2, #1
 138 00a8 44F22811 		movw	r1, #16680
 139 00ac 3846     		mov	r0, r7
 140 00ae FFF7FEFF 		bl	HAL_GPIO_WritePin
 141              	.LVL2:
  29:../../core/platform/octa/src/gpio.c **** 
  30:../../core/platform/octa/src/gpio.c ****   #if ENABLE_STEPUP
  31:../../core/platform/octa/src/gpio.c ****     /*Configure GPIO pin Output Level */
ARM GAS  /tmp/cccnOclb.s 			page 4


  32:../../core/platform/octa/src/gpio.c ****     HAL_GPIO_WritePin(OCTA_STEPUP_GPIO_Port, OCTA_STEPUP_Pin, GPIO_PIN_SET);
  33:../../core/platform/octa/src/gpio.c ****   #else
  34:../../core/platform/octa/src/gpio.c ****     /*Configure GPIO pin Output Level */
  35:../../core/platform/octa/src/gpio.c ****     HAL_GPIO_WritePin(OCTA_STEPUP_GPIO_Port, OCTA_STEPUP_Pin, GPIO_PIN_RESET);
 142              		.loc 1 35 0
 143 00b2 2246     		mov	r2, r4
 144 00b4 4FF40071 		mov	r1, #512
 145 00b8 3846     		mov	r0, r7
 146 00ba FFF7FEFF 		bl	HAL_GPIO_WritePin
 147              	.LVL3:
  36:../../core/platform/octa/src/gpio.c ****   #endif
  37:../../core/platform/octa/src/gpio.c ****   /*Configure GPIO pin Output Level */
  38:../../core/platform/octa/src/gpio.c ****   HAL_GPIO_WritePin(GPIOC, P1_DIO6_Pin|P1_DIO2_Pin|P1_DIO1_Pin, GPIO_PIN_SET);
 148              		.loc 1 38 0
 149 00be DFF83C82 		ldr	r8, .L3+92
 150 00c2 0122     		movs	r2, #1
 151 00c4 4FF44271 		mov	r1, #776
 152 00c8 4046     		mov	r0, r8
 153 00ca FFF7FEFF 		bl	HAL_GPIO_WritePin
 154              	.LVL4:
  39:../../core/platform/octa/src/gpio.c **** 
  40:../../core/platform/octa/src/gpio.c ****   /*Configure GPIO pin Output Level */
  41:../../core/platform/octa/src/gpio.c ****   HAL_GPIO_WritePin(BLE_Reset_GPIO_Port, BLE_Reset_Pin, GPIO_PIN_SET);
 155              		.loc 1 41 0
 156 00ce 0122     		movs	r2, #1
 157 00d0 0221     		movs	r1, #2
 158 00d2 4FF09040 		mov	r0, #1207959552
 159 00d6 FFF7FEFF 		bl	HAL_GPIO_WritePin
 160              	.LVL5:
  42:../../core/platform/octa/src/gpio.c **** 
  43:../../core/platform/octa/src/gpio.c ****   /*Configure GPIO pin Output Level */
  44:../../core/platform/octa/src/gpio.c ****   HAL_GPIO_WritePin(P1_DIO4_GPIO_Port, P1_DIO4_Pin, GPIO_PIN_SET);
 161              		.loc 1 44 0
 162 00da 0122     		movs	r2, #1
 163 00dc 8021     		movs	r1, #128
 164 00de 4FF09040 		mov	r0, #1207959552
 165 00e2 FFF7FEFF 		bl	HAL_GPIO_WritePin
 166              	.LVL6:
  45:../../core/platform/octa/src/gpio.c **** 
  46:../../core/platform/octa/src/gpio.c ****   /*Configure GPIO pin Output Level */
  47:../../core/platform/octa/src/gpio.c ****   HAL_GPIO_WritePin(GPIOB, OCTA_GLED_Pin|P3_DIO6_Pin, GPIO_PIN_SET);
 167              		.loc 1 47 0
 168 00e6 0122     		movs	r2, #1
 169 00e8 0321     		movs	r1, #3
 170 00ea 7048     		ldr	r0, .L3+12
 171 00ec FFF7FEFF 		bl	HAL_GPIO_WritePin
 172              	.LVL7:
  48:../../core/platform/octa/src/gpio.c **** 
  49:../../core/platform/octa/src/gpio.c ****   /*Configure GPIO pin Output Level */
  50:../../core/platform/octa/src/gpio.c ****   HAL_GPIO_WritePin(GPIOB, LD3_Pin|LD2_Pin, GPIO_PIN_RESET);
 173              		.loc 1 50 0
 174 00f0 2246     		mov	r2, r4
 175 00f2 4FF48141 		mov	r1, #16512
 176 00f6 6D48     		ldr	r0, .L3+12
 177 00f8 FFF7FEFF 		bl	HAL_GPIO_WritePin
 178              	.LVL8:
  51:../../core/platform/octa/src/gpio.c **** 
ARM GAS  /tmp/cccnOclb.s 			page 5


  52:../../core/platform/octa/src/gpio.c ****   /*Configure GPIO pin Output Level */
  53:../../core/platform/octa/src/gpio.c ****   HAL_GPIO_WritePin(GPIOD, OCTA_RLED_Pin|OCTA_BLED_Pin, GPIO_PIN_SET);
 179              		.loc 1 53 0
 180 00fc 0122     		movs	r2, #1
 181 00fe 4FF44041 		mov	r1, #49152
 182 0102 6B48     		ldr	r0, .L3+16
 183 0104 FFF7FEFF 		bl	HAL_GPIO_WritePin
 184              	.LVL9:
  54:../../core/platform/octa/src/gpio.c **** 
  55:../../core/platform/octa/src/gpio.c ****   /*Configure GPIO pins : P2_DIO1_Pin P2_DIO6_Pin P2_DIO2_Pin P2_DIO4_Pin 
  56:../../core/platform/octa/src/gpio.c ****                            P2_DIO3_Pin P3_DIO1_Pin P3_DIO4_Pin P3_DIO5_Pin 
  57:../../core/platform/octa/src/gpio.c ****                            P3_DIO2_Pin */
  58:../../core/platform/octa/src/gpio.c ****   GPIO_InitStruct.Pin = P2_DIO1_Pin|P2_DIO6_Pin|P2_DIO2_Pin|P2_DIO4_Pin 
 185              		.loc 1 58 0
 186 0108 40F2FC73 		movw	r3, #2044
 187 010c 0793     		str	r3, [sp, #28]
  59:../../core/platform/octa/src/gpio.c ****                           |P2_DIO3_Pin|P3_DIO1_Pin|P3_DIO4_Pin|P3_DIO5_Pin 
  60:../../core/platform/octa/src/gpio.c ****                           |P3_DIO2_Pin;
  61:../../core/platform/octa/src/gpio.c ****   GPIO_InitStruct.Mode = GPIO_MODE_OUTPUT_PP;
 188              		.loc 1 61 0
 189 010e 0126     		movs	r6, #1
 190 0110 0896     		str	r6, [sp, #32]
  62:../../core/platform/octa/src/gpio.c ****   GPIO_InitStruct.Pull = GPIO_NOPULL;
 191              		.loc 1 62 0
 192 0112 0994     		str	r4, [sp, #36]
  63:../../core/platform/octa/src/gpio.c ****   GPIO_InitStruct.Speed = GPIO_SPEED_FREQ_LOW;
 193              		.loc 1 63 0
 194 0114 0A94     		str	r4, [sp, #40]
  64:../../core/platform/octa/src/gpio.c ****   HAL_GPIO_Init(GPIOE, &GPIO_InitStruct);
 195              		.loc 1 64 0
 196 0116 07A9     		add	r1, sp, #28
 197 0118 2846     		mov	r0, r5
 198 011a FFF7FEFF 		bl	HAL_GPIO_Init
 199              	.LVL10:
  65:../../core/platform/octa/src/gpio.c **** 
  66:../../core/platform/octa/src/gpio.c ****   /*Configure GPIO pin : B1_Pin */
  67:../../core/platform/octa/src/gpio.c ****   //GPIO_InitStruct.Pin = B1_Pin;
  68:../../core/platform/octa/src/gpio.c ****   //GPIO_InitStruct.Mode = GPIO_MODE_IT_RISING;
  69:../../core/platform/octa/src/gpio.c ****   ////GPIO_InitStruct.Pull = GPIO_NOPULL;
  70:../../core/platform/octa/src/gpio.c ****   //HAL_GPIO_Init(B1_GPIO_Port, &GPIO_InitStruct);
  71:../../core/platform/octa/src/gpio.c **** 
  72:../../core/platform/octa/src/gpio.c ****   GPIO_InitStruct.Pin = OCTA_BTN1_Pin;
 200              		.loc 1 72 0
 201 011e 0796     		str	r6, [sp, #28]
  73:../../core/platform/octa/src/gpio.c ****   GPIO_InitStruct.Mode = GPIO_MODE_IT_RISING;
 202              		.loc 1 73 0
 203 0120 DFF8DCA1 		ldr	r10, .L3+96
 204 0124 CDF820A0 		str	r10, [sp, #32]
  74:../../core/platform/octa/src/gpio.c ****   GPIO_InitStruct.Pull = GPIO_NOPULL;
 205              		.loc 1 74 0
 206 0128 0994     		str	r4, [sp, #36]
  75:../../core/platform/octa/src/gpio.c ****   HAL_GPIO_Init(OCTA_BTN1_GPIO_Port, &GPIO_InitStruct);
 207              		.loc 1 75 0
 208 012a DFF8D8B1 		ldr	fp, .L3+100
 209 012e 07A9     		add	r1, sp, #28
 210 0130 5846     		mov	r0, fp
 211 0132 FFF7FEFF 		bl	HAL_GPIO_Init
ARM GAS  /tmp/cccnOclb.s 			page 6


 212              	.LVL11:
  76:../../core/platform/octa/src/gpio.c **** 
  77:../../core/platform/octa/src/gpio.c ****   //GPIO_InitStruct.Pin = OCTA_BTN2_Pin;
  78:../../core/platform/octa/src/gpio.c ****   //GPIO_InitStruct.Mode = GPIO_MODE_IT_RISING;
  79:../../core/platform/octa/src/gpio.c ****   //GPIO_InitStruct.Pull = GPIO_NOPULL;
  80:../../core/platform/octa/src/gpio.c ****   //HAL_GPIO_Init(OCTA_BTN2_GPIO_Port, &GPIO_InitStruct);
  81:../../core/platform/octa/src/gpio.c **** 
  82:../../core/platform/octa/src/gpio.c **** //  GPIO_InitStruct.Pin = GPIO_PIN_13;
  83:../../core/platform/octa/src/gpio.c **** //  GPIO_InitStruct.Mode = GPIO_MODE_IT_RISING;
  84:../../core/platform/octa/src/gpio.c **** //  GPIO_InitStruct.Pull = GPIO_NOPULL;
  85:../../core/platform/octa/src/gpio.c **** //  HAL_GPIO_Init(GPIOB, &GPIO_InitStruct);
  86:../../core/platform/octa/src/gpio.c **** 
  87:../../core/platform/octa/src/gpio.c ****   GPIO_InitStruct.Pin = GPIO_PIN_5;
 213              		.loc 1 87 0
 214 0136 4FF02009 		mov	r9, #32
 215 013a CDF81C90 		str	r9, [sp, #28]
  88:../../core/platform/octa/src/gpio.c ****   GPIO_InitStruct.Mode = GPIO_MODE_IT_RISING;
 216              		.loc 1 88 0
 217 013e CDF820A0 		str	r10, [sp, #32]
  89:../../core/platform/octa/src/gpio.c ****   GPIO_InitStruct.Pull = GPIO_NOPULL;
 218              		.loc 1 89 0
 219 0142 0994     		str	r4, [sp, #36]
  90:../../core/platform/octa/src/gpio.c ****   HAL_GPIO_Init(GPIOA, &GPIO_InitStruct);
 220              		.loc 1 90 0
 221 0144 07A9     		add	r1, sp, #28
 222 0146 4FF09040 		mov	r0, #1207959552
 223 014a FFF7FEFF 		bl	HAL_GPIO_Init
 224              	.LVL12:
  91:../../core/platform/octa/src/gpio.c **** 
  92:../../core/platform/octa/src/gpio.c ****   /*Configure GPIO pins : P1_DIO3_Pin P1_DIO5_Pin P2_DIO5_Pin OCTA_STEPUP_Pin 
  93:../../core/platform/octa/src/gpio.c ****                            P3_DIO3_Pin */
  94:../../core/platform/octa/src/gpio.c ****   GPIO_InitStruct.Pin = P1_DIO3_Pin|P1_DIO5_Pin|P2_DIO5_Pin|OCTA_STEPUP_Pin 
 225              		.loc 1 94 0
 226 014e 44F2A833 		movw	r3, #17320
 227 0152 0793     		str	r3, [sp, #28]
  95:../../core/platform/octa/src/gpio.c ****                           |P3_DIO3_Pin|OCTA_LIGHTSENSORLED_Pin;
  96:../../core/platform/octa/src/gpio.c ****   GPIO_InitStruct.Mode = GPIO_MODE_OUTPUT_PP;
 228              		.loc 1 96 0
 229 0154 0896     		str	r6, [sp, #32]
  97:../../core/platform/octa/src/gpio.c ****   GPIO_InitStruct.Pull = GPIO_NOPULL;
 230              		.loc 1 97 0
 231 0156 0994     		str	r4, [sp, #36]
  98:../../core/platform/octa/src/gpio.c ****   GPIO_InitStruct.Speed = GPIO_SPEED_FREQ_LOW;
 232              		.loc 1 98 0
 233 0158 0A94     		str	r4, [sp, #40]
  99:../../core/platform/octa/src/gpio.c ****   HAL_GPIO_Init(GPIOF, &GPIO_InitStruct);
 234              		.loc 1 99 0
 235 015a 07A9     		add	r1, sp, #28
 236 015c 3846     		mov	r0, r7
 237 015e FFF7FEFF 		bl	HAL_GPIO_Init
 238              	.LVL13:
 100:../../core/platform/octa/src/gpio.c **** 
 101:../../core/platform/octa/src/gpio.c ****   /*Configure GPIO pins : P1_DIO6_Pin P1_DIO2_Pin P1_DIO1_Pin */
 102:../../core/platform/octa/src/gpio.c ****   GPIO_InitStruct.Pin = P1_DIO6_Pin|P1_DIO2_Pin|P1_DIO1_Pin;
 239              		.loc 1 102 0
 240 0162 4FF44273 		mov	r3, #776
 241 0166 0793     		str	r3, [sp, #28]
ARM GAS  /tmp/cccnOclb.s 			page 7


 103:../../core/platform/octa/src/gpio.c ****   GPIO_InitStruct.Mode = GPIO_MODE_OUTPUT_PP;
 242              		.loc 1 103 0
 243 0168 0896     		str	r6, [sp, #32]
 104:../../core/platform/octa/src/gpio.c ****   GPIO_InitStruct.Pull = GPIO_NOPULL;
 244              		.loc 1 104 0
 245 016a 0994     		str	r4, [sp, #36]
 105:../../core/platform/octa/src/gpio.c ****   GPIO_InitStruct.Speed = GPIO_SPEED_FREQ_LOW;
 246              		.loc 1 105 0
 247 016c 0A94     		str	r4, [sp, #40]
 106:../../core/platform/octa/src/gpio.c ****   HAL_GPIO_Init(GPIOC, &GPIO_InitStruct);
 248              		.loc 1 106 0
 249 016e 07A9     		add	r1, sp, #28
 250 0170 4046     		mov	r0, r8
 251 0172 FFF7FEFF 		bl	HAL_GPIO_Init
 252              	.LVL14:
 107:../../core/platform/octa/src/gpio.c **** 
 108:../../core/platform/octa/src/gpio.c ****   /*Configure GPIO pins : BLE_Reset_Pin P1_DIO4_Pin */
 109:../../core/platform/octa/src/gpio.c ****   GPIO_InitStruct.Pin = BLE_Reset_Pin|P1_DIO4_Pin;
 253              		.loc 1 109 0
 254 0176 8223     		movs	r3, #130
 255 0178 0793     		str	r3, [sp, #28]
 110:../../core/platform/octa/src/gpio.c ****   GPIO_InitStruct.Mode = GPIO_MODE_OUTPUT_PP;
 256              		.loc 1 110 0
 257 017a 0896     		str	r6, [sp, #32]
 111:../../core/platform/octa/src/gpio.c ****   GPIO_InitStruct.Pull = GPIO_NOPULL;
 258              		.loc 1 111 0
 259 017c 0994     		str	r4, [sp, #36]
 112:../../core/platform/octa/src/gpio.c ****   GPIO_InitStruct.Speed = GPIO_SPEED_FREQ_LOW;
 260              		.loc 1 112 0
 261 017e 0A94     		str	r4, [sp, #40]
 113:../../core/platform/octa/src/gpio.c ****   HAL_GPIO_Init(GPIOA, &GPIO_InitStruct);
 262              		.loc 1 113 0
 263 0180 07A9     		add	r1, sp, #28
 264 0182 4FF09040 		mov	r0, #1207959552
 265 0186 FFF7FEFF 		bl	HAL_GPIO_Init
 266              	.LVL15:
 114:../../core/platform/octa/src/gpio.c **** 
 115:../../core/platform/octa/src/gpio.c ****   /*Configure GPIO pins : OCTA_GLED_Pin P3_DIO6_Pin LD3_Pin LD2_Pin */
 116:../../core/platform/octa/src/gpio.c ****   GPIO_InitStruct.Pin = OCTA_GLED_Pin|P3_DIO6_Pin|LD3_Pin|LD2_Pin;
 267              		.loc 1 116 0
 268 018a 44F28303 		movw	r3, #16515
 269 018e 0793     		str	r3, [sp, #28]
 117:../../core/platform/octa/src/gpio.c ****   GPIO_InitStruct.Mode = GPIO_MODE_OUTPUT_PP;
 270              		.loc 1 117 0
 271 0190 0896     		str	r6, [sp, #32]
 118:../../core/platform/octa/src/gpio.c ****   GPIO_InitStruct.Pull = GPIO_NOPULL;
 272              		.loc 1 118 0
 273 0192 0994     		str	r4, [sp, #36]
 119:../../core/platform/octa/src/gpio.c ****   GPIO_InitStruct.Speed = GPIO_SPEED_FREQ_LOW;
 274              		.loc 1 119 0
 275 0194 0A94     		str	r4, [sp, #40]
 120:../../core/platform/octa/src/gpio.c ****   HAL_GPIO_Init(GPIOB, &GPIO_InitStruct);
 276              		.loc 1 120 0
 277 0196 07A9     		add	r1, sp, #28
 278 0198 4448     		ldr	r0, .L3+12
 279 019a FFF7FEFF 		bl	HAL_GPIO_Init
 280              	.LVL16:
ARM GAS  /tmp/cccnOclb.s 			page 8


 121:../../core/platform/octa/src/gpio.c **** 
 122:../../core/platform/octa/src/gpio.c ****   /*Configure GPIO pins : OCTA_BTN1_Pin OCTA_BTN2_Pin */
 123:../../core/platform/octa/src/gpio.c ****   GPIO_InitStruct.Pin = OCTA_BTN1_Pin|OCTA_BTN2_Pin;
 281              		.loc 1 123 0
 282 019e 0323     		movs	r3, #3
 283 01a0 0793     		str	r3, [sp, #28]
 124:../../core/platform/octa/src/gpio.c ****   GPIO_InitStruct.Mode = GPIO_MODE_INPUT;
 284              		.loc 1 124 0
 285 01a2 0894     		str	r4, [sp, #32]
 125:../../core/platform/octa/src/gpio.c ****   GPIO_InitStruct.Pull = GPIO_NOPULL;
 286              		.loc 1 125 0
 287 01a4 0994     		str	r4, [sp, #36]
 126:../../core/platform/octa/src/gpio.c ****   HAL_GPIO_Init(GPIOG, &GPIO_InitStruct);
 288              		.loc 1 126 0
 289 01a6 07A9     		add	r1, sp, #28
 290 01a8 5846     		mov	r0, fp
 291 01aa FFF7FEFF 		bl	HAL_GPIO_Init
 292              	.LVL17:
 127:../../core/platform/octa/src/gpio.c **** 
 128:../../core/platform/octa/src/gpio.c ****   /*Configure GPIO pins : OCTA_RLED_Pin OCTA_BLED_Pin */
 129:../../core/platform/octa/src/gpio.c ****   GPIO_InitStruct.Pin = OCTA_RLED_Pin|OCTA_BLED_Pin;
 293              		.loc 1 129 0
 294 01ae 4FF44043 		mov	r3, #49152
 295 01b2 0793     		str	r3, [sp, #28]
 130:../../core/platform/octa/src/gpio.c ****   GPIO_InitStruct.Mode = GPIO_MODE_OUTPUT_PP;
 296              		.loc 1 130 0
 297 01b4 0896     		str	r6, [sp, #32]
 131:../../core/platform/octa/src/gpio.c ****   GPIO_InitStruct.Pull = GPIO_NOPULL;
 298              		.loc 1 131 0
 299 01b6 0994     		str	r4, [sp, #36]
 132:../../core/platform/octa/src/gpio.c ****   GPIO_InitStruct.Speed = GPIO_SPEED_FREQ_LOW;
 300              		.loc 1 132 0
 301 01b8 0A94     		str	r4, [sp, #40]
 133:../../core/platform/octa/src/gpio.c ****   HAL_GPIO_Init(GPIOD, &GPIO_InitStruct);
 302              		.loc 1 133 0
 303 01ba 07A9     		add	r1, sp, #28
 304 01bc 3C48     		ldr	r0, .L3+16
 305 01be FFF7FEFF 		bl	HAL_GPIO_Init
 306              	.LVL18:
 134:../../core/platform/octa/src/gpio.c **** 
 135:../../core/platform/octa/src/gpio.c ****   /*Configure GPIO pin : PF13 (OCTA-FLASH CS)*/
 136:../../core/platform/octa/src/gpio.c ****   GPIO_InitStruct.Pin = OCTA_FLASH_CS_Pin;
 307              		.loc 1 136 0
 308 01c2 4FF4005B 		mov	fp, #8192
 309 01c6 CDF81CB0 		str	fp, [sp, #28]
 137:../../core/platform/octa/src/gpio.c ****   GPIO_InitStruct.Mode = GPIO_MODE_OUTPUT_PP;
 310              		.loc 1 137 0
 311 01ca 0896     		str	r6, [sp, #32]
 138:../../core/platform/octa/src/gpio.c ****   GPIO_InitStruct.Pull = GPIO_NOPULL;
 312              		.loc 1 138 0
 313 01cc 0994     		str	r4, [sp, #36]
 139:../../core/platform/octa/src/gpio.c ****   GPIO_InitStruct.Speed = GPIO_SPEED_FREQ_LOW;
 314              		.loc 1 139 0
 315 01ce 0A94     		str	r4, [sp, #40]
 140:../../core/platform/octa/src/gpio.c ****   HAL_GPIO_Init(OCTA_FLASH_CS_Port, &GPIO_InitStruct);
 316              		.loc 1 140 0
 317 01d0 07A9     		add	r1, sp, #28
ARM GAS  /tmp/cccnOclb.s 			page 9


 318 01d2 3846     		mov	r0, r7
 319 01d4 FFF7FEFF 		bl	HAL_GPIO_Init
 320              	.LVL19:
 141:../../core/platform/octa/src/gpio.c **** 
 142:../../core/platform/octa/src/gpio.c ****   /*Configure GPIO pins : PE11 (OCTA-FLASH WP) PE0 (OCTA-FLASH HOLD) */
 143:../../core/platform/octa/src/gpio.c ****   GPIO_InitStruct.Pin = OCTA_FLASH_WP_Pin|OCTA_FLASH_HOLD_Pin;
 321              		.loc 1 143 0
 322 01d8 40F6010A 		movw	r10, #2049
 323 01dc CDF81CA0 		str	r10, [sp, #28]
 144:../../core/platform/octa/src/gpio.c ****   GPIO_InitStruct.Mode = GPIO_MODE_OUTPUT_PP;
 324              		.loc 1 144 0
 325 01e0 0896     		str	r6, [sp, #32]
 145:../../core/platform/octa/src/gpio.c ****   GPIO_InitStruct.Pull = GPIO_NOPULL;
 326              		.loc 1 145 0
 327 01e2 0994     		str	r4, [sp, #36]
 146:../../core/platform/octa/src/gpio.c ****   GPIO_InitStruct.Speed = GPIO_SPEED_FREQ_LOW;
 328              		.loc 1 146 0
 329 01e4 0A94     		str	r4, [sp, #40]
 147:../../core/platform/octa/src/gpio.c ****   HAL_GPIO_Init(GPIOE, &GPIO_InitStruct);
 330              		.loc 1 147 0
 331 01e6 07A9     		add	r1, sp, #28
 332 01e8 2846     		mov	r0, r5
 333 01ea FFF7FEFF 		bl	HAL_GPIO_Init
 334              	.LVL20:
 148:../../core/platform/octa/src/gpio.c **** 
 149:../../core/platform/octa/src/gpio.c ****   /*Configure GPIO pin Output Level */
 150:../../core/platform/octa/src/gpio.c ****   HAL_GPIO_WritePin(OCTA_FLASH_CS_Port, OCTA_FLASH_CS_Pin, GPIO_PIN_SET);
 335              		.loc 1 150 0
 336 01ee 3246     		mov	r2, r6
 337 01f0 5946     		mov	r1, fp
 338 01f2 3846     		mov	r0, r7
 339 01f4 FFF7FEFF 		bl	HAL_GPIO_WritePin
 340              	.LVL21:
 151:../../core/platform/octa/src/gpio.c **** 
 152:../../core/platform/octa/src/gpio.c ****   /*Configure GPIO pin Output Level */
 153:../../core/platform/octa/src/gpio.c ****   HAL_GPIO_WritePin(GPIOE, OCTA_FLASH_WP_Pin|OCTA_FLASH_HOLD_Pin, GPIO_PIN_RESET);
 341              		.loc 1 153 0
 342 01f8 2246     		mov	r2, r4
 343 01fa 5146     		mov	r1, r10
 344 01fc 2846     		mov	r0, r5
 345 01fe FFF7FEFF 		bl	HAL_GPIO_WritePin
 346              	.LVL22:
 154:../../core/platform/octa/src/gpio.c **** 
 155:../../core/platform/octa/src/gpio.c ****   P1_DIO1.PORT = P1_DIO1_GPIO_Port;
 347              		.loc 1 155 0
 348 0202 2C4B     		ldr	r3, .L3+20
 349 0204 C3F80080 		str	r8, [r3]
 156:../../core/platform/octa/src/gpio.c ****   P1_DIO1.PIN =  P1_DIO1_Pin;
 350              		.loc 1 156 0
 351 0208 4FF40071 		mov	r1, #512
 352 020c 9980     		strh	r1, [r3, #4]	@ movhi
 157:../../core/platform/octa/src/gpio.c ****   P1_DIO2.PORT = P1_DIO2_GPIO_Port;
 353              		.loc 1 157 0
 354 020e 2A4A     		ldr	r2, .L3+24
 355 0210 C2F80080 		str	r8, [r2]
 158:../../core/platform/octa/src/gpio.c ****   P1_DIO2.PIN = P1_DIO2_Pin;
 356              		.loc 1 158 0
ARM GAS  /tmp/cccnOclb.s 			page 10


 357 0214 4FF48073 		mov	r3, #256
 358 0218 9380     		strh	r3, [r2, #4]	@ movhi
 159:../../core/platform/octa/src/gpio.c ****   P1_DIO3.PORT = P1_DIO3_GPIO_Port;
 359              		.loc 1 159 0
 360 021a 2848     		ldr	r0, .L3+28
 361 021c 0760     		str	r7, [r0]
 160:../../core/platform/octa/src/gpio.c ****   P1_DIO3.PIN = P1_DIO3_Pin;
 362              		.loc 1 160 0
 363 021e 0822     		movs	r2, #8
 364 0220 8280     		strh	r2, [r0, #4]	@ movhi
 161:../../core/platform/octa/src/gpio.c ****   P1_DIO4.PORT = P1_DIO4_GPIO_Port;
 365              		.loc 1 161 0
 366 0222 274C     		ldr	r4, .L3+32
 367 0224 4FF09040 		mov	r0, #1207959552
 368 0228 2060     		str	r0, [r4]
 162:../../core/platform/octa/src/gpio.c ****   P1_DIO4.PIN = P1_DIO4_Pin;
 369              		.loc 1 162 0
 370 022a 8020     		movs	r0, #128
 371 022c A080     		strh	r0, [r4, #4]	@ movhi
 163:../../core/platform/octa/src/gpio.c ****   P1_DIO5.PORT = P1_DIO5_GPIO_Port;
 372              		.loc 1 163 0
 373 022e 254C     		ldr	r4, .L3+36
 374 0230 2760     		str	r7, [r4]
 164:../../core/platform/octa/src/gpio.c ****   P1_DIO5.PIN = P1_DIO5_Pin;
 375              		.loc 1 164 0
 376 0232 A4F80490 		strh	r9, [r4, #4]	@ movhi
 165:../../core/platform/octa/src/gpio.c ****   P1_DIO6.PORT = P1_DIO6_GPIO_Port;
 377              		.loc 1 165 0
 378 0236 244C     		ldr	r4, .L3+40
 379 0238 C4F80080 		str	r8, [r4]
 166:../../core/platform/octa/src/gpio.c ****   P1_DIO6.PIN = P1_DIO6_Pin;
 380              		.loc 1 166 0
 381 023c A280     		strh	r2, [r4, #4]	@ movhi
 167:../../core/platform/octa/src/gpio.c **** 
 168:../../core/platform/octa/src/gpio.c ****   P2_DIO1.PORT = P2_DIO1_GPIO_Port;
 382              		.loc 1 168 0
 383 023e 234C     		ldr	r4, .L3+44
 384 0240 2560     		str	r5, [r4]
 169:../../core/platform/octa/src/gpio.c ****   P2_DIO1.PIN =  P2_DIO1_Pin;
 385              		.loc 1 169 0
 386 0242 0426     		movs	r6, #4
 387 0244 A680     		strh	r6, [r4, #4]	@ movhi
 170:../../core/platform/octa/src/gpio.c ****   P2_DIO2.PORT = P2_DIO2_GPIO_Port;
 388              		.loc 1 170 0
 389 0246 224C     		ldr	r4, .L3+48
 390 0248 2560     		str	r5, [r4]
 171:../../core/platform/octa/src/gpio.c ****   P2_DIO2.PIN = P2_DIO2_Pin;
 391              		.loc 1 171 0
 392 024a 1026     		movs	r6, #16
 393 024c A680     		strh	r6, [r4, #4]	@ movhi
 172:../../core/platform/octa/src/gpio.c ****   P2_DIO3.PORT = P2_DIO3_GPIO_Port;
 394              		.loc 1 172 0
 395 024e 214C     		ldr	r4, .L3+52
 396 0250 2560     		str	r5, [r4]
 173:../../core/platform/octa/src/gpio.c ****   P2_DIO3.PIN = P2_DIO3_Pin;
 397              		.loc 1 173 0
 398 0252 4026     		movs	r6, #64
ARM GAS  /tmp/cccnOclb.s 			page 11


 399 0254 A680     		strh	r6, [r4, #4]	@ movhi
 174:../../core/platform/octa/src/gpio.c ****   P2_DIO4.PORT = P2_DIO4_GPIO_Port;
 400              		.loc 1 174 0
 401 0256 204C     		ldr	r4, .L3+56
 402 0258 2560     		str	r5, [r4]
 175:../../core/platform/octa/src/gpio.c ****   P2_DIO4.PIN = P2_DIO4_Pin;
 403              		.loc 1 175 0
 404 025a A4F80490 		strh	r9, [r4, #4]	@ movhi
 176:../../core/platform/octa/src/gpio.c ****   P2_DIO5.PORT = P2_DIO5_GPIO_Port;
 405              		.loc 1 176 0
 406 025e 1F4C     		ldr	r4, .L3+60
 407 0260 2760     		str	r7, [r4]
 177:../../core/platform/octa/src/gpio.c ****   P2_DIO5.PIN = P2_DIO5_Pin;
 408              		.loc 1 177 0
 409 0262 A380     		strh	r3, [r4, #4]	@ movhi
 178:../../core/platform/octa/src/gpio.c ****   P2_DIO6.PORT = P2_DIO6_GPIO_Port;
 410              		.loc 1 178 0
 411 0264 1E4C     		ldr	r4, .L3+64
 412 0266 2560     		str	r5, [r4]
 179:../../core/platform/octa/src/gpio.c ****   P2_DIO6.PIN = P2_DIO6_Pin;
 413              		.loc 1 179 0
 414 0268 A280     		strh	r2, [r4, #4]	@ movhi
 180:../../core/platform/octa/src/gpio.c **** 
 181:../../core/platform/octa/src/gpio.c ****   P3_DIO1.PORT = P3_DIO1_GPIO_Port;
 415              		.loc 1 181 0
 416 026a 1E4A     		ldr	r2, .L3+68
 417 026c 1560     		str	r5, [r2]
 182:../../core/platform/octa/src/gpio.c ****   P3_DIO1.PIN =  P3_DIO1_Pin;
 418              		.loc 1 182 0
 419 026e 9080     		strh	r0, [r2, #4]	@ movhi
 183:../../core/platform/octa/src/gpio.c ****   P3_DIO2.PORT = P3_DIO2_GPIO_Port;
 420              		.loc 1 183 0
 421 0270 1D4A     		ldr	r2, .L3+72
 422 0272 1560     		str	r5, [r2]
 184:../../core/platform/octa/src/gpio.c ****   P3_DIO2.PIN = P3_DIO2_Pin;
 423              		.loc 1 184 0
 424 0274 4FF48060 		mov	r0, #1024
 425 0278 9080     		strh	r0, [r2, #4]	@ movhi
 185:../../core/platform/octa/src/gpio.c ****   P3_DIO3.PORT = P3_DIO3_GPIO_Port;
 426              		.loc 1 185 0
 427 027a 1C4A     		ldr	r2, .L3+76
 428 027c 1760     		str	r7, [r2]
 186:../../core/platform/octa/src/gpio.c ****   P3_DIO3.PIN = P3_DIO3_Pin;
 429              		.loc 1 186 0
 430 027e 4FF48040 		mov	r0, #16384
 431 0282 9080     		strh	r0, [r2, #4]	@ movhi
 187:../../core/platform/octa/src/gpio.c ****   P3_DIO4.PORT = P3_DIO4_GPIO_Port;
 432              		.loc 1 187 0
 433 0284 1A4A     		ldr	r2, .L3+80
 434 0286 1560     		str	r5, [r2]
 188:../../core/platform/octa/src/gpio.c ****   P3_DIO4.PIN = P3_DIO4_Pin;
 435              		.loc 1 188 0
 436 0288 9380     		strh	r3, [r2, #4]	@ movhi
 189:../../core/platform/octa/src/gpio.c ****   P3_DIO5.PORT = P3_DIO5_GPIO_Port;
 437              		.loc 1 189 0
 438 028a 1A4B     		ldr	r3, .L3+84
 439 028c 1D60     		str	r5, [r3]
ARM GAS  /tmp/cccnOclb.s 			page 12


 190:../../core/platform/octa/src/gpio.c ****   P3_DIO5.PIN = P3_DIO5_Pin;
 440              		.loc 1 190 0
 441 028e 9980     		strh	r1, [r3, #4]	@ movhi
 191:../../core/platform/octa/src/gpio.c ****   P3_DIO6.PORT = P3_DIO6_GPIO_Port;
 442              		.loc 1 191 0
 443 0290 194B     		ldr	r3, .L3+88
 444 0292 064A     		ldr	r2, .L3+12
 445 0294 1A60     		str	r2, [r3]
 192:../../core/platform/octa/src/gpio.c ****   P3_DIO6.PIN = P3_DIO6_Pin;
 446              		.loc 1 192 0
 447 0296 0222     		movs	r2, #2
 448 0298 9A80     		strh	r2, [r3, #4]	@ movhi
 193:../../core/platform/octa/src/gpio.c **** 
 194:../../core/platform/octa/src/gpio.c **** }
 449              		.loc 1 194 0
 450 029a 0DB0     		add	sp, sp, #52
 451              	.LCFI2:
 452              		.cfi_def_cfa_offset 36
 453              		@ sp needed
 454 029c BDE8F08F 		pop	{r4, r5, r6, r7, r8, r9, r10, fp, pc}
 455              	.L4:
 456              		.align	2
 457              	.L3:
 458 02a0 00100240 		.word	1073876992
 459 02a4 00100048 		.word	1207963648
 460 02a8 00140048 		.word	1207964672
 461 02ac 00040048 		.word	1207960576
 462 02b0 000C0048 		.word	1207962624
 463 02b4 00000000 		.word	P1_DIO1
 464 02b8 00000000 		.word	P1_DIO2
 465 02bc 00000000 		.word	P1_DIO3
 466 02c0 00000000 		.word	P1_DIO4
 467 02c4 00000000 		.word	P1_DIO5
 468 02c8 00000000 		.word	P1_DIO6
 469 02cc 00000000 		.word	P2_DIO1
 470 02d0 00000000 		.word	P2_DIO2
 471 02d4 00000000 		.word	P2_DIO3
 472 02d8 00000000 		.word	P2_DIO4
 473 02dc 00000000 		.word	P2_DIO5
 474 02e0 00000000 		.word	P2_DIO6
 475 02e4 00000000 		.word	P3_DIO1
 476 02e8 00000000 		.word	P3_DIO2
 477 02ec 00000000 		.word	P3_DIO3
 478 02f0 00000000 		.word	P3_DIO4
 479 02f4 00000000 		.word	P3_DIO5
 480 02f8 00000000 		.word	P3_DIO6
 481 02fc 00080048 		.word	1207961600
 482 0300 00001110 		.word	269549568
 483 0304 00180048 		.word	1207965696
 484              		.cfi_endproc
 485              	.LFE123:
 487              		.comm	P3_DIO6,8,4
 488              		.comm	P3_DIO5,8,4
 489              		.comm	P3_DIO4,8,4
 490              		.comm	P3_DIO3,8,4
 491              		.comm	P3_DIO2,8,4
 492              		.comm	P3_DIO1,8,4
ARM GAS  /tmp/cccnOclb.s 			page 13


 493              		.comm	P2_DIO6,8,4
 494              		.comm	P2_DIO5,8,4
 495              		.comm	P2_DIO4,8,4
 496              		.comm	P2_DIO3,8,4
 497              		.comm	P2_DIO2,8,4
 498              		.comm	P2_DIO1,8,4
 499              		.comm	P1_DIO6,8,4
 500              		.comm	P1_DIO5,8,4
 501              		.comm	P1_DIO4,8,4
 502              		.comm	P1_DIO3,8,4
 503              		.comm	P1_DIO2,8,4
 504              		.comm	P1_DIO1,8,4
 505              		.text
 506              	.Letext0:
 507              		.file 2 "/usr/include/newlib/machine/_default_types.h"
 508              		.file 3 "/usr/include/newlib/sys/_stdint.h"
 509              		.file 4 "../../core/ST/CMSIS/Include/core_cm4.h"
 510              		.file 5 "../../core/ST/CMSIS/Device/ST/STM32L4xx/Include/system_stm32l4xx.h"
 511              		.file 6 "../../core/ST/CMSIS/Device/ST/STM32L4xx/Include/stm32l496xx.h"
 512              		.file 7 "../../core/ST/STM32L4xx_HAL_Driver/Inc/stm32l4xx_hal_gpio.h"
 513              		.file 8 "../../core/ST/STM32L4xx_HAL_Driver/Inc/stm32l4xx_hal.h"
 514              		.file 9 "../../core/platform/octa/inc/gpio.h"
 515              		.file 10 "../../core/ST/STM32L4xx_HAL_Driver/Inc/stm32l4xx_hal_pwr_ex.h"
ARM GAS  /tmp/cccnOclb.s 			page 14


DEFINED SYMBOLS
                            *ABS*:0000000000000000 gpio.c
     /tmp/cccnOclb.s:18     .text.OCTA_GPIO_Init:0000000000000000 $t
     /tmp/cccnOclb.s:25     .text.OCTA_GPIO_Init:0000000000000000 OCTA_GPIO_Init
     /tmp/cccnOclb.s:458    .text.OCTA_GPIO_Init:00000000000002a0 $d
                            *COM*:0000000000000008 P1_DIO1
                            *COM*:0000000000000008 P1_DIO2
                            *COM*:0000000000000008 P1_DIO3
                            *COM*:0000000000000008 P1_DIO4
                            *COM*:0000000000000008 P1_DIO5
                            *COM*:0000000000000008 P1_DIO6
                            *COM*:0000000000000008 P2_DIO1
                            *COM*:0000000000000008 P2_DIO2
                            *COM*:0000000000000008 P2_DIO3
                            *COM*:0000000000000008 P2_DIO4
                            *COM*:0000000000000008 P2_DIO5
                            *COM*:0000000000000008 P2_DIO6
                            *COM*:0000000000000008 P3_DIO1
                            *COM*:0000000000000008 P3_DIO2
                            *COM*:0000000000000008 P3_DIO3
                            *COM*:0000000000000008 P3_DIO4
                            *COM*:0000000000000008 P3_DIO5
                            *COM*:0000000000000008 P3_DIO6
                     .debug_frame:0000000000000010 $d

UNDEFINED SYMBOLS
HAL_PWREx_EnableVddIO2
HAL_GPIO_WritePin
HAL_GPIO_Init
