ARM GAS  /tmp/cctxVBN0.s 			page 1


   1              		.cpu cortex-m4
   2              		.eabi_attribute 27, 1
   3              		.eabi_attribute 28, 1
   4              		.eabi_attribute 20, 1
   5              		.eabi_attribute 21, 1
   6              		.eabi_attribute 23, 3
   7              		.eabi_attribute 24, 1
   8              		.eabi_attribute 25, 1
   9              		.eabi_attribute 26, 1
  10              		.eabi_attribute 30, 1
  11              		.eabi_attribute 34, 1
  12              		.eabi_attribute 18, 4
  13              		.file	"murata.c"
  14              		.text
  15              	.Ltext0:
  16              		.cfi_sections	.debug_frame
  17              		.section	.text.on_modem_command_completed_callback,"ax",%progbits
  18              		.align	1
  19              		.global	on_modem_command_completed_callback
  20              		.syntax unified
  21              		.thumb
  22              		.thumb_func
  23              		.fpu fpv4-sp-d16
  25              	on_modem_command_completed_callback:
  26              	.LFB129:
  27              		.file 1 "../../shields/Murata/src/murata.c"
   1:../../shields/Murata/src/murata.c **** #include "platform.h"
   2:../../shields/Murata/src/murata.c **** #include "murata.h"
   3:../../shields/Murata/src/murata.c **** 
   4:../../shields/Murata/src/murata.c **** uint8_t murata_notification_sent = 0;
   5:../../shields/Murata/src/murata.c **** struct OCTA_header murataHeader;
   6:../../shields/Murata/src/murata.c **** 
   7:../../shields/Murata/src/murata.c **** session_config_t session_config =
   8:../../shields/Murata/src/murata.c ****     {
   9:../../shields/Murata/src/murata.c ****         .interface_type = LORAWAN_OTAA,
  10:../../shields/Murata/src/murata.c ****         .lorawan_session_config_otaa = {
  11:../../shields/Murata/src/murata.c ****             .devEUI = { 0x00, 0xF6, 0x28, 0x26, 0x79, 0x89, 0xF7, 0xAF },
  12:../../shields/Murata/src/murata.c ****             .appEUI = { 0x70, 0xB3, 0xD5, 0x7E, 0xD0, 0x02, 0x2F, 0xB6 },
  13:../../shields/Murata/src/murata.c ****             .appKey = { 0x3B, 0x1A, 0x09, 0x04, 0x4D, 0x65, 0xD4, 0xE3, 0x23, 0x03, 0x3D, 0x12, 0xF
  14:../../shields/Murata/src/murata.c ****             .request_ack = false,
  15:../../shields/Murata/src/murata.c ****             .application_port = 1}};
  16:../../shields/Murata/src/murata.c **** 
  17:../../shields/Murata/src/murata.c **** /* Init murata lorawan modem */
  18:../../shields/Murata/src/murata.c **** modem_callbacks_t modem_callbacks = {
  19:../../shields/Murata/src/murata.c ****     .command_completed_callback = &on_modem_command_completed_callback,
  20:../../shields/Murata/src/murata.c ****     .return_file_data_callback = &on_modem_return_file_data_callback,
  21:../../shields/Murata/src/murata.c ****     .write_file_data_callback = &on_modem_write_file_data_callback,
  22:../../shields/Murata/src/murata.c ****     .modem_rebooted_callback = &on_modem_reboot_callback,
  23:../../shields/Murata/src/murata.c **** };
  24:../../shields/Murata/src/murata.c **** 
  25:../../shields/Murata/src/murata.c **** void on_modem_command_completed_callback(bool with_error, uint8_t tag_id)
  26:../../shields/Murata/src/murata.c **** {
  28              		.loc 1 26 0
  29              		.cfi_startproc
  30              		@ args = 0, pretend = 0, frame = 0
  31              		@ frame_needed = 0, uses_anonymous_args = 0
  32              	.LVL0:
ARM GAS  /tmp/cctxVBN0.s 			page 2


  33 0000 08B5     		push	{r3, lr}
  34              	.LCFI0:
  35              		.cfi_def_cfa_offset 8
  36              		.cfi_offset 3, -8
  37              		.cfi_offset 14, -4
  27:../../shields/Murata/src/murata.c ****     murata_notification_sent = 0;
  38              		.loc 1 27 0
  39 0002 0022     		movs	r2, #0
  40 0004 034B     		ldr	r3, .L3
  41 0006 1A70     		strb	r2, [r3]
  28:../../shields/Murata/src/murata.c ****     printf("LoRaWAN modem command with tag %i completed (success = %i)\r\n", tag_id, !with_error);
  42              		.loc 1 28 0
  43 0008 80F00102 		eor	r2, r0, #1
  44 000c 0248     		ldr	r0, .L3+4
  45              	.LVL1:
  46 000e FFF7FEFF 		bl	printf
  47              	.LVL2:
  48 0012 08BD     		pop	{r3, pc}
  49              	.L4:
  50              		.align	2
  51              	.L3:
  52 0014 00000000 		.word	.LANCHOR0
  53 0018 00000000 		.word	.LC0
  54              		.cfi_endproc
  55              	.LFE129:
  57              		.section	.text.on_modem_return_file_data_callback,"ax",%progbits
  58              		.align	1
  59              		.global	on_modem_return_file_data_callback
  60              		.syntax unified
  61              		.thumb
  62              		.thumb_func
  63              		.fpu fpv4-sp-d16
  65              	on_modem_return_file_data_callback:
  66              	.LFB130:
  29:../../shields/Murata/src/murata.c **** }
  30:../../shields/Murata/src/murata.c **** 
  31:../../shields/Murata/src/murata.c **** void on_modem_return_file_data_callback(uint8_t file_id, uint32_t offset, uint32_t size, uint8_t *o
  32:../../shields/Murata/src/murata.c **** {
  67              		.loc 1 32 0
  68              		.cfi_startproc
  69              		@ args = 0, pretend = 0, frame = 0
  70              		@ frame_needed = 0, uses_anonymous_args = 0
  71              	.LVL3:
  72 0000 30B5     		push	{r4, r5, lr}
  73              	.LCFI1:
  74              		.cfi_def_cfa_offset 12
  75              		.cfi_offset 4, -12
  76              		.cfi_offset 5, -8
  77              		.cfi_offset 14, -4
  78 0002 83B0     		sub	sp, sp, #12
  79              	.LCFI2:
  80              		.cfi_def_cfa_offset 24
  33:../../shields/Murata/src/murata.c ****     murata_notification_sent = 0;
  81              		.loc 1 33 0
  82 0004 0025     		movs	r5, #0
  83 0006 054C     		ldr	r4, .L7
  84 0008 2570     		strb	r5, [r4]
ARM GAS  /tmp/cctxVBN0.s 			page 3


  34:../../shields/Murata/src/murata.c ****     printf("LoRaWAN modem return file data file %i offset %li size %li buffer %p\r\n", file_id, off
  85              		.loc 1 34 0
  86 000a 0093     		str	r3, [sp]
  87 000c 1346     		mov	r3, r2
  88              	.LVL4:
  89 000e 0A46     		mov	r2, r1
  90              	.LVL5:
  91 0010 0146     		mov	r1, r0
  92              	.LVL6:
  93 0012 0348     		ldr	r0, .L7+4
  94              	.LVL7:
  95 0014 FFF7FEFF 		bl	printf
  96              	.LVL8:
  35:../../shields/Murata/src/murata.c **** }
  97              		.loc 1 35 0
  98 0018 03B0     		add	sp, sp, #12
  99              	.LCFI3:
 100              		.cfi_def_cfa_offset 12
 101              		@ sp needed
 102 001a 30BD     		pop	{r4, r5, pc}
 103              	.L8:
 104              		.align	2
 105              	.L7:
 106 001c 00000000 		.word	.LANCHOR0
 107 0020 00000000 		.word	.LC1
 108              		.cfi_endproc
 109              	.LFE130:
 111              		.section	.text.on_modem_write_file_data_callback,"ax",%progbits
 112              		.align	1
 113              		.global	on_modem_write_file_data_callback
 114              		.syntax unified
 115              		.thumb
 116              		.thumb_func
 117              		.fpu fpv4-sp-d16
 119              	on_modem_write_file_data_callback:
 120              	.LFB131:
  36:../../shields/Murata/src/murata.c **** 
  37:../../shields/Murata/src/murata.c **** void on_modem_write_file_data_callback(uint8_t file_id, uint32_t offset, uint32_t size, uint8_t *ou
  38:../../shields/Murata/src/murata.c **** {
 121              		.loc 1 38 0
 122              		.cfi_startproc
 123              		@ args = 0, pretend = 0, frame = 0
 124              		@ frame_needed = 0, uses_anonymous_args = 0
 125              	.LVL9:
 126 0000 30B5     		push	{r4, r5, lr}
 127              	.LCFI4:
 128              		.cfi_def_cfa_offset 12
 129              		.cfi_offset 4, -12
 130              		.cfi_offset 5, -8
 131              		.cfi_offset 14, -4
 132 0002 83B0     		sub	sp, sp, #12
 133              	.LCFI5:
 134              		.cfi_def_cfa_offset 24
  39:../../shields/Murata/src/murata.c ****     murata_notification_sent = 0;
 135              		.loc 1 39 0
 136 0004 0025     		movs	r5, #0
 137 0006 054C     		ldr	r4, .L11
ARM GAS  /tmp/cctxVBN0.s 			page 4


 138 0008 2570     		strb	r5, [r4]
  40:../../shields/Murata/src/murata.c ****     printf("LoRaWAN modem write file data file %i offset %li size %li buffer %p\r\n", file_id, offs
 139              		.loc 1 40 0
 140 000a 0093     		str	r3, [sp]
 141 000c 1346     		mov	r3, r2
 142              	.LVL10:
 143 000e 0A46     		mov	r2, r1
 144              	.LVL11:
 145 0010 0146     		mov	r1, r0
 146              	.LVL12:
 147 0012 0348     		ldr	r0, .L11+4
 148              	.LVL13:
 149 0014 FFF7FEFF 		bl	printf
 150              	.LVL14:
  41:../../shields/Murata/src/murata.c **** }
 151              		.loc 1 41 0
 152 0018 03B0     		add	sp, sp, #12
 153              	.LCFI6:
 154              		.cfi_def_cfa_offset 12
 155              		@ sp needed
 156 001a 30BD     		pop	{r4, r5, pc}
 157              	.L12:
 158              		.align	2
 159              	.L11:
 160 001c 00000000 		.word	.LANCHOR0
 161 0020 00000000 		.word	.LC2
 162              		.cfi_endproc
 163              	.LFE131:
 165              		.section	.text.on_modem_reboot_callback,"ax",%progbits
 166              		.align	1
 167              		.global	on_modem_reboot_callback
 168              		.syntax unified
 169              		.thumb
 170              		.thumb_func
 171              		.fpu fpv4-sp-d16
 173              	on_modem_reboot_callback:
 174              	.LFB132:
  42:../../shields/Murata/src/murata.c **** 
  43:../../shields/Murata/src/murata.c **** void on_modem_reboot_callback(void)
  44:../../shields/Murata/src/murata.c **** {
 175              		.loc 1 44 0
 176              		.cfi_startproc
 177              		@ args = 0, pretend = 0, frame = 0
 178              		@ frame_needed = 0, uses_anonymous_args = 0
 179 0000 08B5     		push	{r3, lr}
 180              	.LCFI7:
 181              		.cfi_def_cfa_offset 8
 182              		.cfi_offset 3, -8
 183              		.cfi_offset 14, -4
  45:../../shields/Murata/src/murata.c ****     murata_notification_sent = 0;
 184              		.loc 1 45 0
 185 0002 0022     		movs	r2, #0
 186 0004 034B     		ldr	r3, .L15
 187 0006 1A70     		strb	r2, [r3]
  46:../../shields/Murata/src/murata.c ****     printf("LoRaWAN murata modem has rebooted \r\n");
 188              		.loc 1 46 0
 189 0008 0348     		ldr	r0, .L15+4
ARM GAS  /tmp/cctxVBN0.s 			page 5


 190 000a FFF7FEFF 		bl	puts
 191              	.LVL15:
  47:../../shields/Murata/src/murata.c ****     modem_reinit();
 192              		.loc 1 47 0
 193 000e FFF7FEFF 		bl	modem_reinit
 194              	.LVL16:
 195 0012 08BD     		pop	{r3, pc}
 196              	.L16:
 197              		.align	2
 198              	.L15:
 199 0014 00000000 		.word	.LANCHOR0
 200 0018 00000000 		.word	.LC3
 201              		.cfi_endproc
 202              	.LFE132:
 204              		.section	.text.Murata_Initialize,"ax",%progbits
 205              		.align	1
 206              		.global	Murata_Initialize
 207              		.syntax unified
 208              		.thumb
 209              		.thumb_func
 210              		.fpu fpv4-sp-d16
 212              	Murata_Initialize:
 213              	.LFB133:
  48:../../shields/Murata/src/murata.c **** }
  49:../../shields/Murata/src/murata.c **** 
  50:../../shields/Murata/src/murata.c **** uint8_t Murata_Initialize(uint64_t octa_UID)
  51:../../shields/Murata/src/murata.c **** {    
 214              		.loc 1 51 0
 215              		.cfi_startproc
 216              		@ args = 0, pretend = 0, frame = 48
 217              		@ frame_needed = 0, uses_anonymous_args = 0
 218              	.LVL17:
 219 0000 70B5     		push	{r4, r5, r6, lr}
 220              	.LCFI8:
 221              		.cfi_def_cfa_offset 16
 222              		.cfi_offset 4, -16
 223              		.cfi_offset 5, -12
 224              		.cfi_offset 6, -8
 225              		.cfi_offset 14, -4
 226 0002 94B0     		sub	sp, sp, #80
 227              	.LCFI9:
 228              		.cfi_def_cfa_offset 96
  52:../../shields/Murata/src/murata.c ****     printf("***Initializing LoRaWAN modem driver***\r\n");
 229              		.loc 1 52 0
 230 0004 2048     		ldr	r0, .L22
 231              	.LVL18:
 232 0006 FFF7FEFF 		bl	puts
 233              	.LVL19:
  53:../../shields/Murata/src/murata.c **** 
  54:../../shields/Murata/src/murata.c ****     #ifndef MURATA_CONNECTOR
  55:../../shields/Murata/src/murata.c ****         printf("No MURATA_CONNECTOR provided in Makefile\r\n");
  56:../../shields/Murata/src/murata.c ****         return 1;
  57:../../shields/Murata/src/murata.c ****     #else
  58:../../shields/Murata/src/murata.c ****         murataHeader = platform_getHeader((uint8_t)MURATA_CONNECTOR);
 234              		.loc 1 58 0
 235 000a 204E     		ldr	r6, .L22+4
 236 000c 0221     		movs	r1, #2
ARM GAS  /tmp/cctxVBN0.s 			page 6


 237 000e 08A8     		add	r0, sp, #32
 238 0010 FFF7FEFF 		bl	platform_getHeader
 239              	.LVL20:
 240 0014 3546     		mov	r5, r6
 241 0016 08AC     		add	r4, sp, #32
 242 0018 0FCC     		ldmia	r4!, {r0, r1, r2, r3}
 243 001a 0FC5     		stmia	r5!, {r0, r1, r2, r3}
 244 001c 0FCC     		ldmia	r4!, {r0, r1, r2, r3}
 245 001e 0FC5     		stmia	r5!, {r0, r1, r2, r3}
 246 0020 94E80700 		ldm	r4, {r0, r1, r2}
 247 0024 85E80700 		stm	r5, {r0, r1, r2}
  59:../../shields/Murata/src/murata.c ****         if(!murataHeader.active)
 248              		.loc 1 59 0
 249 0028 96F82840 		ldrb	r4, [r6, #40]	@ zero_extendqisi2
 250 002c 3CB3     		cbz	r4, .L21
  60:../../shields/Murata/src/murata.c ****         {
  61:../../shields/Murata/src/murata.c ****             printf("Invalid MURATA_CONNECTOR provided in Makefile\r\n");
  62:../../shields/Murata/src/murata.c ****             return 0;  
  63:../../shields/Murata/src/murata.c ****         }
  64:../../shields/Murata/src/murata.c ****         else
  65:../../shields/Murata/src/murata.c ****             printf("Murata on P%d, initializing UART\r\n", (uint8_t)MURATA_CONNECTOR);         
 251              		.loc 1 65 0
 252 002e 0221     		movs	r1, #2
 253 0030 1748     		ldr	r0, .L22+8
 254 0032 FFF7FEFF 		bl	printf
 255              	.LVL21:
  66:../../shields/Murata/src/murata.c ****     #endif
  67:../../shields/Murata/src/murata.c **** 
  68:../../shields/Murata/src/murata.c ****     //convert_uint64_array((uint8_t *)&octa_UID);
  69:../../shields/Murata/src/murata.c ****     //memcpy(session_config.lorawan_session_config_otaa.devEUI, &octa_UID, sizeof(octa_UID));
  70:../../shields/Murata/src/murata.c **** 
  71:../../shields/Murata/src/murata.c ****     // Initialize UART peripheral with driver baudrate
  72:../../shields/Murata/src/murata.c ****     platform_initialize_UART(murataHeader, MURATA_BAUDRATE);
 256              		.loc 1 72 0
 257 0036 154E     		ldr	r6, .L22+4
 258 0038 4FF4E133 		mov	r3, #115200
 259 003c 0793     		str	r3, [sp, #28]
 260 003e 6C46     		mov	r4, sp
 261 0040 06F11005 		add	r5, r6, #16
 262 0044 0FCD     		ldmia	r5!, {r0, r1, r2, r3}
 263 0046 0FC4     		stmia	r4!, {r0, r1, r2, r3}
 264 0048 95E80700 		ldm	r5, {r0, r1, r2}
 265 004c 84E80700 		stm	r4, {r0, r1, r2}
 266 0050 96E80F00 		ldm	r6, {r0, r1, r2, r3}
 267 0054 FFF7FEFF 		bl	platform_initialize_UART
 268              	.LVL22:
  73:../../shields/Murata/src/murata.c **** 
  74:../../shields/Murata/src/murata.c ****     murata_wakeup_pin = murataHeader.DIO1;
 269              		.loc 1 74 0
 270 0058 3269     		ldr	r2, [r6, #16]
 271 005a 0E4B     		ldr	r3, .L22+12
 272 005c 1A60     		str	r2, [r3]
  75:../../shields/Murata/src/murata.c ****     murata_reset_pin = murataHeader.DIO6;
 273              		.loc 1 75 0
 274 005e 726A     		ldr	r2, [r6, #36]
 275 0060 0D4B     		ldr	r3, .L22+16
 276 0062 1A60     		str	r2, [r3]
ARM GAS  /tmp/cctxVBN0.s 			page 7


  76:../../shields/Murata/src/murata.c ****     modem_init(murataHeader.uartHandle);
 277              		.loc 1 76 0
 278 0064 7068     		ldr	r0, [r6, #4]
 279 0066 FFF7FEFF 		bl	modem_init
 280              	.LVL23:
  77:../../shields/Murata/src/murata.c ****     modem_cb_init(&modem_callbacks);
 281              		.loc 1 77 0
 282 006a 0C48     		ldr	r0, .L22+20
 283 006c FFF7FEFF 		bl	modem_cb_init
 284              	.LVL24:
  78:../../shields/Murata/src/murata.c **** 
  79:../../shields/Murata/src/murata.c ****     printf("Murata module init OK \r\n\r\n");
 285              		.loc 1 79 0
 286 0070 0B48     		ldr	r0, .L22+24
 287 0072 FFF7FEFF 		bl	puts
 288              	.LVL25:
  80:../../shields/Murata/src/murata.c ****     return 1;
 289              		.loc 1 80 0
 290 0076 0124     		movs	r4, #1
 291              	.L19:
  81:../../shields/Murata/src/murata.c **** }
 292              		.loc 1 81 0
 293 0078 2046     		mov	r0, r4
 294 007a 14B0     		add	sp, sp, #80
 295              	.LCFI10:
 296              		.cfi_remember_state
 297              		.cfi_def_cfa_offset 16
 298              		@ sp needed
 299 007c 70BD     		pop	{r4, r5, r6, pc}
 300              	.L21:
 301              	.LCFI11:
 302              		.cfi_restore_state
  61:../../shields/Murata/src/murata.c ****             return 0;  
 303              		.loc 1 61 0
 304 007e 0948     		ldr	r0, .L22+28
 305 0080 FFF7FEFF 		bl	puts
 306              	.LVL26:
  62:../../shields/Murata/src/murata.c ****         }
 307              		.loc 1 62 0
 308 0084 F8E7     		b	.L19
 309              	.L23:
 310 0086 00BF     		.align	2
 311              	.L22:
 312 0088 00000000 		.word	.LC4
 313 008c 00000000 		.word	murataHeader
 314 0090 5C000000 		.word	.LC6
 315 0094 00000000 		.word	murata_wakeup_pin
 316 0098 00000000 		.word	murata_reset_pin
 317 009c 00000000 		.word	.LANCHOR1
 318 00a0 80000000 		.word	.LC7
 319 00a4 2C000000 		.word	.LC5
 320              		.cfi_endproc
 321              	.LFE133:
 323              		.section	.text.modem_wakeup,"ax",%progbits
 324              		.align	1
 325              		.global	modem_wakeup
 326              		.syntax unified
ARM GAS  /tmp/cctxVBN0.s 			page 8


 327              		.thumb
 328              		.thumb_func
 329              		.fpu fpv4-sp-d16
 331              	modem_wakeup:
 332              	.LFB134:
  82:../../shields/Murata/src/murata.c **** 
  83:../../shields/Murata/src/murata.c **** void modem_wakeup(void)
  84:../../shields/Murata/src/murata.c **** {
 333              		.loc 1 84 0
 334              		.cfi_startproc
 335              		@ args = 0, pretend = 0, frame = 0
 336              		@ frame_needed = 0, uses_anonymous_args = 0
 337 0000 08B5     		push	{r3, lr}
 338              	.LCFI12:
 339              		.cfi_def_cfa_offset 8
 340              		.cfi_offset 3, -8
 341              		.cfi_offset 14, -4
  85:../../shields/Murata/src/murata.c ****     HAL_GPIO_WritePin(murata_wakeup_pin->PORT, murata_wakeup_pin->PIN, GPIO_PIN_SET);
 342              		.loc 1 85 0
 343 0002 044B     		ldr	r3, .L26
 344 0004 1B68     		ldr	r3, [r3]
 345 0006 0122     		movs	r2, #1
 346 0008 9988     		ldrh	r1, [r3, #4]
 347 000a 1868     		ldr	r0, [r3]
 348 000c FFF7FEFF 		bl	HAL_GPIO_WritePin
 349              	.LVL27:
 350 0010 08BD     		pop	{r3, pc}
 351              	.L27:
 352 0012 00BF     		.align	2
 353              	.L26:
 354 0014 00000000 		.word	murata_wakeup_pin
 355              		.cfi_endproc
 356              	.LFE134:
 358              		.section	.text.modem_release,"ax",%progbits
 359              		.align	1
 360              		.global	modem_release
 361              		.syntax unified
 362              		.thumb
 363              		.thumb_func
 364              		.fpu fpv4-sp-d16
 366              	modem_release:
 367              	.LFB135:
  86:../../shields/Murata/src/murata.c **** }
  87:../../shields/Murata/src/murata.c **** 
  88:../../shields/Murata/src/murata.c **** void modem_release(void)
  89:../../shields/Murata/src/murata.c **** {
 368              		.loc 1 89 0
 369              		.cfi_startproc
 370              		@ args = 0, pretend = 0, frame = 0
 371              		@ frame_needed = 0, uses_anonymous_args = 0
 372 0000 08B5     		push	{r3, lr}
 373              	.LCFI13:
 374              		.cfi_def_cfa_offset 8
 375              		.cfi_offset 3, -8
 376              		.cfi_offset 14, -4
  90:../../shields/Murata/src/murata.c ****     HAL_GPIO_WritePin(murata_wakeup_pin->PORT, murata_wakeup_pin->PIN, GPIO_PIN_SET);
 377              		.loc 1 90 0
ARM GAS  /tmp/cctxVBN0.s 			page 9


 378 0002 044B     		ldr	r3, .L30
 379 0004 1B68     		ldr	r3, [r3]
 380 0006 0122     		movs	r2, #1
 381 0008 9988     		ldrh	r1, [r3, #4]
 382 000a 1868     		ldr	r0, [r3]
 383 000c FFF7FEFF 		bl	HAL_GPIO_WritePin
 384              	.LVL28:
 385 0010 08BD     		pop	{r3, pc}
 386              	.L31:
 387 0012 00BF     		.align	2
 388              	.L30:
 389 0014 00000000 		.word	murata_wakeup_pin
 390              		.cfi_endproc
 391              	.LFE135:
 393              		.section	.text.Murata_toggleResetPin,"ax",%progbits
 394              		.align	1
 395              		.global	Murata_toggleResetPin
 396              		.syntax unified
 397              		.thumb
 398              		.thumb_func
 399              		.fpu fpv4-sp-d16
 401              	Murata_toggleResetPin:
 402              	.LFB136:
  91:../../shields/Murata/src/murata.c **** }
  92:../../shields/Murata/src/murata.c **** 
  93:../../shields/Murata/src/murata.c **** void Murata_toggleResetPin(void)
  94:../../shields/Murata/src/murata.c **** {
 403              		.loc 1 94 0
 404              		.cfi_startproc
 405              		@ args = 0, pretend = 0, frame = 0
 406              		@ frame_needed = 0, uses_anonymous_args = 0
 407 0000 10B5     		push	{r4, lr}
 408              	.LCFI14:
 409              		.cfi_def_cfa_offset 8
 410              		.cfi_offset 4, -8
 411              		.cfi_offset 14, -4
  95:../../shields/Murata/src/murata.c ****     HAL_GPIO_WritePin(murata_reset_pin->PORT, murata_reset_pin->PIN, GPIO_PIN_RESET);
 412              		.loc 1 95 0
 413 0002 0A4C     		ldr	r4, .L34
 414 0004 2368     		ldr	r3, [r4]
 415 0006 0022     		movs	r2, #0
 416 0008 9988     		ldrh	r1, [r3, #4]
 417 000a 1868     		ldr	r0, [r3]
 418 000c FFF7FEFF 		bl	HAL_GPIO_WritePin
 419              	.LVL29:
  96:../../shields/Murata/src/murata.c ****     HAL_Delay(50);
 420              		.loc 1 96 0
 421 0010 3220     		movs	r0, #50
 422 0012 FFF7FEFF 		bl	HAL_Delay
 423              	.LVL30:
  97:../../shields/Murata/src/murata.c ****     HAL_GPIO_WritePin(murata_reset_pin->PORT, murata_reset_pin->PIN, GPIO_PIN_SET);
 424              		.loc 1 97 0
 425 0016 2368     		ldr	r3, [r4]
 426 0018 0122     		movs	r2, #1
 427 001a 9988     		ldrh	r1, [r3, #4]
 428 001c 1868     		ldr	r0, [r3]
 429 001e FFF7FEFF 		bl	HAL_GPIO_WritePin
ARM GAS  /tmp/cctxVBN0.s 			page 10


 430              	.LVL31:
  98:../../shields/Murata/src/murata.c ****     HAL_Delay(1000);
 431              		.loc 1 98 0
 432 0022 4FF47A70 		mov	r0, #1000
 433 0026 FFF7FEFF 		bl	HAL_Delay
 434              	.LVL32:
 435 002a 10BD     		pop	{r4, pc}
 436              	.L35:
 437              		.align	2
 438              	.L34:
 439 002c 00000000 		.word	murata_reset_pin
 440              		.cfi_endproc
 441              	.LFE136:
 443              		.section	.text.Murata_SetProcessingThread,"ax",%progbits
 444              		.align	1
 445              		.global	Murata_SetProcessingThread
 446              		.syntax unified
 447              		.thumb
 448              		.thumb_func
 449              		.fpu fpv4-sp-d16
 451              	Murata_SetProcessingThread:
 452              	.LFB137:
  99:../../shields/Murata/src/murata.c **** }
 100:../../shields/Murata/src/murata.c **** 
 101:../../shields/Murata/src/murata.c **** uint8_t Murata_SetProcessingThread(osThreadId aThreadId)
 102:../../shields/Murata/src/murata.c **** {
 453              		.loc 1 102 0
 454              		.cfi_startproc
 455              		@ args = 0, pretend = 0, frame = 0
 456              		@ frame_needed = 0, uses_anonymous_args = 0
 457              		@ link register save eliminated.
 458              	.LVL33:
 103:../../shields/Murata/src/murata.c ****     threadToNotify = aThreadId;
 459              		.loc 1 103 0
 460 0000 014B     		ldr	r3, .L37
 461 0002 1860     		str	r0, [r3]
 104:../../shields/Murata/src/murata.c ****     return 1;
 105:../../shields/Murata/src/murata.c **** }
 462              		.loc 1 105 0
 463 0004 0120     		movs	r0, #1
 464              	.LVL34:
 465 0006 7047     		bx	lr
 466              	.L38:
 467              		.align	2
 468              	.L37:
 469 0008 00000000 		.word	threadToNotify
 470              		.cfi_endproc
 471              	.LFE137:
 473              		.section	.text.Murata_LoRaWAN_Send,"ax",%progbits
 474              		.align	1
 475              		.global	Murata_LoRaWAN_Send
 476              		.syntax unified
 477              		.thumb
 478              		.thumb_func
 479              		.fpu fpv4-sp-d16
 481              	Murata_LoRaWAN_Send:
 482              	.LFB138:
ARM GAS  /tmp/cctxVBN0.s 			page 11


 106:../../shields/Murata/src/murata.c **** 
 107:../../shields/Murata/src/murata.c **** uint8_t Murata_LoRaWAN_Send(uint8_t *buffer, uint8_t length)
 108:../../shields/Murata/src/murata.c **** {
 483              		.loc 1 108 0
 484              		.cfi_startproc
 485              		@ args = 0, pretend = 0, frame = 0
 486              		@ frame_needed = 0, uses_anonymous_args = 0
 487              	.LVL35:
 488 0000 F0B5     		push	{r4, r5, r6, r7, lr}
 489              	.LCFI15:
 490              		.cfi_def_cfa_offset 20
 491              		.cfi_offset 4, -20
 492              		.cfi_offset 5, -16
 493              		.cfi_offset 6, -12
 494              		.cfi_offset 7, -8
 495              		.cfi_offset 14, -4
 496 0002 83B0     		sub	sp, sp, #12
 497              	.LCFI16:
 498              		.cfi_def_cfa_offset 32
 499 0004 0746     		mov	r7, r0
 500 0006 0D46     		mov	r5, r1
 109:../../shields/Murata/src/murata.c ****     
 110:../../shields/Murata/src/murata.c ****     modem_reinit();
 501              		.loc 1 110 0
 502 0008 FFF7FEFF 		bl	modem_reinit
 503              	.LVL36:
 504              	.LBB2:
 111:../../shields/Murata/src/murata.c ****     uint8_t status = 0;
 112:../../shields/Murata/src/murata.c ****     for(int i = 0;i<length;i++){
 505              		.loc 1 112 0
 506 000c 0024     		movs	r4, #0
 507 000e 04E0     		b	.L40
 508              	.LVL37:
 509              	.L41:
 510              	.LBB3:
 113:../../shields/Murata/src/murata.c ****       printf("Sending: %x\n\r",buffer[i]);
 511              		.loc 1 113 0 discriminator 3
 512 0010 395D     		ldrb	r1, [r7, r4]	@ zero_extendqisi2
 513 0012 0B48     		ldr	r0, .L43
 514 0014 FFF7FEFF 		bl	printf
 515              	.LVL38:
 516              	.LBE3:
 112:../../shields/Murata/src/murata.c ****       printf("Sending: %x\n\r",buffer[i]);
 517              		.loc 1 112 0 discriminator 3
 518 0018 0134     		adds	r4, r4, #1
 519              	.LVL39:
 520              	.L40:
 112:../../shields/Murata/src/murata.c ****       printf("Sending: %x\n\r",buffer[i]);
 521              		.loc 1 112 0 is_stmt 0 discriminator 1
 522 001a AC42     		cmp	r4, r5
 523 001c F8DB     		blt	.L41
 524              	.LBE2:
 114:../../shields/Murata/src/murata.c ****     }
 115:../../shields/Murata/src/murata.c ****     status = modem_send_unsolicited_response(0x40, 0, length, (uint8_t *)buffer, &session_config);
 525              		.loc 1 115 0 is_stmt 1
 526 001e 094B     		ldr	r3, .L43+4
 527 0020 0093     		str	r3, [sp]
ARM GAS  /tmp/cctxVBN0.s 			page 12


 528 0022 3B46     		mov	r3, r7
 529 0024 2A46     		mov	r2, r5
 530 0026 0021     		movs	r1, #0
 531 0028 4020     		movs	r0, #64
 532 002a FFF7FEFF 		bl	modem_send_unsolicited_response
 533              	.LVL40:
 534 002e 0446     		mov	r4, r0
 535              	.LVL41:
 116:../../shields/Murata/src/murata.c ****     printf("Sending LoRaWAN message with payload size %d\r\n", length);
 536              		.loc 1 116 0
 537 0030 2946     		mov	r1, r5
 538 0032 0548     		ldr	r0, .L43+8
 539 0034 FFF7FEFF 		bl	printf
 540              	.LVL42:
 117:../../shields/Murata/src/murata.c ****     return status;
 118:../../shields/Murata/src/murata.c **** }
 541              		.loc 1 118 0
 542 0038 2046     		mov	r0, r4
 543 003a 03B0     		add	sp, sp, #12
 544              	.LCFI17:
 545              		.cfi_def_cfa_offset 20
 546              		@ sp needed
 547 003c F0BD     		pop	{r4, r5, r6, r7, pc}
 548              	.LVL43:
 549              	.L44:
 550 003e 00BF     		.align	2
 551              	.L43:
 552 0040 00000000 		.word	.LC8
 553 0044 00000000 		.word	.LANCHOR2
 554 0048 10000000 		.word	.LC9
 555              		.cfi_endproc
 556              	.LFE138:
 558              		.section	.text.Murata_process_fifo,"ax",%progbits
 559              		.align	1
 560              		.global	Murata_process_fifo
 561              		.syntax unified
 562              		.thumb
 563              		.thumb_func
 564              		.fpu fpv4-sp-d16
 566              	Murata_process_fifo:
 567              	.LFB139:
 119:../../shields/Murata/src/murata.c **** void Murata_process_fifo(void)
 120:../../shields/Murata/src/murata.c **** {
 568              		.loc 1 120 0
 569              		.cfi_startproc
 570              		@ args = 0, pretend = 0, frame = 0
 571              		@ frame_needed = 0, uses_anonymous_args = 0
 572 0000 08B5     		push	{r3, lr}
 573              	.LCFI18:
 574              		.cfi_def_cfa_offset 8
 575              		.cfi_offset 3, -8
 576              		.cfi_offset 14, -4
 121:../../shields/Murata/src/murata.c ****     modem_process_fifo();
 577              		.loc 1 121 0
 578 0002 FFF7FEFF 		bl	modem_process_fifo
 579              	.LVL44:
 580 0006 08BD     		pop	{r3, pc}
ARM GAS  /tmp/cctxVBN0.s 			page 13


 581              		.cfi_endproc
 582              	.LFE139:
 584              		.section	.text.Murata_rxCallback,"ax",%progbits
 585              		.align	1
 586              		.global	Murata_rxCallback
 587              		.syntax unified
 588              		.thumb
 589              		.thumb_func
 590              		.fpu fpv4-sp-d16
 592              	Murata_rxCallback:
 593              	.LFB140:
 122:../../shields/Murata/src/murata.c **** }
 123:../../shields/Murata/src/murata.c **** 
 124:../../shields/Murata/src/murata.c **** void Murata_rxCallback(void)
 125:../../shields/Murata/src/murata.c **** {
 594              		.loc 1 125 0
 595              		.cfi_startproc
 596              		@ args = 0, pretend = 0, frame = 0
 597              		@ frame_needed = 0, uses_anonymous_args = 0
 598 0000 08B5     		push	{r3, lr}
 599              	.LCFI19:
 600              		.cfi_def_cfa_offset 8
 601              		.cfi_offset 3, -8
 602              		.cfi_offset 14, -4
 126:../../shields/Murata/src/murata.c ****     modem_interface_uart_rx_cb();
 603              		.loc 1 126 0
 604 0002 FFF7FEFF 		bl	modem_interface_uart_rx_cb
 605              	.LVL45:
 127:../../shields/Murata/src/murata.c ****     if(!murata_notification_sent)
 606              		.loc 1 127 0
 607 0006 064B     		ldr	r3, .L51
 608 0008 1B78     		ldrb	r3, [r3]	@ zero_extendqisi2
 609 000a 03B1     		cbz	r3, .L50
 610              	.L47:
 611 000c 08BD     		pop	{r3, pc}
 612              	.L50:
 128:../../shields/Murata/src/murata.c ****     {
 129:../../shields/Murata/src/murata.c ****         //start rx processing thread
 130:../../shields/Murata/src/murata.c ****         RTOS_Send_Notification(threadToNotify);
 613              		.loc 1 130 0
 614 000e 054B     		ldr	r3, .L51+4
 615 0010 1868     		ldr	r0, [r3]
 616 0012 FFF7FEFF 		bl	RTOS_Send_Notification
 617              	.LVL46:
 131:../../shields/Murata/src/murata.c ****         murata_notification_sent = 1;
 618              		.loc 1 131 0
 619 0016 0122     		movs	r2, #1
 620 0018 014B     		ldr	r3, .L51
 621 001a 1A70     		strb	r2, [r3]
 132:../../shields/Murata/src/murata.c ****     }
 133:../../shields/Murata/src/murata.c **** }
 622              		.loc 1 133 0
 623 001c F6E7     		b	.L47
 624              	.L52:
 625 001e 00BF     		.align	2
 626              	.L51:
 627 0020 00000000 		.word	.LANCHOR0
ARM GAS  /tmp/cctxVBN0.s 			page 14


 628 0024 00000000 		.word	threadToNotify
 629              		.cfi_endproc
 630              	.LFE140:
 632              		.global	modem_callbacks
 633              		.global	session_config
 634              		.comm	murataHeader,44,4
 635              		.global	murata_notification_sent
 636              		.comm	threadToNotify,4,4
 637              		.comm	murata_reset_pin,4,4
 638              		.comm	murata_wakeup_pin,4,4
 639              		.comm	P3_header,44,4
 640              		.comm	P2_header,44,4
 641              		.comm	P1_header,44,4
 642              		.comm	FLASH_SPI,100,4
 643              		.comm	P3_SPI,100,4
 644              		.comm	P2_SPI,100,4
 645              		.comm	P1_SPI,100,4
 646              		.comm	P3_I2C,76,4
 647              		.comm	P2_I2C,76,4
 648              		.comm	P1_I2C,76,4
 649              		.comm	common_I2C,76,4
 650              		.comm	P3_UART,120,4
 651              		.comm	P2_UART,120,4
 652              		.comm	P1_UART,120,4
 653              		.comm	BLE_UART,120,4
 654              		.comm	USB_UART,120,4
 655              		.comm	hiwdg,16,4
 656              		.comm	P3_DIO6,8,4
 657              		.comm	P3_DIO5,8,4
 658              		.comm	P3_DIO4,8,4
 659              		.comm	P3_DIO3,8,4
 660              		.comm	P3_DIO2,8,4
 661              		.comm	P3_DIO1,8,4
 662              		.comm	P2_DIO6,8,4
 663              		.comm	P2_DIO5,8,4
 664              		.comm	P2_DIO4,8,4
 665              		.comm	P2_DIO3,8,4
 666              		.comm	P2_DIO2,8,4
 667              		.comm	P2_DIO1,8,4
 668              		.comm	P1_DIO6,8,4
 669              		.comm	P1_DIO5,8,4
 670              		.comm	P1_DIO4,8,4
 671              		.comm	P1_DIO3,8,4
 672              		.comm	P1_DIO2,8,4
 673              		.comm	P1_DIO1,8,4
 674              		.section	.bss.murata_notification_sent,"aw",%nobits
 675              		.set	.LANCHOR0,. + 0
 678              	murata_notification_sent:
 679 0000 00       		.space	1
 680              		.section	.data.modem_callbacks,"aw",%progbits
 681              		.align	2
 682              		.set	.LANCHOR1,. + 0
 685              	modem_callbacks:
 686 0000 00000000 		.word	on_modem_command_completed_callback
 687 0004 00000000 		.space	4
 688 0008 00000000 		.word	on_modem_return_file_data_callback
 689 000c 00000000 		.word	on_modem_write_file_data_callback
ARM GAS  /tmp/cctxVBN0.s 			page 15


 690 0010 00000000 		.word	on_modem_reboot_callback
 691              		.section	.data.session_config,"aw",%progbits
 692              		.align	2
 693              		.set	.LANCHOR2,. + 0
 696              	session_config:
 697 0000 01       		.byte	1
 698 0001 000000   		.space	3
 699 0004 00       		.byte	0
 700 0005 F6       		.byte	-10
 701 0006 28       		.byte	40
 702 0007 26       		.byte	38
 703 0008 79       		.byte	121
 704 0009 89       		.byte	-119
 705 000a F7       		.byte	-9
 706 000b AF       		.byte	-81
 707 000c 70       		.byte	112
 708 000d B3       		.byte	-77
 709 000e D5       		.byte	-43
 710 000f 7E       		.byte	126
 711 0010 D0       		.byte	-48
 712 0011 02       		.byte	2
 713 0012 2F       		.byte	47
 714 0013 B6       		.byte	-74
 715 0014 3B       		.byte	59
 716 0015 1A       		.byte	26
 717 0016 09       		.byte	9
 718 0017 04       		.byte	4
 719 0018 4D       		.byte	77
 720 0019 65       		.byte	101
 721 001a D4       		.byte	-44
 722 001b E3       		.byte	-29
 723 001c 23       		.byte	35
 724 001d 03       		.byte	3
 725 001e 3D       		.byte	61
 726 001f 12       		.byte	18
 727 0020 F0       		.byte	-16
 728 0021 1E       		.byte	30
 729 0022 BE       		.byte	-66
 730 0023 9C       		.byte	-100
 731 0024 00       		.byte	0
 732 0025 01       		.byte	1
 733 0026 00000000 		.space	10
 733      00000000 
 733      0000
 734              		.section	.rodata.Murata_Initialize.str1.4,"aMS",%progbits,1
 735              		.align	2
 736              	.LC4:
 737 0000 2A2A2A49 		.ascii	"***Initializing LoRaWAN modem driver***\015\000"
 737      6E697469 
 737      616C697A 
 737      696E6720 
 737      4C6F5261 
 738 0029 000000   		.space	3
 739              	.LC5:
 740 002c 496E7661 		.ascii	"Invalid MURATA_CONNECTOR provided in Makefile\015\000"
 740      6C696420 
 740      4D555241 
ARM GAS  /tmp/cctxVBN0.s 			page 16


 740      54415F43 
 740      4F4E4E45 
 741 005b 00       		.space	1
 742              	.LC6:
 743 005c 4D757261 		.ascii	"Murata on P%d, initializing UART\015\012\000"
 743      7461206F 
 743      6E205025 
 743      642C2069 
 743      6E697469 
 744 007f 00       		.space	1
 745              	.LC7:
 746 0080 4D757261 		.ascii	"Murata module init OK \015\012\015\000"
 746      7461206D 
 746      6F64756C 
 746      6520696E 
 746      6974204F 
 747              		.section	.rodata.Murata_LoRaWAN_Send.str1.4,"aMS",%progbits,1
 748              		.align	2
 749              	.LC8:
 750 0000 53656E64 		.ascii	"Sending: %x\012\015\000"
 750      696E673A 
 750      2025780A 
 750      0D00
 751 000e 0000     		.space	2
 752              	.LC9:
 753 0010 53656E64 		.ascii	"Sending LoRaWAN message with payload size %d\015\012"
 753      696E6720 
 753      4C6F5261 
 753      57414E20 
 753      6D657373 
 754 003e 00       		.ascii	"\000"
 755              		.section	.rodata.on_modem_command_completed_callback.str1.4,"aMS",%progbits,1
 756              		.align	2
 757              	.LC0:
 758 0000 4C6F5261 		.ascii	"LoRaWAN modem command with tag %i completed (succes"
 758      57414E20 
 758      6D6F6465 
 758      6D20636F 
 758      6D6D616E 
 759 0033 73203D20 		.ascii	"s = %i)\015\012\000"
 759      2569290D 
 759      0A00
 760              		.section	.rodata.on_modem_reboot_callback.str1.4,"aMS",%progbits,1
 761              		.align	2
 762              	.LC3:
 763 0000 4C6F5261 		.ascii	"LoRaWAN murata modem has rebooted \015\000"
 763      57414E20 
 763      6D757261 
 763      7461206D 
 763      6F64656D 
 764              		.section	.rodata.on_modem_return_file_data_callback.str1.4,"aMS",%progbits,1
 765              		.align	2
 766              	.LC1:
 767 0000 4C6F5261 		.ascii	"LoRaWAN modem return file data file %i offset %li s"
 767      57414E20 
 767      6D6F6465 
 767      6D207265 
ARM GAS  /tmp/cctxVBN0.s 			page 17


 767      7475726E 
 768 0033 697A6520 		.ascii	"ize %li buffer %p\015\012\000"
 768      256C6920 
 768      62756666 
 768      65722025 
 768      700D0A00 
 769              		.section	.rodata.on_modem_write_file_data_callback.str1.4,"aMS",%progbits,1
 770              		.align	2
 771              	.LC2:
 772 0000 4C6F5261 		.ascii	"LoRaWAN modem write file data file %i offset %li si"
 772      57414E20 
 772      6D6F6465 
 772      6D207772 
 772      69746520 
 773 0033 7A652025 		.ascii	"ze %li buffer %p\015\012\000"
 773      6C692062 
 773      75666665 
 773      72202570 
 773      0D0A00
 774              		.text
 775              	.Letext0:
 776              		.file 2 "/usr/include/newlib/machine/_default_types.h"
 777              		.file 3 "/usr/include/newlib/sys/_stdint.h"
 778              		.file 4 "../../core/ST/CMSIS/Include/core_cm4.h"
 779              		.file 5 "../../core/ST/CMSIS/Device/ST/STM32L4xx/Include/system_stm32l4xx.h"
 780              		.file 6 "../../core/ST/CMSIS/Device/ST/STM32L4xx/Include/stm32l496xx.h"
 781              		.file 7 "../../core/ST/STM32L4xx_HAL_Driver/Inc/stm32l4xx_hal_def.h"
 782              		.file 8 "../../core/ST/STM32L4xx_HAL_Driver/Inc/stm32l4xx_hal_gpio.h"
 783              		.file 9 "../../core/ST/STM32L4xx_HAL_Driver/Inc/stm32l4xx_hal_dma.h"
 784              		.file 10 "../../core/ST/STM32L4xx_HAL_Driver/Inc/stm32l4xx_hal_i2c.h"
 785              		.file 11 "../../core/ST/STM32L4xx_HAL_Driver/Inc/stm32l4xx_hal_iwdg.h"
 786              		.file 12 "../../core/ST/STM32L4xx_HAL_Driver/Inc/stm32l4xx_hal_spi.h"
 787              		.file 13 "../../core/ST/STM32L4xx_HAL_Driver/Inc/stm32l4xx_hal_uart.h"
 788              		.file 14 "../../core/ST/STM32L4xx_HAL_Driver/Inc/stm32l4xx_hal.h"
 789              		.file 15 "../../core/ST/Middlewares/Third_Party/FreeRTOS/Source/include/task.h"
 790              		.file 16 "../../core/ST/Middlewares/Third_Party/FreeRTOS/Source/CMSIS_RTOS/cmsis_os.h"
 791              		.file 17 "../../core/platform/octa/inc/gpio.h"
 792              		.file 18 "../../core/platform/octa/inc/iwdg.h"
 793              		.file 19 "../../core/platform/octa/inc/uart.h"
 794              		.file 20 "../../core/platform/octa/inc/i2c.h"
 795              		.file 21 "../../core/platform/octa/inc/spi.h"
 796              		.file 22 "../../core/platform/octa/inc/octa.h"
 797              		.file 23 "../../shields/Murata/inc/d7ap.h"
 798              		.file 24 "../../shields/Murata/inc/lorawan_stack.h"
 799              		.file 25 "../../shields/Murata/inc/alp.h"
 800              		.file 26 "../../shields/Murata/inc/modem_interface.h"
 801              		.file 27 "../../shields/Murata/inc/modem.h"
 802              		.file 28 "../../shields/Murata/inc/murata.h"
 803              		.file 29 "<built-in>"
 804              		.file 30 "../../core/platform/octa/inc/rtosmacros.h"
ARM GAS  /tmp/cctxVBN0.s 			page 18


DEFINED SYMBOLS
                            *ABS*:0000000000000000 murata.c
     /tmp/cctxVBN0.s:18     .text.on_modem_command_completed_callback:0000000000000000 $t
     /tmp/cctxVBN0.s:25     .text.on_modem_command_completed_callback:0000000000000000 on_modem_command_completed_callback
     /tmp/cctxVBN0.s:52     .text.on_modem_command_completed_callback:0000000000000014 $d
     /tmp/cctxVBN0.s:58     .text.on_modem_return_file_data_callback:0000000000000000 $t
     /tmp/cctxVBN0.s:65     .text.on_modem_return_file_data_callback:0000000000000000 on_modem_return_file_data_callback
     /tmp/cctxVBN0.s:106    .text.on_modem_return_file_data_callback:000000000000001c $d
     /tmp/cctxVBN0.s:112    .text.on_modem_write_file_data_callback:0000000000000000 $t
     /tmp/cctxVBN0.s:119    .text.on_modem_write_file_data_callback:0000000000000000 on_modem_write_file_data_callback
     /tmp/cctxVBN0.s:160    .text.on_modem_write_file_data_callback:000000000000001c $d
     /tmp/cctxVBN0.s:166    .text.on_modem_reboot_callback:0000000000000000 $t
     /tmp/cctxVBN0.s:173    .text.on_modem_reboot_callback:0000000000000000 on_modem_reboot_callback
     /tmp/cctxVBN0.s:199    .text.on_modem_reboot_callback:0000000000000014 $d
     /tmp/cctxVBN0.s:205    .text.Murata_Initialize:0000000000000000 $t
     /tmp/cctxVBN0.s:212    .text.Murata_Initialize:0000000000000000 Murata_Initialize
     /tmp/cctxVBN0.s:312    .text.Murata_Initialize:0000000000000088 $d
                            *COM*:000000000000002c murataHeader
                            *COM*:0000000000000004 murata_wakeup_pin
                            *COM*:0000000000000004 murata_reset_pin
     /tmp/cctxVBN0.s:324    .text.modem_wakeup:0000000000000000 $t
     /tmp/cctxVBN0.s:331    .text.modem_wakeup:0000000000000000 modem_wakeup
     /tmp/cctxVBN0.s:354    .text.modem_wakeup:0000000000000014 $d
     /tmp/cctxVBN0.s:359    .text.modem_release:0000000000000000 $t
     /tmp/cctxVBN0.s:366    .text.modem_release:0000000000000000 modem_release
     /tmp/cctxVBN0.s:389    .text.modem_release:0000000000000014 $d
     /tmp/cctxVBN0.s:394    .text.Murata_toggleResetPin:0000000000000000 $t
     /tmp/cctxVBN0.s:401    .text.Murata_toggleResetPin:0000000000000000 Murata_toggleResetPin
     /tmp/cctxVBN0.s:439    .text.Murata_toggleResetPin:000000000000002c $d
     /tmp/cctxVBN0.s:444    .text.Murata_SetProcessingThread:0000000000000000 $t
     /tmp/cctxVBN0.s:451    .text.Murata_SetProcessingThread:0000000000000000 Murata_SetProcessingThread
     /tmp/cctxVBN0.s:469    .text.Murata_SetProcessingThread:0000000000000008 $d
                            *COM*:0000000000000004 threadToNotify
     /tmp/cctxVBN0.s:474    .text.Murata_LoRaWAN_Send:0000000000000000 $t
     /tmp/cctxVBN0.s:481    .text.Murata_LoRaWAN_Send:0000000000000000 Murata_LoRaWAN_Send
     /tmp/cctxVBN0.s:552    .text.Murata_LoRaWAN_Send:0000000000000040 $d
     /tmp/cctxVBN0.s:559    .text.Murata_process_fifo:0000000000000000 $t
     /tmp/cctxVBN0.s:566    .text.Murata_process_fifo:0000000000000000 Murata_process_fifo
     /tmp/cctxVBN0.s:585    .text.Murata_rxCallback:0000000000000000 $t
     /tmp/cctxVBN0.s:592    .text.Murata_rxCallback:0000000000000000 Murata_rxCallback
     /tmp/cctxVBN0.s:627    .text.Murata_rxCallback:0000000000000020 $d
     /tmp/cctxVBN0.s:685    .data.modem_callbacks:0000000000000000 modem_callbacks
     /tmp/cctxVBN0.s:696    .data.session_config:0000000000000000 session_config
     /tmp/cctxVBN0.s:678    .bss.murata_notification_sent:0000000000000000 murata_notification_sent
                            *COM*:000000000000002c P3_header
                            *COM*:000000000000002c P2_header
                            *COM*:000000000000002c P1_header
                            *COM*:0000000000000064 FLASH_SPI
                            *COM*:0000000000000064 P3_SPI
                            *COM*:0000000000000064 P2_SPI
                            *COM*:0000000000000064 P1_SPI
                            *COM*:000000000000004c P3_I2C
                            *COM*:000000000000004c P2_I2C
                            *COM*:000000000000004c P1_I2C
                            *COM*:000000000000004c common_I2C
                            *COM*:0000000000000078 P3_UART
                            *COM*:0000000000000078 P2_UART
ARM GAS  /tmp/cctxVBN0.s 			page 19


                            *COM*:0000000000000078 P1_UART
                            *COM*:0000000000000078 BLE_UART
                            *COM*:0000000000000078 USB_UART
                            *COM*:0000000000000010 hiwdg
                            *COM*:0000000000000008 P3_DIO6
                            *COM*:0000000000000008 P3_DIO5
                            *COM*:0000000000000008 P3_DIO4
                            *COM*:0000000000000008 P3_DIO3
                            *COM*:0000000000000008 P3_DIO2
                            *COM*:0000000000000008 P3_DIO1
                            *COM*:0000000000000008 P2_DIO6
                            *COM*:0000000000000008 P2_DIO5
                            *COM*:0000000000000008 P2_DIO4
                            *COM*:0000000000000008 P2_DIO3
                            *COM*:0000000000000008 P2_DIO2
                            *COM*:0000000000000008 P2_DIO1
                            *COM*:0000000000000008 P1_DIO6
                            *COM*:0000000000000008 P1_DIO5
                            *COM*:0000000000000008 P1_DIO4
                            *COM*:0000000000000008 P1_DIO3
                            *COM*:0000000000000008 P1_DIO2
                            *COM*:0000000000000008 P1_DIO1
     /tmp/cctxVBN0.s:679    .bss.murata_notification_sent:0000000000000000 $d
     /tmp/cctxVBN0.s:681    .data.modem_callbacks:0000000000000000 $d
     /tmp/cctxVBN0.s:692    .data.session_config:0000000000000000 $d
     /tmp/cctxVBN0.s:735    .rodata.Murata_Initialize.str1.4:0000000000000000 $d
     /tmp/cctxVBN0.s:748    .rodata.Murata_LoRaWAN_Send.str1.4:0000000000000000 $d
     /tmp/cctxVBN0.s:756    .rodata.on_modem_command_completed_callback.str1.4:0000000000000000 $d
     /tmp/cctxVBN0.s:761    .rodata.on_modem_reboot_callback.str1.4:0000000000000000 $d
     /tmp/cctxVBN0.s:765    .rodata.on_modem_return_file_data_callback.str1.4:0000000000000000 $d
     /tmp/cctxVBN0.s:770    .rodata.on_modem_write_file_data_callback.str1.4:0000000000000000 $d
                     .debug_frame:0000000000000010 $d

UNDEFINED SYMBOLS
printf
puts
modem_reinit
platform_getHeader
platform_initialize_UART
modem_init
modem_cb_init
HAL_GPIO_WritePin
HAL_Delay
modem_send_unsolicited_response
modem_process_fifo
modem_interface_uart_rx_cb
RTOS_Send_Notification
