ARM GAS  /tmp/cc7HKx6h.s 			page 1


   1              		.cpu cortex-m4
   2              		.eabi_attribute 27, 1
   3              		.eabi_attribute 28, 1
   4              		.eabi_attribute 20, 1
   5              		.eabi_attribute 21, 1
   6              		.eabi_attribute 23, 3
   7              		.eabi_attribute 24, 1
   8              		.eabi_attribute 25, 1
   9              		.eabi_attribute 26, 1
  10              		.eabi_attribute 30, 1
  11              		.eabi_attribute 34, 1
  12              		.eabi_attribute 18, 4
  13              		.file	"octa.c"
  14              		.text
  15              	.Ltext0:
  16              		.cfi_sections	.debug_frame
  17              		.section	.text.OCTA_NVIC_Initialize,"ax",%progbits
  18              		.align	1
  19              		.global	OCTA_NVIC_Initialize
  20              		.syntax unified
  21              		.thumb
  22              		.thumb_func
  23              		.fpu fpv4-sp-d16
  25              	OCTA_NVIC_Initialize:
  26              	.LFB128:
  27              		.file 1 "../../core/platform/octa/src/octa.c"
   1:../../core/platform/octa/src/octa.c **** #include "octa.h"
   2:../../core/platform/octa/src/octa.c **** 
   3:../../core/platform/octa/src/octa.c **** void OCTA_NVIC_Initialize(){
  28              		.loc 1 3 0
  29              		.cfi_startproc
  30              		@ args = 0, pretend = 0, frame = 0
  31              		@ frame_needed = 0, uses_anonymous_args = 0
  32 0000 08B5     		push	{r3, lr}
  33              	.LCFI0:
  34              		.cfi_def_cfa_offset 8
  35              		.cfi_offset 3, -8
  36              		.cfi_offset 14, -4
   4:../../core/platform/octa/src/octa.c **** 
   5:../../core/platform/octa/src/octa.c ****   /* EXTI5_IRQn interrupt configuration */
   6:../../core/platform/octa/src/octa.c ****   HAL_NVIC_SetPriority(23, 2, 0);
  37              		.loc 1 6 0
  38 0002 0022     		movs	r2, #0
  39 0004 0221     		movs	r1, #2
  40 0006 1720     		movs	r0, #23
  41 0008 FFF7FEFF 		bl	HAL_NVIC_SetPriority
  42              	.LVL0:
   7:../../core/platform/octa/src/octa.c ****   HAL_NVIC_EnableIRQ(23); // 23 is interrupt line 5 - 9
  43              		.loc 1 7 0
  44 000c 1720     		movs	r0, #23
  45 000e FFF7FEFF 		bl	HAL_NVIC_EnableIRQ
  46              	.LVL1:
   8:../../core/platform/octa/src/octa.c ****     
   9:../../core/platform/octa/src/octa.c **** //  HAL_NVIC_SetPriority(40, 0, 0);
  10:../../core/platform/octa/src/octa.c ****  // HAL_NVIC_EnableIRQ(40); // 23 is interrupt line 10 - 15
  11:../../core/platform/octa/src/octa.c **** 
  12:../../core/platform/octa/src/octa.c ****   HAL_NVIC_SetPriority(6, 0, 0);
ARM GAS  /tmp/cc7HKx6h.s 			page 2


  47              		.loc 1 12 0
  48 0012 0022     		movs	r2, #0
  49 0014 1146     		mov	r1, r2
  50 0016 0620     		movs	r0, #6
  51 0018 FFF7FEFF 		bl	HAL_NVIC_SetPriority
  52              	.LVL2:
  13:../../core/platform/octa/src/octa.c ****   HAL_NVIC_EnableIRQ(6); // 23 is interrupt line 0
  53              		.loc 1 13 0
  54 001c 0620     		movs	r0, #6
  55 001e FFF7FEFF 		bl	HAL_NVIC_EnableIRQ
  56              	.LVL3:
  57 0022 08BD     		pop	{r3, pc}
  58              		.cfi_endproc
  59              	.LFE128:
  61              		.section	.text.OCTA_Initialize_Common_Peripherals,"ax",%progbits
  62              		.align	1
  63              		.global	OCTA_Initialize_Common_Peripherals
  64              		.syntax unified
  65              		.thumb
  66              		.thumb_func
  67              		.fpu fpv4-sp-d16
  69              	OCTA_Initialize_Common_Peripherals:
  70              	.LFB130:
  14:../../core/platform/octa/src/octa.c **** 
  15:../../core/platform/octa/src/octa.c ****   //HAL_NVIC_SetPriority(7, 0, 0);
  16:../../core/platform/octa/src/octa.c ****   //HAL_NVIC_EnableIRQ(7); // 23 is interrupt line 1
  17:../../core/platform/octa/src/octa.c **** }
  18:../../core/platform/octa/src/octa.c **** void OCTA_Initialize_Platform(void)
  19:../../core/platform/octa/src/octa.c **** {
  20:../../core/platform/octa/src/octa.c ****     //GPIO, IWDG, USB_UART(Logging)
  21:../../core/platform/octa/src/octa.c ****     OCTA_Initialize_Common_Peripherals();
  22:../../core/platform/octa/src/octa.c ****     //P1 UART, I2C, SPI & GPIO handles
  23:../../core/platform/octa/src/octa.c ****     OCTA_Initialize_P1_Peripherals();
  24:../../core/platform/octa/src/octa.c ****     //P2 UART, I2C, SPI & GPIO handles
  25:../../core/platform/octa/src/octa.c ****     OCTA_Initialize_P2_Peripherals();
  26:../../core/platform/octa/src/octa.c ****     //P3 UART, I2C, SPI & GPIO handles
  27:../../core/platform/octa/src/octa.c ****     OCTA_Initialize_P3_Peripherals();
  28:../../core/platform/octa/src/octa.c ****     //Interupts
  29:../../core/platform/octa/src/octa.c ****     OCTA_NVIC_Initialize();
  30:../../core/platform/octa/src/octa.c **** }
  31:../../core/platform/octa/src/octa.c **** 
  32:../../core/platform/octa/src/octa.c **** void OCTA_Initialize_Common_Peripherals(void)
  33:../../core/platform/octa/src/octa.c **** {
  71              		.loc 1 33 0
  72              		.cfi_startproc
  73              		@ args = 0, pretend = 0, frame = 0
  74              		@ frame_needed = 0, uses_anonymous_args = 0
  75 0000 08B5     		push	{r3, lr}
  76              	.LCFI1:
  77              		.cfi_def_cfa_offset 8
  78              		.cfi_offset 3, -8
  79              		.cfi_offset 14, -4
  34:../../core/platform/octa/src/octa.c ****     OCTA_GPIO_Init();
  80              		.loc 1 34 0
  81 0002 FFF7FEFF 		bl	OCTA_GPIO_Init
  82              	.LVL4:
  35:../../core/platform/octa/src/octa.c ****     OCTA_IWDG_Init();
ARM GAS  /tmp/cc7HKx6h.s 			page 3


  83              		.loc 1 35 0
  84 0006 FFF7FEFF 		bl	OCTA_IWDG_Init
  85              	.LVL5:
  36:../../core/platform/octa/src/octa.c ****     FLASH_SPI_Init();
  86              		.loc 1 36 0
  87 000a FFF7FEFF 		bl	FLASH_SPI_Init
  88              	.LVL6:
  37:../../core/platform/octa/src/octa.c ****     common_I2C_Init();
  89              		.loc 1 37 0
  90 000e FFF7FEFF 		bl	common_I2C_Init
  91              	.LVL7:
  38:../../core/platform/octa/src/octa.c ****     P1_I2C_Init();
  92              		.loc 1 38 0
  93 0012 FFF7FEFF 		bl	P1_I2C_Init
  94              	.LVL8:
  39:../../core/platform/octa/src/octa.c ****     USB_UART_Init(115200);
  95              		.loc 1 39 0
  96 0016 4FF4E130 		mov	r0, #115200
  97 001a FFF7FEFF 		bl	USB_UART_Init
  98              	.LVL9:
  99 001e 08BD     		pop	{r3, pc}
 100              		.cfi_endproc
 101              	.LFE130:
 103              		.section	.text.OCTA_Initialize_P1_Peripherals,"ax",%progbits
 104              		.align	1
 105              		.global	OCTA_Initialize_P1_Peripherals
 106              		.syntax unified
 107              		.thumb
 108              		.thumb_func
 109              		.fpu fpv4-sp-d16
 111              	OCTA_Initialize_P1_Peripherals:
 112              	.LFB131:
  40:../../core/platform/octa/src/octa.c ****     #if USE_BOOTLOADER
  41:../../core/platform/octa/src/octa.c ****         printf("\r\nusing bootloader, initializing BLE UART\r\n");
  42:../../core/platform/octa/src/octa.c ****         BLE_UART_Init(115200); 
  43:../../core/platform/octa/src/octa.c ****         bootloader_initialize(&BLE_UART);     
  44:../../core/platform/octa/src/octa.c ****     #endif
  45:../../core/platform/octa/src/octa.c **** }
  46:../../core/platform/octa/src/octa.c **** 
  47:../../core/platform/octa/src/octa.c **** void OCTA_Initialize_P1_Peripherals(void)
  48:../../core/platform/octa/src/octa.c **** {
 113              		.loc 1 48 0
 114              		.cfi_startproc
 115              		@ args = 0, pretend = 0, frame = 0
 116              		@ frame_needed = 0, uses_anonymous_args = 0
 117              		@ link register save eliminated.
  49:../../core/platform/octa/src/octa.c ****     P1_header.number = 1;
 118              		.loc 1 49 0
 119 0000 0A4B     		ldr	r3, .L6
 120 0002 0122     		movs	r2, #1
 121 0004 1A70     		strb	r2, [r3]
  50:../../core/platform/octa/src/octa.c ****     P1_header.uartHandle = &P1_UART;
 122              		.loc 1 50 0
 123 0006 0A4A     		ldr	r2, .L6+4
 124 0008 5A60     		str	r2, [r3, #4]
  51:../../core/platform/octa/src/octa.c ****     P1_header.i2cHandle = &P1_I2C;
 125              		.loc 1 51 0
ARM GAS  /tmp/cc7HKx6h.s 			page 4


 126 000a 0A4A     		ldr	r2, .L6+8
 127 000c 9A60     		str	r2, [r3, #8]
  52:../../core/platform/octa/src/octa.c ****     P1_header.spiHandle = &P1_SPI;
 128              		.loc 1 52 0
 129 000e 0A4A     		ldr	r2, .L6+12
 130 0010 DA60     		str	r2, [r3, #12]
  53:../../core/platform/octa/src/octa.c ****     P1_header.DIO1 = &P1_DIO1;
 131              		.loc 1 53 0
 132 0012 0A4A     		ldr	r2, .L6+16
 133 0014 1A61     		str	r2, [r3, #16]
  54:../../core/platform/octa/src/octa.c ****     P1_header.DIO2 = &P1_DIO2;
 134              		.loc 1 54 0
 135 0016 0A4A     		ldr	r2, .L6+20
 136 0018 5A61     		str	r2, [r3, #20]
  55:../../core/platform/octa/src/octa.c ****     P1_header.DIO3 = &P1_DIO3;
 137              		.loc 1 55 0
 138 001a 0A4A     		ldr	r2, .L6+24
 139 001c 9A61     		str	r2, [r3, #24]
  56:../../core/platform/octa/src/octa.c ****     P1_header.DIO4 = &P1_DIO4;
 140              		.loc 1 56 0
 141 001e 0A4A     		ldr	r2, .L6+28
 142 0020 DA61     		str	r2, [r3, #28]
  57:../../core/platform/octa/src/octa.c ****     P1_header.DIO5 = &P1_DIO5;
 143              		.loc 1 57 0
 144 0022 0A4A     		ldr	r2, .L6+32
 145 0024 1A62     		str	r2, [r3, #32]
  58:../../core/platform/octa/src/octa.c ****     P1_header.DIO6 = &P1_DIO6;
 146              		.loc 1 58 0
 147 0026 0A4A     		ldr	r2, .L6+36
 148 0028 5A62     		str	r2, [r3, #36]
 149 002a 7047     		bx	lr
 150              	.L7:
 151              		.align	2
 152              	.L6:
 153 002c 00000000 		.word	P1_header
 154 0030 00000000 		.word	P1_UART
 155 0034 00000000 		.word	P1_I2C
 156 0038 00000000 		.word	P1_SPI
 157 003c 00000000 		.word	P1_DIO1
 158 0040 00000000 		.word	P1_DIO2
 159 0044 00000000 		.word	P1_DIO3
 160 0048 00000000 		.word	P1_DIO4
 161 004c 00000000 		.word	P1_DIO5
 162 0050 00000000 		.word	P1_DIO6
 163              		.cfi_endproc
 164              	.LFE131:
 166              		.section	.text.OCTA_Initialize_P2_Peripherals,"ax",%progbits
 167              		.align	1
 168              		.global	OCTA_Initialize_P2_Peripherals
 169              		.syntax unified
 170              		.thumb
 171              		.thumb_func
 172              		.fpu fpv4-sp-d16
 174              	OCTA_Initialize_P2_Peripherals:
 175              	.LFB132:
  59:../../core/platform/octa/src/octa.c **** }
  60:../../core/platform/octa/src/octa.c **** 
ARM GAS  /tmp/cc7HKx6h.s 			page 5


  61:../../core/platform/octa/src/octa.c **** void OCTA_Initialize_P2_Peripherals(void)
  62:../../core/platform/octa/src/octa.c **** {
 176              		.loc 1 62 0
 177              		.cfi_startproc
 178              		@ args = 0, pretend = 0, frame = 0
 179              		@ frame_needed = 0, uses_anonymous_args = 0
 180              		@ link register save eliminated.
  63:../../core/platform/octa/src/octa.c ****     P2_header.number = 2;
 181              		.loc 1 63 0
 182 0000 0A4B     		ldr	r3, .L9
 183 0002 0222     		movs	r2, #2
 184 0004 1A70     		strb	r2, [r3]
  64:../../core/platform/octa/src/octa.c ****     #if USE_BOOTLOADER
  65:../../core/platform/octa/src/octa.c ****         printf("\r\nusing bootloader, P2 UART unavailable\r\n");
  66:../../core/platform/octa/src/octa.c ****         P2_header.uartHandle = NULL;
  67:../../core/platform/octa/src/octa.c ****     #else
  68:../../core/platform/octa/src/octa.c ****         P2_header.uartHandle = &P2_UART;
 185              		.loc 1 68 0
 186 0006 0A4A     		ldr	r2, .L9+4
 187 0008 5A60     		str	r2, [r3, #4]
  69:../../core/platform/octa/src/octa.c ****     #endif
  70:../../core/platform/octa/src/octa.c ****     P2_header.i2cHandle = &P2_I2C;
 188              		.loc 1 70 0
 189 000a 0A4A     		ldr	r2, .L9+8
 190 000c 9A60     		str	r2, [r3, #8]
  71:../../core/platform/octa/src/octa.c ****     P2_header.spiHandle = &P2_SPI;
 191              		.loc 1 71 0
 192 000e 0A4A     		ldr	r2, .L9+12
 193 0010 DA60     		str	r2, [r3, #12]
  72:../../core/platform/octa/src/octa.c ****     P2_header.DIO1 = &P2_DIO1;
 194              		.loc 1 72 0
 195 0012 0A4A     		ldr	r2, .L9+16
 196 0014 1A61     		str	r2, [r3, #16]
  73:../../core/platform/octa/src/octa.c ****     P2_header.DIO2 = &P2_DIO2;
 197              		.loc 1 73 0
 198 0016 0A4A     		ldr	r2, .L9+20
 199 0018 5A61     		str	r2, [r3, #20]
  74:../../core/platform/octa/src/octa.c ****     P2_header.DIO3 = &P2_DIO3;
 200              		.loc 1 74 0
 201 001a 0A4A     		ldr	r2, .L9+24
 202 001c 9A61     		str	r2, [r3, #24]
  75:../../core/platform/octa/src/octa.c ****     P2_header.DIO4 = &P2_DIO4;
 203              		.loc 1 75 0
 204 001e 0A4A     		ldr	r2, .L9+28
 205 0020 DA61     		str	r2, [r3, #28]
  76:../../core/platform/octa/src/octa.c ****     P2_header.DIO5 = &P2_DIO5;
 206              		.loc 1 76 0
 207 0022 0A4A     		ldr	r2, .L9+32
 208 0024 1A62     		str	r2, [r3, #32]
  77:../../core/platform/octa/src/octa.c ****     P2_header.DIO6 = &P2_DIO6;
 209              		.loc 1 77 0
 210 0026 0A4A     		ldr	r2, .L9+36
 211 0028 5A62     		str	r2, [r3, #36]
 212 002a 7047     		bx	lr
 213              	.L10:
 214              		.align	2
 215              	.L9:
ARM GAS  /tmp/cc7HKx6h.s 			page 6


 216 002c 00000000 		.word	P2_header
 217 0030 00000000 		.word	P2_UART
 218 0034 00000000 		.word	P2_I2C
 219 0038 00000000 		.word	P2_SPI
 220 003c 00000000 		.word	P2_DIO1
 221 0040 00000000 		.word	P2_DIO2
 222 0044 00000000 		.word	P2_DIO3
 223 0048 00000000 		.word	P2_DIO4
 224 004c 00000000 		.word	P2_DIO5
 225 0050 00000000 		.word	P2_DIO6
 226              		.cfi_endproc
 227              	.LFE132:
 229              		.section	.text.OCTA_Initialize_P3_Peripherals,"ax",%progbits
 230              		.align	1
 231              		.global	OCTA_Initialize_P3_Peripherals
 232              		.syntax unified
 233              		.thumb
 234              		.thumb_func
 235              		.fpu fpv4-sp-d16
 237              	OCTA_Initialize_P3_Peripherals:
 238              	.LFB133:
  78:../../core/platform/octa/src/octa.c **** }
  79:../../core/platform/octa/src/octa.c **** 
  80:../../core/platform/octa/src/octa.c **** void OCTA_Initialize_P3_Peripherals(void)
  81:../../core/platform/octa/src/octa.c **** {
 239              		.loc 1 81 0
 240              		.cfi_startproc
 241              		@ args = 0, pretend = 0, frame = 0
 242              		@ frame_needed = 0, uses_anonymous_args = 0
 243              		@ link register save eliminated.
  82:../../core/platform/octa/src/octa.c ****     P3_header.number = 3;
 244              		.loc 1 82 0
 245 0000 0A4B     		ldr	r3, .L12
 246 0002 0322     		movs	r2, #3
 247 0004 1A70     		strb	r2, [r3]
  83:../../core/platform/octa/src/octa.c ****     P3_header.uartHandle = &P3_UART;
 248              		.loc 1 83 0
 249 0006 0A4A     		ldr	r2, .L12+4
 250 0008 5A60     		str	r2, [r3, #4]
  84:../../core/platform/octa/src/octa.c ****     P3_header.i2cHandle = &P3_I2C;
 251              		.loc 1 84 0
 252 000a 0A4A     		ldr	r2, .L12+8
 253 000c 9A60     		str	r2, [r3, #8]
  85:../../core/platform/octa/src/octa.c ****     P3_header.spiHandle = &P3_SPI;
 254              		.loc 1 85 0
 255 000e 0A4A     		ldr	r2, .L12+12
 256 0010 DA60     		str	r2, [r3, #12]
  86:../../core/platform/octa/src/octa.c ****     P3_header.DIO1 = &P3_DIO1;
 257              		.loc 1 86 0
 258 0012 0A4A     		ldr	r2, .L12+16
 259 0014 1A61     		str	r2, [r3, #16]
  87:../../core/platform/octa/src/octa.c ****     P3_header.DIO2 = &P3_DIO2;
 260              		.loc 1 87 0
 261 0016 0A4A     		ldr	r2, .L12+20
 262 0018 5A61     		str	r2, [r3, #20]
  88:../../core/platform/octa/src/octa.c ****     P3_header.DIO3 = &P3_DIO3;
 263              		.loc 1 88 0
ARM GAS  /tmp/cc7HKx6h.s 			page 7


 264 001a 0A4A     		ldr	r2, .L12+24
 265 001c 9A61     		str	r2, [r3, #24]
  89:../../core/platform/octa/src/octa.c ****     P3_header.DIO4 = &P3_DIO4;
 266              		.loc 1 89 0
 267 001e 0A4A     		ldr	r2, .L12+28
 268 0020 DA61     		str	r2, [r3, #28]
  90:../../core/platform/octa/src/octa.c ****     P3_header.DIO5 = &P3_DIO5;
 269              		.loc 1 90 0
 270 0022 0A4A     		ldr	r2, .L12+32
 271 0024 1A62     		str	r2, [r3, #32]
  91:../../core/platform/octa/src/octa.c ****     P3_header.DIO6 = &P3_DIO6;
 272              		.loc 1 91 0
 273 0026 0A4A     		ldr	r2, .L12+36
 274 0028 5A62     		str	r2, [r3, #36]
 275 002a 7047     		bx	lr
 276              	.L13:
 277              		.align	2
 278              	.L12:
 279 002c 00000000 		.word	P3_header
 280 0030 00000000 		.word	P3_UART
 281 0034 00000000 		.word	P3_I2C
 282 0038 00000000 		.word	P3_SPI
 283 003c 00000000 		.word	P3_DIO1
 284 0040 00000000 		.word	P3_DIO2
 285 0044 00000000 		.word	P3_DIO3
 286 0048 00000000 		.word	P3_DIO4
 287 004c 00000000 		.word	P3_DIO5
 288 0050 00000000 		.word	P3_DIO6
 289              		.cfi_endproc
 290              	.LFE133:
 292              		.section	.text.OCTA_Initialize_Platform,"ax",%progbits
 293              		.align	1
 294              		.global	OCTA_Initialize_Platform
 295              		.syntax unified
 296              		.thumb
 297              		.thumb_func
 298              		.fpu fpv4-sp-d16
 300              	OCTA_Initialize_Platform:
 301              	.LFB129:
  19:../../core/platform/octa/src/octa.c ****     //GPIO, IWDG, USB_UART(Logging)
 302              		.loc 1 19 0
 303              		.cfi_startproc
 304              		@ args = 0, pretend = 0, frame = 0
 305              		@ frame_needed = 0, uses_anonymous_args = 0
 306 0000 08B5     		push	{r3, lr}
 307              	.LCFI2:
 308              		.cfi_def_cfa_offset 8
 309              		.cfi_offset 3, -8
 310              		.cfi_offset 14, -4
  21:../../core/platform/octa/src/octa.c ****     //P1 UART, I2C, SPI & GPIO handles
 311              		.loc 1 21 0
 312 0002 FFF7FEFF 		bl	OCTA_Initialize_Common_Peripherals
 313              	.LVL10:
  23:../../core/platform/octa/src/octa.c ****     //P2 UART, I2C, SPI & GPIO handles
 314              		.loc 1 23 0
 315 0006 FFF7FEFF 		bl	OCTA_Initialize_P1_Peripherals
 316              	.LVL11:
ARM GAS  /tmp/cc7HKx6h.s 			page 8


  25:../../core/platform/octa/src/octa.c ****     //P3 UART, I2C, SPI & GPIO handles
 317              		.loc 1 25 0
 318 000a FFF7FEFF 		bl	OCTA_Initialize_P2_Peripherals
 319              	.LVL12:
  27:../../core/platform/octa/src/octa.c ****     //Interupts
 320              		.loc 1 27 0
 321 000e FFF7FEFF 		bl	OCTA_Initialize_P3_Peripherals
 322              	.LVL13:
  29:../../core/platform/octa/src/octa.c **** }
 323              		.loc 1 29 0
 324 0012 FFF7FEFF 		bl	OCTA_NVIC_Initialize
 325              	.LVL14:
 326 0016 08BD     		pop	{r3, pc}
 327              		.cfi_endproc
 328              	.LFE129:
 330              		.section	.text.get_UID,"ax",%progbits
 331              		.align	1
 332              		.global	get_UID
 333              		.syntax unified
 334              		.thumb
 335              		.thumb_func
 336              		.fpu fpv4-sp-d16
 338              	get_UID:
 339              	.LFB134:
  92:../../core/platform/octa/src/octa.c **** }
  93:../../core/platform/octa/src/octa.c **** 
  94:../../core/platform/octa/src/octa.c **** uint64_t get_UID(void)
  95:../../core/platform/octa/src/octa.c **** {
 340              		.loc 1 95 0
 341              		.cfi_startproc
 342              		@ args = 0, pretend = 0, frame = 0
 343              		@ frame_needed = 0, uses_anonymous_args = 0
 344              		@ link register save eliminated.
 345 0000 10B4     		push	{r4}
 346              	.LCFI3:
 347              		.cfi_def_cfa_offset 4
 348              		.cfi_offset 4, -4
  96:../../core/platform/octa/src/octa.c ****     // Full 96 bits UID in an array
  97:../../core/platform/octa/src/octa.c ****     // uint32_t *uniqueID = (uint32_t*)UID_BASE;
  98:../../core/platform/octa/src/octa.c ****     // for(uint8_t i = 0; i < 12; i++){
  99:../../core/platform/octa/src/octa.c ****     //   UID[i] = (uint8_t)uniqueID[i];
 100:../../core/platform/octa/src/octa.c ****     // }
 101:../../core/platform/octa/src/octa.c ****     //return 64 bit mac address
 102:../../core/platform/octa/src/octa.c ****     return (*((uint64_t *)(UID_BASE)) << 32) + *((uint64_t *)(UID_BASE + 0x04U));
 349              		.loc 1 102 0
 350 0002 0020     		movs	r0, #0
 351 0004 044B     		ldr	r3, .L18
 352 0006 1968     		ldr	r1, [r3]
 353 0008 044C     		ldr	r4, .L18+4
 354 000a 2268     		ldr	r2, [r4]
 355 000c 6368     		ldr	r3, [r4, #4]
 103:../../core/platform/octa/src/octa.c **** }
 356              		.loc 1 103 0
 357 000e 8018     		adds	r0, r0, r2
 358 0010 5941     		adcs	r1, r1, r3
 359 0012 5DF8044B 		ldr	r4, [sp], #4
 360              	.LCFI4:
ARM GAS  /tmp/cc7HKx6h.s 			page 9


 361              		.cfi_restore 4
 362              		.cfi_def_cfa_offset 0
 363 0016 7047     		bx	lr
 364              	.L19:
 365              		.align	2
 366              	.L18:
 367 0018 9075FF1F 		.word	536835472
 368 001c 9475FF1F 		.word	536835476
 369              		.cfi_endproc
 370              	.LFE134:
 372              		.section	.text.platform_initialize_UART,"ax",%progbits
 373              		.align	1
 374              		.global	platform_initialize_UART
 375              		.syntax unified
 376              		.thumb
 377              		.thumb_func
 378              		.fpu fpv4-sp-d16
 380              	platform_initialize_UART:
 381              	.LFB135:
 104:../../core/platform/octa/src/octa.c **** 
 105:../../core/platform/octa/src/octa.c **** void platform_initialize_UART(struct OCTA_header aHeader, uint32_t aBaudRate)
 106:../../core/platform/octa/src/octa.c **** {
 382              		.loc 1 106 0
 383              		.cfi_startproc
 384              		@ args = 48, pretend = 16, frame = 0
 385              		@ frame_needed = 0, uses_anonymous_args = 0
 386              	.LVL15:
 387 0000 84B0     		sub	sp, sp, #16
 388              	.LCFI5:
 389              		.cfi_def_cfa_offset 16
 390 0002 08B5     		push	{r3, lr}
 391              	.LCFI6:
 392              		.cfi_def_cfa_offset 24
 393              		.cfi_offset 3, -24
 394              		.cfi_offset 14, -20
 395 0004 0DF1080E 		add	lr, sp, #8
 396 0008 8EE80F00 		stm	lr, {r0, r1, r2, r3}
 107:../../core/platform/octa/src/octa.c ****     switch(aHeader.number)
 397              		.loc 1 107 0
 398 000c 9DF80830 		ldrb	r3, [sp, #8]	@ zero_extendqisi2
 399 0010 022B     		cmp	r3, #2
 400 0012 0BD0     		beq	.L22
 401 0014 032B     		cmp	r3, #3
 402 0016 0DD0     		beq	.L23
 403 0018 012B     		cmp	r3, #1
 404 001a 03D0     		beq	.L26
 405              	.L20:
 108:../../core/platform/octa/src/octa.c ****     {
 109:../../core/platform/octa/src/octa.c ****         case 1:
 110:../../core/platform/octa/src/octa.c ****             P1_UART_Init(aBaudRate);
 111:../../core/platform/octa/src/octa.c ****             break;
 112:../../core/platform/octa/src/octa.c ****         case 2:
 113:../../core/platform/octa/src/octa.c ****             P2_UART_Init(aBaudRate);
 114:../../core/platform/octa/src/octa.c ****             break;
 115:../../core/platform/octa/src/octa.c ****         case 3:
 116:../../core/platform/octa/src/octa.c ****             P3_UART_Init(aBaudRate);
 117:../../core/platform/octa/src/octa.c ****             break;
ARM GAS  /tmp/cc7HKx6h.s 			page 10


 118:../../core/platform/octa/src/octa.c ****         default:
 119:../../core/platform/octa/src/octa.c ****             break;
 120:../../core/platform/octa/src/octa.c ****     }
 121:../../core/platform/octa/src/octa.c **** }
 406              		.loc 1 121 0
 407 001c BDE80840 		pop	{r3, lr}
 408              	.LCFI7:
 409              		.cfi_remember_state
 410              		.cfi_restore 14
 411              		.cfi_restore 3
 412              		.cfi_def_cfa_offset 16
 413 0020 04B0     		add	sp, sp, #16
 414              	.LCFI8:
 415              		.cfi_def_cfa_offset 0
 416 0022 7047     		bx	lr
 417              	.L26:
 418              	.LCFI9:
 419              		.cfi_restore_state
 110:../../core/platform/octa/src/octa.c ****             break;
 420              		.loc 1 110 0
 421 0024 0D98     		ldr	r0, [sp, #52]
 422 0026 FFF7FEFF 		bl	P1_UART_Init
 423              	.LVL16:
 111:../../core/platform/octa/src/octa.c ****         case 2:
 424              		.loc 1 111 0
 425 002a F7E7     		b	.L20
 426              	.L22:
 113:../../core/platform/octa/src/octa.c ****             break;
 427              		.loc 1 113 0
 428 002c 0D98     		ldr	r0, [sp, #52]
 429 002e FFF7FEFF 		bl	P2_UART_Init
 430              	.LVL17:
 114:../../core/platform/octa/src/octa.c ****         case 3:
 431              		.loc 1 114 0
 432 0032 F3E7     		b	.L20
 433              	.L23:
 116:../../core/platform/octa/src/octa.c ****             break;
 434              		.loc 1 116 0
 435 0034 0D98     		ldr	r0, [sp, #52]
 436 0036 FFF7FEFF 		bl	P3_UART_Init
 437              	.LVL18:
 438              		.loc 1 121 0
 439 003a EFE7     		b	.L20
 440              		.cfi_endproc
 441              	.LFE135:
 443              		.section	.text.platform_initialize_I2C,"ax",%progbits
 444              		.align	1
 445              		.global	platform_initialize_I2C
 446              		.syntax unified
 447              		.thumb
 448              		.thumb_func
 449              		.fpu fpv4-sp-d16
 451              	platform_initialize_I2C:
 452              	.LFB136:
 122:../../core/platform/octa/src/octa.c **** 
 123:../../core/platform/octa/src/octa.c **** void platform_initialize_I2C(struct OCTA_header aHeader)
 124:../../core/platform/octa/src/octa.c **** {
ARM GAS  /tmp/cc7HKx6h.s 			page 11


 453              		.loc 1 124 0
 454              		.cfi_startproc
 455              		@ args = 44, pretend = 16, frame = 0
 456              		@ frame_needed = 0, uses_anonymous_args = 0
 457 0000 84B0     		sub	sp, sp, #16
 458              	.LCFI10:
 459              		.cfi_def_cfa_offset 16
 460 0002 08B5     		push	{r3, lr}
 461              	.LCFI11:
 462              		.cfi_def_cfa_offset 24
 463              		.cfi_offset 3, -24
 464              		.cfi_offset 14, -20
 465 0004 0DF1080E 		add	lr, sp, #8
 466 0008 8EE80F00 		stm	lr, {r0, r1, r2, r3}
 125:../../core/platform/octa/src/octa.c ****     switch(aHeader.number)
 467              		.loc 1 125 0
 468 000c 9DF80830 		ldrb	r3, [sp, #8]	@ zero_extendqisi2
 469 0010 022B     		cmp	r3, #2
 470 0012 0AD0     		beq	.L29
 471 0014 032B     		cmp	r3, #3
 472 0016 0BD0     		beq	.L30
 473 0018 012B     		cmp	r3, #1
 474 001a 03D0     		beq	.L33
 475              	.L27:
 126:../../core/platform/octa/src/octa.c ****     {
 127:../../core/platform/octa/src/octa.c ****         case 1:
 128:../../core/platform/octa/src/octa.c ****             P1_I2C_Init();
 129:../../core/platform/octa/src/octa.c ****             break;
 130:../../core/platform/octa/src/octa.c ****         case 2:
 131:../../core/platform/octa/src/octa.c ****             P2_I2C_Init();
 132:../../core/platform/octa/src/octa.c ****             break;
 133:../../core/platform/octa/src/octa.c ****         case 3:
 134:../../core/platform/octa/src/octa.c ****             P3_I2C_Init();
 135:../../core/platform/octa/src/octa.c ****             break;
 136:../../core/platform/octa/src/octa.c ****         default:
 137:../../core/platform/octa/src/octa.c ****             break;
 138:../../core/platform/octa/src/octa.c ****     }
 139:../../core/platform/octa/src/octa.c **** }
 476              		.loc 1 139 0
 477 001c BDE80840 		pop	{r3, lr}
 478              	.LCFI12:
 479              		.cfi_remember_state
 480              		.cfi_restore 14
 481              		.cfi_restore 3
 482              		.cfi_def_cfa_offset 16
 483 0020 04B0     		add	sp, sp, #16
 484              	.LCFI13:
 485              		.cfi_def_cfa_offset 0
 486 0022 7047     		bx	lr
 487              	.L33:
 488              	.LCFI14:
 489              		.cfi_restore_state
 128:../../core/platform/octa/src/octa.c ****             break;
 490              		.loc 1 128 0
 491 0024 FFF7FEFF 		bl	P1_I2C_Init
 492              	.LVL19:
 129:../../core/platform/octa/src/octa.c ****         case 2:
ARM GAS  /tmp/cc7HKx6h.s 			page 12


 493              		.loc 1 129 0
 494 0028 F8E7     		b	.L27
 495              	.L29:
 131:../../core/platform/octa/src/octa.c ****             break;
 496              		.loc 1 131 0
 497 002a FFF7FEFF 		bl	P2_I2C_Init
 498              	.LVL20:
 132:../../core/platform/octa/src/octa.c ****         case 3:
 499              		.loc 1 132 0
 500 002e F5E7     		b	.L27
 501              	.L30:
 134:../../core/platform/octa/src/octa.c ****             break;
 502              		.loc 1 134 0
 503 0030 FFF7FEFF 		bl	P3_I2C_Init
 504              	.LVL21:
 505              		.loc 1 139 0
 506 0034 F2E7     		b	.L27
 507              		.cfi_endproc
 508              	.LFE136:
 510              		.section	.text.platform_initialize_SPI,"ax",%progbits
 511              		.align	1
 512              		.global	platform_initialize_SPI
 513              		.syntax unified
 514              		.thumb
 515              		.thumb_func
 516              		.fpu fpv4-sp-d16
 518              	platform_initialize_SPI:
 519              	.LFB137:
 140:../../core/platform/octa/src/octa.c **** 
 141:../../core/platform/octa/src/octa.c **** void platform_initialize_SPI(struct OCTA_header aHeader)
 142:../../core/platform/octa/src/octa.c **** {
 520              		.loc 1 142 0
 521              		.cfi_startproc
 522              		@ args = 44, pretend = 16, frame = 0
 523              		@ frame_needed = 0, uses_anonymous_args = 0
 524 0000 84B0     		sub	sp, sp, #16
 525              	.LCFI15:
 526              		.cfi_def_cfa_offset 16
 527 0002 08B5     		push	{r3, lr}
 528              	.LCFI16:
 529              		.cfi_def_cfa_offset 24
 530              		.cfi_offset 3, -24
 531              		.cfi_offset 14, -20
 532 0004 0DF1080E 		add	lr, sp, #8
 533 0008 8EE80F00 		stm	lr, {r0, r1, r2, r3}
 143:../../core/platform/octa/src/octa.c ****     switch(aHeader.number)
 534              		.loc 1 143 0
 535 000c 9DF80830 		ldrb	r3, [sp, #8]	@ zero_extendqisi2
 536 0010 022B     		cmp	r3, #2
 537 0012 0AD0     		beq	.L36
 538 0014 032B     		cmp	r3, #3
 539 0016 0BD0     		beq	.L37
 540 0018 012B     		cmp	r3, #1
 541 001a 03D0     		beq	.L40
 542              	.L34:
 144:../../core/platform/octa/src/octa.c ****     {
 145:../../core/platform/octa/src/octa.c ****         case 1:
ARM GAS  /tmp/cc7HKx6h.s 			page 13


 146:../../core/platform/octa/src/octa.c ****             P1_SPI_Init();
 147:../../core/platform/octa/src/octa.c ****             break;
 148:../../core/platform/octa/src/octa.c ****         case 2:
 149:../../core/platform/octa/src/octa.c ****             P2_SPI_Init();
 150:../../core/platform/octa/src/octa.c ****             break;
 151:../../core/platform/octa/src/octa.c ****         case 3:
 152:../../core/platform/octa/src/octa.c ****             P3_SPI_Init();
 153:../../core/platform/octa/src/octa.c ****             break;
 154:../../core/platform/octa/src/octa.c ****         default:
 155:../../core/platform/octa/src/octa.c ****             break;
 156:../../core/platform/octa/src/octa.c ****     }
 157:../../core/platform/octa/src/octa.c **** }
 543              		.loc 1 157 0
 544 001c BDE80840 		pop	{r3, lr}
 545              	.LCFI17:
 546              		.cfi_remember_state
 547              		.cfi_restore 14
 548              		.cfi_restore 3
 549              		.cfi_def_cfa_offset 16
 550 0020 04B0     		add	sp, sp, #16
 551              	.LCFI18:
 552              		.cfi_def_cfa_offset 0
 553 0022 7047     		bx	lr
 554              	.L40:
 555              	.LCFI19:
 556              		.cfi_restore_state
 146:../../core/platform/octa/src/octa.c ****             break;
 557              		.loc 1 146 0
 558 0024 FFF7FEFF 		bl	P1_SPI_Init
 559              	.LVL22:
 147:../../core/platform/octa/src/octa.c ****         case 2:
 560              		.loc 1 147 0
 561 0028 F8E7     		b	.L34
 562              	.L36:
 149:../../core/platform/octa/src/octa.c ****             break;
 563              		.loc 1 149 0
 564 002a FFF7FEFF 		bl	P2_SPI_Init
 565              	.LVL23:
 150:../../core/platform/octa/src/octa.c ****         case 3:
 566              		.loc 1 150 0
 567 002e F5E7     		b	.L34
 568              	.L37:
 152:../../core/platform/octa/src/octa.c ****             break;
 569              		.loc 1 152 0
 570 0030 FFF7FEFF 		bl	P3_SPI_Init
 571              	.LVL24:
 572              		.loc 1 157 0
 573 0034 F2E7     		b	.L34
 574              		.cfi_endproc
 575              	.LFE137:
 577              		.section	.text.platform_getHeader,"ax",%progbits
 578              		.align	1
 579              		.global	platform_getHeader
 580              		.syntax unified
 581              		.thumb
 582              		.thumb_func
 583              		.fpu fpv4-sp-d16
ARM GAS  /tmp/cc7HKx6h.s 			page 14


 585              	platform_getHeader:
 586              	.LFB138:
 158:../../core/platform/octa/src/octa.c **** 
 159:../../core/platform/octa/src/octa.c **** struct OCTA_header platform_getHeader(uint8_t connector)
 160:../../core/platform/octa/src/octa.c **** {
 587              		.loc 1 160 0
 588              		.cfi_startproc
 589              		@ args = 0, pretend = 0, frame = 48
 590              		@ frame_needed = 0, uses_anonymous_args = 0
 591              	.LVL25:
 592 0000 70B5     		push	{r4, r5, r6, lr}
 593              	.LCFI20:
 594              		.cfi_def_cfa_offset 16
 595              		.cfi_offset 4, -16
 596              		.cfi_offset 5, -12
 597              		.cfi_offset 6, -8
 598              		.cfi_offset 14, -4
 599 0002 8CB0     		sub	sp, sp, #48
 600              	.LCFI21:
 601              		.cfi_def_cfa_offset 64
 602 0004 0546     		mov	r5, r0
 161:../../core/platform/octa/src/octa.c ****     switch (connector)
 603              		.loc 1 161 0
 604 0006 0229     		cmp	r1, #2
 605 0008 24D0     		beq	.L43
 606 000a 0329     		cmp	r1, #3
 607 000c 30D0     		beq	.L44
 608 000e 0129     		cmp	r1, #1
 609 0010 10D0     		beq	.L49
 610              	.LBB2:
 162:../../core/platform/octa/src/octa.c ****     {
 163:../../core/platform/octa/src/octa.c ****     case 1:
 164:../../core/platform/octa/src/octa.c ****         P1_header.active = 1;
 165:../../core/platform/octa/src/octa.c ****         return P1_header;
 166:../../core/platform/octa/src/octa.c ****     case 2:
 167:../../core/platform/octa/src/octa.c ****         P2_header.active = 1;
 168:../../core/platform/octa/src/octa.c ****         return P2_header;
 169:../../core/platform/octa/src/octa.c ****     case 3:
 170:../../core/platform/octa/src/octa.c ****         P3_header.active = 1;
 171:../../core/platform/octa/src/octa.c ****         return P3_header;
 172:../../core/platform/octa/src/octa.c ****     default:
 173:../../core/platform/octa/src/octa.c ****         //invalid connector
 174:../../core/platform/octa/src/octa.c ****         printf("Invalid connector\r\n");
 611              		.loc 1 174 0
 612 0012 1E48     		ldr	r0, .L50
 613              	.LVL26:
 614 0014 FFF7FEFF 		bl	puts
 615              	.LVL27:
 175:../../core/platform/octa/src/octa.c ****         struct OCTA_header invalid; 
 176:../../core/platform/octa/src/octa.c ****         invalid.active = 0;
 616              		.loc 1 176 0
 617 0018 0023     		movs	r3, #0
 618 001a 8DF82C30 		strb	r3, [sp, #44]
 177:../../core/platform/octa/src/octa.c ****         return invalid;
 619              		.loc 1 177 0
 620 001e 2C46     		mov	r4, r5
 621 0020 01AE     		add	r6, sp, #4
ARM GAS  /tmp/cc7HKx6h.s 			page 15


 622 0022 0FCE     		ldmia	r6!, {r0, r1, r2, r3}
 623 0024 0FC4     		stmia	r4!, {r0, r1, r2, r3}
 624 0026 0FCE     		ldmia	r6!, {r0, r1, r2, r3}
 625 0028 0FC4     		stmia	r4!, {r0, r1, r2, r3}
 626 002a 96E80700 		ldm	r6, {r0, r1, r2}
 627 002e 84E80700 		stm	r4, {r0, r1, r2}
 628 0032 0CE0     		b	.L41
 629              	.LVL28:
 630              	.L49:
 164:../../core/platform/octa/src/octa.c ****         return P1_header;
 631              		.loc 1 164 0
 632 0034 164C     		ldr	r4, .L50+4
 633 0036 0123     		movs	r3, #1
 634 0038 84F82830 		strb	r3, [r4, #40]
 165:../../core/platform/octa/src/octa.c ****     case 2:
 635              		.loc 1 165 0
 636 003c 0646     		mov	r6, r0
 637 003e 0FCC     		ldmia	r4!, {r0, r1, r2, r3}
 638              	.LVL29:
 639 0040 0FC6     		stmia	r6!, {r0, r1, r2, r3}
 640 0042 0FCC     		ldmia	r4!, {r0, r1, r2, r3}
 641 0044 0FC6     		stmia	r6!, {r0, r1, r2, r3}
 642 0046 94E80700 		ldm	r4, {r0, r1, r2}
 643 004a 86E80700 		stm	r6, {r0, r1, r2}
 644              	.L41:
 645              	.LBE2:
 178:../../core/platform/octa/src/octa.c ****     }
 179:../../core/platform/octa/src/octa.c **** }
 646              		.loc 1 179 0
 647 004e 2846     		mov	r0, r5
 648 0050 0CB0     		add	sp, sp, #48
 649              	.LCFI22:
 650              		.cfi_remember_state
 651              		.cfi_def_cfa_offset 16
 652              		@ sp needed
 653 0052 70BD     		pop	{r4, r5, r6, pc}
 654              	.LVL30:
 655              	.L43:
 656              	.LCFI23:
 657              		.cfi_restore_state
 658              	.LBB3:
 167:../../core/platform/octa/src/octa.c ****         return P2_header;
 659              		.loc 1 167 0
 660 0054 0F4C     		ldr	r4, .L50+8
 661 0056 0123     		movs	r3, #1
 662 0058 84F82830 		strb	r3, [r4, #40]
 168:../../core/platform/octa/src/octa.c ****     case 3:
 663              		.loc 1 168 0
 664 005c 0646     		mov	r6, r0
 665 005e 0FCC     		ldmia	r4!, {r0, r1, r2, r3}
 666              	.LVL31:
 667 0060 0FC6     		stmia	r6!, {r0, r1, r2, r3}
 668 0062 0FCC     		ldmia	r4!, {r0, r1, r2, r3}
 669 0064 0FC6     		stmia	r6!, {r0, r1, r2, r3}
 670 0066 94E80700 		ldm	r4, {r0, r1, r2}
 671 006a 86E80700 		stm	r6, {r0, r1, r2}
 672 006e EEE7     		b	.L41
ARM GAS  /tmp/cc7HKx6h.s 			page 16


 673              	.LVL32:
 674              	.L44:
 170:../../core/platform/octa/src/octa.c ****         return P3_header;
 675              		.loc 1 170 0
 676 0070 094C     		ldr	r4, .L50+12
 677 0072 0123     		movs	r3, #1
 678 0074 84F82830 		strb	r3, [r4, #40]
 171:../../core/platform/octa/src/octa.c ****     default:
 679              		.loc 1 171 0
 680 0078 0646     		mov	r6, r0
 681 007a 0FCC     		ldmia	r4!, {r0, r1, r2, r3}
 682              	.LVL33:
 683 007c 0FC6     		stmia	r6!, {r0, r1, r2, r3}
 684 007e 0FCC     		ldmia	r4!, {r0, r1, r2, r3}
 685 0080 0FC6     		stmia	r6!, {r0, r1, r2, r3}
 686 0082 94E80700 		ldm	r4, {r0, r1, r2}
 687 0086 86E80700 		stm	r6, {r0, r1, r2}
 688 008a E0E7     		b	.L41
 689              	.L51:
 690              		.align	2
 691              	.L50:
 692 008c 00000000 		.word	.LC0
 693 0090 00000000 		.word	P1_header
 694 0094 00000000 		.word	P2_header
 695 0098 00000000 		.word	P3_header
 696              	.LBE3:
 697              		.cfi_endproc
 698              	.LFE138:
 700              		.comm	P3_header,44,4
 701              		.comm	P2_header,44,4
 702              		.comm	P1_header,44,4
 703              		.comm	FLASH_SPI,100,4
 704              		.comm	P3_SPI,100,4
 705              		.comm	P2_SPI,100,4
 706              		.comm	P1_SPI,100,4
 707              		.comm	P3_I2C,76,4
 708              		.comm	P2_I2C,76,4
 709              		.comm	P1_I2C,76,4
 710              		.comm	common_I2C,76,4
 711              		.comm	P3_UART,120,4
 712              		.comm	P2_UART,120,4
 713              		.comm	P1_UART,120,4
 714              		.comm	BLE_UART,120,4
 715              		.comm	USB_UART,120,4
 716              		.comm	hiwdg,16,4
 717              		.comm	P3_DIO6,8,4
 718              		.comm	P3_DIO5,8,4
 719              		.comm	P3_DIO4,8,4
 720              		.comm	P3_DIO3,8,4
 721              		.comm	P3_DIO2,8,4
 722              		.comm	P3_DIO1,8,4
 723              		.comm	P2_DIO6,8,4
 724              		.comm	P2_DIO5,8,4
 725              		.comm	P2_DIO4,8,4
 726              		.comm	P2_DIO3,8,4
 727              		.comm	P2_DIO2,8,4
 728              		.comm	P2_DIO1,8,4
ARM GAS  /tmp/cc7HKx6h.s 			page 17


 729              		.comm	P1_DIO6,8,4
 730              		.comm	P1_DIO5,8,4
 731              		.comm	P1_DIO4,8,4
 732              		.comm	P1_DIO3,8,4
 733              		.comm	P1_DIO2,8,4
 734              		.comm	P1_DIO1,8,4
 735              		.section	.rodata.platform_getHeader.str1.4,"aMS",%progbits,1
 736              		.align	2
 737              	.LC0:
 738 0000 496E7661 		.ascii	"Invalid connector\015\000"
 738      6C696420 
 738      636F6E6E 
 738      6563746F 
 738      720D00
 739              		.text
 740              	.Letext0:
 741              		.file 2 "/usr/include/newlib/machine/_default_types.h"
 742              		.file 3 "/usr/include/newlib/sys/_stdint.h"
 743              		.file 4 "../../core/ST/CMSIS/Include/core_cm4.h"
 744              		.file 5 "../../core/ST/CMSIS/Device/ST/STM32L4xx/Include/system_stm32l4xx.h"
 745              		.file 6 "../../core/ST/CMSIS/Device/ST/STM32L4xx/Include/stm32l496xx.h"
 746              		.file 7 "../../core/ST/STM32L4xx_HAL_Driver/Inc/stm32l4xx_hal_def.h"
 747              		.file 8 "../../core/ST/STM32L4xx_HAL_Driver/Inc/stm32l4xx_hal_dma.h"
 748              		.file 9 "../../core/ST/STM32L4xx_HAL_Driver/Inc/stm32l4xx_hal_i2c.h"
 749              		.file 10 "../../core/ST/STM32L4xx_HAL_Driver/Inc/stm32l4xx_hal_iwdg.h"
 750              		.file 11 "../../core/ST/STM32L4xx_HAL_Driver/Inc/stm32l4xx_hal_spi.h"
 751              		.file 12 "../../core/ST/STM32L4xx_HAL_Driver/Inc/stm32l4xx_hal_uart.h"
 752              		.file 13 "../../core/ST/STM32L4xx_HAL_Driver/Inc/stm32l4xx_hal.h"
 753              		.file 14 "../../core/platform/octa/inc/gpio.h"
 754              		.file 15 "../../core/platform/octa/inc/iwdg.h"
 755              		.file 16 "../../core/platform/octa/inc/uart.h"
 756              		.file 17 "../../core/platform/octa/inc/i2c.h"
 757              		.file 18 "../../core/platform/octa/inc/spi.h"
 758              		.file 19 "../../core/platform/octa/inc/octa.h"
 759              		.file 20 "../../core/ST/STM32L4xx_HAL_Driver/Inc/stm32l4xx_hal_cortex.h"
 760              		.file 21 "<built-in>"
ARM GAS  /tmp/cc7HKx6h.s 			page 18


DEFINED SYMBOLS
                            *ABS*:0000000000000000 octa.c
     /tmp/cc7HKx6h.s:18     .text.OCTA_NVIC_Initialize:0000000000000000 $t
     /tmp/cc7HKx6h.s:25     .text.OCTA_NVIC_Initialize:0000000000000000 OCTA_NVIC_Initialize
     /tmp/cc7HKx6h.s:62     .text.OCTA_Initialize_Common_Peripherals:0000000000000000 $t
     /tmp/cc7HKx6h.s:69     .text.OCTA_Initialize_Common_Peripherals:0000000000000000 OCTA_Initialize_Common_Peripherals
     /tmp/cc7HKx6h.s:104    .text.OCTA_Initialize_P1_Peripherals:0000000000000000 $t
     /tmp/cc7HKx6h.s:111    .text.OCTA_Initialize_P1_Peripherals:0000000000000000 OCTA_Initialize_P1_Peripherals
     /tmp/cc7HKx6h.s:153    .text.OCTA_Initialize_P1_Peripherals:000000000000002c $d
                            *COM*:000000000000002c P1_header
                            *COM*:0000000000000078 P1_UART
                            *COM*:000000000000004c P1_I2C
                            *COM*:0000000000000064 P1_SPI
                            *COM*:0000000000000008 P1_DIO1
                            *COM*:0000000000000008 P1_DIO2
                            *COM*:0000000000000008 P1_DIO3
                            *COM*:0000000000000008 P1_DIO4
                            *COM*:0000000000000008 P1_DIO5
                            *COM*:0000000000000008 P1_DIO6
     /tmp/cc7HKx6h.s:167    .text.OCTA_Initialize_P2_Peripherals:0000000000000000 $t
     /tmp/cc7HKx6h.s:174    .text.OCTA_Initialize_P2_Peripherals:0000000000000000 OCTA_Initialize_P2_Peripherals
     /tmp/cc7HKx6h.s:216    .text.OCTA_Initialize_P2_Peripherals:000000000000002c $d
                            *COM*:000000000000002c P2_header
                            *COM*:0000000000000078 P2_UART
                            *COM*:000000000000004c P2_I2C
                            *COM*:0000000000000064 P2_SPI
                            *COM*:0000000000000008 P2_DIO1
                            *COM*:0000000000000008 P2_DIO2
                            *COM*:0000000000000008 P2_DIO3
                            *COM*:0000000000000008 P2_DIO4
                            *COM*:0000000000000008 P2_DIO5
                            *COM*:0000000000000008 P2_DIO6
     /tmp/cc7HKx6h.s:230    .text.OCTA_Initialize_P3_Peripherals:0000000000000000 $t
     /tmp/cc7HKx6h.s:237    .text.OCTA_Initialize_P3_Peripherals:0000000000000000 OCTA_Initialize_P3_Peripherals
     /tmp/cc7HKx6h.s:279    .text.OCTA_Initialize_P3_Peripherals:000000000000002c $d
                            *COM*:000000000000002c P3_header
                            *COM*:0000000000000078 P3_UART
                            *COM*:000000000000004c P3_I2C
                            *COM*:0000000000000064 P3_SPI
                            *COM*:0000000000000008 P3_DIO1
                            *COM*:0000000000000008 P3_DIO2
                            *COM*:0000000000000008 P3_DIO3
                            *COM*:0000000000000008 P3_DIO4
                            *COM*:0000000000000008 P3_DIO5
                            *COM*:0000000000000008 P3_DIO6
     /tmp/cc7HKx6h.s:293    .text.OCTA_Initialize_Platform:0000000000000000 $t
     /tmp/cc7HKx6h.s:300    .text.OCTA_Initialize_Platform:0000000000000000 OCTA_Initialize_Platform
     /tmp/cc7HKx6h.s:331    .text.get_UID:0000000000000000 $t
     /tmp/cc7HKx6h.s:338    .text.get_UID:0000000000000000 get_UID
     /tmp/cc7HKx6h.s:367    .text.get_UID:0000000000000018 $d
     /tmp/cc7HKx6h.s:373    .text.platform_initialize_UART:0000000000000000 $t
     /tmp/cc7HKx6h.s:380    .text.platform_initialize_UART:0000000000000000 platform_initialize_UART
     /tmp/cc7HKx6h.s:444    .text.platform_initialize_I2C:0000000000000000 $t
     /tmp/cc7HKx6h.s:451    .text.platform_initialize_I2C:0000000000000000 platform_initialize_I2C
     /tmp/cc7HKx6h.s:511    .text.platform_initialize_SPI:0000000000000000 $t
     /tmp/cc7HKx6h.s:518    .text.platform_initialize_SPI:0000000000000000 platform_initialize_SPI
     /tmp/cc7HKx6h.s:578    .text.platform_getHeader:0000000000000000 $t
ARM GAS  /tmp/cc7HKx6h.s 			page 19


     /tmp/cc7HKx6h.s:585    .text.platform_getHeader:0000000000000000 platform_getHeader
     /tmp/cc7HKx6h.s:692    .text.platform_getHeader:000000000000008c $d
                            *COM*:0000000000000064 FLASH_SPI
                            *COM*:000000000000004c common_I2C
                            *COM*:0000000000000078 BLE_UART
                            *COM*:0000000000000078 USB_UART
                            *COM*:0000000000000010 hiwdg
     /tmp/cc7HKx6h.s:736    .rodata.platform_getHeader.str1.4:0000000000000000 $d
                     .debug_frame:0000000000000010 $d

UNDEFINED SYMBOLS
HAL_NVIC_SetPriority
HAL_NVIC_EnableIRQ
OCTA_GPIO_Init
OCTA_IWDG_Init
FLASH_SPI_Init
common_I2C_Init
P1_I2C_Init
USB_UART_Init
P1_UART_Init
P2_UART_Init
P3_UART_Init
P2_I2C_Init
P3_I2C_Init
P1_SPI_Init
P2_SPI_Init
P3_SPI_Init
puts
