ARM GAS  C:\Users\RUBENJ~1\AppData\Local\Temp\cc93hxfX.s 			page 1


   1              		.cpu cortex-m4
   2              		.eabi_attribute 27, 1
   3              		.eabi_attribute 28, 1
   4              		.eabi_attribute 20, 1
   5              		.eabi_attribute 21, 1
   6              		.eabi_attribute 23, 3
   7              		.eabi_attribute 24, 1
   8              		.eabi_attribute 25, 1
   9              		.eabi_attribute 26, 1
  10              		.eabi_attribute 30, 1
  11              		.eabi_attribute 34, 1
  12              		.eabi_attribute 18, 4
  13              		.file	"gpio.c"
  14              		.text
  15              	.Ltext0:
  16              		.cfi_sections	.debug_frame
  17              		.section	.text.OCTA_GPIO_Init,"ax",%progbits
  18              		.align	1
  19              		.global	OCTA_GPIO_Init
  20              		.arch armv7e-m
  21              		.syntax unified
  22              		.thumb
  23              		.thumb_func
  24              		.fpu fpv4-sp-d16
  26              	OCTA_GPIO_Init:
  27              	.LFB123:
  28              		.file 1 "../../core/platform/octa/src/gpio.c"
   1:../../core/platform/octa/src/gpio.c **** #include "gpio.h"
   2:../../core/platform/octa/src/gpio.c **** 
   3:../../core/platform/octa/src/gpio.c **** /**
   4:../../core/platform/octa/src/gpio.c ****   * @brief GPIO Initialization Function
   5:../../core/platform/octa/src/gpio.c ****   * @param None
   6:../../core/platform/octa/src/gpio.c ****   * @retval None
   7:../../core/platform/octa/src/gpio.c ****   */
   8:../../core/platform/octa/src/gpio.c **** void OCTA_GPIO_Init(void)
   9:../../core/platform/octa/src/gpio.c **** {
  29              		.loc 1 9 1 view -0
  30              		.cfi_startproc
  31              		@ args = 0, pretend = 0, frame = 48
  32              		@ frame_needed = 0, uses_anonymous_args = 0
  33 0000 2DE9F04F 		push	{r4, r5, r6, r7, r8, r9, r10, fp, lr}
  34              	.LCFI0:
  35              		.cfi_def_cfa_offset 36
  36              		.cfi_offset 4, -36
  37              		.cfi_offset 5, -32
  38              		.cfi_offset 6, -28
  39              		.cfi_offset 7, -24
  40              		.cfi_offset 8, -20
  41              		.cfi_offset 9, -16
  42              		.cfi_offset 10, -12
  43              		.cfi_offset 11, -8
  44              		.cfi_offset 14, -4
  45 0004 8DB0     		sub	sp, sp, #52
  46              	.LCFI1:
  47              		.cfi_def_cfa_offset 88
  10:../../core/platform/octa/src/gpio.c ****   GPIO_InitTypeDef GPIO_InitStruct = {0};
  48              		.loc 1 10 3 view .LVU1
ARM GAS  C:\Users\RUBENJ~1\AppData\Local\Temp\cc93hxfX.s 			page 2


  49              		.loc 1 10 20 is_stmt 0 view .LVU2
  50 0006 0024     		movs	r4, #0
  51 0008 0794     		str	r4, [sp, #28]
  52 000a 0894     		str	r4, [sp, #32]
  53 000c 0994     		str	r4, [sp, #36]
  54 000e 0A94     		str	r4, [sp, #40]
  55 0010 0B94     		str	r4, [sp, #44]
  11:../../core/platform/octa/src/gpio.c **** 
  12:../../core/platform/octa/src/gpio.c ****   /* GPIO Ports Clock Enable */
  13:../../core/platform/octa/src/gpio.c ****   __HAL_RCC_GPIOE_CLK_ENABLE();
  56              		.loc 1 13 3 is_stmt 1 view .LVU3
  57              	.LBB2:
  58              		.loc 1 13 3 view .LVU4
  59              		.loc 1 13 3 view .LVU5
  60 0012 A34B     		ldr	r3, .L3
  61 0014 DA6C     		ldr	r2, [r3, #76]
  62 0016 42F01002 		orr	r2, r2, #16
  63 001a DA64     		str	r2, [r3, #76]
  64              		.loc 1 13 3 view .LVU6
  65 001c DA6C     		ldr	r2, [r3, #76]
  66 001e 02F01002 		and	r2, r2, #16
  67 0022 0092     		str	r2, [sp]
  68              		.loc 1 13 3 view .LVU7
  69 0024 009A     		ldr	r2, [sp]
  70              	.LBE2:
  14:../../core/platform/octa/src/gpio.c ****   __HAL_RCC_GPIOC_CLK_ENABLE();
  71              		.loc 1 14 3 view .LVU8
  72              	.LBB3:
  73              		.loc 1 14 3 view .LVU9
  74              		.loc 1 14 3 view .LVU10
  75 0026 DA6C     		ldr	r2, [r3, #76]
  76 0028 42F00402 		orr	r2, r2, #4
  77 002c DA64     		str	r2, [r3, #76]
  78              		.loc 1 14 3 view .LVU11
  79 002e DA6C     		ldr	r2, [r3, #76]
  80 0030 02F00402 		and	r2, r2, #4
  81 0034 0192     		str	r2, [sp, #4]
  82              		.loc 1 14 3 view .LVU12
  83 0036 019A     		ldr	r2, [sp, #4]
  84              	.LBE3:
  15:../../core/platform/octa/src/gpio.c ****   __HAL_RCC_GPIOF_CLK_ENABLE();
  85              		.loc 1 15 3 view .LVU13
  86              	.LBB4:
  87              		.loc 1 15 3 view .LVU14
  88              		.loc 1 15 3 view .LVU15
  89 0038 DA6C     		ldr	r2, [r3, #76]
  90 003a 42F02002 		orr	r2, r2, #32
  91 003e DA64     		str	r2, [r3, #76]
  92              		.loc 1 15 3 view .LVU16
  93 0040 DA6C     		ldr	r2, [r3, #76]
  94 0042 02F02002 		and	r2, r2, #32
  95 0046 0292     		str	r2, [sp, #8]
  96              		.loc 1 15 3 view .LVU17
  97 0048 029A     		ldr	r2, [sp, #8]
  98              	.LBE4:
  16:../../core/platform/octa/src/gpio.c ****   __HAL_RCC_GPIOA_CLK_ENABLE();
  99              		.loc 1 16 3 view .LVU18
ARM GAS  C:\Users\RUBENJ~1\AppData\Local\Temp\cc93hxfX.s 			page 3


 100              	.LBB5:
 101              		.loc 1 16 3 view .LVU19
 102              		.loc 1 16 3 view .LVU20
 103 004a DA6C     		ldr	r2, [r3, #76]
 104 004c 42F00102 		orr	r2, r2, #1
 105 0050 DA64     		str	r2, [r3, #76]
 106              		.loc 1 16 3 view .LVU21
 107 0052 DA6C     		ldr	r2, [r3, #76]
 108 0054 02F00102 		and	r2, r2, #1
 109 0058 0392     		str	r2, [sp, #12]
 110              		.loc 1 16 3 view .LVU22
 111 005a 039A     		ldr	r2, [sp, #12]
 112              	.LBE5:
  17:../../core/platform/octa/src/gpio.c ****   __HAL_RCC_GPIOB_CLK_ENABLE();
 113              		.loc 1 17 3 view .LVU23
 114              	.LBB6:
 115              		.loc 1 17 3 view .LVU24
 116              		.loc 1 17 3 view .LVU25
 117 005c DA6C     		ldr	r2, [r3, #76]
 118 005e 42F00202 		orr	r2, r2, #2
 119 0062 DA64     		str	r2, [r3, #76]
 120              		.loc 1 17 3 view .LVU26
 121 0064 DA6C     		ldr	r2, [r3, #76]
 122 0066 02F00202 		and	r2, r2, #2
 123 006a 0492     		str	r2, [sp, #16]
 124              		.loc 1 17 3 view .LVU27
 125 006c 049A     		ldr	r2, [sp, #16]
 126              	.LBE6:
  18:../../core/platform/octa/src/gpio.c ****   __HAL_RCC_GPIOG_CLK_ENABLE();
 127              		.loc 1 18 3 view .LVU28
 128              	.LBB7:
 129              		.loc 1 18 3 view .LVU29
 130              		.loc 1 18 3 view .LVU30
 131 006e DA6C     		ldr	r2, [r3, #76]
 132 0070 42F04002 		orr	r2, r2, #64
 133 0074 DA64     		str	r2, [r3, #76]
 134              		.loc 1 18 3 view .LVU31
 135 0076 DA6C     		ldr	r2, [r3, #76]
 136 0078 02F04002 		and	r2, r2, #64
 137 007c 0592     		str	r2, [sp, #20]
 138              		.loc 1 18 3 view .LVU32
 139 007e 059A     		ldr	r2, [sp, #20]
 140              	.LBE7:
  19:../../core/platform/octa/src/gpio.c ****   __HAL_RCC_GPIOD_CLK_ENABLE();
 141              		.loc 1 19 3 view .LVU33
 142              	.LBB8:
 143              		.loc 1 19 3 view .LVU34
 144              		.loc 1 19 3 view .LVU35
 145 0080 DA6C     		ldr	r2, [r3, #76]
 146 0082 42F00802 		orr	r2, r2, #8
 147 0086 DA64     		str	r2, [r3, #76]
 148              		.loc 1 19 3 view .LVU36
 149 0088 DB6C     		ldr	r3, [r3, #76]
 150 008a 03F00803 		and	r3, r3, #8
 151 008e 0693     		str	r3, [sp, #24]
 152              		.loc 1 19 3 view .LVU37
 153 0090 069B     		ldr	r3, [sp, #24]
ARM GAS  C:\Users\RUBENJ~1\AppData\Local\Temp\cc93hxfX.s 			page 4


 154              	.LBE8:
  20:../../core/platform/octa/src/gpio.c ****   HAL_PWREx_EnableVddIO2();
 155              		.loc 1 20 3 view .LVU38
 156 0092 FFF7FEFF 		bl	HAL_PWREx_EnableVddIO2
 157              	.LVL0:
  21:../../core/platform/octa/src/gpio.c **** 
  22:../../core/platform/octa/src/gpio.c ****   /*Configure GPIO pin Output Level */
  23:../../core/platform/octa/src/gpio.c ****   HAL_GPIO_WritePin(GPIOE, P2_DIO1_Pin|P2_DIO6_Pin|P2_DIO2_Pin|P2_DIO4_Pin 
 158              		.loc 1 23 3 view .LVU39
 159 0096 834D     		ldr	r5, .L3+4
 160 0098 0122     		movs	r2, #1
 161 009a 40F2FC71 		movw	r1, #2044
 162 009e 2846     		mov	r0, r5
 163 00a0 FFF7FEFF 		bl	HAL_GPIO_WritePin
 164              	.LVL1:
  24:../../core/platform/octa/src/gpio.c ****                           |P2_DIO3_Pin|P3_DIO1_Pin|P3_DIO4_Pin|P3_DIO5_Pin 
  25:../../core/platform/octa/src/gpio.c ****                           |P3_DIO2_Pin, GPIO_PIN_SET);
  26:../../core/platform/octa/src/gpio.c **** 
  27:../../core/platform/octa/src/gpio.c ****   /*Configure GPIO pin Output Level */
  28:../../core/platform/octa/src/gpio.c ****   HAL_GPIO_WritePin(GPIOF, P1_DIO3_Pin|P1_DIO5_Pin|P2_DIO5_Pin|P3_DIO3_Pin , GPIO_PIN_SET);
 165              		.loc 1 28 3 view .LVU40
 166 00a4 804F     		ldr	r7, .L3+8
 167 00a6 0122     		movs	r2, #1
 168 00a8 44F22811 		movw	r1, #16680
 169 00ac 3846     		mov	r0, r7
 170 00ae FFF7FEFF 		bl	HAL_GPIO_WritePin
 171              	.LVL2:
  29:../../core/platform/octa/src/gpio.c **** 
  30:../../core/platform/octa/src/gpio.c ****   #if ENABLE_STEPUP
  31:../../core/platform/octa/src/gpio.c ****     /*Configure GPIO pin Output Level */
  32:../../core/platform/octa/src/gpio.c ****     HAL_GPIO_WritePin(OCTA_STEPUP_GPIO_Port, OCTA_STEPUP_Pin, GPIO_PIN_SET);
  33:../../core/platform/octa/src/gpio.c ****   #else
  34:../../core/platform/octa/src/gpio.c ****     /*Configure GPIO pin Output Level */
  35:../../core/platform/octa/src/gpio.c ****     HAL_GPIO_WritePin(OCTA_STEPUP_GPIO_Port, OCTA_STEPUP_Pin, GPIO_PIN_RESET);
 172              		.loc 1 35 5 view .LVU41
 173 00b2 2246     		mov	r2, r4
 174 00b4 4FF40071 		mov	r1, #512
 175 00b8 3846     		mov	r0, r7
 176 00ba FFF7FEFF 		bl	HAL_GPIO_WritePin
 177              	.LVL3:
  36:../../core/platform/octa/src/gpio.c ****   #endif
  37:../../core/platform/octa/src/gpio.c ****   /*Configure GPIO pin Output Level */
  38:../../core/platform/octa/src/gpio.c ****   HAL_GPIO_WritePin(GPIOC, P1_DIO6_Pin|P1_DIO2_Pin|P1_DIO1_Pin, GPIO_PIN_SET);
 178              		.loc 1 38 3 view .LVU42
 179 00be DFF83C82 		ldr	r8, .L3+92
 180 00c2 0122     		movs	r2, #1
 181 00c4 4FF44271 		mov	r1, #776
 182 00c8 4046     		mov	r0, r8
 183 00ca FFF7FEFF 		bl	HAL_GPIO_WritePin
 184              	.LVL4:
  39:../../core/platform/octa/src/gpio.c **** 
  40:../../core/platform/octa/src/gpio.c ****   /*Configure GPIO pin Output Level */
  41:../../core/platform/octa/src/gpio.c ****   HAL_GPIO_WritePin(BLE_Reset_GPIO_Port, BLE_Reset_Pin, GPIO_PIN_SET);
 185              		.loc 1 41 3 view .LVU43
 186 00ce 0122     		movs	r2, #1
 187 00d0 0221     		movs	r1, #2
 188 00d2 4FF09040 		mov	r0, #1207959552
ARM GAS  C:\Users\RUBENJ~1\AppData\Local\Temp\cc93hxfX.s 			page 5


 189 00d6 FFF7FEFF 		bl	HAL_GPIO_WritePin
 190              	.LVL5:
  42:../../core/platform/octa/src/gpio.c **** 
  43:../../core/platform/octa/src/gpio.c ****   /*Configure GPIO pin Output Level */
  44:../../core/platform/octa/src/gpio.c ****   HAL_GPIO_WritePin(P1_DIO4_GPIO_Port, P1_DIO4_Pin, GPIO_PIN_SET);
 191              		.loc 1 44 3 view .LVU44
 192 00da 0122     		movs	r2, #1
 193 00dc 8021     		movs	r1, #128
 194 00de 4FF09040 		mov	r0, #1207959552
 195 00e2 FFF7FEFF 		bl	HAL_GPIO_WritePin
 196              	.LVL6:
  45:../../core/platform/octa/src/gpio.c **** 
  46:../../core/platform/octa/src/gpio.c ****   /*Configure GPIO pin Output Level */
  47:../../core/platform/octa/src/gpio.c ****   HAL_GPIO_WritePin(GPIOB, OCTA_GLED_Pin|P3_DIO6_Pin, GPIO_PIN_SET);
 197              		.loc 1 47 3 view .LVU45
 198 00e6 0122     		movs	r2, #1
 199 00e8 0321     		movs	r1, #3
 200 00ea 7048     		ldr	r0, .L3+12
 201 00ec FFF7FEFF 		bl	HAL_GPIO_WritePin
 202              	.LVL7:
  48:../../core/platform/octa/src/gpio.c **** 
  49:../../core/platform/octa/src/gpio.c ****   /*Configure GPIO pin Output Level */
  50:../../core/platform/octa/src/gpio.c ****   HAL_GPIO_WritePin(GPIOB, LD3_Pin|LD2_Pin, GPIO_PIN_RESET);
 203              		.loc 1 50 3 view .LVU46
 204 00f0 2246     		mov	r2, r4
 205 00f2 4FF48141 		mov	r1, #16512
 206 00f6 6D48     		ldr	r0, .L3+12
 207 00f8 FFF7FEFF 		bl	HAL_GPIO_WritePin
 208              	.LVL8:
  51:../../core/platform/octa/src/gpio.c **** 
  52:../../core/platform/octa/src/gpio.c ****   /*Configure GPIO pin Output Level */
  53:../../core/platform/octa/src/gpio.c ****   HAL_GPIO_WritePin(GPIOD, OCTA_RLED_Pin|OCTA_BLED_Pin, GPIO_PIN_SET);
 209              		.loc 1 53 3 view .LVU47
 210 00fc 0122     		movs	r2, #1
 211 00fe 4FF44041 		mov	r1, #49152
 212 0102 6B48     		ldr	r0, .L3+16
 213 0104 FFF7FEFF 		bl	HAL_GPIO_WritePin
 214              	.LVL9:
  54:../../core/platform/octa/src/gpio.c **** 
  55:../../core/platform/octa/src/gpio.c ****   /*Configure GPIO pins : P2_DIO1_Pin P2_DIO6_Pin P2_DIO2_Pin P2_DIO4_Pin 
  56:../../core/platform/octa/src/gpio.c ****                            P2_DIO3_Pin P3_DIO1_Pin P3_DIO4_Pin P3_DIO5_Pin 
  57:../../core/platform/octa/src/gpio.c ****                            P3_DIO2_Pin */
  58:../../core/platform/octa/src/gpio.c ****   GPIO_InitStruct.Pin = P2_DIO1_Pin|P2_DIO6_Pin|P2_DIO2_Pin|P2_DIO4_Pin 
 215              		.loc 1 58 3 view .LVU48
 216              		.loc 1 58 23 is_stmt 0 view .LVU49
 217 0108 40F2FC73 		movw	r3, #2044
 218 010c 0793     		str	r3, [sp, #28]
  59:../../core/platform/octa/src/gpio.c ****                           |P2_DIO3_Pin|P3_DIO1_Pin|P3_DIO4_Pin|P3_DIO5_Pin 
  60:../../core/platform/octa/src/gpio.c ****                           |P3_DIO2_Pin;
  61:../../core/platform/octa/src/gpio.c ****   GPIO_InitStruct.Mode = GPIO_MODE_OUTPUT_PP;
 219              		.loc 1 61 3 is_stmt 1 view .LVU50
 220              		.loc 1 61 24 is_stmt 0 view .LVU51
 221 010e 0126     		movs	r6, #1
 222 0110 0896     		str	r6, [sp, #32]
  62:../../core/platform/octa/src/gpio.c ****   GPIO_InitStruct.Pull = GPIO_NOPULL;
 223              		.loc 1 62 3 is_stmt 1 view .LVU52
 224              		.loc 1 62 24 is_stmt 0 view .LVU53
ARM GAS  C:\Users\RUBENJ~1\AppData\Local\Temp\cc93hxfX.s 			page 6


 225 0112 0994     		str	r4, [sp, #36]
  63:../../core/platform/octa/src/gpio.c ****   GPIO_InitStruct.Speed = GPIO_SPEED_FREQ_LOW;
 226              		.loc 1 63 3 is_stmt 1 view .LVU54
 227              		.loc 1 63 25 is_stmt 0 view .LVU55
 228 0114 0A94     		str	r4, [sp, #40]
  64:../../core/platform/octa/src/gpio.c ****   HAL_GPIO_Init(GPIOE, &GPIO_InitStruct);
 229              		.loc 1 64 3 is_stmt 1 view .LVU56
 230 0116 07A9     		add	r1, sp, #28
 231 0118 2846     		mov	r0, r5
 232 011a FFF7FEFF 		bl	HAL_GPIO_Init
 233              	.LVL10:
  65:../../core/platform/octa/src/gpio.c **** 
  66:../../core/platform/octa/src/gpio.c ****   /*Configure GPIO pin : B1_Pin */
  67:../../core/platform/octa/src/gpio.c ****   //GPIO_InitStruct.Pin = B1_Pin;
  68:../../core/platform/octa/src/gpio.c ****   //GPIO_InitStruct.Mode = GPIO_MODE_IT_RISING;
  69:../../core/platform/octa/src/gpio.c ****   ////GPIO_InitStruct.Pull = GPIO_NOPULL;
  70:../../core/platform/octa/src/gpio.c ****   //HAL_GPIO_Init(B1_GPIO_Port, &GPIO_InitStruct);
  71:../../core/platform/octa/src/gpio.c **** 
  72:../../core/platform/octa/src/gpio.c ****   GPIO_InitStruct.Pin = OCTA_BTN1_Pin;
 234              		.loc 1 72 3 view .LVU57
 235              		.loc 1 72 23 is_stmt 0 view .LVU58
 236 011e 0796     		str	r6, [sp, #28]
  73:../../core/platform/octa/src/gpio.c ****   GPIO_InitStruct.Mode = GPIO_MODE_IT_RISING;
 237              		.loc 1 73 3 is_stmt 1 view .LVU59
 238              		.loc 1 73 24 is_stmt 0 view .LVU60
 239 0120 DFF8DCA1 		ldr	r10, .L3+96
 240 0124 CDF820A0 		str	r10, [sp, #32]
  74:../../core/platform/octa/src/gpio.c ****   GPIO_InitStruct.Pull = GPIO_NOPULL;
 241              		.loc 1 74 3 is_stmt 1 view .LVU61
 242              		.loc 1 74 24 is_stmt 0 view .LVU62
 243 0128 0994     		str	r4, [sp, #36]
  75:../../core/platform/octa/src/gpio.c ****   HAL_GPIO_Init(OCTA_BTN1_GPIO_Port, &GPIO_InitStruct);
 244              		.loc 1 75 3 is_stmt 1 view .LVU63
 245 012a DFF8D8B1 		ldr	fp, .L3+100
 246 012e 07A9     		add	r1, sp, #28
 247 0130 5846     		mov	r0, fp
 248 0132 FFF7FEFF 		bl	HAL_GPIO_Init
 249              	.LVL11:
  76:../../core/platform/octa/src/gpio.c **** 
  77:../../core/platform/octa/src/gpio.c ****   //GPIO_InitStruct.Pin = OCTA_BTN2_Pin;
  78:../../core/platform/octa/src/gpio.c ****   //GPIO_InitStruct.Mode = GPIO_MODE_IT_RISING;
  79:../../core/platform/octa/src/gpio.c ****   //GPIO_InitStruct.Pull = GPIO_NOPULL;
  80:../../core/platform/octa/src/gpio.c ****   //HAL_GPIO_Init(OCTA_BTN2_GPIO_Port, &GPIO_InitStruct);
  81:../../core/platform/octa/src/gpio.c **** 
  82:../../core/platform/octa/src/gpio.c **** //  GPIO_InitStruct.Pin = GPIO_PIN_13;
  83:../../core/platform/octa/src/gpio.c **** //  GPIO_InitStruct.Mode = GPIO_MODE_IT_RISING;
  84:../../core/platform/octa/src/gpio.c **** //  GPIO_InitStruct.Pull = GPIO_NOPULL;
  85:../../core/platform/octa/src/gpio.c **** //  HAL_GPIO_Init(GPIOB, &GPIO_InitStruct);
  86:../../core/platform/octa/src/gpio.c **** 
  87:../../core/platform/octa/src/gpio.c ****   GPIO_InitStruct.Pin = GPIO_PIN_5;
 250              		.loc 1 87 3 view .LVU64
 251              		.loc 1 87 23 is_stmt 0 view .LVU65
 252 0136 4FF02009 		mov	r9, #32
 253 013a CDF81C90 		str	r9, [sp, #28]
  88:../../core/platform/octa/src/gpio.c ****   GPIO_InitStruct.Mode = GPIO_MODE_IT_RISING;
 254              		.loc 1 88 3 is_stmt 1 view .LVU66
 255              		.loc 1 88 24 is_stmt 0 view .LVU67
ARM GAS  C:\Users\RUBENJ~1\AppData\Local\Temp\cc93hxfX.s 			page 7


 256 013e CDF820A0 		str	r10, [sp, #32]
  89:../../core/platform/octa/src/gpio.c ****   GPIO_InitStruct.Pull = GPIO_NOPULL;
 257              		.loc 1 89 3 is_stmt 1 view .LVU68
 258              		.loc 1 89 24 is_stmt 0 view .LVU69
 259 0142 0994     		str	r4, [sp, #36]
  90:../../core/platform/octa/src/gpio.c ****   HAL_GPIO_Init(GPIOA, &GPIO_InitStruct);
 260              		.loc 1 90 3 is_stmt 1 view .LVU70
 261 0144 07A9     		add	r1, sp, #28
 262 0146 4FF09040 		mov	r0, #1207959552
 263 014a FFF7FEFF 		bl	HAL_GPIO_Init
 264              	.LVL12:
  91:../../core/platform/octa/src/gpio.c **** 
  92:../../core/platform/octa/src/gpio.c ****   /*Configure GPIO pins : P1_DIO3_Pin P1_DIO5_Pin P2_DIO5_Pin OCTA_STEPUP_Pin 
  93:../../core/platform/octa/src/gpio.c ****                            P3_DIO3_Pin */
  94:../../core/platform/octa/src/gpio.c ****   GPIO_InitStruct.Pin = P1_DIO3_Pin|P1_DIO5_Pin|P2_DIO5_Pin|OCTA_STEPUP_Pin 
 265              		.loc 1 94 3 view .LVU71
 266              		.loc 1 94 23 is_stmt 0 view .LVU72
 267 014e 44F2A833 		movw	r3, #17320
 268 0152 0793     		str	r3, [sp, #28]
  95:../../core/platform/octa/src/gpio.c ****                           |P3_DIO3_Pin|OCTA_LIGHTSENSORLED_Pin;
  96:../../core/platform/octa/src/gpio.c ****   GPIO_InitStruct.Mode = GPIO_MODE_OUTPUT_PP;
 269              		.loc 1 96 3 is_stmt 1 view .LVU73
 270              		.loc 1 96 24 is_stmt 0 view .LVU74
 271 0154 0896     		str	r6, [sp, #32]
  97:../../core/platform/octa/src/gpio.c ****   GPIO_InitStruct.Pull = GPIO_NOPULL;
 272              		.loc 1 97 3 is_stmt 1 view .LVU75
 273              		.loc 1 97 24 is_stmt 0 view .LVU76
 274 0156 0994     		str	r4, [sp, #36]
  98:../../core/platform/octa/src/gpio.c ****   GPIO_InitStruct.Speed = GPIO_SPEED_FREQ_LOW;
 275              		.loc 1 98 3 is_stmt 1 view .LVU77
 276              		.loc 1 98 25 is_stmt 0 view .LVU78
 277 0158 0A94     		str	r4, [sp, #40]
  99:../../core/platform/octa/src/gpio.c ****   HAL_GPIO_Init(GPIOF, &GPIO_InitStruct);
 278              		.loc 1 99 3 is_stmt 1 view .LVU79
 279 015a 07A9     		add	r1, sp, #28
 280 015c 3846     		mov	r0, r7
 281 015e FFF7FEFF 		bl	HAL_GPIO_Init
 282              	.LVL13:
 100:../../core/platform/octa/src/gpio.c **** 
 101:../../core/platform/octa/src/gpio.c ****   /*Configure GPIO pins : P1_DIO6_Pin P1_DIO2_Pin P1_DIO1_Pin */
 102:../../core/platform/octa/src/gpio.c ****   GPIO_InitStruct.Pin = P1_DIO6_Pin|P1_DIO2_Pin|P1_DIO1_Pin;
 283              		.loc 1 102 3 view .LVU80
 284              		.loc 1 102 23 is_stmt 0 view .LVU81
 285 0162 4FF44273 		mov	r3, #776
 286 0166 0793     		str	r3, [sp, #28]
 103:../../core/platform/octa/src/gpio.c ****   GPIO_InitStruct.Mode = GPIO_MODE_OUTPUT_PP;
 287              		.loc 1 103 3 is_stmt 1 view .LVU82
 288              		.loc 1 103 24 is_stmt 0 view .LVU83
 289 0168 0896     		str	r6, [sp, #32]
 104:../../core/platform/octa/src/gpio.c ****   GPIO_InitStruct.Pull = GPIO_NOPULL;
 290              		.loc 1 104 3 is_stmt 1 view .LVU84
 291              		.loc 1 104 24 is_stmt 0 view .LVU85
 292 016a 0994     		str	r4, [sp, #36]
 105:../../core/platform/octa/src/gpio.c ****   GPIO_InitStruct.Speed = GPIO_SPEED_FREQ_LOW;
 293              		.loc 1 105 3 is_stmt 1 view .LVU86
 294              		.loc 1 105 25 is_stmt 0 view .LVU87
 295 016c 0A94     		str	r4, [sp, #40]
ARM GAS  C:\Users\RUBENJ~1\AppData\Local\Temp\cc93hxfX.s 			page 8


 106:../../core/platform/octa/src/gpio.c ****   HAL_GPIO_Init(GPIOC, &GPIO_InitStruct);
 296              		.loc 1 106 3 is_stmt 1 view .LVU88
 297 016e 07A9     		add	r1, sp, #28
 298 0170 4046     		mov	r0, r8
 299 0172 FFF7FEFF 		bl	HAL_GPIO_Init
 300              	.LVL14:
 107:../../core/platform/octa/src/gpio.c **** 
 108:../../core/platform/octa/src/gpio.c ****   /*Configure GPIO pins : BLE_Reset_Pin P1_DIO4_Pin */
 109:../../core/platform/octa/src/gpio.c ****   GPIO_InitStruct.Pin = BLE_Reset_Pin|P1_DIO4_Pin;
 301              		.loc 1 109 3 view .LVU89
 302              		.loc 1 109 23 is_stmt 0 view .LVU90
 303 0176 8223     		movs	r3, #130
 304 0178 0793     		str	r3, [sp, #28]
 110:../../core/platform/octa/src/gpio.c ****   GPIO_InitStruct.Mode = GPIO_MODE_OUTPUT_PP;
 305              		.loc 1 110 3 is_stmt 1 view .LVU91
 306              		.loc 1 110 24 is_stmt 0 view .LVU92
 307 017a 0896     		str	r6, [sp, #32]
 111:../../core/platform/octa/src/gpio.c ****   GPIO_InitStruct.Pull = GPIO_NOPULL;
 308              		.loc 1 111 3 is_stmt 1 view .LVU93
 309              		.loc 1 111 24 is_stmt 0 view .LVU94
 310 017c 0994     		str	r4, [sp, #36]
 112:../../core/platform/octa/src/gpio.c ****   GPIO_InitStruct.Speed = GPIO_SPEED_FREQ_LOW;
 311              		.loc 1 112 3 is_stmt 1 view .LVU95
 312              		.loc 1 112 25 is_stmt 0 view .LVU96
 313 017e 0A94     		str	r4, [sp, #40]
 113:../../core/platform/octa/src/gpio.c ****   HAL_GPIO_Init(GPIOA, &GPIO_InitStruct);
 314              		.loc 1 113 3 is_stmt 1 view .LVU97
 315 0180 07A9     		add	r1, sp, #28
 316 0182 4FF09040 		mov	r0, #1207959552
 317 0186 FFF7FEFF 		bl	HAL_GPIO_Init
 318              	.LVL15:
 114:../../core/platform/octa/src/gpio.c **** 
 115:../../core/platform/octa/src/gpio.c ****   /*Configure GPIO pins : OCTA_GLED_Pin P3_DIO6_Pin LD3_Pin LD2_Pin */
 116:../../core/platform/octa/src/gpio.c ****   GPIO_InitStruct.Pin = OCTA_GLED_Pin|P3_DIO6_Pin|LD3_Pin|LD2_Pin;
 319              		.loc 1 116 3 view .LVU98
 320              		.loc 1 116 23 is_stmt 0 view .LVU99
 321 018a 44F28303 		movw	r3, #16515
 322 018e 0793     		str	r3, [sp, #28]
 117:../../core/platform/octa/src/gpio.c ****   GPIO_InitStruct.Mode = GPIO_MODE_OUTPUT_PP;
 323              		.loc 1 117 3 is_stmt 1 view .LVU100
 324              		.loc 1 117 24 is_stmt 0 view .LVU101
 325 0190 0896     		str	r6, [sp, #32]
 118:../../core/platform/octa/src/gpio.c ****   GPIO_InitStruct.Pull = GPIO_NOPULL;
 326              		.loc 1 118 3 is_stmt 1 view .LVU102
 327              		.loc 1 118 24 is_stmt 0 view .LVU103
 328 0192 0994     		str	r4, [sp, #36]
 119:../../core/platform/octa/src/gpio.c ****   GPIO_InitStruct.Speed = GPIO_SPEED_FREQ_LOW;
 329              		.loc 1 119 3 is_stmt 1 view .LVU104
 330              		.loc 1 119 25 is_stmt 0 view .LVU105
 331 0194 0A94     		str	r4, [sp, #40]
 120:../../core/platform/octa/src/gpio.c ****   HAL_GPIO_Init(GPIOB, &GPIO_InitStruct);
 332              		.loc 1 120 3 is_stmt 1 view .LVU106
 333 0196 07A9     		add	r1, sp, #28
 334 0198 4448     		ldr	r0, .L3+12
 335 019a FFF7FEFF 		bl	HAL_GPIO_Init
 336              	.LVL16:
 121:../../core/platform/octa/src/gpio.c **** 
ARM GAS  C:\Users\RUBENJ~1\AppData\Local\Temp\cc93hxfX.s 			page 9


 122:../../core/platform/octa/src/gpio.c ****   /*Configure GPIO pins : OCTA_BTN1_Pin OCTA_BTN2_Pin */
 123:../../core/platform/octa/src/gpio.c ****   GPIO_InitStruct.Pin = OCTA_BTN1_Pin|OCTA_BTN2_Pin;
 337              		.loc 1 123 3 view .LVU107
 338              		.loc 1 123 23 is_stmt 0 view .LVU108
 339 019e 0323     		movs	r3, #3
 340 01a0 0793     		str	r3, [sp, #28]
 124:../../core/platform/octa/src/gpio.c ****   GPIO_InitStruct.Mode = GPIO_MODE_INPUT;
 341              		.loc 1 124 3 is_stmt 1 view .LVU109
 342              		.loc 1 124 24 is_stmt 0 view .LVU110
 343 01a2 0894     		str	r4, [sp, #32]
 125:../../core/platform/octa/src/gpio.c ****   GPIO_InitStruct.Pull = GPIO_NOPULL;
 344              		.loc 1 125 3 is_stmt 1 view .LVU111
 345              		.loc 1 125 24 is_stmt 0 view .LVU112
 346 01a4 0994     		str	r4, [sp, #36]
 126:../../core/platform/octa/src/gpio.c ****   HAL_GPIO_Init(GPIOG, &GPIO_InitStruct);
 347              		.loc 1 126 3 is_stmt 1 view .LVU113
 348 01a6 07A9     		add	r1, sp, #28
 349 01a8 5846     		mov	r0, fp
 350 01aa FFF7FEFF 		bl	HAL_GPIO_Init
 351              	.LVL17:
 127:../../core/platform/octa/src/gpio.c **** 
 128:../../core/platform/octa/src/gpio.c ****   /*Configure GPIO pins : OCTA_RLED_Pin OCTA_BLED_Pin */
 129:../../core/platform/octa/src/gpio.c ****   GPIO_InitStruct.Pin = OCTA_RLED_Pin|OCTA_BLED_Pin;
 352              		.loc 1 129 3 view .LVU114
 353              		.loc 1 129 23 is_stmt 0 view .LVU115
 354 01ae 4FF44043 		mov	r3, #49152
 355 01b2 0793     		str	r3, [sp, #28]
 130:../../core/platform/octa/src/gpio.c ****   GPIO_InitStruct.Mode = GPIO_MODE_OUTPUT_PP;
 356              		.loc 1 130 3 is_stmt 1 view .LVU116
 357              		.loc 1 130 24 is_stmt 0 view .LVU117
 358 01b4 0896     		str	r6, [sp, #32]
 131:../../core/platform/octa/src/gpio.c ****   GPIO_InitStruct.Pull = GPIO_NOPULL;
 359              		.loc 1 131 3 is_stmt 1 view .LVU118
 360              		.loc 1 131 24 is_stmt 0 view .LVU119
 361 01b6 0994     		str	r4, [sp, #36]
 132:../../core/platform/octa/src/gpio.c ****   GPIO_InitStruct.Speed = GPIO_SPEED_FREQ_LOW;
 362              		.loc 1 132 3 is_stmt 1 view .LVU120
 363              		.loc 1 132 25 is_stmt 0 view .LVU121
 364 01b8 0A94     		str	r4, [sp, #40]
 133:../../core/platform/octa/src/gpio.c ****   HAL_GPIO_Init(GPIOD, &GPIO_InitStruct);
 365              		.loc 1 133 3 is_stmt 1 view .LVU122
 366 01ba 07A9     		add	r1, sp, #28
 367 01bc 3C48     		ldr	r0, .L3+16
 368 01be FFF7FEFF 		bl	HAL_GPIO_Init
 369              	.LVL18:
 134:../../core/platform/octa/src/gpio.c **** 
 135:../../core/platform/octa/src/gpio.c ****   /*Configure GPIO pin : PF13 (OCTA-FLASH CS)*/
 136:../../core/platform/octa/src/gpio.c ****   GPIO_InitStruct.Pin = OCTA_FLASH_CS_Pin;
 370              		.loc 1 136 3 view .LVU123
 371              		.loc 1 136 23 is_stmt 0 view .LVU124
 372 01c2 4FF4005B 		mov	fp, #8192
 373 01c6 CDF81CB0 		str	fp, [sp, #28]
 137:../../core/platform/octa/src/gpio.c ****   GPIO_InitStruct.Mode = GPIO_MODE_OUTPUT_PP;
 374              		.loc 1 137 3 is_stmt 1 view .LVU125
 375              		.loc 1 137 24 is_stmt 0 view .LVU126
 376 01ca 0896     		str	r6, [sp, #32]
 138:../../core/platform/octa/src/gpio.c ****   GPIO_InitStruct.Pull = GPIO_NOPULL;
ARM GAS  C:\Users\RUBENJ~1\AppData\Local\Temp\cc93hxfX.s 			page 10


 377              		.loc 1 138 3 is_stmt 1 view .LVU127
 378              		.loc 1 138 24 is_stmt 0 view .LVU128
 379 01cc 0994     		str	r4, [sp, #36]
 139:../../core/platform/octa/src/gpio.c ****   GPIO_InitStruct.Speed = GPIO_SPEED_FREQ_LOW;
 380              		.loc 1 139 3 is_stmt 1 view .LVU129
 381              		.loc 1 139 25 is_stmt 0 view .LVU130
 382 01ce 0A94     		str	r4, [sp, #40]
 140:../../core/platform/octa/src/gpio.c ****   HAL_GPIO_Init(OCTA_FLASH_CS_Port, &GPIO_InitStruct);
 383              		.loc 1 140 3 is_stmt 1 view .LVU131
 384 01d0 07A9     		add	r1, sp, #28
 385 01d2 3846     		mov	r0, r7
 386 01d4 FFF7FEFF 		bl	HAL_GPIO_Init
 387              	.LVL19:
 141:../../core/platform/octa/src/gpio.c **** 
 142:../../core/platform/octa/src/gpio.c ****   /*Configure GPIO pins : PE11 (OCTA-FLASH WP) PE0 (OCTA-FLASH HOLD) */
 143:../../core/platform/octa/src/gpio.c ****   GPIO_InitStruct.Pin = OCTA_FLASH_WP_Pin|OCTA_FLASH_HOLD_Pin;
 388              		.loc 1 143 3 view .LVU132
 389              		.loc 1 143 23 is_stmt 0 view .LVU133
 390 01d8 40F6010A 		movw	r10, #2049
 391 01dc CDF81CA0 		str	r10, [sp, #28]
 144:../../core/platform/octa/src/gpio.c ****   GPIO_InitStruct.Mode = GPIO_MODE_OUTPUT_PP;
 392              		.loc 1 144 3 is_stmt 1 view .LVU134
 393              		.loc 1 144 24 is_stmt 0 view .LVU135
 394 01e0 0896     		str	r6, [sp, #32]
 145:../../core/platform/octa/src/gpio.c ****   GPIO_InitStruct.Pull = GPIO_NOPULL;
 395              		.loc 1 145 3 is_stmt 1 view .LVU136
 396              		.loc 1 145 24 is_stmt 0 view .LVU137
 397 01e2 0994     		str	r4, [sp, #36]
 146:../../core/platform/octa/src/gpio.c ****   GPIO_InitStruct.Speed = GPIO_SPEED_FREQ_LOW;
 398              		.loc 1 146 3 is_stmt 1 view .LVU138
 399              		.loc 1 146 25 is_stmt 0 view .LVU139
 400 01e4 0A94     		str	r4, [sp, #40]
 147:../../core/platform/octa/src/gpio.c ****   HAL_GPIO_Init(GPIOE, &GPIO_InitStruct);
 401              		.loc 1 147 3 is_stmt 1 view .LVU140
 402 01e6 07A9     		add	r1, sp, #28
 403 01e8 2846     		mov	r0, r5
 404 01ea FFF7FEFF 		bl	HAL_GPIO_Init
 405              	.LVL20:
 148:../../core/platform/octa/src/gpio.c **** 
 149:../../core/platform/octa/src/gpio.c ****   /*Configure GPIO pin Output Level */
 150:../../core/platform/octa/src/gpio.c ****   HAL_GPIO_WritePin(OCTA_FLASH_CS_Port, OCTA_FLASH_CS_Pin, GPIO_PIN_SET);
 406              		.loc 1 150 3 view .LVU141
 407 01ee 3246     		mov	r2, r6
 408 01f0 5946     		mov	r1, fp
 409 01f2 3846     		mov	r0, r7
 410 01f4 FFF7FEFF 		bl	HAL_GPIO_WritePin
 411              	.LVL21:
 151:../../core/platform/octa/src/gpio.c **** 
 152:../../core/platform/octa/src/gpio.c ****   /*Configure GPIO pin Output Level */
 153:../../core/platform/octa/src/gpio.c ****   HAL_GPIO_WritePin(GPIOE, OCTA_FLASH_WP_Pin|OCTA_FLASH_HOLD_Pin, GPIO_PIN_RESET);
 412              		.loc 1 153 3 view .LVU142
 413 01f8 2246     		mov	r2, r4
 414 01fa 5146     		mov	r1, r10
 415 01fc 2846     		mov	r0, r5
 416 01fe FFF7FEFF 		bl	HAL_GPIO_WritePin
 417              	.LVL22:
 154:../../core/platform/octa/src/gpio.c **** 
ARM GAS  C:\Users\RUBENJ~1\AppData\Local\Temp\cc93hxfX.s 			page 11


 155:../../core/platform/octa/src/gpio.c ****   P1_DIO1.PORT = P1_DIO1_GPIO_Port;
 418              		.loc 1 155 3 view .LVU143
 419              		.loc 1 155 16 is_stmt 0 view .LVU144
 420 0202 2C4B     		ldr	r3, .L3+20
 421 0204 C3F80080 		str	r8, [r3]
 156:../../core/platform/octa/src/gpio.c ****   P1_DIO1.PIN =  P1_DIO1_Pin;
 422              		.loc 1 156 3 is_stmt 1 view .LVU145
 423              		.loc 1 156 15 is_stmt 0 view .LVU146
 424 0208 4FF40071 		mov	r1, #512
 425 020c 9980     		strh	r1, [r3, #4]	@ movhi
 157:../../core/platform/octa/src/gpio.c ****   P1_DIO2.PORT = P1_DIO2_GPIO_Port;
 426              		.loc 1 157 3 is_stmt 1 view .LVU147
 427              		.loc 1 157 16 is_stmt 0 view .LVU148
 428 020e 2A4A     		ldr	r2, .L3+24
 429 0210 C2F80080 		str	r8, [r2]
 158:../../core/platform/octa/src/gpio.c ****   P1_DIO2.PIN = P1_DIO2_Pin;
 430              		.loc 1 158 3 is_stmt 1 view .LVU149
 431              		.loc 1 158 15 is_stmt 0 view .LVU150
 432 0214 4FF48073 		mov	r3, #256
 433 0218 9380     		strh	r3, [r2, #4]	@ movhi
 159:../../core/platform/octa/src/gpio.c ****   P1_DIO3.PORT = P1_DIO3_GPIO_Port;
 434              		.loc 1 159 3 is_stmt 1 view .LVU151
 435              		.loc 1 159 16 is_stmt 0 view .LVU152
 436 021a 2848     		ldr	r0, .L3+28
 437 021c 0760     		str	r7, [r0]
 160:../../core/platform/octa/src/gpio.c ****   P1_DIO3.PIN = P1_DIO3_Pin;
 438              		.loc 1 160 3 is_stmt 1 view .LVU153
 439              		.loc 1 160 15 is_stmt 0 view .LVU154
 440 021e 0822     		movs	r2, #8
 441 0220 8280     		strh	r2, [r0, #4]	@ movhi
 161:../../core/platform/octa/src/gpio.c ****   P1_DIO4.PORT = P1_DIO4_GPIO_Port;
 442              		.loc 1 161 3 is_stmt 1 view .LVU155
 443              		.loc 1 161 16 is_stmt 0 view .LVU156
 444 0222 274C     		ldr	r4, .L3+32
 445 0224 4FF09040 		mov	r0, #1207959552
 446 0228 2060     		str	r0, [r4]
 162:../../core/platform/octa/src/gpio.c ****   P1_DIO4.PIN = P1_DIO4_Pin;
 447              		.loc 1 162 3 is_stmt 1 view .LVU157
 448              		.loc 1 162 15 is_stmt 0 view .LVU158
 449 022a 8020     		movs	r0, #128
 450 022c A080     		strh	r0, [r4, #4]	@ movhi
 163:../../core/platform/octa/src/gpio.c ****   P1_DIO5.PORT = P1_DIO5_GPIO_Port;
 451              		.loc 1 163 3 is_stmt 1 view .LVU159
 452              		.loc 1 163 16 is_stmt 0 view .LVU160
 453 022e 254C     		ldr	r4, .L3+36
 454 0230 2760     		str	r7, [r4]
 164:../../core/platform/octa/src/gpio.c ****   P1_DIO5.PIN = P1_DIO5_Pin;
 455              		.loc 1 164 3 is_stmt 1 view .LVU161
 456              		.loc 1 164 15 is_stmt 0 view .LVU162
 457 0232 A4F80490 		strh	r9, [r4, #4]	@ movhi
 165:../../core/platform/octa/src/gpio.c ****   P1_DIO6.PORT = P1_DIO6_GPIO_Port;
 458              		.loc 1 165 3 is_stmt 1 view .LVU163
 459              		.loc 1 165 16 is_stmt 0 view .LVU164
 460 0236 244C     		ldr	r4, .L3+40
 461 0238 C4F80080 		str	r8, [r4]
 166:../../core/platform/octa/src/gpio.c ****   P1_DIO6.PIN = P1_DIO6_Pin;
 462              		.loc 1 166 3 is_stmt 1 view .LVU165
ARM GAS  C:\Users\RUBENJ~1\AppData\Local\Temp\cc93hxfX.s 			page 12


 463              		.loc 1 166 15 is_stmt 0 view .LVU166
 464 023c A280     		strh	r2, [r4, #4]	@ movhi
 167:../../core/platform/octa/src/gpio.c **** 
 168:../../core/platform/octa/src/gpio.c ****   P2_DIO1.PORT = P2_DIO1_GPIO_Port;
 465              		.loc 1 168 3 is_stmt 1 view .LVU167
 466              		.loc 1 168 16 is_stmt 0 view .LVU168
 467 023e 234C     		ldr	r4, .L3+44
 468 0240 2560     		str	r5, [r4]
 169:../../core/platform/octa/src/gpio.c ****   P2_DIO1.PIN =  P2_DIO1_Pin;
 469              		.loc 1 169 3 is_stmt 1 view .LVU169
 470              		.loc 1 169 15 is_stmt 0 view .LVU170
 471 0242 0426     		movs	r6, #4
 472 0244 A680     		strh	r6, [r4, #4]	@ movhi
 170:../../core/platform/octa/src/gpio.c ****   P2_DIO2.PORT = P2_DIO2_GPIO_Port;
 473              		.loc 1 170 3 is_stmt 1 view .LVU171
 474              		.loc 1 170 16 is_stmt 0 view .LVU172
 475 0246 224C     		ldr	r4, .L3+48
 476 0248 2560     		str	r5, [r4]
 171:../../core/platform/octa/src/gpio.c ****   P2_DIO2.PIN = P2_DIO2_Pin;
 477              		.loc 1 171 3 is_stmt 1 view .LVU173
 478              		.loc 1 171 15 is_stmt 0 view .LVU174
 479 024a 1026     		movs	r6, #16
 480 024c A680     		strh	r6, [r4, #4]	@ movhi
 172:../../core/platform/octa/src/gpio.c ****   P2_DIO3.PORT = P2_DIO3_GPIO_Port;
 481              		.loc 1 172 3 is_stmt 1 view .LVU175
 482              		.loc 1 172 16 is_stmt 0 view .LVU176
 483 024e 214C     		ldr	r4, .L3+52
 484 0250 2560     		str	r5, [r4]
 173:../../core/platform/octa/src/gpio.c ****   P2_DIO3.PIN = P2_DIO3_Pin;
 485              		.loc 1 173 3 is_stmt 1 view .LVU177
 486              		.loc 1 173 15 is_stmt 0 view .LVU178
 487 0252 4026     		movs	r6, #64
 488 0254 A680     		strh	r6, [r4, #4]	@ movhi
 174:../../core/platform/octa/src/gpio.c ****   P2_DIO4.PORT = P2_DIO4_GPIO_Port;
 489              		.loc 1 174 3 is_stmt 1 view .LVU179
 490              		.loc 1 174 16 is_stmt 0 view .LVU180
 491 0256 204C     		ldr	r4, .L3+56
 492 0258 2560     		str	r5, [r4]
 175:../../core/platform/octa/src/gpio.c ****   P2_DIO4.PIN = P2_DIO4_Pin;
 493              		.loc 1 175 3 is_stmt 1 view .LVU181
 494              		.loc 1 175 15 is_stmt 0 view .LVU182
 495 025a A4F80490 		strh	r9, [r4, #4]	@ movhi
 176:../../core/platform/octa/src/gpio.c ****   P2_DIO5.PORT = P2_DIO5_GPIO_Port;
 496              		.loc 1 176 3 is_stmt 1 view .LVU183
 497              		.loc 1 176 16 is_stmt 0 view .LVU184
 498 025e 1F4C     		ldr	r4, .L3+60
 499 0260 2760     		str	r7, [r4]
 177:../../core/platform/octa/src/gpio.c ****   P2_DIO5.PIN = P2_DIO5_Pin;
 500              		.loc 1 177 3 is_stmt 1 view .LVU185
 501              		.loc 1 177 15 is_stmt 0 view .LVU186
 502 0262 A380     		strh	r3, [r4, #4]	@ movhi
 178:../../core/platform/octa/src/gpio.c ****   P2_DIO6.PORT = P2_DIO6_GPIO_Port;
 503              		.loc 1 178 3 is_stmt 1 view .LVU187
 504              		.loc 1 178 16 is_stmt 0 view .LVU188
 505 0264 1E4C     		ldr	r4, .L3+64
 506 0266 2560     		str	r5, [r4]
 179:../../core/platform/octa/src/gpio.c ****   P2_DIO6.PIN = P2_DIO6_Pin;
ARM GAS  C:\Users\RUBENJ~1\AppData\Local\Temp\cc93hxfX.s 			page 13


 507              		.loc 1 179 3 is_stmt 1 view .LVU189
 508              		.loc 1 179 15 is_stmt 0 view .LVU190
 509 0268 A280     		strh	r2, [r4, #4]	@ movhi
 180:../../core/platform/octa/src/gpio.c **** 
 181:../../core/platform/octa/src/gpio.c ****   P3_DIO1.PORT = P3_DIO1_GPIO_Port;
 510              		.loc 1 181 3 is_stmt 1 view .LVU191
 511              		.loc 1 181 16 is_stmt 0 view .LVU192
 512 026a 1E4A     		ldr	r2, .L3+68
 513 026c 1560     		str	r5, [r2]
 182:../../core/platform/octa/src/gpio.c ****   P3_DIO1.PIN =  P3_DIO1_Pin;
 514              		.loc 1 182 3 is_stmt 1 view .LVU193
 515              		.loc 1 182 15 is_stmt 0 view .LVU194
 516 026e 9080     		strh	r0, [r2, #4]	@ movhi
 183:../../core/platform/octa/src/gpio.c ****   P3_DIO2.PORT = P3_DIO2_GPIO_Port;
 517              		.loc 1 183 3 is_stmt 1 view .LVU195
 518              		.loc 1 183 16 is_stmt 0 view .LVU196
 519 0270 1D4A     		ldr	r2, .L3+72
 520 0272 1560     		str	r5, [r2]
 184:../../core/platform/octa/src/gpio.c ****   P3_DIO2.PIN = P3_DIO2_Pin;
 521              		.loc 1 184 3 is_stmt 1 view .LVU197
 522              		.loc 1 184 15 is_stmt 0 view .LVU198
 523 0274 4FF48060 		mov	r0, #1024
 524 0278 9080     		strh	r0, [r2, #4]	@ movhi
 185:../../core/platform/octa/src/gpio.c ****   P3_DIO3.PORT = P3_DIO3_GPIO_Port;
 525              		.loc 1 185 3 is_stmt 1 view .LVU199
 526              		.loc 1 185 16 is_stmt 0 view .LVU200
 527 027a 1C4A     		ldr	r2, .L3+76
 528 027c 1760     		str	r7, [r2]
 186:../../core/platform/octa/src/gpio.c ****   P3_DIO3.PIN = P3_DIO3_Pin;
 529              		.loc 1 186 3 is_stmt 1 view .LVU201
 530              		.loc 1 186 15 is_stmt 0 view .LVU202
 531 027e 4FF48040 		mov	r0, #16384
 532 0282 9080     		strh	r0, [r2, #4]	@ movhi
 187:../../core/platform/octa/src/gpio.c ****   P3_DIO4.PORT = P3_DIO4_GPIO_Port;
 533              		.loc 1 187 3 is_stmt 1 view .LVU203
 534              		.loc 1 187 16 is_stmt 0 view .LVU204
 535 0284 1A4A     		ldr	r2, .L3+80
 536 0286 1560     		str	r5, [r2]
 188:../../core/platform/octa/src/gpio.c ****   P3_DIO4.PIN = P3_DIO4_Pin;
 537              		.loc 1 188 3 is_stmt 1 view .LVU205
 538              		.loc 1 188 15 is_stmt 0 view .LVU206
 539 0288 9380     		strh	r3, [r2, #4]	@ movhi
 189:../../core/platform/octa/src/gpio.c ****   P3_DIO5.PORT = P3_DIO5_GPIO_Port;
 540              		.loc 1 189 3 is_stmt 1 view .LVU207
 541              		.loc 1 189 16 is_stmt 0 view .LVU208
 542 028a 1A4B     		ldr	r3, .L3+84
 543 028c 1D60     		str	r5, [r3]
 190:../../core/platform/octa/src/gpio.c ****   P3_DIO5.PIN = P3_DIO5_Pin;
 544              		.loc 1 190 3 is_stmt 1 view .LVU209
 545              		.loc 1 190 15 is_stmt 0 view .LVU210
 546 028e 9980     		strh	r1, [r3, #4]	@ movhi
 191:../../core/platform/octa/src/gpio.c ****   P3_DIO6.PORT = P3_DIO6_GPIO_Port;
 547              		.loc 1 191 3 is_stmt 1 view .LVU211
 548              		.loc 1 191 16 is_stmt 0 view .LVU212
 549 0290 194B     		ldr	r3, .L3+88
 550 0292 064A     		ldr	r2, .L3+12
 551 0294 1A60     		str	r2, [r3]
ARM GAS  C:\Users\RUBENJ~1\AppData\Local\Temp\cc93hxfX.s 			page 14


 192:../../core/platform/octa/src/gpio.c ****   P3_DIO6.PIN = P3_DIO6_Pin;
 552              		.loc 1 192 3 is_stmt 1 view .LVU213
 553              		.loc 1 192 15 is_stmt 0 view .LVU214
 554 0296 0222     		movs	r2, #2
 555 0298 9A80     		strh	r2, [r3, #4]	@ movhi
 193:../../core/platform/octa/src/gpio.c **** 
 194:../../core/platform/octa/src/gpio.c **** }
 556              		.loc 1 194 1 view .LVU215
 557 029a 0DB0     		add	sp, sp, #52
 558              	.LCFI2:
 559              		.cfi_def_cfa_offset 36
 560              		@ sp needed
 561 029c BDE8F08F 		pop	{r4, r5, r6, r7, r8, r9, r10, fp, pc}
 562              	.L4:
 563              		.align	2
 564              	.L3:
 565 02a0 00100240 		.word	1073876992
 566 02a4 00100048 		.word	1207963648
 567 02a8 00140048 		.word	1207964672
 568 02ac 00040048 		.word	1207960576
 569 02b0 000C0048 		.word	1207962624
 570 02b4 00000000 		.word	P1_DIO1
 571 02b8 00000000 		.word	P1_DIO2
 572 02bc 00000000 		.word	P1_DIO3
 573 02c0 00000000 		.word	P1_DIO4
 574 02c4 00000000 		.word	P1_DIO5
 575 02c8 00000000 		.word	P1_DIO6
 576 02cc 00000000 		.word	P2_DIO1
 577 02d0 00000000 		.word	P2_DIO2
 578 02d4 00000000 		.word	P2_DIO3
 579 02d8 00000000 		.word	P2_DIO4
 580 02dc 00000000 		.word	P2_DIO5
 581 02e0 00000000 		.word	P2_DIO6
 582 02e4 00000000 		.word	P3_DIO1
 583 02e8 00000000 		.word	P3_DIO2
 584 02ec 00000000 		.word	P3_DIO3
 585 02f0 00000000 		.word	P3_DIO4
 586 02f4 00000000 		.word	P3_DIO5
 587 02f8 00000000 		.word	P3_DIO6
 588 02fc 00080048 		.word	1207961600
 589 0300 00001110 		.word	269549568
 590 0304 00180048 		.word	1207965696
 591              		.cfi_endproc
 592              	.LFE123:
 594              		.comm	P3_DIO6,8,4
 595              		.comm	P3_DIO5,8,4
 596              		.comm	P3_DIO4,8,4
 597              		.comm	P3_DIO3,8,4
 598              		.comm	P3_DIO2,8,4
 599              		.comm	P3_DIO1,8,4
 600              		.comm	P2_DIO6,8,4
 601              		.comm	P2_DIO5,8,4
 602              		.comm	P2_DIO4,8,4
 603              		.comm	P2_DIO3,8,4
 604              		.comm	P2_DIO2,8,4
 605              		.comm	P2_DIO1,8,4
 606              		.comm	P1_DIO6,8,4
ARM GAS  C:\Users\RUBENJ~1\AppData\Local\Temp\cc93hxfX.s 			page 15


 607              		.comm	P1_DIO5,8,4
 608              		.comm	P1_DIO4,8,4
 609              		.comm	P1_DIO3,8,4
 610              		.comm	P1_DIO2,8,4
 611              		.comm	P1_DIO1,8,4
 612              		.text
 613              	.Letext0:
 614              		.file 2 "c:\\program files (x86)\\gnu tools arm embedded\\8 2019-q3-update\\arm-none-eabi\\include
 615              		.file 3 "c:\\program files (x86)\\gnu tools arm embedded\\8 2019-q3-update\\arm-none-eabi\\include
 616              		.file 4 "../../core/ST/CMSIS/Include/core_cm4.h"
 617              		.file 5 "../../core/ST/CMSIS/Device/ST/STM32L4xx/Include/system_stm32l4xx.h"
 618              		.file 6 "../../core/ST/CMSIS/Device/ST/STM32L4xx/Include/stm32l496xx.h"
 619              		.file 7 "../../core/ST/STM32L4xx_HAL_Driver/Inc/stm32l4xx_hal_gpio.h"
 620              		.file 8 "../../core/ST/STM32L4xx_HAL_Driver/Inc/stm32l4xx_hal.h"
 621              		.file 9 "../../core/platform/octa/inc/gpio.h"
 622              		.file 10 "../../core/ST/STM32L4xx_HAL_Driver/Inc/stm32l4xx_hal_pwr_ex.h"
ARM GAS  C:\Users\RUBENJ~1\AppData\Local\Temp\cc93hxfX.s 			page 16


DEFINED SYMBOLS
                            *ABS*:00000000 gpio.c
C:\Users\RUBENJ~1\AppData\Local\Temp\cc93hxfX.s:18     .text.OCTA_GPIO_Init:00000000 $t
C:\Users\RUBENJ~1\AppData\Local\Temp\cc93hxfX.s:26     .text.OCTA_GPIO_Init:00000000 OCTA_GPIO_Init
C:\Users\RUBENJ~1\AppData\Local\Temp\cc93hxfX.s:565    .text.OCTA_GPIO_Init:000002a0 $d
                            *COM*:00000008 P1_DIO1
                            *COM*:00000008 P1_DIO2
                            *COM*:00000008 P1_DIO3
                            *COM*:00000008 P1_DIO4
                            *COM*:00000008 P1_DIO5
                            *COM*:00000008 P1_DIO6
                            *COM*:00000008 P2_DIO1
                            *COM*:00000008 P2_DIO2
                            *COM*:00000008 P2_DIO3
                            *COM*:00000008 P2_DIO4
                            *COM*:00000008 P2_DIO5
                            *COM*:00000008 P2_DIO6
                            *COM*:00000008 P3_DIO1
                            *COM*:00000008 P3_DIO2
                            *COM*:00000008 P3_DIO3
                            *COM*:00000008 P3_DIO4
                            *COM*:00000008 P3_DIO5
                            *COM*:00000008 P3_DIO6

UNDEFINED SYMBOLS
HAL_PWREx_EnableVddIO2
HAL_GPIO_WritePin
HAL_GPIO_Init
