ARM GAS  C:\Users\RUBENJ~1\AppData\Local\Temp\ccJHTOSV.s 			page 1


   1              		.cpu cortex-m4
   2              		.eabi_attribute 27, 1
   3              		.eabi_attribute 28, 1
   4              		.eabi_attribute 20, 1
   5              		.eabi_attribute 21, 1
   6              		.eabi_attribute 23, 3
   7              		.eabi_attribute 24, 1
   8              		.eabi_attribute 25, 1
   9              		.eabi_attribute 26, 1
  10              		.eabi_attribute 30, 1
  11              		.eabi_attribute 34, 1
  12              		.eabi_attribute 18, 4
  13              		.file	"LSM303AGRSensor.c"
  14              		.text
  15              	.Ltext0:
  16              		.cfi_sections	.debug_frame
  17              		.section	.text.LSM303AGR_setI2CInterface,"ax",%progbits
  18              		.align	1
  19              		.global	LSM303AGR_setI2CInterface
  20              		.arch armv7e-m
  21              		.syntax unified
  22              		.thumb
  23              		.thumb_func
  24              		.fpu fpv4-sp-d16
  26              	LSM303AGR_setI2CInterface:
  27              	.LVL0:
  28              	.LFB123:
  29              		.file 1 "../../core/drivers/LSM303AGR/src/LSM303AGRSensor.c"
   1:../../core/drivers/LSM303AGR/src/LSM303AGRSensor.c **** #include "LSM303AGRSensor.h"
   2:../../core/drivers/LSM303AGR/src/LSM303AGRSensor.c **** 
   3:../../core/drivers/LSM303AGR/src/LSM303AGRSensor.c **** 
   4:../../core/drivers/LSM303AGR/src/LSM303AGRSensor.c **** /**
   5:../../core/drivers/LSM303AGR/src/LSM303AGRSensor.c ****  * Sets the I2C interface for the LSM303AGR
   6:../../core/drivers/LSM303AGR/src/LSM303AGRSensor.c ****  * @param hi2c: the I2C interface
   7:../../core/drivers/LSM303AGR/src/LSM303AGRSensor.c ****  */
   8:../../core/drivers/LSM303AGR/src/LSM303AGRSensor.c **** void LSM303AGR_setI2CInterface(I2C_HandleTypeDef *hi2c) {
  30              		.loc 1 8 57 view -0
  31              		.cfi_startproc
  32              		@ args = 0, pretend = 0, frame = 0
  33              		@ frame_needed = 0, uses_anonymous_args = 0
  34              		@ link register save eliminated.
   9:../../core/drivers/LSM303AGR/src/LSM303AGRSensor.c **** 
  10:../../core/drivers/LSM303AGR/src/LSM303AGRSensor.c **** 	LSM303AGR_hi2c = hi2c;
  35              		.loc 1 10 2 view .LVU1
  36              		.loc 1 10 17 is_stmt 0 view .LVU2
  37 0000 014B     		ldr	r3, .L2
  38 0002 1860     		str	r0, [r3]
  11:../../core/drivers/LSM303AGR/src/LSM303AGRSensor.c **** }
  39              		.loc 1 11 1 view .LVU3
  40 0004 7047     		bx	lr
  41              	.L3:
  42 0006 00BF     		.align	2
  43              	.L2:
  44 0008 00000000 		.word	LSM303AGR_hi2c
  45              		.cfi_endproc
  46              	.LFE123:
  48              		.section	.text.LSM303AGR_readRegister,"ax",%progbits
ARM GAS  C:\Users\RUBENJ~1\AppData\Local\Temp\ccJHTOSV.s 			page 2


  49              		.align	1
  50              		.global	LSM303AGR_readRegister
  51              		.syntax unified
  52              		.thumb
  53              		.thumb_func
  54              		.fpu fpv4-sp-d16
  56              	LSM303AGR_readRegister:
  57              	.LVL1:
  58              	.LFB124:
  12:../../core/drivers/LSM303AGR/src/LSM303AGRSensor.c **** 
  13:../../core/drivers/LSM303AGR/src/LSM303AGRSensor.c **** /**
  14:../../core/drivers/LSM303AGR/src/LSM303AGRSensor.c ****  * Read a certain register of the LSM303AGR depending on the value of ACC_MAG:
  15:../../core/drivers/LSM303AGR/src/LSM303AGRSensor.c ****  * 		- if this value is 0: read out a register of the accelerometer
  16:../../core/drivers/LSM303AGR/src/LSM303AGRSensor.c ****  * 		- if this value is 1: read out a register of the magnetormeter
  17:../../core/drivers/LSM303AGR/src/LSM303AGRSensor.c ****  * The standard HAL library values are used for the size of the register and time-out.
  18:../../core/drivers/LSM303AGR/src/LSM303AGRSensor.c ****  * @param LSM303AGR_reg: the register that needs to be read of the LSM303AGR
  19:../../core/drivers/LSM303AGR/src/LSM303AGRSensor.c ****  * @param LSM303AGR_data: a pointer where the data of the register needs to be stored
  20:../../core/drivers/LSM303AGR/src/LSM303AGRSensor.c ****  * @param ACC_MAG: depending on the value a value a register of the accelerometer of magnetometer a
  21:../../core/drivers/LSM303AGR/src/LSM303AGRSensor.c ****  * @return returns the status of the I2C transfer
  22:../../core/drivers/LSM303AGR/src/LSM303AGRSensor.c ****  */
  23:../../core/drivers/LSM303AGR/src/LSM303AGRSensor.c **** HAL_StatusTypeDef LSM303AGR_readRegister(uint8_t LSM303AGR_reg,
  24:../../core/drivers/LSM303AGR/src/LSM303AGRSensor.c **** 		uint8_t LSM303AGR_data, uint8_t ACC_MAG) {
  59              		.loc 1 24 44 is_stmt 1 view -0
  60              		.cfi_startproc
  61              		@ args = 0, pretend = 0, frame = 8
  62              		@ frame_needed = 0, uses_anonymous_args = 0
  63              		.loc 1 24 44 is_stmt 0 view .LVU5
  64 0000 00B5     		push	{lr}
  65              	.LCFI0:
  66              		.cfi_def_cfa_offset 4
  67              		.cfi_offset 14, -4
  68 0002 87B0     		sub	sp, sp, #28
  69              	.LCFI1:
  70              		.cfi_def_cfa_offset 32
  71 0004 8DF81710 		strb	r1, [sp, #23]
  25:../../core/drivers/LSM303AGR/src/LSM303AGRSensor.c **** 
  26:../../core/drivers/LSM303AGR/src/LSM303AGRSensor.c **** 	if (ACC_MAG == 0) {
  72              		.loc 1 26 2 is_stmt 1 view .LVU6
  73              		.loc 1 26 5 is_stmt 0 view .LVU7
  74 0008 8AB9     		cbnz	r2, .L5
  27:../../core/drivers/LSM303AGR/src/LSM303AGRSensor.c **** 		HAL_I2C_Mem_Read(LSM303AGR_hi2c, LSM303AGR_ACC_I2C_ADDRESS,
  75              		.loc 1 27 3 is_stmt 1 view .LVU8
  76 000a 4FF0FF33 		mov	r3, #-1
  77 000e 0293     		str	r3, [sp, #8]
  78 0010 0123     		movs	r3, #1
  79 0012 0193     		str	r3, [sp, #4]
  80 0014 0DF11702 		add	r2, sp, #23
  81              	.LVL2:
  82              		.loc 1 27 3 is_stmt 0 view .LVU9
  83 0018 0092     		str	r2, [sp]
  84 001a 0246     		mov	r2, r0
  85 001c 3221     		movs	r1, #50
  86              	.LVL3:
  87              		.loc 1 27 3 view .LVU10
  88 001e 0B48     		ldr	r0, .L8
  89              	.LVL4:
  90              		.loc 1 27 3 view .LVU11
ARM GAS  C:\Users\RUBENJ~1\AppData\Local\Temp\ccJHTOSV.s 			page 3


  91 0020 0068     		ldr	r0, [r0]
  92 0022 FFF7FEFF 		bl	HAL_I2C_Mem_Read
  93              	.LVL5:
  94              	.L6:
  28:../../core/drivers/LSM303AGR/src/LSM303AGRSensor.c **** 				LSM303AGR_reg, I2C_MEMADD_SIZE_8BIT, &LSM303AGR_data,
  29:../../core/drivers/LSM303AGR/src/LSM303AGRSensor.c **** 				sizeof(LSM303AGR_data), HAL_MAX_DELAY);
  30:../../core/drivers/LSM303AGR/src/LSM303AGRSensor.c **** 	} else {
  31:../../core/drivers/LSM303AGR/src/LSM303AGRSensor.c **** 		HAL_I2C_Mem_Read(LSM303AGR_hi2c, LSM303AGR_MAG_I2C_ADDRESS,
  32:../../core/drivers/LSM303AGR/src/LSM303AGRSensor.c **** 				LSM303AGR_reg, I2C_MEMADD_SIZE_8BIT, &LSM303AGR_data,
  33:../../core/drivers/LSM303AGR/src/LSM303AGRSensor.c **** 				sizeof(LSM303AGR_data), HAL_MAX_DELAY);
  34:../../core/drivers/LSM303AGR/src/LSM303AGRSensor.c **** 	}
  35:../../core/drivers/LSM303AGR/src/LSM303AGRSensor.c **** 
  36:../../core/drivers/LSM303AGR/src/LSM303AGRSensor.c **** 	return HAL_OK;
  95              		.loc 1 36 2 is_stmt 1 view .LVU12
  37:../../core/drivers/LSM303AGR/src/LSM303AGRSensor.c **** }
  96              		.loc 1 37 1 is_stmt 0 view .LVU13
  97 0026 0020     		movs	r0, #0
  98 0028 07B0     		add	sp, sp, #28
  99              	.LCFI2:
 100              		.cfi_remember_state
 101              		.cfi_def_cfa_offset 4
 102              		@ sp needed
 103 002a 5DF804FB 		ldr	pc, [sp], #4
 104              	.LVL6:
 105              	.L5:
 106              	.LCFI3:
 107              		.cfi_restore_state
  31:../../core/drivers/LSM303AGR/src/LSM303AGRSensor.c **** 				LSM303AGR_reg, I2C_MEMADD_SIZE_8BIT, &LSM303AGR_data,
 108              		.loc 1 31 3 is_stmt 1 view .LVU14
 109 002e 4FF0FF33 		mov	r3, #-1
 110 0032 0293     		str	r3, [sp, #8]
 111 0034 0123     		movs	r3, #1
 112 0036 0193     		str	r3, [sp, #4]
 113 0038 0DF11702 		add	r2, sp, #23
 114              	.LVL7:
  31:../../core/drivers/LSM303AGR/src/LSM303AGRSensor.c **** 				LSM303AGR_reg, I2C_MEMADD_SIZE_8BIT, &LSM303AGR_data,
 115              		.loc 1 31 3 is_stmt 0 view .LVU15
 116 003c 0092     		str	r2, [sp]
 117 003e 0246     		mov	r2, r0
 118 0040 3C21     		movs	r1, #60
 119              	.LVL8:
  31:../../core/drivers/LSM303AGR/src/LSM303AGRSensor.c **** 				LSM303AGR_reg, I2C_MEMADD_SIZE_8BIT, &LSM303AGR_data,
 120              		.loc 1 31 3 view .LVU16
 121 0042 0248     		ldr	r0, .L8
 122              	.LVL9:
  31:../../core/drivers/LSM303AGR/src/LSM303AGRSensor.c **** 				LSM303AGR_reg, I2C_MEMADD_SIZE_8BIT, &LSM303AGR_data,
 123              		.loc 1 31 3 view .LVU17
 124 0044 0068     		ldr	r0, [r0]
 125 0046 FFF7FEFF 		bl	HAL_I2C_Mem_Read
 126              	.LVL10:
  31:../../core/drivers/LSM303AGR/src/LSM303AGRSensor.c **** 				LSM303AGR_reg, I2C_MEMADD_SIZE_8BIT, &LSM303AGR_data,
 127              		.loc 1 31 3 view .LVU18
 128 004a ECE7     		b	.L6
 129              	.L9:
 130              		.align	2
 131              	.L8:
 132 004c 00000000 		.word	LSM303AGR_hi2c
ARM GAS  C:\Users\RUBENJ~1\AppData\Local\Temp\ccJHTOSV.s 			page 4


 133              		.cfi_endproc
 134              	.LFE124:
 136              		.section	.text.LSM303AGR_writeRegister,"ax",%progbits
 137              		.align	1
 138              		.global	LSM303AGR_writeRegister
 139              		.syntax unified
 140              		.thumb
 141              		.thumb_func
 142              		.fpu fpv4-sp-d16
 144              	LSM303AGR_writeRegister:
 145              	.LVL11:
 146              	.LFB125:
  38:../../core/drivers/LSM303AGR/src/LSM303AGRSensor.c **** 
  39:../../core/drivers/LSM303AGR/src/LSM303AGRSensor.c **** /**
  40:../../core/drivers/LSM303AGR/src/LSM303AGRSensor.c ****  * Writes a cerain value to a certain register of the LSM303AGR depending on the value of ACC_MAG:
  41:../../core/drivers/LSM303AGR/src/LSM303AGRSensor.c ****  *   	- if this value is 0: write to a register of the accelerometer
  42:../../core/drivers/LSM303AGR/src/LSM303AGRSensor.c ****  * 		- if this value is 1: write to a register of the magnetormeter
  43:../../core/drivers/LSM303AGR/src/LSM303AGRSensor.c ****  * the standard HAL library values are used for the size of the register and time-out.
  44:../../core/drivers/LSM303AGR/src/LSM303AGRSensor.c ****  * @param LSM303AGR_reg: the register where data needs to be written to
  45:../../core/drivers/LSM303AGR/src/LSM303AGRSensor.c ****  * @param LSM303AGR_data: a pointer to the data that needs to be written
  46:../../core/drivers/LSM303AGR/src/LSM303AGRSensor.c ****  * @param ACC_MAG: depending on the value, a write is performed to the accelerometer of magnetomete
  47:../../core/drivers/LSM303AGR/src/LSM303AGRSensor.c ****  * @return returns the status of the I2C transfer
  48:../../core/drivers/LSM303AGR/src/LSM303AGRSensor.c ****  */
  49:../../core/drivers/LSM303AGR/src/LSM303AGRSensor.c **** HAL_StatusTypeDef LSM303AGR_writeRegister(uint8_t LSM303AGR_reg,
  50:../../core/drivers/LSM303AGR/src/LSM303AGRSensor.c **** 		uint8_t LSM303AGR_data, uint8_t ACC_MAG) {
 147              		.loc 1 50 44 is_stmt 1 view -0
 148              		.cfi_startproc
 149              		@ args = 0, pretend = 0, frame = 8
 150              		@ frame_needed = 0, uses_anonymous_args = 0
 151              		.loc 1 50 44 is_stmt 0 view .LVU20
 152 0000 00B5     		push	{lr}
 153              	.LCFI4:
 154              		.cfi_def_cfa_offset 4
 155              		.cfi_offset 14, -4
 156 0002 87B0     		sub	sp, sp, #28
 157              	.LCFI5:
 158              		.cfi_def_cfa_offset 32
 159 0004 8DF81710 		strb	r1, [sp, #23]
  51:../../core/drivers/LSM303AGR/src/LSM303AGRSensor.c **** 
  52:../../core/drivers/LSM303AGR/src/LSM303AGRSensor.c **** 	if (ACC_MAG == 0) {
 160              		.loc 1 52 2 is_stmt 1 view .LVU21
 161              		.loc 1 52 5 is_stmt 0 view .LVU22
 162 0008 8AB9     		cbnz	r2, .L11
  53:../../core/drivers/LSM303AGR/src/LSM303AGRSensor.c **** 		HAL_I2C_Mem_Write(LSM303AGR_hi2c, LSM303AGR_ACC_I2C_ADDRESS,
 163              		.loc 1 53 3 is_stmt 1 view .LVU23
 164 000a 4FF0FF33 		mov	r3, #-1
 165 000e 0293     		str	r3, [sp, #8]
 166 0010 0123     		movs	r3, #1
 167 0012 0193     		str	r3, [sp, #4]
 168 0014 0DF11702 		add	r2, sp, #23
 169              	.LVL12:
 170              		.loc 1 53 3 is_stmt 0 view .LVU24
 171 0018 0092     		str	r2, [sp]
 172 001a 0246     		mov	r2, r0
 173 001c 3221     		movs	r1, #50
 174              	.LVL13:
 175              		.loc 1 53 3 view .LVU25
ARM GAS  C:\Users\RUBENJ~1\AppData\Local\Temp\ccJHTOSV.s 			page 5


 176 001e 0B48     		ldr	r0, .L14
 177              	.LVL14:
 178              		.loc 1 53 3 view .LVU26
 179 0020 0068     		ldr	r0, [r0]
 180 0022 FFF7FEFF 		bl	HAL_I2C_Mem_Write
 181              	.LVL15:
 182              	.L12:
  54:../../core/drivers/LSM303AGR/src/LSM303AGRSensor.c **** 				LSM303AGR_reg, I2C_MEMADD_SIZE_8BIT, &LSM303AGR_data,
  55:../../core/drivers/LSM303AGR/src/LSM303AGRSensor.c **** 				sizeof(LSM303AGR_data), HAL_MAX_DELAY);
  56:../../core/drivers/LSM303AGR/src/LSM303AGRSensor.c **** 	} else {
  57:../../core/drivers/LSM303AGR/src/LSM303AGRSensor.c **** 		HAL_I2C_Mem_Write(LSM303AGR_hi2c, LSM303AGR_MAG_I2C_ADDRESS,
  58:../../core/drivers/LSM303AGR/src/LSM303AGRSensor.c **** 				LSM303AGR_reg, I2C_MEMADD_SIZE_8BIT, &LSM303AGR_data,
  59:../../core/drivers/LSM303AGR/src/LSM303AGRSensor.c **** 				sizeof(LSM303AGR_setting), HAL_MAX_DELAY);
  60:../../core/drivers/LSM303AGR/src/LSM303AGRSensor.c **** 	}
  61:../../core/drivers/LSM303AGR/src/LSM303AGRSensor.c **** 
  62:../../core/drivers/LSM303AGR/src/LSM303AGRSensor.c **** 	return HAL_OK;
 183              		.loc 1 62 2 is_stmt 1 view .LVU27
  63:../../core/drivers/LSM303AGR/src/LSM303AGRSensor.c **** 
  64:../../core/drivers/LSM303AGR/src/LSM303AGRSensor.c **** }
 184              		.loc 1 64 1 is_stmt 0 view .LVU28
 185 0026 0020     		movs	r0, #0
 186 0028 07B0     		add	sp, sp, #28
 187              	.LCFI6:
 188              		.cfi_remember_state
 189              		.cfi_def_cfa_offset 4
 190              		@ sp needed
 191 002a 5DF804FB 		ldr	pc, [sp], #4
 192              	.LVL16:
 193              	.L11:
 194              	.LCFI7:
 195              		.cfi_restore_state
  57:../../core/drivers/LSM303AGR/src/LSM303AGRSensor.c **** 				LSM303AGR_reg, I2C_MEMADD_SIZE_8BIT, &LSM303AGR_data,
 196              		.loc 1 57 3 is_stmt 1 view .LVU29
 197 002e 4FF0FF33 		mov	r3, #-1
 198 0032 0293     		str	r3, [sp, #8]
 199 0034 0123     		movs	r3, #1
 200 0036 0193     		str	r3, [sp, #4]
 201 0038 0DF11702 		add	r2, sp, #23
 202              	.LVL17:
  57:../../core/drivers/LSM303AGR/src/LSM303AGRSensor.c **** 				LSM303AGR_reg, I2C_MEMADD_SIZE_8BIT, &LSM303AGR_data,
 203              		.loc 1 57 3 is_stmt 0 view .LVU30
 204 003c 0092     		str	r2, [sp]
 205 003e 0246     		mov	r2, r0
 206 0040 3C21     		movs	r1, #60
 207              	.LVL18:
  57:../../core/drivers/LSM303AGR/src/LSM303AGRSensor.c **** 				LSM303AGR_reg, I2C_MEMADD_SIZE_8BIT, &LSM303AGR_data,
 208              		.loc 1 57 3 view .LVU31
 209 0042 0248     		ldr	r0, .L14
 210              	.LVL19:
  57:../../core/drivers/LSM303AGR/src/LSM303AGRSensor.c **** 				LSM303AGR_reg, I2C_MEMADD_SIZE_8BIT, &LSM303AGR_data,
 211              		.loc 1 57 3 view .LVU32
 212 0044 0068     		ldr	r0, [r0]
 213 0046 FFF7FEFF 		bl	HAL_I2C_Mem_Write
 214              	.LVL20:
  57:../../core/drivers/LSM303AGR/src/LSM303AGRSensor.c **** 				LSM303AGR_reg, I2C_MEMADD_SIZE_8BIT, &LSM303AGR_data,
 215              		.loc 1 57 3 view .LVU33
 216 004a ECE7     		b	.L12
ARM GAS  C:\Users\RUBENJ~1\AppData\Local\Temp\ccJHTOSV.s 			page 6


 217              	.L15:
 218              		.align	2
 219              	.L14:
 220 004c 00000000 		.word	LSM303AGR_hi2c
 221              		.cfi_endproc
 222              	.LFE125:
 224              		.section	.text.LSM303AGR_init,"ax",%progbits
 225              		.align	1
 226              		.global	LSM303AGR_init
 227              		.syntax unified
 228              		.thumb
 229              		.thumb_func
 230              		.fpu fpv4-sp-d16
 232              	LSM303AGR_init:
 233              	.LFB126:
  65:../../core/drivers/LSM303AGR/src/LSM303AGRSensor.c **** 
  66:../../core/drivers/LSM303AGR/src/LSM303AGRSensor.c **** /**
  67:../../core/drivers/LSM303AGR/src/LSM303AGRSensor.c ****  * Initialization of the LSM303AGR accelerometer and magnetometer.
  68:../../core/drivers/LSM303AGR/src/LSM303AGRSensor.c ****  * The accelerometer is initialized with the following values:
  69:../../core/drivers/LSM303AGR/src/LSM303AGRSensor.c ****  * 		- Powerdown,
  70:../../core/drivers/LSM303AGR/src/LSM303AGRSensor.c ****  * 		- X, Y and Z-axes enabled
  71:../../core/drivers/LSM303AGR/src/LSM303AGRSensor.c ****  * 		- BDU enabled (output registers are not updated until the MSB and LSB have been read)
  72:../../core/drivers/LSM303AGR/src/LSM303AGRSensor.c ****  *
  73:../../core/drivers/LSM303AGR/src/LSM303AGRSensor.c ****  * The magnetometer is initialized with the following values:
  74:../../core/drivers/LSM303AGR/src/LSM303AGRSensor.c ****  * 		- Idle mode,
  75:../../core/drivers/LSM303AGR/src/LSM303AGRSensor.c ****  * 		- Temperature compensation enabled,
  76:../../core/drivers/LSM303AGR/src/LSM303AGRSensor.c ****  * 		- Low-power mode enabled,
  77:../../core/drivers/LSM303AGR/src/LSM303AGRSensor.c ****  * 		- Offset cancelation enabled,
  78:../../core/drivers/LSM303AGR/src/LSM303AGRSensor.c ****  * 		- Low pass filter enabled,
  79:../../core/drivers/LSM303AGR/src/LSM303AGRSensor.c ****  * 		- BDU enabled
  80:../../core/drivers/LSM303AGR/src/LSM303AGRSensor.c ****  */
  81:../../core/drivers/LSM303AGR/src/LSM303AGRSensor.c **** void LSM303AGR_init() {
 234              		.loc 1 81 23 is_stmt 1 view -0
 235              		.cfi_startproc
 236              		@ args = 0, pretend = 0, frame = 0
 237              		@ frame_needed = 0, uses_anonymous_args = 0
 238 0000 10B5     		push	{r4, lr}
 239              	.LCFI8:
 240              		.cfi_def_cfa_offset 8
 241              		.cfi_offset 4, -8
 242              		.cfi_offset 14, -4
  82:../../core/drivers/LSM303AGR/src/LSM303AGRSensor.c **** 
  83:../../core/drivers/LSM303AGR/src/LSM303AGRSensor.c **** 	LSM303AGR_setting = LSM303AGR_ACC_ODR_100Hz | LSM303AGR_ACC_X_EN
 243              		.loc 1 83 2 view .LVU35
 244              		.loc 1 83 20 is_stmt 0 view .LVU36
 245 0002 1C4C     		ldr	r4, .L18
 246 0004 5721     		movs	r1, #87
 247 0006 2170     		strb	r1, [r4]
  84:../../core/drivers/LSM303AGR/src/LSM303AGRSensor.c **** 			| LSM303AGR_ACC_Y_EN | LSM303AGR_ACC_Z_EN;
  85:../../core/drivers/LSM303AGR/src/LSM303AGRSensor.c **** 	LSM303AGR_writeRegister(LSM303AGR_ACC_CTRL_REG1, LSM303AGR_setting, 0);
 248              		.loc 1 85 2 is_stmt 1 view .LVU37
 249 0008 0022     		movs	r2, #0
 250 000a 2020     		movs	r0, #32
 251 000c FFF7FEFF 		bl	LSM303AGR_writeRegister
 252              	.LVL21:
  86:../../core/drivers/LSM303AGR/src/LSM303AGRSensor.c **** 
  87:../../core/drivers/LSM303AGR/src/LSM303AGRSensor.c **** 	LSM303AGR_setting = LSM303AGR_ACC_BDU_EN | LSM303AGR_ACC_FS_16;
ARM GAS  C:\Users\RUBENJ~1\AppData\Local\Temp\ccJHTOSV.s 			page 7


 253              		.loc 1 87 2 view .LVU38
 254              		.loc 1 87 20 is_stmt 0 view .LVU39
 255 0010 B021     		movs	r1, #176
 256 0012 2170     		strb	r1, [r4]
  88:../../core/drivers/LSM303AGR/src/LSM303AGRSensor.c **** 	LSM303AGR_writeRegister(LSM303AGR_ACC_CTRL_REG4, LSM303AGR_setting, 0);
 257              		.loc 1 88 2 is_stmt 1 view .LVU40
 258 0014 0022     		movs	r2, #0
 259 0016 2320     		movs	r0, #35
 260 0018 FFF7FEFF 		bl	LSM303AGR_writeRegister
 261              	.LVL22:
  89:../../core/drivers/LSM303AGR/src/LSM303AGRSensor.c ****   
  90:../../core/drivers/LSM303AGR/src/LSM303AGRSensor.c **** 	LSM303AGR_setting =0xFF; //LSB = 1/ODR = 15/100
 262              		.loc 1 90 2 view .LVU41
 263              		.loc 1 90 20 is_stmt 0 view .LVU42
 264 001c FF21     		movs	r1, #255
 265 001e 2170     		strb	r1, [r4]
  91:../../core/drivers/LSM303AGR/src/LSM303AGRSensor.c **** 	LSM303AGR_writeRegister(LSM303AGR_ACC_INT1_DURATION_A, LSM303AGR_setting, 0); //one of them is not
 266              		.loc 1 91 2 is_stmt 1 view .LVU43
 267 0020 0022     		movs	r2, #0
 268 0022 3320     		movs	r0, #51
 269 0024 FFF7FEFF 		bl	LSM303AGR_writeRegister
 270              	.LVL23:
  92:../../core/drivers/LSM303AGR/src/LSM303AGRSensor.c **** 	//LSM303AGR_setting =0x0F; //LSB = 1/ODR = 15/100
  93:../../core/drivers/LSM303AGR/src/LSM303AGRSensor.c **** 	//LSM303AGR_writeRegister(LSM303AGR_ACC_INT2_DURATION_A, LSM303AGR_setting, 0);
  94:../../core/drivers/LSM303AGR/src/LSM303AGRSensor.c **** 
  95:../../core/drivers/LSM303AGR/src/LSM303AGRSensor.c **** 	LSM303AGR_setting = LSM303AGR_ACC_INT_X_UP_EN | LSM303AGR_ACC_INT_Y_UP_EN;
 271              		.loc 1 95 2 view .LVU44
 272              		.loc 1 95 20 is_stmt 0 view .LVU45
 273 0028 0A21     		movs	r1, #10
 274 002a 2170     		strb	r1, [r4]
 275              		.loc 1 95 75 is_stmt 1 view .LVU46
  96:../../core/drivers/LSM303AGR/src/LSM303AGRSensor.c **** 	LSM303AGR_writeRegister(LSM303AGR_ACC_INT1_CFG_A, LSM303AGR_setting, 0);
 276              		.loc 1 96 2 view .LVU47
 277 002c 0022     		movs	r2, #0
 278 002e 3020     		movs	r0, #48
 279 0030 FFF7FEFF 		bl	LSM303AGR_writeRegister
 280              	.LVL24:
  97:../../core/drivers/LSM303AGR/src/LSM303AGRSensor.c **** 
  98:../../core/drivers/LSM303AGR/src/LSM303AGRSensor.c **** 	LSM303AGR_setting = (uint8_t)(40*0.186);//in G
 281              		.loc 1 98 2 view .LVU48
 282              		.loc 1 98 20 is_stmt 0 view .LVU49
 283 0034 0721     		movs	r1, #7
 284 0036 2170     		strb	r1, [r4]
  99:../../core/drivers/LSM303AGR/src/LSM303AGRSensor.c **** 	LSM303AGR_writeRegister(LSM303AGR_ACC_ACT_THS_A, LSM303AGR_setting, 0);
 285              		.loc 1 99 2 is_stmt 1 view .LVU50
 286 0038 0022     		movs	r2, #0
 287 003a 3E20     		movs	r0, #62
 288 003c FFF7FEFF 		bl	LSM303AGR_writeRegister
 289              	.LVL25:
 100:../../core/drivers/LSM303AGR/src/LSM303AGRSensor.c **** 
 101:../../core/drivers/LSM303AGR/src/LSM303AGRSensor.c **** 	LSM303AGR_setting = 0x1A;//in G
 290              		.loc 1 101 2 view .LVU51
 291              		.loc 1 101 20 is_stmt 0 view .LVU52
 292 0040 1A21     		movs	r1, #26
 293 0042 2170     		strb	r1, [r4]
 102:../../core/drivers/LSM303AGR/src/LSM303AGRSensor.c **** 	LSM303AGR_writeRegister(0x25, LSM303AGR_setting, 0);
 294              		.loc 1 102 2 is_stmt 1 view .LVU53
ARM GAS  C:\Users\RUBENJ~1\AppData\Local\Temp\ccJHTOSV.s 			page 8


 295 0044 0022     		movs	r2, #0
 296 0046 2520     		movs	r0, #37
 297 0048 FFF7FEFF 		bl	LSM303AGR_writeRegister
 298              	.LVL26:
 103:../../core/drivers/LSM303AGR/src/LSM303AGRSensor.c **** //	LSM303AGR_setting = 0x0A;
 104:../../core/drivers/LSM303AGR/src/LSM303AGRSensor.c **** //	LSM303AGR_writeRegister(LSM303AGR_ACC_CTRL_REG5, LSM303AGR_setting, 0);
 105:../../core/drivers/LSM303AGR/src/LSM303AGRSensor.c **** 
 106:../../core/drivers/LSM303AGR/src/LSM303AGRSensor.c **** 
 107:../../core/drivers/LSM303AGR/src/LSM303AGRSensor.c **** 
 108:../../core/drivers/LSM303AGR/src/LSM303AGRSensor.c **** 	LSM303AGR_setting = LSM303AGR_MAG_COMP_TEMP_EN | LSM303AGR_MAG_LP_EN
 299              		.loc 1 108 2 view .LVU54
 300              		.loc 1 108 20 is_stmt 0 view .LVU55
 301 004c 9021     		movs	r1, #144
 302 004e 2170     		strb	r1, [r4]
 109:../../core/drivers/LSM303AGR/src/LSM303AGRSensor.c **** 			| LSM303AGR_MAG_ODR_10HZ;
 110:../../core/drivers/LSM303AGR/src/LSM303AGRSensor.c **** 	LSM303AGR_writeRegister(LSM303AGR_MAG_CFG_REG_A, LSM303AGR_setting, 1);
 303              		.loc 1 110 2 is_stmt 1 view .LVU56
 304 0050 0122     		movs	r2, #1
 305 0052 6020     		movs	r0, #96
 306 0054 FFF7FEFF 		bl	LSM303AGR_writeRegister
 307              	.LVL27:
 111:../../core/drivers/LSM303AGR/src/LSM303AGRSensor.c **** 
 112:../../core/drivers/LSM303AGR/src/LSM303AGRSensor.c **** 	LSM303AGR_setting = LSM303AGR_MAG_OFF_CANC | LSM303AGR_MAG_LPF;
 308              		.loc 1 112 2 view .LVU57
 309              		.loc 1 112 20 is_stmt 0 view .LVU58
 310 0058 0321     		movs	r1, #3
 311 005a 2170     		strb	r1, [r4]
 113:../../core/drivers/LSM303AGR/src/LSM303AGRSensor.c **** 	LSM303AGR_writeRegister(LSM303AGR_MAG_CFG_REG_B, LSM303AGR_setting, 1);
 312              		.loc 1 113 2 is_stmt 1 view .LVU59
 313 005c 0122     		movs	r2, #1
 314 005e 6120     		movs	r0, #97
 315 0060 FFF7FEFF 		bl	LSM303AGR_writeRegister
 316              	.LVL28:
 114:../../core/drivers/LSM303AGR/src/LSM303AGRSensor.c **** 
 115:../../core/drivers/LSM303AGR/src/LSM303AGRSensor.c **** 	LSM303AGR_setting = LSM303AGR_MAG_BDU;
 317              		.loc 1 115 2 view .LVU60
 318              		.loc 1 115 20 is_stmt 0 view .LVU61
 319 0064 1021     		movs	r1, #16
 320 0066 2170     		strb	r1, [r4]
 116:../../core/drivers/LSM303AGR/src/LSM303AGRSensor.c **** 	LSM303AGR_writeRegister(LSM303AGR_MAG_CFG_REG_C, LSM303AGR_setting, 1);
 321              		.loc 1 116 2 is_stmt 1 view .LVU62
 322 0068 0122     		movs	r2, #1
 323 006a 6220     		movs	r0, #98
 324 006c FFF7FEFF 		bl	LSM303AGR_writeRegister
 325              	.LVL29:
 117:../../core/drivers/LSM303AGR/src/LSM303AGRSensor.c **** 
 118:../../core/drivers/LSM303AGR/src/LSM303AGRSensor.c **** }
 326              		.loc 1 118 1 is_stmt 0 view .LVU63
 327 0070 10BD     		pop	{r4, pc}
 328              	.L19:
 329 0072 00BF     		.align	2
 330              	.L18:
 331 0074 00000000 		.word	LSM303AGR_setting
 332              		.cfi_endproc
 333              	.LFE126:
 335              		.section	.text.LSM303AGR_ACC_reset,"ax",%progbits
 336              		.align	1
ARM GAS  C:\Users\RUBENJ~1\AppData\Local\Temp\ccJHTOSV.s 			page 9


 337              		.global	LSM303AGR_ACC_reset
 338              		.syntax unified
 339              		.thumb
 340              		.thumb_func
 341              		.fpu fpv4-sp-d16
 343              	LSM303AGR_ACC_reset:
 344              	.LFB127:
 119:../../core/drivers/LSM303AGR/src/LSM303AGRSensor.c **** 
 120:../../core/drivers/LSM303AGR/src/LSM303AGRSensor.c **** /**
 121:../../core/drivers/LSM303AGR/src/LSM303AGRSensor.c ****  * Resets the LSM303AGR accelerometer
 122:../../core/drivers/LSM303AGR/src/LSM303AGRSensor.c ****  */
 123:../../core/drivers/LSM303AGR/src/LSM303AGRSensor.c **** void LSM303AGR_ACC_reset() {
 345              		.loc 1 123 28 is_stmt 1 view -0
 346              		.cfi_startproc
 347              		@ args = 0, pretend = 0, frame = 0
 348              		@ frame_needed = 0, uses_anonymous_args = 0
 349 0000 08B5     		push	{r3, lr}
 350              	.LCFI9:
 351              		.cfi_def_cfa_offset 8
 352              		.cfi_offset 3, -8
 353              		.cfi_offset 14, -4
 124:../../core/drivers/LSM303AGR/src/LSM303AGRSensor.c **** 	LSM303AGR_setting = LSM303AGR_ACC_BOOT;
 354              		.loc 1 124 2 view .LVU65
 355              		.loc 1 124 20 is_stmt 0 view .LVU66
 356 0002 8021     		movs	r1, #128
 357 0004 034B     		ldr	r3, .L22
 358 0006 1970     		strb	r1, [r3]
 125:../../core/drivers/LSM303AGR/src/LSM303AGRSensor.c **** 	LSM303AGR_writeRegister(LSM303AGR_ACC_CTRL_REG5, LSM303AGR_setting, 0);
 359              		.loc 1 125 2 is_stmt 1 view .LVU67
 360 0008 0022     		movs	r2, #0
 361 000a 2420     		movs	r0, #36
 362 000c FFF7FEFF 		bl	LSM303AGR_writeRegister
 363              	.LVL30:
 126:../../core/drivers/LSM303AGR/src/LSM303AGRSensor.c **** }
 364              		.loc 1 126 1 is_stmt 0 view .LVU68
 365 0010 08BD     		pop	{r3, pc}
 366              	.L23:
 367 0012 00BF     		.align	2
 368              	.L22:
 369 0014 00000000 		.word	LSM303AGR_setting
 370              		.cfi_endproc
 371              	.LFE127:
 373              		.section	.text.LSM303AGR_MAG_reset,"ax",%progbits
 374              		.align	1
 375              		.global	LSM303AGR_MAG_reset
 376              		.syntax unified
 377              		.thumb
 378              		.thumb_func
 379              		.fpu fpv4-sp-d16
 381              	LSM303AGR_MAG_reset:
 382              	.LFB128:
 127:../../core/drivers/LSM303AGR/src/LSM303AGRSensor.c **** 
 128:../../core/drivers/LSM303AGR/src/LSM303AGRSensor.c **** /**
 129:../../core/drivers/LSM303AGR/src/LSM303AGRSensor.c ****  * Resets the LSM303AGR magnetometer
 130:../../core/drivers/LSM303AGR/src/LSM303AGRSensor.c ****  */
 131:../../core/drivers/LSM303AGR/src/LSM303AGRSensor.c **** void LSM303AGR_MAG_reset() {
 383              		.loc 1 131 28 is_stmt 1 view -0
ARM GAS  C:\Users\RUBENJ~1\AppData\Local\Temp\ccJHTOSV.s 			page 10


 384              		.cfi_startproc
 385              		@ args = 0, pretend = 0, frame = 0
 386              		@ frame_needed = 0, uses_anonymous_args = 0
 387 0000 08B5     		push	{r3, lr}
 388              	.LCFI10:
 389              		.cfi_def_cfa_offset 8
 390              		.cfi_offset 3, -8
 391              		.cfi_offset 14, -4
 132:../../core/drivers/LSM303AGR/src/LSM303AGRSensor.c **** 
 133:../../core/drivers/LSM303AGR/src/LSM303AGRSensor.c **** 	LSM303AGR_setting = LSM303AGR_MAG_SOFT_RST;
 392              		.loc 1 133 2 view .LVU70
 393              		.loc 1 133 20 is_stmt 0 view .LVU71
 394 0002 2021     		movs	r1, #32
 395 0004 034B     		ldr	r3, .L26
 396 0006 1970     		strb	r1, [r3]
 134:../../core/drivers/LSM303AGR/src/LSM303AGRSensor.c **** 	LSM303AGR_writeRegister(LSM303AGR_MAG_CFG_REG_A, LSM303AGR_setting, 1);
 397              		.loc 1 134 2 is_stmt 1 view .LVU72
 398 0008 0122     		movs	r2, #1
 399 000a 6020     		movs	r0, #96
 400 000c FFF7FEFF 		bl	LSM303AGR_writeRegister
 401              	.LVL31:
 135:../../core/drivers/LSM303AGR/src/LSM303AGRSensor.c **** 
 136:../../core/drivers/LSM303AGR/src/LSM303AGRSensor.c **** }
 402              		.loc 1 136 1 is_stmt 0 view .LVU73
 403 0010 08BD     		pop	{r3, pc}
 404              	.L27:
 405 0012 00BF     		.align	2
 406              	.L26:
 407 0014 00000000 		.word	LSM303AGR_setting
 408              		.cfi_endproc
 409              	.LFE128:
 411              		.section	.text.LSM303AGR_powerDownAccelerometer,"ax",%progbits
 412              		.align	1
 413              		.global	LSM303AGR_powerDownAccelerometer
 414              		.syntax unified
 415              		.thumb
 416              		.thumb_func
 417              		.fpu fpv4-sp-d16
 419              	LSM303AGR_powerDownAccelerometer:
 420              	.LFB129:
 137:../../core/drivers/LSM303AGR/src/LSM303AGRSensor.c **** 
 138:../../core/drivers/LSM303AGR/src/LSM303AGRSensor.c **** /**
 139:../../core/drivers/LSM303AGR/src/LSM303AGRSensor.c ****  * Put the accelerometer in power-down mode
 140:../../core/drivers/LSM303AGR/src/LSM303AGRSensor.c ****  */
 141:../../core/drivers/LSM303AGR/src/LSM303AGRSensor.c **** void LSM303AGR_powerDownAccelerometer() {
 421              		.loc 1 141 41 is_stmt 1 view -0
 422              		.cfi_startproc
 423              		@ args = 0, pretend = 0, frame = 0
 424              		@ frame_needed = 0, uses_anonymous_args = 0
 425 0000 08B5     		push	{r3, lr}
 426              	.LCFI11:
 427              		.cfi_def_cfa_offset 8
 428              		.cfi_offset 3, -8
 429              		.cfi_offset 14, -4
 142:../../core/drivers/LSM303AGR/src/LSM303AGRSensor.c **** 
 143:../../core/drivers/LSM303AGR/src/LSM303AGRSensor.c **** 	LSM303AGR_setting = LSM303AGR_ACC_ODR_POWERDOWN | LSM303AGR_ACC_X_EN
 430              		.loc 1 143 2 view .LVU75
ARM GAS  C:\Users\RUBENJ~1\AppData\Local\Temp\ccJHTOSV.s 			page 11


 431              		.loc 1 143 20 is_stmt 0 view .LVU76
 432 0002 0721     		movs	r1, #7
 433 0004 034B     		ldr	r3, .L30
 434 0006 1970     		strb	r1, [r3]
 144:../../core/drivers/LSM303AGR/src/LSM303AGRSensor.c **** 			| LSM303AGR_ACC_Y_EN | LSM303AGR_ACC_Z_EN;
 145:../../core/drivers/LSM303AGR/src/LSM303AGRSensor.c **** 	LSM303AGR_writeRegister(LSM303AGR_ACC_CTRL_REG1, LSM303AGR_setting, 0);
 435              		.loc 1 145 2 is_stmt 1 view .LVU77
 436 0008 0022     		movs	r2, #0
 437 000a 2020     		movs	r0, #32
 438 000c FFF7FEFF 		bl	LSM303AGR_writeRegister
 439              	.LVL32:
 146:../../core/drivers/LSM303AGR/src/LSM303AGRSensor.c **** 
 147:../../core/drivers/LSM303AGR/src/LSM303AGRSensor.c **** }
 440              		.loc 1 147 1 is_stmt 0 view .LVU78
 441 0010 08BD     		pop	{r3, pc}
 442              	.L31:
 443 0012 00BF     		.align	2
 444              	.L30:
 445 0014 00000000 		.word	LSM303AGR_setting
 446              		.cfi_endproc
 447              	.LFE129:
 449              		.section	.text.LSM303AGR_powerDownMagnetometer,"ax",%progbits
 450              		.align	1
 451              		.global	LSM303AGR_powerDownMagnetometer
 452              		.syntax unified
 453              		.thumb
 454              		.thumb_func
 455              		.fpu fpv4-sp-d16
 457              	LSM303AGR_powerDownMagnetometer:
 458              	.LFB130:
 148:../../core/drivers/LSM303AGR/src/LSM303AGRSensor.c **** 
 149:../../core/drivers/LSM303AGR/src/LSM303AGRSensor.c **** /**
 150:../../core/drivers/LSM303AGR/src/LSM303AGRSensor.c ****  * Put the magnetometer in idle mode
 151:../../core/drivers/LSM303AGR/src/LSM303AGRSensor.c ****  */
 152:../../core/drivers/LSM303AGR/src/LSM303AGRSensor.c **** void LSM303AGR_powerDownMagnetometer() {
 459              		.loc 1 152 40 is_stmt 1 view -0
 460              		.cfi_startproc
 461              		@ args = 0, pretend = 0, frame = 0
 462              		@ frame_needed = 0, uses_anonymous_args = 0
 463 0000 08B5     		push	{r3, lr}
 464              	.LCFI12:
 465              		.cfi_def_cfa_offset 8
 466              		.cfi_offset 3, -8
 467              		.cfi_offset 14, -4
 153:../../core/drivers/LSM303AGR/src/LSM303AGRSensor.c **** 
 154:../../core/drivers/LSM303AGR/src/LSM303AGRSensor.c **** 	LSM303AGR_setting = LSM303AGR_MAG_COMP_TEMP_EN | LSM303AGR_MAG_LP_EN
 468              		.loc 1 154 2 view .LVU80
 469              		.loc 1 154 20 is_stmt 0 view .LVU81
 470 0002 9221     		movs	r1, #146
 471 0004 034B     		ldr	r3, .L34
 472 0006 1970     		strb	r1, [r3]
 155:../../core/drivers/LSM303AGR/src/LSM303AGRSensor.c **** 			| LSM303AGR_MAG_ODR_10HZ | LSM303AGR_MAG_MD_IDLE;
 156:../../core/drivers/LSM303AGR/src/LSM303AGRSensor.c **** 	LSM303AGR_writeRegister(LSM303AGR_MAG_CFG_REG_A, LSM303AGR_setting, 1);
 473              		.loc 1 156 2 is_stmt 1 view .LVU82
 474 0008 0122     		movs	r2, #1
 475 000a 6020     		movs	r0, #96
 476 000c FFF7FEFF 		bl	LSM303AGR_writeRegister
ARM GAS  C:\Users\RUBENJ~1\AppData\Local\Temp\ccJHTOSV.s 			page 12


 477              	.LVL33:
 157:../../core/drivers/LSM303AGR/src/LSM303AGRSensor.c **** }
 478              		.loc 1 157 1 is_stmt 0 view .LVU83
 479 0010 08BD     		pop	{r3, pc}
 480              	.L35:
 481 0012 00BF     		.align	2
 482              	.L34:
 483 0014 00000000 		.word	LSM303AGR_setting
 484              		.cfi_endproc
 485              	.LFE130:
 487              		.section	.text.LSM303AGR_wakeUpAccelerometer,"ax",%progbits
 488              		.align	1
 489              		.global	LSM303AGR_wakeUpAccelerometer
 490              		.syntax unified
 491              		.thumb
 492              		.thumb_func
 493              		.fpu fpv4-sp-d16
 495              	LSM303AGR_wakeUpAccelerometer:
 496              	.LFB131:
 158:../../core/drivers/LSM303AGR/src/LSM303AGRSensor.c **** 
 159:../../core/drivers/LSM303AGR/src/LSM303AGRSensor.c **** /**
 160:../../core/drivers/LSM303AGR/src/LSM303AGRSensor.c ****  * Wake up the accelerometer from powerdown mode
 161:../../core/drivers/LSM303AGR/src/LSM303AGRSensor.c ****  */
 162:../../core/drivers/LSM303AGR/src/LSM303AGRSensor.c **** void LSM303AGR_wakeUpAccelerometer() {
 497              		.loc 1 162 38 is_stmt 1 view -0
 498              		.cfi_startproc
 499              		@ args = 0, pretend = 0, frame = 0
 500              		@ frame_needed = 0, uses_anonymous_args = 0
 501 0000 08B5     		push	{r3, lr}
 502              	.LCFI13:
 503              		.cfi_def_cfa_offset 8
 504              		.cfi_offset 3, -8
 505              		.cfi_offset 14, -4
 163:../../core/drivers/LSM303AGR/src/LSM303AGRSensor.c **** 
 164:../../core/drivers/LSM303AGR/src/LSM303AGRSensor.c **** 	LSM303AGR_setting = LSM303AGR_ACC_ODR_10HZ | LSM303AGR_ACC_X_EN
 506              		.loc 1 164 2 view .LVU85
 507              		.loc 1 164 20 is_stmt 0 view .LVU86
 508 0002 2721     		movs	r1, #39
 509 0004 034B     		ldr	r3, .L38
 510 0006 1970     		strb	r1, [r3]
 165:../../core/drivers/LSM303AGR/src/LSM303AGRSensor.c **** 			| LSM303AGR_ACC_Y_EN | LSM303AGR_ACC_Z_EN;
 166:../../core/drivers/LSM303AGR/src/LSM303AGRSensor.c **** 	LSM303AGR_writeRegister(LSM303AGR_ACC_CTRL_REG1, LSM303AGR_setting, 0);
 511              		.loc 1 166 2 is_stmt 1 view .LVU87
 512 0008 0022     		movs	r2, #0
 513 000a 2020     		movs	r0, #32
 514 000c FFF7FEFF 		bl	LSM303AGR_writeRegister
 515              	.LVL34:
 167:../../core/drivers/LSM303AGR/src/LSM303AGRSensor.c **** 
 168:../../core/drivers/LSM303AGR/src/LSM303AGRSensor.c **** }
 516              		.loc 1 168 1 is_stmt 0 view .LVU88
 517 0010 08BD     		pop	{r3, pc}
 518              	.L39:
 519 0012 00BF     		.align	2
 520              	.L38:
 521 0014 00000000 		.word	LSM303AGR_setting
 522              		.cfi_endproc
 523              	.LFE131:
ARM GAS  C:\Users\RUBENJ~1\AppData\Local\Temp\ccJHTOSV.s 			page 13


 525              		.section	.text.LSM303AGR_wakeUpMagnetometer,"ax",%progbits
 526              		.align	1
 527              		.global	LSM303AGR_wakeUpMagnetometer
 528              		.syntax unified
 529              		.thumb
 530              		.thumb_func
 531              		.fpu fpv4-sp-d16
 533              	LSM303AGR_wakeUpMagnetometer:
 534              	.LFB132:
 169:../../core/drivers/LSM303AGR/src/LSM303AGRSensor.c **** 
 170:../../core/drivers/LSM303AGR/src/LSM303AGRSensor.c **** /**
 171:../../core/drivers/LSM303AGR/src/LSM303AGRSensor.c ****  * Wake up the magnetometer from idle mode
 172:../../core/drivers/LSM303AGR/src/LSM303AGRSensor.c ****  */
 173:../../core/drivers/LSM303AGR/src/LSM303AGRSensor.c **** void LSM303AGR_wakeUpMagnetometer() {
 535              		.loc 1 173 37 is_stmt 1 view -0
 536              		.cfi_startproc
 537              		@ args = 0, pretend = 0, frame = 0
 538              		@ frame_needed = 0, uses_anonymous_args = 0
 539 0000 08B5     		push	{r3, lr}
 540              	.LCFI14:
 541              		.cfi_def_cfa_offset 8
 542              		.cfi_offset 3, -8
 543              		.cfi_offset 14, -4
 174:../../core/drivers/LSM303AGR/src/LSM303AGRSensor.c **** 
 175:../../core/drivers/LSM303AGR/src/LSM303AGRSensor.c **** 	LSM303AGR_setting = LSM303AGR_MAG_COMP_TEMP_EN | LSM303AGR_MAG_LP_EN
 544              		.loc 1 175 2 view .LVU90
 545              		.loc 1 175 20 is_stmt 0 view .LVU91
 546 0002 9021     		movs	r1, #144
 547 0004 034B     		ldr	r3, .L42
 548 0006 1970     		strb	r1, [r3]
 176:../../core/drivers/LSM303AGR/src/LSM303AGRSensor.c **** 			| LSM303AGR_MAG_ODR_10HZ | LSM303AGR_MAG_MD_CONT;
 177:../../core/drivers/LSM303AGR/src/LSM303AGRSensor.c **** 	LSM303AGR_writeRegister(LSM303AGR_MAG_CFG_REG_A, LSM303AGR_setting, 1);
 549              		.loc 1 177 2 is_stmt 1 view .LVU92
 550 0008 0122     		movs	r2, #1
 551 000a 6020     		movs	r0, #96
 552 000c FFF7FEFF 		bl	LSM303AGR_writeRegister
 553              	.LVL35:
 178:../../core/drivers/LSM303AGR/src/LSM303AGRSensor.c **** 
 179:../../core/drivers/LSM303AGR/src/LSM303AGRSensor.c **** }
 554              		.loc 1 179 1 is_stmt 0 view .LVU93
 555 0010 08BD     		pop	{r3, pc}
 556              	.L43:
 557 0012 00BF     		.align	2
 558              	.L42:
 559 0014 00000000 		.word	LSM303AGR_setting
 560              		.cfi_endproc
 561              	.LFE132:
 563              		.section	.text.LSM303AGR_ACC_readAccelerationData,"ax",%progbits
 564              		.align	1
 565              		.global	LSM303AGR_ACC_readAccelerationData
 566              		.syntax unified
 567              		.thumb
 568              		.thumb_func
 569              		.fpu fpv4-sp-d16
 571              	LSM303AGR_ACC_readAccelerationData:
 572              	.LVL36:
 573              	.LFB133:
ARM GAS  C:\Users\RUBENJ~1\AppData\Local\Temp\ccJHTOSV.s 			page 14


 180:../../core/drivers/LSM303AGR/src/LSM303AGRSensor.c **** 
 181:../../core/drivers/LSM303AGR/src/LSM303AGRSensor.c **** /**
 182:../../core/drivers/LSM303AGR/src/LSM303AGRSensor.c ****  * Reads the output registers of the accelerometer
 183:../../core/drivers/LSM303AGR/src/LSM303AGRSensor.c ****  * @param pData: a pointer to where the data needs to be stored
 184:../../core/drivers/LSM303AGR/src/LSM303AGRSensor.c ****  */
 185:../../core/drivers/LSM303AGR/src/LSM303AGRSensor.c **** void LSM303AGR_ACC_readAccelerationData(int32_t *pData) {
 574              		.loc 1 185 57 is_stmt 1 view -0
 575              		.cfi_startproc
 576              		@ args = 0, pretend = 0, frame = 0
 577              		@ frame_needed = 0, uses_anonymous_args = 0
 578              		.loc 1 185 57 is_stmt 0 view .LVU95
 579 0000 30B5     		push	{r4, r5, lr}
 580              	.LCFI15:
 581              		.cfi_def_cfa_offset 12
 582              		.cfi_offset 4, -12
 583              		.cfi_offset 5, -8
 584              		.cfi_offset 14, -4
 585 0002 85B0     		sub	sp, sp, #20
 586              	.LCFI16:
 587              		.cfi_def_cfa_offset 32
 588 0004 0446     		mov	r4, r0
 186:../../core/drivers/LSM303AGR/src/LSM303AGRSensor.c **** 	//accRegisterData[6];
 187:../../core/drivers/LSM303AGR/src/LSM303AGRSensor.c **** 	//accRawData[3];
 188:../../core/drivers/LSM303AGR/src/LSM303AGRSensor.c **** 
 189:../../core/drivers/LSM303AGR/src/LSM303AGRSensor.c **** 	//magRegisterData[6];
 190:../../core/drivers/LSM303AGR/src/LSM303AGRSensor.c **** 	//magRawData[3];
 191:../../core/drivers/LSM303AGR/src/LSM303AGRSensor.c **** 	//LSM303AGR_ACC_TEMP_DATA rawData;
 192:../../core/drivers/LSM303AGR/src/LSM303AGRSensor.c **** 
 193:../../core/drivers/LSM303AGR/src/LSM303AGRSensor.c **** 	HAL_I2C_Mem_Read(LSM303AGR_hi2c, LSM303AGR_ACC_I2C_ADDRESS,	LSM303AGR_ACC_MULTI_READ, I2C_MEMADD_S
 589              		.loc 1 193 2 is_stmt 1 view .LVU96
 590 0006 4FF0FF33 		mov	r3, #-1
 591 000a 0293     		str	r3, [sp, #8]
 592 000c 0623     		movs	r3, #6
 593 000e 0193     		str	r3, [sp, #4]
 594 0010 214D     		ldr	r5, .L46
 595 0012 0095     		str	r5, [sp]
 596 0014 0123     		movs	r3, #1
 597 0016 A822     		movs	r2, #168
 598 0018 3221     		movs	r1, #50
 599 001a 2048     		ldr	r0, .L46+4
 600              	.LVL37:
 601              		.loc 1 193 2 is_stmt 0 view .LVU97
 602 001c 0068     		ldr	r0, [r0]
 603 001e FFF7FEFF 		bl	HAL_I2C_Mem_Read
 604              	.LVL38:
 194:../../core/drivers/LSM303AGR/src/LSM303AGRSensor.c **** 
 195:../../core/drivers/LSM303AGR/src/LSM303AGRSensor.c **** 	accRawData[0] = (accRegisterData[1] << 8)	| accRegisterData[0];
 605              		.loc 1 195 2 is_stmt 1 view .LVU98
 606              		.loc 1 195 34 is_stmt 0 view .LVU99
 607 0022 6A78     		ldrb	r2, [r5, #1]	@ zero_extendqisi2
 608              		.loc 1 195 61 view .LVU100
 609 0024 2B78     		ldrb	r3, [r5]	@ zero_extendqisi2
 610              		.loc 1 195 44 view .LVU101
 611 0026 43EA0223 		orr	r3, r3, r2, lsl #8
 612 002a 1BB2     		sxth	r3, r3
 613              		.loc 1 195 16 view .LVU102
 614 002c 1C49     		ldr	r1, .L46+8
ARM GAS  C:\Users\RUBENJ~1\AppData\Local\Temp\ccJHTOSV.s 			page 15


 615 002e 0B80     		strh	r3, [r1]	@ movhi
 196:../../core/drivers/LSM303AGR/src/LSM303AGRSensor.c **** 	accRawData[1] = (accRegisterData[3] << 8)| accRegisterData[2];
 616              		.loc 1 196 2 is_stmt 1 view .LVU103
 617              		.loc 1 196 34 is_stmt 0 view .LVU104
 618 0030 E878     		ldrb	r0, [r5, #3]	@ zero_extendqisi2
 619              		.loc 1 196 60 view .LVU105
 620 0032 AA78     		ldrb	r2, [r5, #2]	@ zero_extendqisi2
 621              		.loc 1 196 43 view .LVU106
 622 0034 42EA0022 		orr	r2, r2, r0, lsl #8
 623              		.loc 1 196 16 view .LVU107
 624 0038 4A80     		strh	r2, [r1, #2]	@ movhi
 197:../../core/drivers/LSM303AGR/src/LSM303AGRSensor.c **** 	accRawData[2] = (accRegisterData[5] << 8)| accRegisterData[4];
 625              		.loc 1 197 2 is_stmt 1 view .LVU108
 626              		.loc 1 197 34 is_stmt 0 view .LVU109
 627 003a 6879     		ldrb	r0, [r5, #5]	@ zero_extendqisi2
 628              		.loc 1 197 60 view .LVU110
 629 003c 2A79     		ldrb	r2, [r5, #4]	@ zero_extendqisi2
 630              		.loc 1 197 43 view .LVU111
 631 003e 42EA0022 		orr	r2, r2, r0, lsl #8
 632              		.loc 1 197 16 view .LVU112
 633 0042 8A80     		strh	r2, [r1, #4]	@ movhi
 198:../../core/drivers/LSM303AGR/src/LSM303AGRSensor.c **** 
 199:../../core/drivers/LSM303AGR/src/LSM303AGRSensor.c **** 	/* Apply proper shift and sensitivity */
 200:../../core/drivers/LSM303AGR/src/LSM303AGRSensor.c **** 	// Normal mode 10-bit, shift = 6 and FS = 2
 201:../../core/drivers/LSM303AGR/src/LSM303AGRSensor.c **** 	pData[0] = (int32_t) (((accRawData[0] >> 6) * 3900 + 500) / 1000);
 634              		.loc 1 201 2 is_stmt 1 view .LVU113
 635              		.loc 1 201 40 is_stmt 0 view .LVU114
 636 0044 9B11     		asrs	r3, r3, #6
 637              		.loc 1 201 46 view .LVU115
 638 0046 40F63C72 		movw	r2, #3900
 639 004a 02FB03F3 		mul	r3, r2, r3
 640              		.loc 1 201 53 view .LVU116
 641 004e 03F5FA73 		add	r3, r3, #500
 642              		.loc 1 201 60 view .LVU117
 643 0052 1448     		ldr	r0, .L46+12
 644 0054 80FB03C5 		smull	ip, r5, r0, r3
 645 0058 DB17     		asrs	r3, r3, #31
 646 005a C3EBA513 		rsb	r3, r3, r5, asr #6
 647              		.loc 1 201 11 view .LVU118
 648 005e 2360     		str	r3, [r4]
 202:../../core/drivers/LSM303AGR/src/LSM303AGRSensor.c **** 	pData[1] = (int32_t) (((accRawData[1] >> 6) * 3900 + 500) / 1000);
 649              		.loc 1 202 2 is_stmt 1 view .LVU119
 650              		.loc 1 202 36 is_stmt 0 view .LVU120
 651 0060 B1F90230 		ldrsh	r3, [r1, #2]
 652              		.loc 1 202 40 view .LVU121
 653 0064 9B11     		asrs	r3, r3, #6
 654              		.loc 1 202 46 view .LVU122
 655 0066 02FB03F3 		mul	r3, r2, r3
 656              		.loc 1 202 53 view .LVU123
 657 006a 03F5FA73 		add	r3, r3, #500
 658              		.loc 1 202 60 view .LVU124
 659 006e 80FB03C5 		smull	ip, r5, r0, r3
 660 0072 DB17     		asrs	r3, r3, #31
 661 0074 C3EBA513 		rsb	r3, r3, r5, asr #6
 662              		.loc 1 202 11 view .LVU125
 663 0078 6360     		str	r3, [r4, #4]
 203:../../core/drivers/LSM303AGR/src/LSM303AGRSensor.c **** 	pData[2] = (int32_t) (((accRawData[2] >> 6) * 3900 + 500) / 1000);
ARM GAS  C:\Users\RUBENJ~1\AppData\Local\Temp\ccJHTOSV.s 			page 16


 664              		.loc 1 203 2 is_stmt 1 view .LVU126
 665              		.loc 1 203 36 is_stmt 0 view .LVU127
 666 007a B1F90430 		ldrsh	r3, [r1, #4]
 667              		.loc 1 203 40 view .LVU128
 668 007e 9B11     		asrs	r3, r3, #6
 669              		.loc 1 203 46 view .LVU129
 670 0080 02FB03F2 		mul	r2, r2, r3
 671              		.loc 1 203 53 view .LVU130
 672 0084 02F5FA72 		add	r2, r2, #500
 673              		.loc 1 203 60 view .LVU131
 674 0088 80FB0230 		smull	r3, r0, r0, r2
 675 008c D217     		asrs	r2, r2, #31
 676 008e C2EBA012 		rsb	r2, r2, r0, asr #6
 677              		.loc 1 203 11 view .LVU132
 678 0092 A260     		str	r2, [r4, #8]
 204:../../core/drivers/LSM303AGR/src/LSM303AGRSensor.c **** 
 205:../../core/drivers/LSM303AGR/src/LSM303AGRSensor.c **** }
 679              		.loc 1 205 1 view .LVU133
 680 0094 05B0     		add	sp, sp, #20
 681              	.LCFI17:
 682              		.cfi_def_cfa_offset 12
 683              		@ sp needed
 684 0096 30BD     		pop	{r4, r5, pc}
 685              	.LVL39:
 686              	.L47:
 687              		.loc 1 205 1 view .LVU134
 688              		.align	2
 689              	.L46:
 690 0098 00000000 		.word	accRegisterData
 691 009c 00000000 		.word	LSM303AGR_hi2c
 692 00a0 00000000 		.word	accRawData
 693 00a4 D34D6210 		.word	274877907
 694              		.cfi_endproc
 695              	.LFE133:
 697              		.section	.text.LSM303AGR_MAG_readMagneticData,"ax",%progbits
 698              		.align	1
 699              		.global	LSM303AGR_MAG_readMagneticData
 700              		.syntax unified
 701              		.thumb
 702              		.thumb_func
 703              		.fpu fpv4-sp-d16
 705              	LSM303AGR_MAG_readMagneticData:
 706              	.LVL40:
 707              	.LFB134:
 206:../../core/drivers/LSM303AGR/src/LSM303AGRSensor.c **** 
 207:../../core/drivers/LSM303AGR/src/LSM303AGRSensor.c **** /**
 208:../../core/drivers/LSM303AGR/src/LSM303AGRSensor.c ****  * Reads the output registers of the magnetometer and applies the sensitivity
 209:../../core/drivers/LSM303AGR/src/LSM303AGRSensor.c ****  * @param pData: a pointer to where the data needs to be stored
 210:../../core/drivers/LSM303AGR/src/LSM303AGRSensor.c ****  */
 211:../../core/drivers/LSM303AGR/src/LSM303AGRSensor.c **** void LSM303AGR_MAG_readMagneticData(int32_t *pData) {
 708              		.loc 1 211 53 is_stmt 1 view -0
 709              		.cfi_startproc
 710              		@ args = 0, pretend = 0, frame = 0
 711              		@ frame_needed = 0, uses_anonymous_args = 0
 712              		.loc 1 211 53 is_stmt 0 view .LVU136
 713 0000 30B5     		push	{r4, r5, lr}
 714              	.LCFI18:
ARM GAS  C:\Users\RUBENJ~1\AppData\Local\Temp\ccJHTOSV.s 			page 17


 715              		.cfi_def_cfa_offset 12
 716              		.cfi_offset 4, -12
 717              		.cfi_offset 5, -8
 718              		.cfi_offset 14, -4
 719 0002 85B0     		sub	sp, sp, #20
 720              	.LCFI19:
 721              		.cfi_def_cfa_offset 32
 722 0004 0446     		mov	r4, r0
 212:../../core/drivers/LSM303AGR/src/LSM303AGRSensor.c **** 	//magRegisterData[6];
 213:../../core/drivers/LSM303AGR/src/LSM303AGRSensor.c **** 		//magRawData[3];
 214:../../core/drivers/LSM303AGR/src/LSM303AGRSensor.c **** 		//LSM303AGR_ACC_TEMP_DATA rawData;
 215:../../core/drivers/LSM303AGR/src/LSM303AGRSensor.c **** 
 216:../../core/drivers/LSM303AGR/src/LSM303AGRSensor.c **** 	//LSM303AGR_MAG_TEMP_DATA rawData;
 217:../../core/drivers/LSM303AGR/src/LSM303AGRSensor.c **** 
 218:../../core/drivers/LSM303AGR/src/LSM303AGRSensor.c **** 	HAL_I2C_Mem_Read(LSM303AGR_hi2c, LSM303AGR_MAG_I2C_ADDRESS,
 723              		.loc 1 218 2 is_stmt 1 view .LVU137
 724 0006 4FF0FF33 		mov	r3, #-1
 725 000a 0293     		str	r3, [sp, #8]
 726 000c 0623     		movs	r3, #6
 727 000e 0193     		str	r3, [sp, #4]
 728 0010 1F4D     		ldr	r5, .L50
 729 0012 0095     		str	r5, [sp]
 730 0014 0123     		movs	r3, #1
 731 0016 E822     		movs	r2, #232
 732 0018 3C21     		movs	r1, #60
 733 001a 1E48     		ldr	r0, .L50+4
 734              	.LVL41:
 735              		.loc 1 218 2 is_stmt 0 view .LVU138
 736 001c 0068     		ldr	r0, [r0]
 737 001e FFF7FEFF 		bl	HAL_I2C_Mem_Read
 738              	.LVL42:
 219:../../core/drivers/LSM303AGR/src/LSM303AGRSensor.c **** 	LSM303AGR_MAG_MULTI_READ, I2C_MEMADD_SIZE_8BIT, magRegisterData,
 220:../../core/drivers/LSM303AGR/src/LSM303AGRSensor.c **** 			sizeof(magRegisterData), HAL_MAX_DELAY);
 221:../../core/drivers/LSM303AGR/src/LSM303AGRSensor.c **** 
 222:../../core/drivers/LSM303AGR/src/LSM303AGRSensor.c **** 	magRawData[0] = (magRegisterData[1] << 8)
 739              		.loc 1 222 2 is_stmt 1 view .LVU139
 740              		.loc 1 222 34 is_stmt 0 view .LVU140
 741 0022 6A78     		ldrb	r2, [r5, #1]	@ zero_extendqisi2
 223:../../core/drivers/LSM303AGR/src/LSM303AGRSensor.c **** 			| magRegisterData[0];
 742              		.loc 1 223 21 view .LVU141
 743 0024 2B78     		ldrb	r3, [r5]	@ zero_extendqisi2
 744              		.loc 1 223 4 view .LVU142
 745 0026 43EA0223 		orr	r3, r3, r2, lsl #8
 746 002a 1BB2     		sxth	r3, r3
 222:../../core/drivers/LSM303AGR/src/LSM303AGRSensor.c **** 			| magRegisterData[0];
 747              		.loc 1 222 16 view .LVU143
 748 002c 1A4A     		ldr	r2, .L50+8
 749 002e 1380     		strh	r3, [r2]	@ movhi
 224:../../core/drivers/LSM303AGR/src/LSM303AGRSensor.c **** 	magRawData[1] = (magRegisterData[3] << 8)
 750              		.loc 1 224 2 is_stmt 1 view .LVU144
 751              		.loc 1 224 34 is_stmt 0 view .LVU145
 752 0030 E878     		ldrb	r0, [r5, #3]	@ zero_extendqisi2
 225:../../core/drivers/LSM303AGR/src/LSM303AGRSensor.c **** 			| magRegisterData[2];
 753              		.loc 1 225 21 view .LVU146
 754 0032 A978     		ldrb	r1, [r5, #2]	@ zero_extendqisi2
 755              		.loc 1 225 4 view .LVU147
 756 0034 41EA0021 		orr	r1, r1, r0, lsl #8
ARM GAS  C:\Users\RUBENJ~1\AppData\Local\Temp\ccJHTOSV.s 			page 18


 224:../../core/drivers/LSM303AGR/src/LSM303AGRSensor.c **** 	magRawData[1] = (magRegisterData[3] << 8)
 757              		.loc 1 224 16 view .LVU148
 758 0038 5180     		strh	r1, [r2, #2]	@ movhi
 226:../../core/drivers/LSM303AGR/src/LSM303AGRSensor.c **** 	magRawData[2] = (magRegisterData[5] << 8)
 759              		.loc 1 226 2 is_stmt 1 view .LVU149
 760              		.loc 1 226 34 is_stmt 0 view .LVU150
 761 003a 6879     		ldrb	r0, [r5, #5]	@ zero_extendqisi2
 227:../../core/drivers/LSM303AGR/src/LSM303AGRSensor.c **** 			| magRegisterData[4];
 762              		.loc 1 227 21 view .LVU151
 763 003c 2979     		ldrb	r1, [r5, #4]	@ zero_extendqisi2
 764              		.loc 1 227 4 view .LVU152
 765 003e 41EA0021 		orr	r1, r1, r0, lsl #8
 226:../../core/drivers/LSM303AGR/src/LSM303AGRSensor.c **** 	magRawData[2] = (magRegisterData[5] << 8)
 766              		.loc 1 226 16 view .LVU153
 767 0042 9180     		strh	r1, [r2, #4]	@ movhi
 228:../../core/drivers/LSM303AGR/src/LSM303AGRSensor.c **** 
 229:../../core/drivers/LSM303AGR/src/LSM303AGRSensor.c **** 	/* Calculate the data. */
 230:../../core/drivers/LSM303AGR/src/LSM303AGRSensor.c **** 	pData[0] = (int32_t) (magRawData[0] * 1.5f);
 768              		.loc 1 230 2 is_stmt 1 view .LVU154
 769              		.loc 1 230 38 is_stmt 0 view .LVU155
 770 0044 07EE903A 		vmov	s15, r3	@ int
 771 0048 F8EEE77A 		vcvt.f32.s32	s15, s15
 772 004c F7EE086A 		vmov.f32	s13, #1.5e+0
 773 0050 67EEA67A 		vmul.f32	s15, s15, s13
 774              		.loc 1 230 13 view .LVU156
 775 0054 FDEEE77A 		vcvt.s32.f32	s15, s15
 776              		.loc 1 230 11 view .LVU157
 777 0058 C4ED007A 		vstr.32	s15, [r4]	@ int
 231:../../core/drivers/LSM303AGR/src/LSM303AGRSensor.c **** 	pData[1] = (int32_t) (magRawData[1] * 1.5f);
 778              		.loc 1 231 2 is_stmt 1 view .LVU158
 779              		.loc 1 231 34 is_stmt 0 view .LVU159
 780 005c B2F90230 		ldrsh	r3, [r2, #2]
 781 0060 07EE103A 		vmov	s14, r3	@ int
 782              		.loc 1 231 38 view .LVU160
 783 0064 B8EEC77A 		vcvt.f32.s32	s14, s14
 784 0068 27EE267A 		vmul.f32	s14, s14, s13
 785              		.loc 1 231 13 view .LVU161
 786 006c BDEEC77A 		vcvt.s32.f32	s14, s14
 787              		.loc 1 231 11 view .LVU162
 788 0070 84ED017A 		vstr.32	s14, [r4, #4]	@ int
 232:../../core/drivers/LSM303AGR/src/LSM303AGRSensor.c **** 	pData[2] = (int32_t) (magRawData[2] * 1.5f);
 789              		.loc 1 232 2 is_stmt 1 view .LVU163
 790              		.loc 1 232 34 is_stmt 0 view .LVU164
 791 0074 B2F90430 		ldrsh	r3, [r2, #4]
 792 0078 07EE903A 		vmov	s15, r3	@ int
 793              		.loc 1 232 38 view .LVU165
 794 007c F8EEE77A 		vcvt.f32.s32	s15, s15
 795 0080 67EEA67A 		vmul.f32	s15, s15, s13
 796              		.loc 1 232 13 view .LVU166
 797 0084 FDEEE77A 		vcvt.s32.f32	s15, s15
 798              		.loc 1 232 11 view .LVU167
 799 0088 C4ED027A 		vstr.32	s15, [r4, #8]	@ int
 233:../../core/drivers/LSM303AGR/src/LSM303AGRSensor.c **** 
 234:../../core/drivers/LSM303AGR/src/LSM303AGRSensor.c **** }
 800              		.loc 1 234 1 view .LVU168
 801 008c 05B0     		add	sp, sp, #20
 802              	.LCFI20:
ARM GAS  C:\Users\RUBENJ~1\AppData\Local\Temp\ccJHTOSV.s 			page 19


 803              		.cfi_def_cfa_offset 12
 804              		@ sp needed
 805 008e 30BD     		pop	{r4, r5, pc}
 806              	.LVL43:
 807              	.L51:
 808              		.loc 1 234 1 view .LVU169
 809              		.align	2
 810              	.L50:
 811 0090 00000000 		.word	magRegisterData
 812 0094 00000000 		.word	LSM303AGR_hi2c
 813 0098 00000000 		.word	magRawData
 814              		.cfi_endproc
 815              	.LFE134:
 817              		.section	.text.LSM303AGR_MAG_readMagneticRawData,"ax",%progbits
 818              		.align	1
 819              		.global	LSM303AGR_MAG_readMagneticRawData
 820              		.syntax unified
 821              		.thumb
 822              		.thumb_func
 823              		.fpu fpv4-sp-d16
 825              	LSM303AGR_MAG_readMagneticRawData:
 826              	.LVL44:
 827              	.LFB135:
 235:../../core/drivers/LSM303AGR/src/LSM303AGRSensor.c **** 
 236:../../core/drivers/LSM303AGR/src/LSM303AGRSensor.c **** /**
 237:../../core/drivers/LSM303AGR/src/LSM303AGRSensor.c ****  * Read the output registers of the magnetometer
 238:../../core/drivers/LSM303AGR/src/LSM303AGRSensor.c ****  * @param pData: a pointer to where the data needs to be stored
 239:../../core/drivers/LSM303AGR/src/LSM303AGRSensor.c ****  */
 240:../../core/drivers/LSM303AGR/src/LSM303AGRSensor.c **** void LSM303AGR_MAG_readMagneticRawData(uint16_t *pData) {
 828              		.loc 1 240 57 is_stmt 1 view -0
 829              		.cfi_startproc
 830              		@ args = 0, pretend = 0, frame = 0
 831              		@ frame_needed = 0, uses_anonymous_args = 0
 832              		.loc 1 240 57 is_stmt 0 view .LVU171
 833 0000 30B5     		push	{r4, r5, lr}
 834              	.LCFI21:
 835              		.cfi_def_cfa_offset 12
 836              		.cfi_offset 4, -12
 837              		.cfi_offset 5, -8
 838              		.cfi_offset 14, -4
 839 0002 85B0     		sub	sp, sp, #20
 840              	.LCFI22:
 841              		.cfi_def_cfa_offset 32
 842 0004 0546     		mov	r5, r0
 241:../../core/drivers/LSM303AGR/src/LSM303AGRSensor.c **** 	//magRegisterData[6];
 242:../../core/drivers/LSM303AGR/src/LSM303AGRSensor.c **** 			//magRawData[3];
 243:../../core/drivers/LSM303AGR/src/LSM303AGRSensor.c **** 	//LSM303AGR_MAG_TEMP_DATA rawData;
 244:../../core/drivers/LSM303AGR/src/LSM303AGRSensor.c **** 
 245:../../core/drivers/LSM303AGR/src/LSM303AGRSensor.c **** 	HAL_I2C_Mem_Read(LSM303AGR_hi2c, LSM303AGR_MAG_I2C_ADDRESS,
 843              		.loc 1 245 2 is_stmt 1 view .LVU172
 844 0006 4FF0FF33 		mov	r3, #-1
 845 000a 0293     		str	r3, [sp, #8]
 846 000c 0623     		movs	r3, #6
 847 000e 0193     		str	r3, [sp, #4]
 848 0010 0C4C     		ldr	r4, .L54
 849 0012 0094     		str	r4, [sp]
 850 0014 0123     		movs	r3, #1
ARM GAS  C:\Users\RUBENJ~1\AppData\Local\Temp\ccJHTOSV.s 			page 20


 851 0016 E822     		movs	r2, #232
 852 0018 3C21     		movs	r1, #60
 853 001a 0B48     		ldr	r0, .L54+4
 854              	.LVL45:
 855              		.loc 1 245 2 is_stmt 0 view .LVU173
 856 001c 0068     		ldr	r0, [r0]
 857 001e FFF7FEFF 		bl	HAL_I2C_Mem_Read
 858              	.LVL46:
 246:../../core/drivers/LSM303AGR/src/LSM303AGRSensor.c **** 	LSM303AGR_MAG_MULTI_READ, I2C_MEMADD_SIZE_8BIT, magRegisterData,
 247:../../core/drivers/LSM303AGR/src/LSM303AGRSensor.c **** 			sizeof(magRegisterData), HAL_MAX_DELAY);
 248:../../core/drivers/LSM303AGR/src/LSM303AGRSensor.c **** 
 249:../../core/drivers/LSM303AGR/src/LSM303AGRSensor.c **** 	pData[0] = (magRegisterData[1] << 8)
 859              		.loc 1 249 2 is_stmt 1 view .LVU174
 860              		.loc 1 249 29 is_stmt 0 view .LVU175
 861 0022 6278     		ldrb	r2, [r4, #1]	@ zero_extendqisi2
 250:../../core/drivers/LSM303AGR/src/LSM303AGRSensor.c **** 			| magRegisterData[0];
 862              		.loc 1 250 21 view .LVU176
 863 0024 2378     		ldrb	r3, [r4]	@ zero_extendqisi2
 864              		.loc 1 250 4 view .LVU177
 865 0026 43EA0223 		orr	r3, r3, r2, lsl #8
 249:../../core/drivers/LSM303AGR/src/LSM303AGRSensor.c **** 			| magRegisterData[0];
 866              		.loc 1 249 11 view .LVU178
 867 002a 2B80     		strh	r3, [r5]	@ movhi
 251:../../core/drivers/LSM303AGR/src/LSM303AGRSensor.c **** 	pData[1] = (magRegisterData[3] << 8)
 868              		.loc 1 251 2 is_stmt 1 view .LVU179
 869              		.loc 1 251 29 is_stmt 0 view .LVU180
 870 002c E278     		ldrb	r2, [r4, #3]	@ zero_extendqisi2
 252:../../core/drivers/LSM303AGR/src/LSM303AGRSensor.c **** 			| magRegisterData[2];
 871              		.loc 1 252 21 view .LVU181
 872 002e A378     		ldrb	r3, [r4, #2]	@ zero_extendqisi2
 873              		.loc 1 252 4 view .LVU182
 874 0030 43EA0223 		orr	r3, r3, r2, lsl #8
 251:../../core/drivers/LSM303AGR/src/LSM303AGRSensor.c **** 	pData[1] = (magRegisterData[3] << 8)
 875              		.loc 1 251 11 view .LVU183
 876 0034 6B80     		strh	r3, [r5, #2]	@ movhi
 253:../../core/drivers/LSM303AGR/src/LSM303AGRSensor.c **** 	pData[2] = (magRegisterData[5] << 8)
 877              		.loc 1 253 2 is_stmt 1 view .LVU184
 878              		.loc 1 253 29 is_stmt 0 view .LVU185
 879 0036 6279     		ldrb	r2, [r4, #5]	@ zero_extendqisi2
 254:../../core/drivers/LSM303AGR/src/LSM303AGRSensor.c **** 			| magRegisterData[4];
 880              		.loc 1 254 21 view .LVU186
 881 0038 2379     		ldrb	r3, [r4, #4]	@ zero_extendqisi2
 882              		.loc 1 254 4 view .LVU187
 883 003a 43EA0223 		orr	r3, r3, r2, lsl #8
 253:../../core/drivers/LSM303AGR/src/LSM303AGRSensor.c **** 	pData[2] = (magRegisterData[5] << 8)
 884              		.loc 1 253 11 view .LVU188
 885 003e AB80     		strh	r3, [r5, #4]	@ movhi
 255:../../core/drivers/LSM303AGR/src/LSM303AGRSensor.c **** 
 256:../../core/drivers/LSM303AGR/src/LSM303AGRSensor.c **** 
 257:../../core/drivers/LSM303AGR/src/LSM303AGRSensor.c **** }
 886              		.loc 1 257 1 view .LVU189
 887 0040 05B0     		add	sp, sp, #20
 888              	.LCFI23:
 889              		.cfi_def_cfa_offset 12
 890              		@ sp needed
 891 0042 30BD     		pop	{r4, r5, pc}
 892              	.LVL47:
ARM GAS  C:\Users\RUBENJ~1\AppData\Local\Temp\ccJHTOSV.s 			page 21


 893              	.L55:
 894              		.loc 1 257 1 view .LVU190
 895              		.align	2
 896              	.L54:
 897 0044 00000000 		.word	magRegisterData
 898 0048 00000000 		.word	LSM303AGR_hi2c
 899              		.cfi_endproc
 900              	.LFE135:
 902              		.global	__aeabi_i2d
 903              		.global	__aeabi_dmul
 904              		.section	.text.LSM303AGR_ACC_readAccelerationRawData,"ax",%progbits
 905              		.align	1
 906              		.global	LSM303AGR_ACC_readAccelerationRawData
 907              		.syntax unified
 908              		.thumb
 909              		.thumb_func
 910              		.fpu fpv4-sp-d16
 912              	LSM303AGR_ACC_readAccelerationRawData:
 913              	.LVL48:
 914              	.LFB136:
 258:../../core/drivers/LSM303AGR/src/LSM303AGRSensor.c **** 
 259:../../core/drivers/LSM303AGR/src/LSM303AGRSensor.c **** void LSM303AGR_ACC_readAccelerationRawData(double *pData) {
 915              		.loc 1 259 59 is_stmt 1 view -0
 916              		.cfi_startproc
 917              		@ args = 0, pretend = 0, frame = 8
 918              		@ frame_needed = 0, uses_anonymous_args = 0
 919              		.loc 1 259 59 is_stmt 0 view .LVU192
 920 0000 10B5     		push	{r4, lr}
 921              	.LCFI24:
 922              		.cfi_def_cfa_offset 8
 923              		.cfi_offset 4, -8
 924              		.cfi_offset 14, -4
 925 0002 86B0     		sub	sp, sp, #24
 926              	.LCFI25:
 927              		.cfi_def_cfa_offset 32
 928 0004 0446     		mov	r4, r0
 260:../../core/drivers/LSM303AGR/src/LSM303AGRSensor.c **** 	int8_t accRegisterData[6];
 929              		.loc 1 260 2 is_stmt 1 view .LVU193
 261:../../core/drivers/LSM303AGR/src/LSM303AGRSensor.c **** 	//accRawData[3];
 262:../../core/drivers/LSM303AGR/src/LSM303AGRSensor.c **** 
 263:../../core/drivers/LSM303AGR/src/LSM303AGRSensor.c **** 	//magRegisterData[6];
 264:../../core/drivers/LSM303AGR/src/LSM303AGRSensor.c **** 	//magRawData[3];
 265:../../core/drivers/LSM303AGR/src/LSM303AGRSensor.c **** 	//LSM303AGR_ACC_TEMP_DATA rawData;
 266:../../core/drivers/LSM303AGR/src/LSM303AGRSensor.c **** 
 267:../../core/drivers/LSM303AGR/src/LSM303AGRSensor.c **** 	HAL_I2C_Mem_Read(LSM303AGR_hi2c, LSM303AGR_ACC_I2C_ADDRESS,	LSM303AGR_ACC_MULTI_READ, I2C_MEMADD_S
 930              		.loc 1 267 2 view .LVU194
 931 0006 4FF0FF33 		mov	r3, #-1
 932 000a 0293     		str	r3, [sp, #8]
 933 000c 0623     		movs	r3, #6
 934 000e 0193     		str	r3, [sp, #4]
 935 0010 04AB     		add	r3, sp, #16
 936 0012 0093     		str	r3, [sp]
 937 0014 0123     		movs	r3, #1
 938 0016 A822     		movs	r2, #168
 939 0018 3221     		movs	r1, #50
 940 001a 1948     		ldr	r0, .L58
 941              	.LVL49:
ARM GAS  C:\Users\RUBENJ~1\AppData\Local\Temp\ccJHTOSV.s 			page 22


 942              		.loc 1 267 2 is_stmt 0 view .LVU195
 943 001c 0068     		ldr	r0, [r0]
 944 001e FFF7FEFF 		bl	HAL_I2C_Mem_Read
 945              	.LVL50:
 268:../../core/drivers/LSM303AGR/src/LSM303AGRSensor.c **** 
 269:../../core/drivers/LSM303AGR/src/LSM303AGRSensor.c **** 	pData[0] = ((double)((accRegisterData[1]*256)+ accRegisterData[0]))*(16/2048.0);
 946              		.loc 1 269 2 is_stmt 1 view .LVU196
 947              		.loc 1 269 39 is_stmt 0 view .LVU197
 948 0022 9DF91100 		ldrsb	r0, [sp, #17]
 949              		.loc 1 269 64 view .LVU198
 950 0026 9DF91030 		ldrsb	r3, [sp, #16]
 951              		.loc 1 269 14 view .LVU199
 952 002a 03EB0020 		add	r0, r3, r0, lsl #8
 953 002e FFF7FEFF 		bl	__aeabi_i2d
 954              	.LVL51:
 955              		.loc 1 269 69 view .LVU200
 956 0032 0022     		movs	r2, #0
 957 0034 4FF07E53 		mov	r3, #1065353216
 958 0038 FFF7FEFF 		bl	__aeabi_dmul
 959              	.LVL52:
 960              		.loc 1 269 11 view .LVU201
 961 003c C4E90001 		strd	r0, [r4]
 270:../../core/drivers/LSM303AGR/src/LSM303AGRSensor.c **** 	pData[1] = ((double)((accRegisterData[3]*256)+ accRegisterData[2]))*(16/2048.0);
 962              		.loc 1 270 2 is_stmt 1 view .LVU202
 963              		.loc 1 270 39 is_stmt 0 view .LVU203
 964 0040 9DF91300 		ldrsb	r0, [sp, #19]
 965              		.loc 1 270 64 view .LVU204
 966 0044 9DF91230 		ldrsb	r3, [sp, #18]
 967              		.loc 1 270 14 view .LVU205
 968 0048 03EB0020 		add	r0, r3, r0, lsl #8
 969 004c FFF7FEFF 		bl	__aeabi_i2d
 970              	.LVL53:
 971              		.loc 1 270 69 view .LVU206
 972 0050 0022     		movs	r2, #0
 973 0052 4FF07E53 		mov	r3, #1065353216
 974 0056 FFF7FEFF 		bl	__aeabi_dmul
 975              	.LVL54:
 976              		.loc 1 270 11 view .LVU207
 977 005a C4E90201 		strd	r0, [r4, #8]
 271:../../core/drivers/LSM303AGR/src/LSM303AGRSensor.c **** 	pData[2] = ((double)((accRegisterData[5]*256)+ accRegisterData[4]))*(16/2048.0);
 978              		.loc 1 271 2 is_stmt 1 view .LVU208
 979              		.loc 1 271 39 is_stmt 0 view .LVU209
 980 005e 9DF91500 		ldrsb	r0, [sp, #21]
 981              		.loc 1 271 64 view .LVU210
 982 0062 9DF91430 		ldrsb	r3, [sp, #20]
 983              		.loc 1 271 14 view .LVU211
 984 0066 03EB0020 		add	r0, r3, r0, lsl #8
 985 006a FFF7FEFF 		bl	__aeabi_i2d
 986              	.LVL55:
 987              		.loc 1 271 69 view .LVU212
 988 006e 0022     		movs	r2, #0
 989 0070 4FF07E53 		mov	r3, #1065353216
 990 0074 FFF7FEFF 		bl	__aeabi_dmul
 991              	.LVL56:
 992              		.loc 1 271 11 view .LVU213
 993 0078 C4E90401 		strd	r0, [r4, #16]
 272:../../core/drivers/LSM303AGR/src/LSM303AGRSensor.c **** 
ARM GAS  C:\Users\RUBENJ~1\AppData\Local\Temp\ccJHTOSV.s 			page 23


 273:../../core/drivers/LSM303AGR/src/LSM303AGRSensor.c **** 	/* Apply proper shift and sensitivity */
 274:../../core/drivers/LSM303AGR/src/LSM303AGRSensor.c **** 	// Normal mode 10-bit, shift = 6 and FS = 2
 275:../../core/drivers/LSM303AGR/src/LSM303AGRSensor.c **** 	//pData[0] = (int32_t) (((accRawData[0] >> 6) * 3900 + 500) / 1000);
 276:../../core/drivers/LSM303AGR/src/LSM303AGRSensor.c **** 	//pData[1] = (int32_t) (((accRawData[1] >> 6) * 3900 + 500) / 1000);
 277:../../core/drivers/LSM303AGR/src/LSM303AGRSensor.c **** 	//pData[2] = (int32_t) (((accRawData[2] >> 6) * 3900 + 500) / 1000);
 278:../../core/drivers/LSM303AGR/src/LSM303AGRSensor.c **** 
 279:../../core/drivers/LSM303AGR/src/LSM303AGRSensor.c **** }
 994              		.loc 1 279 1 view .LVU214
 995 007c 06B0     		add	sp, sp, #24
 996              	.LCFI26:
 997              		.cfi_def_cfa_offset 8
 998              		@ sp needed
 999 007e 10BD     		pop	{r4, pc}
 1000              	.LVL57:
 1001              	.L59:
 1002              		.loc 1 279 1 view .LVU215
 1003              		.align	2
 1004              	.L58:
 1005 0080 00000000 		.word	LSM303AGR_hi2c
 1006              		.cfi_endproc
 1007              	.LFE136:
 1009              		.comm	magRawData,6,4
 1010              		.comm	magRegisterData,6,4
 1011              		.comm	accRawData,6,4
 1012              		.comm	accRegisterData,6,4
 1013              		.comm	LSM303AGR_hi2c,4,4
 1014              		.comm	LSM303AGR_setting,1,1
 1015              		.text
 1016              	.Letext0:
 1017              		.file 2 "c:\\program files (x86)\\gnu tools arm embedded\\8 2019-q3-update\\arm-none-eabi\\include
 1018              		.file 3 "c:\\program files (x86)\\gnu tools arm embedded\\8 2019-q3-update\\arm-none-eabi\\include
 1019              		.file 4 "../../core/ST/CMSIS/Include/core_cm4.h"
 1020              		.file 5 "../../core/ST/CMSIS/Device/ST/STM32L4xx/Include/system_stm32l4xx.h"
 1021              		.file 6 "../../core/ST/CMSIS/Device/ST/STM32L4xx/Include/stm32l496xx.h"
 1022              		.file 7 "../../core/ST/STM32L4xx_HAL_Driver/Inc/stm32l4xx_hal_def.h"
 1023              		.file 8 "../../core/ST/STM32L4xx_HAL_Driver/Inc/stm32l4xx_hal_dma.h"
 1024              		.file 9 "../../core/ST/STM32L4xx_HAL_Driver/Inc/stm32l4xx_hal_i2c.h"
 1025              		.file 10 "../../core/ST/STM32L4xx_HAL_Driver/Inc/stm32l4xx_hal.h"
 1026              		.file 11 "../../core/drivers/LSM303AGR/inc/LSM303AGRSensor.h"
ARM GAS  C:\Users\RUBENJ~1\AppData\Local\Temp\ccJHTOSV.s 			page 24


DEFINED SYMBOLS
                            *ABS*:00000000 LSM303AGRSensor.c
C:\Users\RUBENJ~1\AppData\Local\Temp\ccJHTOSV.s:18     .text.LSM303AGR_setI2CInterface:00000000 $t
C:\Users\RUBENJ~1\AppData\Local\Temp\ccJHTOSV.s:26     .text.LSM303AGR_setI2CInterface:00000000 LSM303AGR_setI2CInterface
C:\Users\RUBENJ~1\AppData\Local\Temp\ccJHTOSV.s:44     .text.LSM303AGR_setI2CInterface:00000008 $d
                            *COM*:00000004 LSM303AGR_hi2c
C:\Users\RUBENJ~1\AppData\Local\Temp\ccJHTOSV.s:49     .text.LSM303AGR_readRegister:00000000 $t
C:\Users\RUBENJ~1\AppData\Local\Temp\ccJHTOSV.s:56     .text.LSM303AGR_readRegister:00000000 LSM303AGR_readRegister
C:\Users\RUBENJ~1\AppData\Local\Temp\ccJHTOSV.s:132    .text.LSM303AGR_readRegister:0000004c $d
C:\Users\RUBENJ~1\AppData\Local\Temp\ccJHTOSV.s:137    .text.LSM303AGR_writeRegister:00000000 $t
C:\Users\RUBENJ~1\AppData\Local\Temp\ccJHTOSV.s:144    .text.LSM303AGR_writeRegister:00000000 LSM303AGR_writeRegister
C:\Users\RUBENJ~1\AppData\Local\Temp\ccJHTOSV.s:220    .text.LSM303AGR_writeRegister:0000004c $d
C:\Users\RUBENJ~1\AppData\Local\Temp\ccJHTOSV.s:225    .text.LSM303AGR_init:00000000 $t
C:\Users\RUBENJ~1\AppData\Local\Temp\ccJHTOSV.s:232    .text.LSM303AGR_init:00000000 LSM303AGR_init
C:\Users\RUBENJ~1\AppData\Local\Temp\ccJHTOSV.s:331    .text.LSM303AGR_init:00000074 $d
                            *COM*:00000001 LSM303AGR_setting
C:\Users\RUBENJ~1\AppData\Local\Temp\ccJHTOSV.s:336    .text.LSM303AGR_ACC_reset:00000000 $t
C:\Users\RUBENJ~1\AppData\Local\Temp\ccJHTOSV.s:343    .text.LSM303AGR_ACC_reset:00000000 LSM303AGR_ACC_reset
C:\Users\RUBENJ~1\AppData\Local\Temp\ccJHTOSV.s:369    .text.LSM303AGR_ACC_reset:00000014 $d
C:\Users\RUBENJ~1\AppData\Local\Temp\ccJHTOSV.s:374    .text.LSM303AGR_MAG_reset:00000000 $t
C:\Users\RUBENJ~1\AppData\Local\Temp\ccJHTOSV.s:381    .text.LSM303AGR_MAG_reset:00000000 LSM303AGR_MAG_reset
C:\Users\RUBENJ~1\AppData\Local\Temp\ccJHTOSV.s:407    .text.LSM303AGR_MAG_reset:00000014 $d
C:\Users\RUBENJ~1\AppData\Local\Temp\ccJHTOSV.s:412    .text.LSM303AGR_powerDownAccelerometer:00000000 $t
C:\Users\RUBENJ~1\AppData\Local\Temp\ccJHTOSV.s:419    .text.LSM303AGR_powerDownAccelerometer:00000000 LSM303AGR_powerDownAccelerometer
C:\Users\RUBENJ~1\AppData\Local\Temp\ccJHTOSV.s:445    .text.LSM303AGR_powerDownAccelerometer:00000014 $d
C:\Users\RUBENJ~1\AppData\Local\Temp\ccJHTOSV.s:450    .text.LSM303AGR_powerDownMagnetometer:00000000 $t
C:\Users\RUBENJ~1\AppData\Local\Temp\ccJHTOSV.s:457    .text.LSM303AGR_powerDownMagnetometer:00000000 LSM303AGR_powerDownMagnetometer
C:\Users\RUBENJ~1\AppData\Local\Temp\ccJHTOSV.s:483    .text.LSM303AGR_powerDownMagnetometer:00000014 $d
C:\Users\RUBENJ~1\AppData\Local\Temp\ccJHTOSV.s:488    .text.LSM303AGR_wakeUpAccelerometer:00000000 $t
C:\Users\RUBENJ~1\AppData\Local\Temp\ccJHTOSV.s:495    .text.LSM303AGR_wakeUpAccelerometer:00000000 LSM303AGR_wakeUpAccelerometer
C:\Users\RUBENJ~1\AppData\Local\Temp\ccJHTOSV.s:521    .text.LSM303AGR_wakeUpAccelerometer:00000014 $d
C:\Users\RUBENJ~1\AppData\Local\Temp\ccJHTOSV.s:526    .text.LSM303AGR_wakeUpMagnetometer:00000000 $t
C:\Users\RUBENJ~1\AppData\Local\Temp\ccJHTOSV.s:533    .text.LSM303AGR_wakeUpMagnetometer:00000000 LSM303AGR_wakeUpMagnetometer
C:\Users\RUBENJ~1\AppData\Local\Temp\ccJHTOSV.s:559    .text.LSM303AGR_wakeUpMagnetometer:00000014 $d
C:\Users\RUBENJ~1\AppData\Local\Temp\ccJHTOSV.s:564    .text.LSM303AGR_ACC_readAccelerationData:00000000 $t
C:\Users\RUBENJ~1\AppData\Local\Temp\ccJHTOSV.s:571    .text.LSM303AGR_ACC_readAccelerationData:00000000 LSM303AGR_ACC_readAccelerationData
C:\Users\RUBENJ~1\AppData\Local\Temp\ccJHTOSV.s:690    .text.LSM303AGR_ACC_readAccelerationData:00000098 $d
                            *COM*:00000006 accRegisterData
                            *COM*:00000006 accRawData
C:\Users\RUBENJ~1\AppData\Local\Temp\ccJHTOSV.s:698    .text.LSM303AGR_MAG_readMagneticData:00000000 $t
C:\Users\RUBENJ~1\AppData\Local\Temp\ccJHTOSV.s:705    .text.LSM303AGR_MAG_readMagneticData:00000000 LSM303AGR_MAG_readMagneticData
C:\Users\RUBENJ~1\AppData\Local\Temp\ccJHTOSV.s:811    .text.LSM303AGR_MAG_readMagneticData:00000090 $d
                            *COM*:00000006 magRegisterData
                            *COM*:00000006 magRawData
C:\Users\RUBENJ~1\AppData\Local\Temp\ccJHTOSV.s:818    .text.LSM303AGR_MAG_readMagneticRawData:00000000 $t
C:\Users\RUBENJ~1\AppData\Local\Temp\ccJHTOSV.s:825    .text.LSM303AGR_MAG_readMagneticRawData:00000000 LSM303AGR_MAG_readMagneticRawData
C:\Users\RUBENJ~1\AppData\Local\Temp\ccJHTOSV.s:897    .text.LSM303AGR_MAG_readMagneticRawData:00000044 $d
C:\Users\RUBENJ~1\AppData\Local\Temp\ccJHTOSV.s:905    .text.LSM303AGR_ACC_readAccelerationRawData:00000000 $t
C:\Users\RUBENJ~1\AppData\Local\Temp\ccJHTOSV.s:912    .text.LSM303AGR_ACC_readAccelerationRawData:00000000 LSM303AGR_ACC_readAccelerationRawData
C:\Users\RUBENJ~1\AppData\Local\Temp\ccJHTOSV.s:1005   .text.LSM303AGR_ACC_readAccelerationRawData:00000080 $d

UNDEFINED SYMBOLS
HAL_I2C_Mem_Read
HAL_I2C_Mem_Write
__aeabi_i2d
__aeabi_dmul
