ARM GAS  C:\Users\RUBENJ~1\AppData\Local\Temp\ccuv3Yfz.s 			page 1


   1              		.cpu cortex-m4
   2              		.eabi_attribute 27, 1
   3              		.eabi_attribute 28, 1
   4              		.eabi_attribute 20, 1
   5              		.eabi_attribute 21, 1
   6              		.eabi_attribute 23, 3
   7              		.eabi_attribute 24, 1
   8              		.eabi_attribute 25, 1
   9              		.eabi_attribute 26, 1
  10              		.eabi_attribute 30, 1
  11              		.eabi_attribute 34, 1
  12              		.eabi_attribute 18, 4
  13              		.file	"sgp30_featureset.c"
  14              		.text
  15              	.Ltext0:
  16              		.cfi_sections	.debug_frame
  17              		.global	sgp_supported_featuresets
  18              		.global	featuresets
  19              		.global	sgp_featureset32
  20              		.global	sgp_featureset9
  21              		.global	PROFILE_NUMBER_SET_ABSOLUTE_HUMIDITY
  22              		.global	PROFILE_NUMBER_MEASURE_SIGNALS
  23              		.section	.data.SGP_PROFILE_IAQ_GET_BASELINE_SIGNALS,"aw"
  24              		.align	2
  27              	SGP_PROFILE_IAQ_GET_BASELINE_SIGNALS:
  28 0000 00000000 		.word	BASELINE_WORD1
  29 0004 00000000 		.word	BASELINE_WORD2
  30              		.section	.data.SGP_PROFILE_IAQ_MEASURE_SIGNALS9,"aw"
  31              		.align	2
  34              	SGP_PROFILE_IAQ_MEASURE_SIGNALS9:
  35 0000 00000000 		.word	TVOC_PPB_FS9
  36 0004 00000000 		.word	CO2_EQ_PPM
  37              		.section	.data.SGP_PROFILE_MEASURE_SIGNALS_SIGNALS9,"aw"
  38              		.align	2
  41              	SGP_PROFILE_MEASURE_SIGNALS_SIGNALS9:
  42 0000 00000000 		.word	ETHANOL_SIGNAL_FS9
  43 0004 00000000 		.word	H2_SIGNAL_FS9
  44              		.section	.data.featuresets,"aw"
  45              		.align	2
  48              	featuresets:
  49 0000 00000000 		.word	sgp_featureset32
  50 0004 00000000 		.word	sgp_featureset9
  51              		.section	.data.sgp_profiles32,"aw"
  52              		.align	2
  55              	sgp_profiles32:
  56 0000 00000000 		.word	SGP_PROFILE_IAQ_INIT
  57 0004 00000000 		.word	SGP_PROFILE_IAQ_MEASURE9
  58 0008 00000000 		.word	SGP_PROFILE_IAQ_GET_BASELINE
  59 000c 00000000 		.word	SGP_PROFILE_IAQ_SET_BASELINE
  60 0010 00000000 		.word	SGP_PROFILE_MEASURE_SIGNALS9
  61 0014 00000000 		.word	SGP_PROFILE_SET_ABSOLUTE_HUMIDITY
  62              		.section	.data.sgp_profiles9,"aw"
  63              		.align	2
  66              	sgp_profiles9:
  67 0000 00000000 		.word	SGP_PROFILE_IAQ_INIT
  68 0004 00000000 		.word	SGP_PROFILE_IAQ_MEASURE9
  69 0008 00000000 		.word	SGP_PROFILE_IAQ_GET_BASELINE
ARM GAS  C:\Users\RUBENJ~1\AppData\Local\Temp\ccuv3Yfz.s 			page 2


  70 000c 00000000 		.word	SGP_PROFILE_IAQ_SET_BASELINE
  71 0010 00000000 		.word	SGP_PROFILE_MEASURE_SIGNALS9
  72              		.section	.rodata.BASELINE_WORD1,"a"
  73              		.align	2
  76              	BASELINE_WORD1:
  77 0000 00000000 		.word	0
  78 0004 62617365 		.ascii	"baseline1\000"
  78      6C696E65 
  78      3100
  79 000e 00000000 		.space	22
  79      00000000 
  79      00000000 
  79      00000000 
  79      00000000 
  80              		.section	.rodata.BASELINE_WORD2,"a"
  81              		.align	2
  84              	BASELINE_WORD2:
  85 0000 00000000 		.word	0
  86 0004 62617365 		.ascii	"baseline2\000"
  86      6C696E65 
  86      3200
  87 000e 00000000 		.space	22
  87      00000000 
  87      00000000 
  87      00000000 
  87      00000000 
  88              		.section	.rodata.CO2_EQ_PPM,"a"
  89              		.align	2
  92              	CO2_EQ_PPM:
  93 0000 00000000 		.word	0
  94 0004 636F325F 		.ascii	"co2_eq\000"
  94      657100
  95 000b 00000000 		.space	25
  95      00000000 
  95      00000000 
  95      00000000 
  95      00000000 
  96              		.section	.rodata.ETHANOL_SIGNAL_FS9,"a"
  97              		.align	2
 100              	ETHANOL_SIGNAL_FS9:
 101 0000 00000000 		.word	0
 102 0004 65746861 		.ascii	"ethanol_signal\000"
 102      6E6F6C5F 
 102      7369676E 
 102      616C00
 103 0013 00000000 		.space	17
 103      00000000 
 103      00000000 
 103      00000000 
 103      00
 104              		.section	.rodata.H2_SIGNAL_FS9,"a"
 105              		.align	2
 108              	H2_SIGNAL_FS9:
 109 0000 00000000 		.word	0
 110 0004 68325F73 		.ascii	"h2_signal\000"
 110      69676E61 
 110      6C00
ARM GAS  C:\Users\RUBENJ~1\AppData\Local\Temp\ccuv3Yfz.s 			page 3


 111 000e 00000000 		.space	22
 111      00000000 
 111      00000000 
 111      00000000 
 111      00000000 
 112              		.section	.rodata.PROFILE_NUMBER_MEASURE_SIGNALS,"a"
 115              	PROFILE_NUMBER_MEASURE_SIGNALS:
 116 0000 0A       		.byte	10
 117              		.section	.rodata.PROFILE_NUMBER_SET_ABSOLUTE_HUMIDITY,"a"
 120              	PROFILE_NUMBER_SET_ABSOLUTE_HUMIDITY:
 121 0000 0C       		.byte	12
 122              		.section	.rodata.SGP_PROFILE_IAQ_GET_BASELINE,"a"
 123              		.align	2
 126              	SGP_PROFILE_IAQ_GET_BASELINE:
 127 0000 10270000 		.word	10000
 128 0004 00000000 		.word	SGP_PROFILE_IAQ_GET_BASELINE_SIGNALS
 129 0008 0200     		.short	2
 130 000a 02       		.byte	2
 131 000b 00       		.space	1
 132 000c 20       		.byte	32
 133 000d 15       		.byte	21
 134 000e 6961715F 		.ascii	"iaq_get_baseline\000"
 134      6765745F 
 134      62617365 
 134      6C696E65 
 134      00
 135 001f 00000000 		.space	15
 135      00000000 
 135      00000000 
 135      000000
 136 002e 0000     		.space	2
 137              		.section	.rodata.SGP_PROFILE_IAQ_INIT,"a"
 138              		.align	2
 141              	SGP_PROFILE_IAQ_INIT:
 142 0000 10270000 		.word	10000
 143 0004 00000000 		.word	0
 144 0008 0000     		.short	0
 145 000a 00       		.byte	0
 146 000b 00       		.space	1
 147 000c 20       		.byte	32
 148 000d 03       		.byte	3
 149 000e 6961715F 		.ascii	"iaq_init\000"
 149      696E6974 
 149      00
 150 0017 00000000 		.space	23
 150      00000000 
 150      00000000 
 150      00000000 
 150      00000000 
 151 002e 0000     		.space	2
 152              		.section	.rodata.SGP_PROFILE_IAQ_MEASURE9,"a"
 153              		.align	2
 156              	SGP_PROFILE_IAQ_MEASURE9:
 157 0000 50C30000 		.word	50000
 158 0004 00000000 		.word	SGP_PROFILE_IAQ_MEASURE_SIGNALS9
 159 0008 0200     		.short	2
 160 000a 01       		.byte	1
ARM GAS  C:\Users\RUBENJ~1\AppData\Local\Temp\ccuv3Yfz.s 			page 4


 161 000b 00       		.space	1
 162 000c 20       		.byte	32
 163 000d 08       		.byte	8
 164 000e 6961715F 		.ascii	"iaq_measure\000"
 164      6D656173 
 164      75726500 
 165 001a 00000000 		.space	20
 165      00000000 
 165      00000000 
 165      00000000 
 165      00000000 
 166 002e 0000     		.space	2
 167              		.section	.rodata.SGP_PROFILE_IAQ_SET_BASELINE,"a"
 168              		.align	2
 171              	SGP_PROFILE_IAQ_SET_BASELINE:
 172 0000 E8030000 		.word	1000
 173 0004 00000000 		.word	0
 174 0008 0000     		.short	0
 175 000a 03       		.byte	3
 176 000b 00       		.space	1
 177 000c 20       		.byte	32
 178 000d 1E       		.byte	30
 179 000e 6961715F 		.ascii	"iaq_set_baseline\000"
 179      7365745F 
 179      62617365 
 179      6C696E65 
 179      00
 180 001f 00000000 		.space	15
 180      00000000 
 180      00000000 
 180      000000
 181 002e 0000     		.space	2
 182              		.section	.rodata.SGP_PROFILE_MEASURE_SIGNALS9,"a"
 183              		.align	2
 186              	SGP_PROFILE_MEASURE_SIGNALS9:
 187 0000 400D0300 		.word	200000
 188 0004 00000000 		.word	SGP_PROFILE_MEASURE_SIGNALS_SIGNALS9
 189 0008 0200     		.short	2
 190 000a 0A       		.byte	10
 191 000b 00       		.space	1
 192 000c 20       		.byte	32
 193 000d 50       		.byte	80
 194 000e 6D656173 		.ascii	"measure_signals\000"
 194      7572655F 
 194      7369676E 
 194      616C7300 
 195 001e 00000000 		.space	16
 195      00000000 
 195      00000000 
 195      00000000 
 196 002e 0000     		.space	2
 197              		.section	.rodata.SGP_PROFILE_SET_ABSOLUTE_HUMIDITY,"a"
 198              		.align	2
 201              	SGP_PROFILE_SET_ABSOLUTE_HUMIDITY:
 202 0000 10270000 		.word	10000
 203 0004 00000000 		.word	0
 204 0008 0000     		.short	0
ARM GAS  C:\Users\RUBENJ~1\AppData\Local\Temp\ccuv3Yfz.s 			page 5


 205 000a 0C       		.byte	12
 206 000b 00       		.space	1
 207 000c 20       		.byte	32
 208 000d 61       		.byte	97
 209 000e 7365745F 		.ascii	"set_absolute_humidity\000"
 209      6162736F 
 209      6C757465 
 209      5F68756D 
 209      69646974 
 210 0024 00000000 		.space	10
 210      00000000 
 210      0000
 211 002e 0000     		.space	2
 212              		.section	.rodata.TVOC_PPB_FS9,"a"
 213              		.align	2
 216              	TVOC_PPB_FS9:
 217 0000 00000000 		.word	0
 218 0004 74564F43 		.ascii	"tVOC\000"
 218      00
 219 0009 00000000 		.space	27
 219      00000000 
 219      00000000 
 219      00000000 
 219      00000000 
 220              		.section	.rodata.sgp_featureset32,"a"
 221              		.align	2
 224              	sgp_featureset32:
 225 0000 00000000 		.word	sgp_profiles32
 226 0004 0600     		.short	6
 227 0006 0000     		.space	2
 228 0008 00000000 		.word	supported_featureset_versions_fs32
 229 000c 0100     		.short	1
 230 000e 0000     		.space	2
 231              		.section	.rodata.sgp_featureset9,"a"
 232              		.align	2
 235              	sgp_featureset9:
 236 0000 00000000 		.word	sgp_profiles9
 237 0004 0500     		.short	5
 238 0006 0000     		.space	2
 239 0008 00000000 		.word	supported_featureset_versions_fs9
 240 000c 0100     		.short	1
 241 000e 0000     		.space	2
 242              		.section	.rodata.sgp_supported_featuresets,"a"
 243              		.align	2
 246              	sgp_supported_featuresets:
 247 0000 00000000 		.word	featuresets
 248 0004 0200     		.short	2
 249 0006 0000     		.space	2
 250              		.section	.rodata.supported_featureset_versions_fs32,"a"
 251              		.align	2
 254              	supported_featureset_versions_fs32:
 255 0000 2000     		.short	32
 256              		.section	.rodata.supported_featureset_versions_fs9,"a"
 257              		.align	2
 260              	supported_featureset_versions_fs9:
 261 0000 0900     		.short	9
 262              		.text
ARM GAS  C:\Users\RUBENJ~1\AppData\Local\Temp\ccuv3Yfz.s 			page 6


 263              	.Letext0:
 264              		.file 1 "c:\\program files (x86)\\gnu tools arm embedded\\8 2019-q3-update\\arm-none-eabi\\include
 265              		.file 2 "c:\\program files (x86)\\gnu tools arm embedded\\8 2019-q3-update\\arm-none-eabi\\include
 266              		.file 3 "../../applications/SPG30-sensor-example/inc/sensirion_configuration.h"
 267              		.file 4 "../../applications/SPG30-sensor-example/inc/sgp_featureset.h"
 268              		.file 5 "../../applications/SPG30-sensor-example/src/sgp30_featureset.c"
ARM GAS  C:\Users\RUBENJ~1\AppData\Local\Temp\ccuv3Yfz.s 			page 7


DEFINED SYMBOLS
                            *ABS*:00000000 sgp30_featureset.c
C:\Users\RUBENJ~1\AppData\Local\Temp\ccuv3Yfz.s:246    .rodata.sgp_supported_featuresets:00000000 sgp_supported_featuresets
C:\Users\RUBENJ~1\AppData\Local\Temp\ccuv3Yfz.s:48     .data.featuresets:00000000 featuresets
C:\Users\RUBENJ~1\AppData\Local\Temp\ccuv3Yfz.s:224    .rodata.sgp_featureset32:00000000 sgp_featureset32
C:\Users\RUBENJ~1\AppData\Local\Temp\ccuv3Yfz.s:235    .rodata.sgp_featureset9:00000000 sgp_featureset9
C:\Users\RUBENJ~1\AppData\Local\Temp\ccuv3Yfz.s:120    .rodata.PROFILE_NUMBER_SET_ABSOLUTE_HUMIDITY:00000000 PROFILE_NUMBER_SET_ABSOLUTE_HUMIDITY
C:\Users\RUBENJ~1\AppData\Local\Temp\ccuv3Yfz.s:115    .rodata.PROFILE_NUMBER_MEASURE_SIGNALS:00000000 PROFILE_NUMBER_MEASURE_SIGNALS
C:\Users\RUBENJ~1\AppData\Local\Temp\ccuv3Yfz.s:24     .data.SGP_PROFILE_IAQ_GET_BASELINE_SIGNALS:00000000 $d
C:\Users\RUBENJ~1\AppData\Local\Temp\ccuv3Yfz.s:27     .data.SGP_PROFILE_IAQ_GET_BASELINE_SIGNALS:00000000 SGP_PROFILE_IAQ_GET_BASELINE_SIGNALS
C:\Users\RUBENJ~1\AppData\Local\Temp\ccuv3Yfz.s:76     .rodata.BASELINE_WORD1:00000000 BASELINE_WORD1
C:\Users\RUBENJ~1\AppData\Local\Temp\ccuv3Yfz.s:84     .rodata.BASELINE_WORD2:00000000 BASELINE_WORD2
C:\Users\RUBENJ~1\AppData\Local\Temp\ccuv3Yfz.s:31     .data.SGP_PROFILE_IAQ_MEASURE_SIGNALS9:00000000 $d
C:\Users\RUBENJ~1\AppData\Local\Temp\ccuv3Yfz.s:34     .data.SGP_PROFILE_IAQ_MEASURE_SIGNALS9:00000000 SGP_PROFILE_IAQ_MEASURE_SIGNALS9
C:\Users\RUBENJ~1\AppData\Local\Temp\ccuv3Yfz.s:216    .rodata.TVOC_PPB_FS9:00000000 TVOC_PPB_FS9
C:\Users\RUBENJ~1\AppData\Local\Temp\ccuv3Yfz.s:92     .rodata.CO2_EQ_PPM:00000000 CO2_EQ_PPM
C:\Users\RUBENJ~1\AppData\Local\Temp\ccuv3Yfz.s:38     .data.SGP_PROFILE_MEASURE_SIGNALS_SIGNALS9:00000000 $d
C:\Users\RUBENJ~1\AppData\Local\Temp\ccuv3Yfz.s:41     .data.SGP_PROFILE_MEASURE_SIGNALS_SIGNALS9:00000000 SGP_PROFILE_MEASURE_SIGNALS_SIGNALS9
C:\Users\RUBENJ~1\AppData\Local\Temp\ccuv3Yfz.s:100    .rodata.ETHANOL_SIGNAL_FS9:00000000 ETHANOL_SIGNAL_FS9
C:\Users\RUBENJ~1\AppData\Local\Temp\ccuv3Yfz.s:108    .rodata.H2_SIGNAL_FS9:00000000 H2_SIGNAL_FS9
C:\Users\RUBENJ~1\AppData\Local\Temp\ccuv3Yfz.s:45     .data.featuresets:00000000 $d
C:\Users\RUBENJ~1\AppData\Local\Temp\ccuv3Yfz.s:52     .data.sgp_profiles32:00000000 $d
C:\Users\RUBENJ~1\AppData\Local\Temp\ccuv3Yfz.s:55     .data.sgp_profiles32:00000000 sgp_profiles32
C:\Users\RUBENJ~1\AppData\Local\Temp\ccuv3Yfz.s:141    .rodata.SGP_PROFILE_IAQ_INIT:00000000 SGP_PROFILE_IAQ_INIT
C:\Users\RUBENJ~1\AppData\Local\Temp\ccuv3Yfz.s:156    .rodata.SGP_PROFILE_IAQ_MEASURE9:00000000 SGP_PROFILE_IAQ_MEASURE9
C:\Users\RUBENJ~1\AppData\Local\Temp\ccuv3Yfz.s:126    .rodata.SGP_PROFILE_IAQ_GET_BASELINE:00000000 SGP_PROFILE_IAQ_GET_BASELINE
C:\Users\RUBENJ~1\AppData\Local\Temp\ccuv3Yfz.s:171    .rodata.SGP_PROFILE_IAQ_SET_BASELINE:00000000 SGP_PROFILE_IAQ_SET_BASELINE
C:\Users\RUBENJ~1\AppData\Local\Temp\ccuv3Yfz.s:186    .rodata.SGP_PROFILE_MEASURE_SIGNALS9:00000000 SGP_PROFILE_MEASURE_SIGNALS9
C:\Users\RUBENJ~1\AppData\Local\Temp\ccuv3Yfz.s:201    .rodata.SGP_PROFILE_SET_ABSOLUTE_HUMIDITY:00000000 SGP_PROFILE_SET_ABSOLUTE_HUMIDITY
C:\Users\RUBENJ~1\AppData\Local\Temp\ccuv3Yfz.s:63     .data.sgp_profiles9:00000000 $d
C:\Users\RUBENJ~1\AppData\Local\Temp\ccuv3Yfz.s:66     .data.sgp_profiles9:00000000 sgp_profiles9
C:\Users\RUBENJ~1\AppData\Local\Temp\ccuv3Yfz.s:73     .rodata.BASELINE_WORD1:00000000 $d
C:\Users\RUBENJ~1\AppData\Local\Temp\ccuv3Yfz.s:81     .rodata.BASELINE_WORD2:00000000 $d
C:\Users\RUBENJ~1\AppData\Local\Temp\ccuv3Yfz.s:89     .rodata.CO2_EQ_PPM:00000000 $d
C:\Users\RUBENJ~1\AppData\Local\Temp\ccuv3Yfz.s:97     .rodata.ETHANOL_SIGNAL_FS9:00000000 $d
C:\Users\RUBENJ~1\AppData\Local\Temp\ccuv3Yfz.s:105    .rodata.H2_SIGNAL_FS9:00000000 $d
C:\Users\RUBENJ~1\AppData\Local\Temp\ccuv3Yfz.s:123    .rodata.SGP_PROFILE_IAQ_GET_BASELINE:00000000 $d
C:\Users\RUBENJ~1\AppData\Local\Temp\ccuv3Yfz.s:138    .rodata.SGP_PROFILE_IAQ_INIT:00000000 $d
C:\Users\RUBENJ~1\AppData\Local\Temp\ccuv3Yfz.s:153    .rodata.SGP_PROFILE_IAQ_MEASURE9:00000000 $d
C:\Users\RUBENJ~1\AppData\Local\Temp\ccuv3Yfz.s:168    .rodata.SGP_PROFILE_IAQ_SET_BASELINE:00000000 $d
C:\Users\RUBENJ~1\AppData\Local\Temp\ccuv3Yfz.s:183    .rodata.SGP_PROFILE_MEASURE_SIGNALS9:00000000 $d
C:\Users\RUBENJ~1\AppData\Local\Temp\ccuv3Yfz.s:198    .rodata.SGP_PROFILE_SET_ABSOLUTE_HUMIDITY:00000000 $d
C:\Users\RUBENJ~1\AppData\Local\Temp\ccuv3Yfz.s:213    .rodata.TVOC_PPB_FS9:00000000 $d
C:\Users\RUBENJ~1\AppData\Local\Temp\ccuv3Yfz.s:221    .rodata.sgp_featureset32:00000000 $d
C:\Users\RUBENJ~1\AppData\Local\Temp\ccuv3Yfz.s:254    .rodata.supported_featureset_versions_fs32:00000000 supported_featureset_versions_fs32
C:\Users\RUBENJ~1\AppData\Local\Temp\ccuv3Yfz.s:232    .rodata.sgp_featureset9:00000000 $d
C:\Users\RUBENJ~1\AppData\Local\Temp\ccuv3Yfz.s:260    .rodata.supported_featureset_versions_fs9:00000000 supported_featureset_versions_fs9
C:\Users\RUBENJ~1\AppData\Local\Temp\ccuv3Yfz.s:243    .rodata.sgp_supported_featuresets:00000000 $d
C:\Users\RUBENJ~1\AppData\Local\Temp\ccuv3Yfz.s:251    .rodata.supported_featureset_versions_fs32:00000000 $d
C:\Users\RUBENJ~1\AppData\Local\Temp\ccuv3Yfz.s:257    .rodata.supported_featureset_versions_fs9:00000000 $d

NO UNDEFINED SYMBOLS
