ARM GAS  /tmp/ccewTsaE.s 			page 1


   1              		.cpu cortex-m4
   2              		.eabi_attribute 27, 1
   3              		.eabi_attribute 28, 1
   4              		.eabi_attribute 20, 1
   5              		.eabi_attribute 21, 1
   6              		.eabi_attribute 23, 3
   7              		.eabi_attribute 24, 1
   8              		.eabi_attribute 25, 1
   9              		.eabi_attribute 26, 1
  10              		.eabi_attribute 30, 1
  11              		.eabi_attribute 34, 1
  12              		.eabi_attribute 18, 4
  13              		.file	"spi.c"
  14              		.text
  15              	.Ltext0:
  16              		.cfi_sections	.debug_frame
  17              		.section	.text.P3_SPI_Init,"ax",%progbits
  18              		.align	1
  19              		.global	P3_SPI_Init
  20              		.syntax unified
  21              		.thumb
  22              		.thumb_func
  23              		.fpu fpv4-sp-d16
  25              	P3_SPI_Init:
  26              	.LFB123:
  27              		.file 1 "../../core/platform/octa/src/spi.c"
   1:../../core/platform/octa/src/spi.c **** #include "spi.h"
   2:../../core/platform/octa/src/spi.c **** 
   3:../../core/platform/octa/src/spi.c **** /**
   4:../../core/platform/octa/src/spi.c ****   * @brief SPI1 Initialization Function
   5:../../core/platform/octa/src/spi.c ****   * @param None
   6:../../core/platform/octa/src/spi.c ****   * @retval None
   7:../../core/platform/octa/src/spi.c ****   */
   8:../../core/platform/octa/src/spi.c ****  void P3_SPI_Init(void)
   9:../../core/platform/octa/src/spi.c **** {
  28              		.loc 1 9 0
  29              		.cfi_startproc
  30              		@ args = 0, pretend = 0, frame = 0
  31              		@ frame_needed = 0, uses_anonymous_args = 0
  32 0000 08B5     		push	{r3, lr}
  33              	.LCFI0:
  34              		.cfi_def_cfa_offset 8
  35              		.cfi_offset 3, -8
  36              		.cfi_offset 14, -4
  10:../../core/platform/octa/src/spi.c **** 
  11:../../core/platform/octa/src/spi.c ****   /* USER CODE BEGIN SPI1_Init 0 */
  12:../../core/platform/octa/src/spi.c **** 
  13:../../core/platform/octa/src/spi.c ****   /* USER CODE END SPI1_Init 0 */
  14:../../core/platform/octa/src/spi.c **** 
  15:../../core/platform/octa/src/spi.c ****   /* USER CODE BEGIN SPI1_Init 1 */
  16:../../core/platform/octa/src/spi.c **** 
  17:../../core/platform/octa/src/spi.c ****   /* USER CODE END SPI1_Init 1 */
  18:../../core/platform/octa/src/spi.c ****   /* SPI1 parameter configuration*/
  19:../../core/platform/octa/src/spi.c ****   P3_SPI.Instance = SPI1;
  37              		.loc 1 19 0
  38 0002 1048     		ldr	r0, .L5
  39 0004 104B     		ldr	r3, .L5+4
ARM GAS  /tmp/ccewTsaE.s 			page 2


  40 0006 0360     		str	r3, [r0]
  20:../../core/platform/octa/src/spi.c ****   P3_SPI.Init.Mode = SPI_MODE_MASTER;
  41              		.loc 1 20 0
  42 0008 4FF48273 		mov	r3, #260
  43 000c 4360     		str	r3, [r0, #4]
  21:../../core/platform/octa/src/spi.c ****   P3_SPI.Init.Direction = SPI_DIRECTION_2LINES;
  44              		.loc 1 21 0
  45 000e 0023     		movs	r3, #0
  46 0010 8360     		str	r3, [r0, #8]
  22:../../core/platform/octa/src/spi.c ****   P3_SPI.Init.DataSize = SPI_DATASIZE_4BIT;
  47              		.loc 1 22 0
  48 0012 4FF44072 		mov	r2, #768
  49 0016 C260     		str	r2, [r0, #12]
  23:../../core/platform/octa/src/spi.c ****   P3_SPI.Init.CLKPolarity = SPI_POLARITY_LOW;
  50              		.loc 1 23 0
  51 0018 0361     		str	r3, [r0, #16]
  24:../../core/platform/octa/src/spi.c ****   P3_SPI.Init.CLKPhase = SPI_PHASE_1EDGE;
  52              		.loc 1 24 0
  53 001a 4361     		str	r3, [r0, #20]
  25:../../core/platform/octa/src/spi.c ****   P3_SPI.Init.NSS = SPI_NSS_SOFT;
  54              		.loc 1 25 0
  55 001c 4FF40072 		mov	r2, #512
  56 0020 8261     		str	r2, [r0, #24]
  26:../../core/platform/octa/src/spi.c ****   P3_SPI.Init.BaudRatePrescaler = SPI_BAUDRATEPRESCALER_2;
  57              		.loc 1 26 0
  58 0022 C361     		str	r3, [r0, #28]
  27:../../core/platform/octa/src/spi.c ****   P3_SPI.Init.FirstBit = SPI_FIRSTBIT_MSB;
  59              		.loc 1 27 0
  60 0024 0362     		str	r3, [r0, #32]
  28:../../core/platform/octa/src/spi.c ****   P3_SPI.Init.TIMode = SPI_TIMODE_DISABLE;
  61              		.loc 1 28 0
  62 0026 4362     		str	r3, [r0, #36]
  29:../../core/platform/octa/src/spi.c ****   P3_SPI.Init.CRCCalculation = SPI_CRCCALCULATION_DISABLE;
  63              		.loc 1 29 0
  64 0028 8362     		str	r3, [r0, #40]
  30:../../core/platform/octa/src/spi.c ****   P3_SPI.Init.CRCPolynomial = 7;
  65              		.loc 1 30 0
  66 002a 0722     		movs	r2, #7
  67 002c C262     		str	r2, [r0, #44]
  31:../../core/platform/octa/src/spi.c ****   P3_SPI.Init.CRCLength = SPI_CRC_LENGTH_DATASIZE;
  68              		.loc 1 31 0
  69 002e 0363     		str	r3, [r0, #48]
  32:../../core/platform/octa/src/spi.c ****   P3_SPI.Init.NSSPMode = SPI_NSS_PULSE_ENABLE;
  70              		.loc 1 32 0
  71 0030 0823     		movs	r3, #8
  72 0032 4363     		str	r3, [r0, #52]
  33:../../core/platform/octa/src/spi.c ****   if (HAL_SPI_Init(&P3_SPI) != HAL_OK)
  73              		.loc 1 33 0
  74 0034 FFF7FEFF 		bl	HAL_SPI_Init
  75              	.LVL0:
  76 0038 00B9     		cbnz	r0, .L4
  77              	.L1:
  78 003a 08BD     		pop	{r3, pc}
  79              	.L4:
  80              	.LBB2:
  34:../../core/platform/octa/src/spi.c ****   {
  35:../../core/platform/octa/src/spi.c ****     Error_Handler();
ARM GAS  /tmp/ccewTsaE.s 			page 3


  81              		.loc 1 35 0
  82 003c FFF7FEFF 		bl	Error_Handler
  83              	.LVL1:
  84              	.LBE2:
  36:../../core/platform/octa/src/spi.c ****   }
  37:../../core/platform/octa/src/spi.c ****   /* USER CODE BEGIN SPI1_Init 2 */
  38:../../core/platform/octa/src/spi.c **** 
  39:../../core/platform/octa/src/spi.c ****   /* USER CODE END SPI1_Init 2 */
  40:../../core/platform/octa/src/spi.c **** 
  41:../../core/platform/octa/src/spi.c **** }
  85              		.loc 1 41 0
  86 0040 FBE7     		b	.L1
  87              	.L6:
  88 0042 00BF     		.align	2
  89              	.L5:
  90 0044 00000000 		.word	P3_SPI
  91 0048 00300140 		.word	1073819648
  92              		.cfi_endproc
  93              	.LFE123:
  95              		.section	.text.P2_SPI_Init,"ax",%progbits
  96              		.align	1
  97              		.global	P2_SPI_Init
  98              		.syntax unified
  99              		.thumb
 100              		.thumb_func
 101              		.fpu fpv4-sp-d16
 103              	P2_SPI_Init:
 104              	.LFB124:
  42:../../core/platform/octa/src/spi.c **** 
  43:../../core/platform/octa/src/spi.c **** /**
  44:../../core/platform/octa/src/spi.c ****   * @brief SPI2 Initialization Function
  45:../../core/platform/octa/src/spi.c ****   * @param None
  46:../../core/platform/octa/src/spi.c ****   * @retval None
  47:../../core/platform/octa/src/spi.c ****   */
  48:../../core/platform/octa/src/spi.c **** void P2_SPI_Init(void)
  49:../../core/platform/octa/src/spi.c **** {
 105              		.loc 1 49 0
 106              		.cfi_startproc
 107              		@ args = 0, pretend = 0, frame = 0
 108              		@ frame_needed = 0, uses_anonymous_args = 0
 109 0000 08B5     		push	{r3, lr}
 110              	.LCFI1:
 111              		.cfi_def_cfa_offset 8
 112              		.cfi_offset 3, -8
 113              		.cfi_offset 14, -4
  50:../../core/platform/octa/src/spi.c **** 
  51:../../core/platform/octa/src/spi.c ****   /* USER CODE BEGIN SPI2_Init 0 */
  52:../../core/platform/octa/src/spi.c **** 
  53:../../core/platform/octa/src/spi.c ****   /* USER CODE END SPI2_Init 0 */
  54:../../core/platform/octa/src/spi.c **** 
  55:../../core/platform/octa/src/spi.c ****   /* USER CODE BEGIN SPI2_Init 1 */
  56:../../core/platform/octa/src/spi.c **** 
  57:../../core/platform/octa/src/spi.c ****   /* USER CODE END SPI2_Init 1 */
  58:../../core/platform/octa/src/spi.c ****   /* SPI2 parameter configuration*/
  59:../../core/platform/octa/src/spi.c ****   P2_SPI.Instance = SPI2;
 114              		.loc 1 59 0
 115 0002 1048     		ldr	r0, .L11
ARM GAS  /tmp/ccewTsaE.s 			page 4


 116 0004 104B     		ldr	r3, .L11+4
 117 0006 0360     		str	r3, [r0]
  60:../../core/platform/octa/src/spi.c ****   P2_SPI.Init.Mode = SPI_MODE_MASTER;
 118              		.loc 1 60 0
 119 0008 4FF48273 		mov	r3, #260
 120 000c 4360     		str	r3, [r0, #4]
  61:../../core/platform/octa/src/spi.c ****   P2_SPI.Init.Direction = SPI_DIRECTION_2LINES;
 121              		.loc 1 61 0
 122 000e 0023     		movs	r3, #0
 123 0010 8360     		str	r3, [r0, #8]
  62:../../core/platform/octa/src/spi.c ****   P2_SPI.Init.DataSize = SPI_DATASIZE_4BIT;
 124              		.loc 1 62 0
 125 0012 4FF44072 		mov	r2, #768
 126 0016 C260     		str	r2, [r0, #12]
  63:../../core/platform/octa/src/spi.c ****   P2_SPI.Init.CLKPolarity = SPI_POLARITY_LOW;
 127              		.loc 1 63 0
 128 0018 0361     		str	r3, [r0, #16]
  64:../../core/platform/octa/src/spi.c ****   P2_SPI.Init.CLKPhase = SPI_PHASE_1EDGE;
 129              		.loc 1 64 0
 130 001a 4361     		str	r3, [r0, #20]
  65:../../core/platform/octa/src/spi.c ****   P2_SPI.Init.NSS = SPI_NSS_SOFT;
 131              		.loc 1 65 0
 132 001c 4FF40072 		mov	r2, #512
 133 0020 8261     		str	r2, [r0, #24]
  66:../../core/platform/octa/src/spi.c ****   P2_SPI.Init.BaudRatePrescaler = SPI_BAUDRATEPRESCALER_2;
 134              		.loc 1 66 0
 135 0022 C361     		str	r3, [r0, #28]
  67:../../core/platform/octa/src/spi.c ****   P2_SPI.Init.FirstBit = SPI_FIRSTBIT_MSB;
 136              		.loc 1 67 0
 137 0024 0362     		str	r3, [r0, #32]
  68:../../core/platform/octa/src/spi.c ****   P2_SPI.Init.TIMode = SPI_TIMODE_DISABLE;
 138              		.loc 1 68 0
 139 0026 4362     		str	r3, [r0, #36]
  69:../../core/platform/octa/src/spi.c ****   P2_SPI.Init.CRCCalculation = SPI_CRCCALCULATION_DISABLE;
 140              		.loc 1 69 0
 141 0028 8362     		str	r3, [r0, #40]
  70:../../core/platform/octa/src/spi.c ****   P2_SPI.Init.CRCPolynomial = 7;
 142              		.loc 1 70 0
 143 002a 0722     		movs	r2, #7
 144 002c C262     		str	r2, [r0, #44]
  71:../../core/platform/octa/src/spi.c ****   P2_SPI.Init.CRCLength = SPI_CRC_LENGTH_DATASIZE;
 145              		.loc 1 71 0
 146 002e 0363     		str	r3, [r0, #48]
  72:../../core/platform/octa/src/spi.c ****   P2_SPI.Init.NSSPMode = SPI_NSS_PULSE_ENABLE;
 147              		.loc 1 72 0
 148 0030 0823     		movs	r3, #8
 149 0032 4363     		str	r3, [r0, #52]
  73:../../core/platform/octa/src/spi.c ****   if (HAL_SPI_Init(&P2_SPI) != HAL_OK)
 150              		.loc 1 73 0
 151 0034 FFF7FEFF 		bl	HAL_SPI_Init
 152              	.LVL2:
 153 0038 00B9     		cbnz	r0, .L10
 154              	.L7:
 155 003a 08BD     		pop	{r3, pc}
 156              	.L10:
 157              	.LBB3:
  74:../../core/platform/octa/src/spi.c ****   {
ARM GAS  /tmp/ccewTsaE.s 			page 5


  75:../../core/platform/octa/src/spi.c ****     Error_Handler();
 158              		.loc 1 75 0
 159 003c FFF7FEFF 		bl	Error_Handler
 160              	.LVL3:
 161              	.LBE3:
  76:../../core/platform/octa/src/spi.c ****   }
  77:../../core/platform/octa/src/spi.c ****   /* USER CODE BEGIN SPI2_Init 2 */
  78:../../core/platform/octa/src/spi.c **** 
  79:../../core/platform/octa/src/spi.c ****   /* USER CODE END SPI2_Init 2 */
  80:../../core/platform/octa/src/spi.c **** 
  81:../../core/platform/octa/src/spi.c **** }
 162              		.loc 1 81 0
 163 0040 FBE7     		b	.L7
 164              	.L12:
 165 0042 00BF     		.align	2
 166              	.L11:
 167 0044 00000000 		.word	P2_SPI
 168 0048 00380040 		.word	1073756160
 169              		.cfi_endproc
 170              	.LFE124:
 172              		.section	.text.P1_SPI_Init,"ax",%progbits
 173              		.align	1
 174              		.global	P1_SPI_Init
 175              		.syntax unified
 176              		.thumb
 177              		.thumb_func
 178              		.fpu fpv4-sp-d16
 180              	P1_SPI_Init:
 181              	.LFB125:
  82:../../core/platform/octa/src/spi.c **** 
  83:../../core/platform/octa/src/spi.c **** /**
  84:../../core/platform/octa/src/spi.c ****   * @brief SPI3 Initialization Function
  85:../../core/platform/octa/src/spi.c ****   * @param None
  86:../../core/platform/octa/src/spi.c ****   * @retval None
  87:../../core/platform/octa/src/spi.c ****   */
  88:../../core/platform/octa/src/spi.c **** void P1_SPI_Init(void)
  89:../../core/platform/octa/src/spi.c **** {
 182              		.loc 1 89 0
 183              		.cfi_startproc
 184              		@ args = 0, pretend = 0, frame = 0
 185              		@ frame_needed = 0, uses_anonymous_args = 0
 186 0000 08B5     		push	{r3, lr}
 187              	.LCFI2:
 188              		.cfi_def_cfa_offset 8
 189              		.cfi_offset 3, -8
 190              		.cfi_offset 14, -4
  90:../../core/platform/octa/src/spi.c **** 
  91:../../core/platform/octa/src/spi.c ****   /* USER CODE BEGIN SPI3_Init 0 */
  92:../../core/platform/octa/src/spi.c **** 
  93:../../core/platform/octa/src/spi.c ****   /* USER CODE END SPI3_Init 0 */
  94:../../core/platform/octa/src/spi.c **** 
  95:../../core/platform/octa/src/spi.c ****   /* USER CODE BEGIN SPI3_Init 1 */
  96:../../core/platform/octa/src/spi.c **** 
  97:../../core/platform/octa/src/spi.c ****   /* USER CODE END SPI3_Init 1 */
  98:../../core/platform/octa/src/spi.c ****   /* SPI3 parameter configuration*/
  99:../../core/platform/octa/src/spi.c ****   P1_SPI.Instance = SPI3;
 191              		.loc 1 99 0
ARM GAS  /tmp/ccewTsaE.s 			page 6


 192 0002 1048     		ldr	r0, .L17
 193 0004 104B     		ldr	r3, .L17+4
 194 0006 0360     		str	r3, [r0]
 100:../../core/platform/octa/src/spi.c ****   P1_SPI.Init.Mode = SPI_MODE_MASTER;
 195              		.loc 1 100 0
 196 0008 4FF48273 		mov	r3, #260
 197 000c 4360     		str	r3, [r0, #4]
 101:../../core/platform/octa/src/spi.c ****   P1_SPI.Init.Direction = SPI_DIRECTION_2LINES;
 198              		.loc 1 101 0
 199 000e 0023     		movs	r3, #0
 200 0010 8360     		str	r3, [r0, #8]
 102:../../core/platform/octa/src/spi.c ****   P1_SPI.Init.DataSize = SPI_DATASIZE_4BIT;
 201              		.loc 1 102 0
 202 0012 4FF44072 		mov	r2, #768
 203 0016 C260     		str	r2, [r0, #12]
 103:../../core/platform/octa/src/spi.c ****   P1_SPI.Init.CLKPolarity = SPI_POLARITY_LOW;
 204              		.loc 1 103 0
 205 0018 0361     		str	r3, [r0, #16]
 104:../../core/platform/octa/src/spi.c ****   P1_SPI.Init.CLKPhase = SPI_PHASE_1EDGE;
 206              		.loc 1 104 0
 207 001a 4361     		str	r3, [r0, #20]
 105:../../core/platform/octa/src/spi.c ****   P1_SPI.Init.NSS = SPI_NSS_SOFT;
 208              		.loc 1 105 0
 209 001c 4FF40072 		mov	r2, #512
 210 0020 8261     		str	r2, [r0, #24]
 106:../../core/platform/octa/src/spi.c ****   P1_SPI.Init.BaudRatePrescaler = SPI_BAUDRATEPRESCALER_2;
 211              		.loc 1 106 0
 212 0022 C361     		str	r3, [r0, #28]
 107:../../core/platform/octa/src/spi.c ****   P1_SPI.Init.FirstBit = SPI_FIRSTBIT_MSB;
 213              		.loc 1 107 0
 214 0024 0362     		str	r3, [r0, #32]
 108:../../core/platform/octa/src/spi.c ****   P1_SPI.Init.TIMode = SPI_TIMODE_DISABLE;
 215              		.loc 1 108 0
 216 0026 4362     		str	r3, [r0, #36]
 109:../../core/platform/octa/src/spi.c ****   P1_SPI.Init.CRCCalculation = SPI_CRCCALCULATION_DISABLE;
 217              		.loc 1 109 0
 218 0028 8362     		str	r3, [r0, #40]
 110:../../core/platform/octa/src/spi.c ****   P1_SPI.Init.CRCPolynomial = 7;
 219              		.loc 1 110 0
 220 002a 0722     		movs	r2, #7
 221 002c C262     		str	r2, [r0, #44]
 111:../../core/platform/octa/src/spi.c ****   P1_SPI.Init.CRCLength = SPI_CRC_LENGTH_DATASIZE;
 222              		.loc 1 111 0
 223 002e 0363     		str	r3, [r0, #48]
 112:../../core/platform/octa/src/spi.c ****   P1_SPI.Init.NSSPMode = SPI_NSS_PULSE_ENABLE;
 224              		.loc 1 112 0
 225 0030 0823     		movs	r3, #8
 226 0032 4363     		str	r3, [r0, #52]
 113:../../core/platform/octa/src/spi.c ****   if (HAL_SPI_Init(&P1_SPI) != HAL_OK)
 227              		.loc 1 113 0
 228 0034 FFF7FEFF 		bl	HAL_SPI_Init
 229              	.LVL4:
 230 0038 00B9     		cbnz	r0, .L16
 231              	.L13:
 232 003a 08BD     		pop	{r3, pc}
 233              	.L16:
 234              	.LBB4:
ARM GAS  /tmp/ccewTsaE.s 			page 7


 114:../../core/platform/octa/src/spi.c ****   {
 115:../../core/platform/octa/src/spi.c ****     Error_Handler();
 235              		.loc 1 115 0
 236 003c FFF7FEFF 		bl	Error_Handler
 237              	.LVL5:
 238              	.LBE4:
 116:../../core/platform/octa/src/spi.c ****   }
 117:../../core/platform/octa/src/spi.c ****   /* USER CODE BEGIN SPI3_Init 2 */
 118:../../core/platform/octa/src/spi.c **** 
 119:../../core/platform/octa/src/spi.c ****   /* USER CODE END SPI3_Init 2 */
 120:../../core/platform/octa/src/spi.c **** 
 121:../../core/platform/octa/src/spi.c **** }
 239              		.loc 1 121 0
 240 0040 FBE7     		b	.L13
 241              	.L18:
 242 0042 00BF     		.align	2
 243              	.L17:
 244 0044 00000000 		.word	P1_SPI
 245 0048 003C0040 		.word	1073757184
 246              		.cfi_endproc
 247              	.LFE125:
 249              		.section	.text.FLASH_SPI_Init,"ax",%progbits
 250              		.align	1
 251              		.global	FLASH_SPI_Init
 252              		.syntax unified
 253              		.thumb
 254              		.thumb_func
 255              		.fpu fpv4-sp-d16
 257              	FLASH_SPI_Init:
 258              	.LFB126:
 122:../../core/platform/octa/src/spi.c **** 
 123:../../core/platform/octa/src/spi.c **** void FLASH_SPI_Init(void)
 124:../../core/platform/octa/src/spi.c **** {
 259              		.loc 1 124 0
 260              		.cfi_startproc
 261              		@ args = 0, pretend = 0, frame = 0
 262              		@ frame_needed = 0, uses_anonymous_args = 0
 263 0000 08B5     		push	{r3, lr}
 264              	.LCFI3:
 265              		.cfi_def_cfa_offset 8
 266              		.cfi_offset 3, -8
 267              		.cfi_offset 14, -4
 125:../../core/platform/octa/src/spi.c **** 
 126:../../core/platform/octa/src/spi.c ****   /* SPI1 parameter configuration*/
 127:../../core/platform/octa/src/spi.c ****   FLASH_SPI.Instance = SPI1;
 268              		.loc 1 127 0
 269 0002 1048     		ldr	r0, .L23
 270 0004 104B     		ldr	r3, .L23+4
 271 0006 0360     		str	r3, [r0]
 128:../../core/platform/octa/src/spi.c ****   FLASH_SPI.Init.Mode = SPI_MODE_MASTER;
 272              		.loc 1 128 0
 273 0008 4FF48273 		mov	r3, #260
 274 000c 4360     		str	r3, [r0, #4]
 129:../../core/platform/octa/src/spi.c ****   FLASH_SPI.Init.Direction = SPI_DIRECTION_2LINES;
 275              		.loc 1 129 0
 276 000e 0023     		movs	r3, #0
 277 0010 8360     		str	r3, [r0, #8]
ARM GAS  /tmp/ccewTsaE.s 			page 8


 130:../../core/platform/octa/src/spi.c ****   FLASH_SPI.Init.DataSize = SPI_DATASIZE_8BIT;
 278              		.loc 1 130 0
 279 0012 4FF4E062 		mov	r2, #1792
 280 0016 C260     		str	r2, [r0, #12]
 131:../../core/platform/octa/src/spi.c ****   FLASH_SPI.Init.CLKPolarity = SPI_POLARITY_LOW;
 281              		.loc 1 131 0
 282 0018 0361     		str	r3, [r0, #16]
 132:../../core/platform/octa/src/spi.c ****   FLASH_SPI.Init.CLKPhase = SPI_PHASE_1EDGE;
 283              		.loc 1 132 0
 284 001a 4361     		str	r3, [r0, #20]
 133:../../core/platform/octa/src/spi.c ****   FLASH_SPI.Init.NSS = SPI_NSS_SOFT;
 285              		.loc 1 133 0
 286 001c 4FF40072 		mov	r2, #512
 287 0020 8261     		str	r2, [r0, #24]
 134:../../core/platform/octa/src/spi.c ****   FLASH_SPI.Init.BaudRatePrescaler = SPI_BAUDRATEPRESCALER_2;
 288              		.loc 1 134 0
 289 0022 C361     		str	r3, [r0, #28]
 135:../../core/platform/octa/src/spi.c ****   FLASH_SPI.Init.FirstBit = SPI_FIRSTBIT_MSB;
 290              		.loc 1 135 0
 291 0024 0362     		str	r3, [r0, #32]
 136:../../core/platform/octa/src/spi.c ****   FLASH_SPI.Init.TIMode = SPI_TIMODE_DISABLE;
 292              		.loc 1 136 0
 293 0026 4362     		str	r3, [r0, #36]
 137:../../core/platform/octa/src/spi.c ****   FLASH_SPI.Init.CRCCalculation = SPI_CRCCALCULATION_DISABLE;
 294              		.loc 1 137 0
 295 0028 8362     		str	r3, [r0, #40]
 138:../../core/platform/octa/src/spi.c ****   FLASH_SPI.Init.CRCPolynomial = 7;
 296              		.loc 1 138 0
 297 002a 0722     		movs	r2, #7
 298 002c C262     		str	r2, [r0, #44]
 139:../../core/platform/octa/src/spi.c ****   FLASH_SPI.Init.CRCLength = SPI_CRC_LENGTH_8BIT;//SPI_CRC_LENGTH_DATASIZE;
 299              		.loc 1 139 0
 300 002e 0122     		movs	r2, #1
 301 0030 0263     		str	r2, [r0, #48]
 140:../../core/platform/octa/src/spi.c ****   FLASH_SPI.Init.NSSPMode = SPI_NSS_PULSE_DISABLE;//SPI_NSS_PULSE_ENABLE;
 302              		.loc 1 140 0
 303 0032 4363     		str	r3, [r0, #52]
 141:../../core/platform/octa/src/spi.c ****   if (HAL_SPI_Init(&FLASH_SPI) != HAL_OK)
 304              		.loc 1 141 0
 305 0034 FFF7FEFF 		bl	HAL_SPI_Init
 306              	.LVL6:
 307 0038 00B9     		cbnz	r0, .L22
 308              	.L19:
 309 003a 08BD     		pop	{r3, pc}
 310              	.L22:
 311              	.LBB5:
 142:../../core/platform/octa/src/spi.c ****   {
 143:../../core/platform/octa/src/spi.c ****      Error_Handler();
 312              		.loc 1 143 0
 313 003c FFF7FEFF 		bl	Error_Handler
 314              	.LVL7:
 315              	.LBE5:
 144:../../core/platform/octa/src/spi.c ****   }
 145:../../core/platform/octa/src/spi.c **** 
 146:../../core/platform/octa/src/spi.c **** }...
 316              		.loc 1 146 0
 317 0040 FBE7     		b	.L19
ARM GAS  /tmp/ccewTsaE.s 			page 9


 318              	.L24:
 319 0042 00BF     		.align	2
 320              	.L23:
 321 0044 00000000 		.word	FLASH_SPI
 322 0048 00300140 		.word	1073819648
 323              		.cfi_endproc
 324              	.LFE126:
 326              		.comm	FLASH_SPI,100,4
 327              		.comm	P3_SPI,100,4
 328              		.comm	P2_SPI,100,4
 329              		.comm	P1_SPI,100,4
 330              		.text
 331              	.Letext0:
 332              		.file 2 "/usr/include/newlib/machine/_default_types.h"
 333              		.file 3 "/usr/include/newlib/sys/_stdint.h"
 334              		.file 4 "../../core/ST/CMSIS/Include/core_cm4.h"
 335              		.file 5 "../../core/ST/CMSIS/Device/ST/STM32L4xx/Include/system_stm32l4xx.h"
 336              		.file 6 "../../core/ST/CMSIS/Device/ST/STM32L4xx/Include/stm32l496xx.h"
 337              		.file 7 "../../core/ST/STM32L4xx_HAL_Driver/Inc/stm32l4xx_hal_def.h"
 338              		.file 8 "../../core/ST/STM32L4xx_HAL_Driver/Inc/stm32l4xx_hal_dma.h"
 339              		.file 9 "../../core/ST/STM32L4xx_HAL_Driver/Inc/stm32l4xx_hal_spi.h"
 340              		.file 10 "../../core/ST/STM32L4xx_HAL_Driver/Inc/stm32l4xx_hal.h"
 341              		.file 11 "../../core/platform/octa/inc/spi.h"
ARM GAS  /tmp/ccewTsaE.s 			page 10


DEFINED SYMBOLS
                            *ABS*:0000000000000000 spi.c
     /tmp/ccewTsaE.s:18     .text.P3_SPI_Init:0000000000000000 $t
     /tmp/ccewTsaE.s:25     .text.P3_SPI_Init:0000000000000000 P3_SPI_Init
     /tmp/ccewTsaE.s:90     .text.P3_SPI_Init:0000000000000044 $d
                            *COM*:0000000000000064 P3_SPI
     /tmp/ccewTsaE.s:96     .text.P2_SPI_Init:0000000000000000 $t
     /tmp/ccewTsaE.s:103    .text.P2_SPI_Init:0000000000000000 P2_SPI_Init
     /tmp/ccewTsaE.s:167    .text.P2_SPI_Init:0000000000000044 $d
                            *COM*:0000000000000064 P2_SPI
     /tmp/ccewTsaE.s:173    .text.P1_SPI_Init:0000000000000000 $t
     /tmp/ccewTsaE.s:180    .text.P1_SPI_Init:0000000000000000 P1_SPI_Init
     /tmp/ccewTsaE.s:244    .text.P1_SPI_Init:0000000000000044 $d
                            *COM*:0000000000000064 P1_SPI
     /tmp/ccewTsaE.s:250    .text.FLASH_SPI_Init:0000000000000000 $t
     /tmp/ccewTsaE.s:257    .text.FLASH_SPI_Init:0000000000000000 FLASH_SPI_Init
     /tmp/ccewTsaE.s:321    .text.FLASH_SPI_Init:0000000000000044 $d
                            *COM*:0000000000000064 FLASH_SPI
                     .debug_frame:0000000000000010 $d

UNDEFINED SYMBOLS
HAL_SPI_Init
Error_Handler
