ARM GAS  /tmp/ccMIhvRN.s 			page 1


   1              		.cpu cortex-m4
   2              		.eabi_attribute 27, 1
   3              		.eabi_attribute 28, 1
   4              		.eabi_attribute 20, 1
   5              		.eabi_attribute 21, 1
   6              		.eabi_attribute 23, 3
   7              		.eabi_attribute 24, 1
   8              		.eabi_attribute 25, 1
   9              		.eabi_attribute 26, 1
  10              		.eabi_attribute 30, 1
  11              		.eabi_attribute 34, 1
  12              		.eabi_attribute 18, 4
  13              		.file	"gpio.c"
  14              		.text
  15              	.Ltext0:
  16              		.cfi_sections	.debug_frame
  17              		.section	.text.OCTA_GPIO_Init,"ax",%progbits
  18              		.align	1
  19              		.global	OCTA_GPIO_Init
  20              		.syntax unified
  21              		.thumb
  22              		.thumb_func
  23              		.fpu fpv4-sp-d16
  25              	OCTA_GPIO_Init:
  26              	.LFB123:
  27              		.file 1 "../../core/platform/octa/src/gpio.c"
   1:../../core/platform/octa/src/gpio.c **** #include "gpio.h"
   2:../../core/platform/octa/src/gpio.c **** 
   3:../../core/platform/octa/src/gpio.c **** /**
   4:../../core/platform/octa/src/gpio.c ****   * @brief GPIO Initialization Function
   5:../../core/platform/octa/src/gpio.c ****   * @param None
   6:../../core/platform/octa/src/gpio.c ****   * @retval None
   7:../../core/platform/octa/src/gpio.c ****   */
   8:../../core/platform/octa/src/gpio.c **** void OCTA_GPIO_Init(void)
   9:../../core/platform/octa/src/gpio.c **** {
  28              		.loc 1 9 0
  29              		.cfi_startproc
  30              		@ args = 0, pretend = 0, frame = 48
  31              		@ frame_needed = 0, uses_anonymous_args = 0
  32 0000 2DE9F04F 		push	{r4, r5, r6, r7, r8, r9, r10, fp, lr}
  33              	.LCFI0:
  34              		.cfi_def_cfa_offset 36
  35              		.cfi_offset 4, -36
  36              		.cfi_offset 5, -32
  37              		.cfi_offset 6, -28
  38              		.cfi_offset 7, -24
  39              		.cfi_offset 8, -20
  40              		.cfi_offset 9, -16
  41              		.cfi_offset 10, -12
  42              		.cfi_offset 11, -8
  43              		.cfi_offset 14, -4
  44 0004 8DB0     		sub	sp, sp, #52
  45              	.LCFI1:
  46              		.cfi_def_cfa_offset 88
  10:../../core/platform/octa/src/gpio.c ****   GPIO_InitTypeDef GPIO_InitStruct = {0};
  47              		.loc 1 10 0
  48 0006 0024     		movs	r4, #0
ARM GAS  /tmp/ccMIhvRN.s 			page 2


  49 0008 0794     		str	r4, [sp, #28]
  50 000a 0894     		str	r4, [sp, #32]
  51 000c 0994     		str	r4, [sp, #36]
  52 000e 0A94     		str	r4, [sp, #40]
  53 0010 0B94     		str	r4, [sp, #44]
  54              	.LBB2:
  11:../../core/platform/octa/src/gpio.c **** 
  12:../../core/platform/octa/src/gpio.c ****   /* GPIO Ports Clock Enable */
  13:../../core/platform/octa/src/gpio.c ****   __HAL_RCC_GPIOE_CLK_ENABLE();
  55              		.loc 1 13 0
  56 0012 B04B     		ldr	r3, .L3
  57 0014 DA6C     		ldr	r2, [r3, #76]
  58 0016 42F01002 		orr	r2, r2, #16
  59 001a DA64     		str	r2, [r3, #76]
  60 001c DA6C     		ldr	r2, [r3, #76]
  61 001e 02F01002 		and	r2, r2, #16
  62 0022 0092     		str	r2, [sp]
  63 0024 009A     		ldr	r2, [sp]
  64              	.LBE2:
  65              	.LBB3:
  14:../../core/platform/octa/src/gpio.c ****   __HAL_RCC_GPIOC_CLK_ENABLE();
  66              		.loc 1 14 0
  67 0026 DA6C     		ldr	r2, [r3, #76]
  68 0028 42F00402 		orr	r2, r2, #4
  69 002c DA64     		str	r2, [r3, #76]
  70 002e DA6C     		ldr	r2, [r3, #76]
  71 0030 02F00402 		and	r2, r2, #4
  72 0034 0192     		str	r2, [sp, #4]
  73 0036 019A     		ldr	r2, [sp, #4]
  74              	.LBE3:
  75              	.LBB4:
  15:../../core/platform/octa/src/gpio.c ****   __HAL_RCC_GPIOF_CLK_ENABLE();
  76              		.loc 1 15 0
  77 0038 DA6C     		ldr	r2, [r3, #76]
  78 003a 42F02002 		orr	r2, r2, #32
  79 003e DA64     		str	r2, [r3, #76]
  80 0040 DA6C     		ldr	r2, [r3, #76]
  81 0042 02F02002 		and	r2, r2, #32
  82 0046 0292     		str	r2, [sp, #8]
  83 0048 029A     		ldr	r2, [sp, #8]
  84              	.LBE4:
  85              	.LBB5:
  16:../../core/platform/octa/src/gpio.c ****   __HAL_RCC_GPIOA_CLK_ENABLE();
  86              		.loc 1 16 0
  87 004a DA6C     		ldr	r2, [r3, #76]
  88 004c 42F00102 		orr	r2, r2, #1
  89 0050 DA64     		str	r2, [r3, #76]
  90 0052 DA6C     		ldr	r2, [r3, #76]
  91 0054 02F00102 		and	r2, r2, #1
  92 0058 0392     		str	r2, [sp, #12]
  93 005a 039A     		ldr	r2, [sp, #12]
  94              	.LBE5:
  95              	.LBB6:
  17:../../core/platform/octa/src/gpio.c ****   __HAL_RCC_GPIOB_CLK_ENABLE();
  96              		.loc 1 17 0
  97 005c DA6C     		ldr	r2, [r3, #76]
  98 005e 42F00202 		orr	r2, r2, #2
ARM GAS  /tmp/ccMIhvRN.s 			page 3


  99 0062 DA64     		str	r2, [r3, #76]
 100 0064 DA6C     		ldr	r2, [r3, #76]
 101 0066 02F00202 		and	r2, r2, #2
 102 006a 0492     		str	r2, [sp, #16]
 103 006c 049A     		ldr	r2, [sp, #16]
 104              	.LBE6:
 105              	.LBB7:
  18:../../core/platform/octa/src/gpio.c ****   __HAL_RCC_GPIOG_CLK_ENABLE();
 106              		.loc 1 18 0
 107 006e DA6C     		ldr	r2, [r3, #76]
 108 0070 42F04002 		orr	r2, r2, #64
 109 0074 DA64     		str	r2, [r3, #76]
 110 0076 DA6C     		ldr	r2, [r3, #76]
 111 0078 02F04002 		and	r2, r2, #64
 112 007c 0592     		str	r2, [sp, #20]
 113 007e 059A     		ldr	r2, [sp, #20]
 114              	.LBE7:
 115              	.LBB8:
  19:../../core/platform/octa/src/gpio.c ****   __HAL_RCC_GPIOD_CLK_ENABLE();
 116              		.loc 1 19 0
 117 0080 DA6C     		ldr	r2, [r3, #76]
 118 0082 42F00802 		orr	r2, r2, #8
 119 0086 DA64     		str	r2, [r3, #76]
 120 0088 DB6C     		ldr	r3, [r3, #76]
 121 008a 03F00803 		and	r3, r3, #8
 122 008e 0693     		str	r3, [sp, #24]
 123 0090 069B     		ldr	r3, [sp, #24]
 124              	.LBE8:
  20:../../core/platform/octa/src/gpio.c ****   HAL_PWREx_EnableVddIO2();
 125              		.loc 1 20 0
 126 0092 FFF7FEFF 		bl	HAL_PWREx_EnableVddIO2
 127              	.LVL0:
  21:../../core/platform/octa/src/gpio.c **** 
  22:../../core/platform/octa/src/gpio.c ****   /*Configure GPIO pin Output Level */
  23:../../core/platform/octa/src/gpio.c ****   HAL_GPIO_WritePin(GPIOE, P2_DIO1_Pin|P2_DIO6_Pin|P2_DIO2_Pin|P2_DIO4_Pin 
 128              		.loc 1 23 0
 129 0096 904D     		ldr	r5, .L3+4
 130 0098 0122     		movs	r2, #1
 131 009a 40F2FC71 		movw	r1, #2044
 132 009e 2846     		mov	r0, r5
 133 00a0 FFF7FEFF 		bl	HAL_GPIO_WritePin
 134              	.LVL1:
  24:../../core/platform/octa/src/gpio.c ****                           |P2_DIO3_Pin|P3_DIO1_Pin|P3_DIO4_Pin|P3_DIO5_Pin 
  25:../../core/platform/octa/src/gpio.c ****                           |P3_DIO2_Pin, GPIO_PIN_SET);
  26:../../core/platform/octa/src/gpio.c **** 
  27:../../core/platform/octa/src/gpio.c ****   /*Configure GPIO pin Output Level */
  28:../../core/platform/octa/src/gpio.c ****   HAL_GPIO_WritePin(GPIOF, P1_DIO3_Pin|P1_DIO5_Pin|P2_DIO5_Pin|P3_DIO3_Pin , GPIO_PIN_SET);
 135              		.loc 1 28 0
 136 00a4 8D4F     		ldr	r7, .L3+8
 137 00a6 0122     		movs	r2, #1
 138 00a8 44F22811 		movw	r1, #16680
 139 00ac 3846     		mov	r0, r7
 140 00ae FFF7FEFF 		bl	HAL_GPIO_WritePin
 141              	.LVL2:
  29:../../core/platform/octa/src/gpio.c **** 
  30:../../core/platform/octa/src/gpio.c ****   #if ENABLE_STEPUP
  31:../../core/platform/octa/src/gpio.c ****     /*Configure GPIO pin Output Level */
ARM GAS  /tmp/ccMIhvRN.s 			page 4


  32:../../core/platform/octa/src/gpio.c ****     HAL_GPIO_WritePin(OCTA_STEPUP_GPIO_Port, OCTA_STEPUP_Pin, GPIO_PIN_SET);
  33:../../core/platform/octa/src/gpio.c ****   #else
  34:../../core/platform/octa/src/gpio.c ****     /*Configure GPIO pin Output Level */
  35:../../core/platform/octa/src/gpio.c ****     HAL_GPIO_WritePin(OCTA_STEPUP_GPIO_Port, OCTA_STEPUP_Pin, GPIO_PIN_RESET);
 142              		.loc 1 35 0
 143 00b2 2246     		mov	r2, r4
 144 00b4 4FF40071 		mov	r1, #512
 145 00b8 3846     		mov	r0, r7
 146 00ba FFF7FEFF 		bl	HAL_GPIO_WritePin
 147              	.LVL3:
  36:../../core/platform/octa/src/gpio.c ****   #endif
  37:../../core/platform/octa/src/gpio.c ****   /*Configure GPIO pin Output Level */
  38:../../core/platform/octa/src/gpio.c ****   HAL_GPIO_WritePin(GPIOC, P1_DIO6_Pin|P1_DIO2_Pin|P1_DIO1_Pin, GPIO_PIN_SET);
 148              		.loc 1 38 0
 149 00be DFF87482 		ldr	r8, .L3+96
 150 00c2 0122     		movs	r2, #1
 151 00c4 4FF44271 		mov	r1, #776
 152 00c8 4046     		mov	r0, r8
 153 00ca FFF7FEFF 		bl	HAL_GPIO_WritePin
 154              	.LVL4:
  39:../../core/platform/octa/src/gpio.c **** 
  40:../../core/platform/octa/src/gpio.c ****   /*Configure GPIO pin Output Level */
  41:../../core/platform/octa/src/gpio.c ****   HAL_GPIO_WritePin(BLE_Reset_GPIO_Port, BLE_Reset_Pin, GPIO_PIN_SET);
 155              		.loc 1 41 0
 156 00ce 0122     		movs	r2, #1
 157 00d0 0221     		movs	r1, #2
 158 00d2 4FF09040 		mov	r0, #1207959552
 159 00d6 FFF7FEFF 		bl	HAL_GPIO_WritePin
 160              	.LVL5:
  42:../../core/platform/octa/src/gpio.c **** 
  43:../../core/platform/octa/src/gpio.c ****   /*Configure GPIO pin Output Level */
  44:../../core/platform/octa/src/gpio.c ****   HAL_GPIO_WritePin(P1_DIO4_GPIO_Port, P1_DIO4_Pin, GPIO_PIN_SET);
 161              		.loc 1 44 0
 162 00da 0122     		movs	r2, #1
 163 00dc 8021     		movs	r1, #128
 164 00de 4FF09040 		mov	r0, #1207959552
 165 00e2 FFF7FEFF 		bl	HAL_GPIO_WritePin
 166              	.LVL6:
  45:../../core/platform/octa/src/gpio.c **** 
  46:../../core/platform/octa/src/gpio.c ****   /*Configure GPIO pin Output Level */
  47:../../core/platform/octa/src/gpio.c ****   HAL_GPIO_WritePin(GPIOB, OCTA_GLED_Pin|P3_DIO6_Pin, GPIO_PIN_SET);
 167              		.loc 1 47 0
 168 00e6 0122     		movs	r2, #1
 169 00e8 0321     		movs	r1, #3
 170 00ea 7D48     		ldr	r0, .L3+12
 171 00ec FFF7FEFF 		bl	HAL_GPIO_WritePin
 172              	.LVL7:
  48:../../core/platform/octa/src/gpio.c **** 
  49:../../core/platform/octa/src/gpio.c ****   /*Configure GPIO pin Output Level */
  50:../../core/platform/octa/src/gpio.c ****   HAL_GPIO_WritePin(GPIOB, LD3_Pin|LD2_Pin, GPIO_PIN_RESET);
 173              		.loc 1 50 0
 174 00f0 2246     		mov	r2, r4
 175 00f2 4FF48141 		mov	r1, #16512
 176 00f6 7A48     		ldr	r0, .L3+12
 177 00f8 FFF7FEFF 		bl	HAL_GPIO_WritePin
 178              	.LVL8:
  51:../../core/platform/octa/src/gpio.c **** 
ARM GAS  /tmp/ccMIhvRN.s 			page 5


  52:../../core/platform/octa/src/gpio.c ****   /*Configure GPIO pin Output Level */
  53:../../core/platform/octa/src/gpio.c ****   HAL_GPIO_WritePin(GPIOD, OCTA_RLED_Pin|OCTA_BLED_Pin, GPIO_PIN_SET);
 179              		.loc 1 53 0
 180 00fc 0122     		movs	r2, #1
 181 00fe 4FF44041 		mov	r1, #49152
 182 0102 7848     		ldr	r0, .L3+16
 183 0104 FFF7FEFF 		bl	HAL_GPIO_WritePin
 184              	.LVL9:
  54:../../core/platform/octa/src/gpio.c **** 
  55:../../core/platform/octa/src/gpio.c ****   /*Configure GPIO pins : P2_DIO1_Pin P2_DIO6_Pin P2_DIO2_Pin P2_DIO4_Pin 
  56:../../core/platform/octa/src/gpio.c ****                            P2_DIO3_Pin P3_DIO1_Pin P3_DIO4_Pin P3_DIO5_Pin 
  57:../../core/platform/octa/src/gpio.c ****                            P3_DIO2_Pin */
  58:../../core/platform/octa/src/gpio.c ****   GPIO_InitStruct.Pin = P2_DIO1_Pin|P2_DIO6_Pin|P2_DIO2_Pin|P2_DIO4_Pin 
 185              		.loc 1 58 0
 186 0108 40F2FC73 		movw	r3, #2044
 187 010c 0793     		str	r3, [sp, #28]
  59:../../core/platform/octa/src/gpio.c ****                           |P2_DIO3_Pin|P3_DIO1_Pin|P3_DIO4_Pin|P3_DIO5_Pin 
  60:../../core/platform/octa/src/gpio.c ****                           |P3_DIO2_Pin;
  61:../../core/platform/octa/src/gpio.c ****   GPIO_InitStruct.Mode = GPIO_MODE_OUTPUT_PP;
 188              		.loc 1 61 0
 189 010e 0126     		movs	r6, #1
 190 0110 0896     		str	r6, [sp, #32]
  62:../../core/platform/octa/src/gpio.c ****   GPIO_InitStruct.Pull = GPIO_NOPULL;
 191              		.loc 1 62 0
 192 0112 0994     		str	r4, [sp, #36]
  63:../../core/platform/octa/src/gpio.c ****   GPIO_InitStruct.Speed = GPIO_SPEED_FREQ_LOW;
 193              		.loc 1 63 0
 194 0114 0A94     		str	r4, [sp, #40]
  64:../../core/platform/octa/src/gpio.c ****   HAL_GPIO_Init(GPIOE, &GPIO_InitStruct);
 195              		.loc 1 64 0
 196 0116 07A9     		add	r1, sp, #28
 197 0118 2846     		mov	r0, r5
 198 011a FFF7FEFF 		bl	HAL_GPIO_Init
 199              	.LVL10:
  65:../../core/platform/octa/src/gpio.c **** 
  66:../../core/platform/octa/src/gpio.c ****   /*Configure GPIO pin : B1_Pin */
  67:../../core/platform/octa/src/gpio.c ****   GPIO_InitStruct.Pin = B1_Pin;
 200              		.loc 1 67 0
 201 011e 4FF4005A 		mov	r10, #8192
 202 0122 CDF81CA0 		str	r10, [sp, #28]
  68:../../core/platform/octa/src/gpio.c ****   GPIO_InitStruct.Mode = GPIO_MODE_IT_RISING;
 203              		.loc 1 68 0
 204 0126 DFF81092 		ldr	r9, .L3+100
 205 012a CDF82090 		str	r9, [sp, #32]
  69:../../core/platform/octa/src/gpio.c ****   GPIO_InitStruct.Pull = GPIO_NOPULL;
 206              		.loc 1 69 0
 207 012e 0994     		str	r4, [sp, #36]
  70:../../core/platform/octa/src/gpio.c ****   HAL_GPIO_Init(B1_GPIO_Port, &GPIO_InitStruct);
 208              		.loc 1 70 0
 209 0130 07A9     		add	r1, sp, #28
 210 0132 4046     		mov	r0, r8
 211 0134 FFF7FEFF 		bl	HAL_GPIO_Init
 212              	.LVL11:
  71:../../core/platform/octa/src/gpio.c **** 
  72:../../core/platform/octa/src/gpio.c ****   GPIO_InitStruct.Pin = OCTA_BTN1_Pin;
 213              		.loc 1 72 0
 214 0138 0796     		str	r6, [sp, #28]
ARM GAS  /tmp/ccMIhvRN.s 			page 6


  73:../../core/platform/octa/src/gpio.c ****   GPIO_InitStruct.Mode = GPIO_MODE_IT_RISING;
 215              		.loc 1 73 0
 216 013a CDF82090 		str	r9, [sp, #32]
  74:../../core/platform/octa/src/gpio.c ****   GPIO_InitStruct.Pull = GPIO_NOPULL;
 217              		.loc 1 74 0
 218 013e 0994     		str	r4, [sp, #36]
  75:../../core/platform/octa/src/gpio.c ****   HAL_GPIO_Init(OCTA_BTN1_GPIO_Port, &GPIO_InitStruct);
 219              		.loc 1 75 0
 220 0140 07A9     		add	r1, sp, #28
 221 0142 6948     		ldr	r0, .L3+20
 222 0144 FFF7FEFF 		bl	HAL_GPIO_Init
 223              	.LVL12:
  76:../../core/platform/octa/src/gpio.c **** 
  77:../../core/platform/octa/src/gpio.c ****   GPIO_InitStruct.Pin = OCTA_BTN2_Pin;
 224              		.loc 1 77 0
 225 0148 0223     		movs	r3, #2
 226 014a 0793     		str	r3, [sp, #28]
  78:../../core/platform/octa/src/gpio.c ****   GPIO_InitStruct.Mode = GPIO_MODE_IT_RISING;
 227              		.loc 1 78 0
 228 014c CDF82090 		str	r9, [sp, #32]
  79:../../core/platform/octa/src/gpio.c ****   GPIO_InitStruct.Pull = GPIO_NOPULL;
 229              		.loc 1 79 0
 230 0150 0994     		str	r4, [sp, #36]
  80:../../core/platform/octa/src/gpio.c ****   HAL_GPIO_Init(OCTA_BTN2_GPIO_Port, &GPIO_InitStruct);
 231              		.loc 1 80 0
 232 0152 07A9     		add	r1, sp, #28
 233 0154 6448     		ldr	r0, .L3+20
 234 0156 FFF7FEFF 		bl	HAL_GPIO_Init
 235              	.LVL13:
  81:../../core/platform/octa/src/gpio.c **** 
  82:../../core/platform/octa/src/gpio.c ****   GPIO_InitStruct.Pin = GPIO_PIN_13;
 236              		.loc 1 82 0
 237 015a CDF81CA0 		str	r10, [sp, #28]
  83:../../core/platform/octa/src/gpio.c ****   GPIO_InitStruct.Mode = GPIO_MODE_IT_RISING;
 238              		.loc 1 83 0
 239 015e CDF82090 		str	r9, [sp, #32]
  84:../../core/platform/octa/src/gpio.c ****   GPIO_InitStruct.Pull = GPIO_NOPULL;
 240              		.loc 1 84 0
 241 0162 0994     		str	r4, [sp, #36]
  85:../../core/platform/octa/src/gpio.c ****   HAL_GPIO_Init(GPIOB, &GPIO_InitStruct);
 242              		.loc 1 85 0
 243 0164 07A9     		add	r1, sp, #28
 244 0166 5E48     		ldr	r0, .L3+12
 245 0168 FFF7FEFF 		bl	HAL_GPIO_Init
 246              	.LVL14:
  86:../../core/platform/octa/src/gpio.c **** 
  87:../../core/platform/octa/src/gpio.c ****   GPIO_InitStruct.Pin = GPIO_PIN_5;
 247              		.loc 1 87 0
 248 016c 4FF0200B 		mov	fp, #32
 249 0170 CDF81CB0 		str	fp, [sp, #28]
  88:../../core/platform/octa/src/gpio.c ****   GPIO_InitStruct.Mode = GPIO_MODE_IT_RISING;
 250              		.loc 1 88 0
 251 0174 CDF82090 		str	r9, [sp, #32]
  89:../../core/platform/octa/src/gpio.c ****   GPIO_InitStruct.Pull = GPIO_NOPULL;
 252              		.loc 1 89 0
 253 0178 0994     		str	r4, [sp, #36]
  90:../../core/platform/octa/src/gpio.c ****   HAL_GPIO_Init(GPIOA, &GPIO_InitStruct);
ARM GAS  /tmp/ccMIhvRN.s 			page 7


 254              		.loc 1 90 0
 255 017a 07A9     		add	r1, sp, #28
 256 017c 4FF09040 		mov	r0, #1207959552
 257 0180 FFF7FEFF 		bl	HAL_GPIO_Init
 258              	.LVL15:
  91:../../core/platform/octa/src/gpio.c **** 
  92:../../core/platform/octa/src/gpio.c ****   /*Configure GPIO pins : P1_DIO3_Pin P1_DIO5_Pin P2_DIO5_Pin OCTA_STEPUP_Pin 
  93:../../core/platform/octa/src/gpio.c ****                            P3_DIO3_Pin */
  94:../../core/platform/octa/src/gpio.c ****   GPIO_InitStruct.Pin = P1_DIO3_Pin|P1_DIO5_Pin|P2_DIO5_Pin|OCTA_STEPUP_Pin 
 259              		.loc 1 94 0
 260 0184 44F2A833 		movw	r3, #17320
 261 0188 0793     		str	r3, [sp, #28]
  95:../../core/platform/octa/src/gpio.c ****                           |P3_DIO3_Pin|OCTA_LIGHTSENSORLED_Pin;
  96:../../core/platform/octa/src/gpio.c ****   GPIO_InitStruct.Mode = GPIO_MODE_OUTPUT_PP;
 262              		.loc 1 96 0
 263 018a 0896     		str	r6, [sp, #32]
  97:../../core/platform/octa/src/gpio.c ****   GPIO_InitStruct.Pull = GPIO_NOPULL;
 264              		.loc 1 97 0
 265 018c 0994     		str	r4, [sp, #36]
  98:../../core/platform/octa/src/gpio.c ****   GPIO_InitStruct.Speed = GPIO_SPEED_FREQ_LOW;
 266              		.loc 1 98 0
 267 018e 0A94     		str	r4, [sp, #40]
  99:../../core/platform/octa/src/gpio.c ****   HAL_GPIO_Init(GPIOF, &GPIO_InitStruct);
 268              		.loc 1 99 0
 269 0190 07A9     		add	r1, sp, #28
 270 0192 3846     		mov	r0, r7
 271 0194 FFF7FEFF 		bl	HAL_GPIO_Init
 272              	.LVL16:
 100:../../core/platform/octa/src/gpio.c **** 
 101:../../core/platform/octa/src/gpio.c ****   /*Configure GPIO pins : P1_DIO6_Pin P1_DIO2_Pin P1_DIO1_Pin */
 102:../../core/platform/octa/src/gpio.c ****   GPIO_InitStruct.Pin = P1_DIO6_Pin|P1_DIO2_Pin|P1_DIO1_Pin;
 273              		.loc 1 102 0
 274 0198 4FF44273 		mov	r3, #776
 275 019c 0793     		str	r3, [sp, #28]
 103:../../core/platform/octa/src/gpio.c ****   GPIO_InitStruct.Mode = GPIO_MODE_OUTPUT_PP;
 276              		.loc 1 103 0
 277 019e 0896     		str	r6, [sp, #32]
 104:../../core/platform/octa/src/gpio.c ****   GPIO_InitStruct.Pull = GPIO_NOPULL;
 278              		.loc 1 104 0
 279 01a0 0994     		str	r4, [sp, #36]
 105:../../core/platform/octa/src/gpio.c ****   GPIO_InitStruct.Speed = GPIO_SPEED_FREQ_LOW;
 280              		.loc 1 105 0
 281 01a2 0A94     		str	r4, [sp, #40]
 106:../../core/platform/octa/src/gpio.c ****   HAL_GPIO_Init(GPIOC, &GPIO_InitStruct);
 282              		.loc 1 106 0
 283 01a4 07A9     		add	r1, sp, #28
 284 01a6 4046     		mov	r0, r8
 285 01a8 FFF7FEFF 		bl	HAL_GPIO_Init
 286              	.LVL17:
 107:../../core/platform/octa/src/gpio.c **** 
 108:../../core/platform/octa/src/gpio.c ****   /*Configure GPIO pins : BLE_Reset_Pin P1_DIO4_Pin */
 109:../../core/platform/octa/src/gpio.c ****   GPIO_InitStruct.Pin = BLE_Reset_Pin|P1_DIO4_Pin;
 287              		.loc 1 109 0
 288 01ac 8223     		movs	r3, #130
 289 01ae 0793     		str	r3, [sp, #28]
 110:../../core/platform/octa/src/gpio.c ****   GPIO_InitStruct.Mode = GPIO_MODE_OUTPUT_PP;
 290              		.loc 1 110 0
ARM GAS  /tmp/ccMIhvRN.s 			page 8


 291 01b0 0896     		str	r6, [sp, #32]
 111:../../core/platform/octa/src/gpio.c ****   GPIO_InitStruct.Pull = GPIO_NOPULL;
 292              		.loc 1 111 0
 293 01b2 0994     		str	r4, [sp, #36]
 112:../../core/platform/octa/src/gpio.c ****   GPIO_InitStruct.Speed = GPIO_SPEED_FREQ_LOW;
 294              		.loc 1 112 0
 295 01b4 0A94     		str	r4, [sp, #40]
 113:../../core/platform/octa/src/gpio.c ****   HAL_GPIO_Init(GPIOA, &GPIO_InitStruct);
 296              		.loc 1 113 0
 297 01b6 07A9     		add	r1, sp, #28
 298 01b8 4FF09040 		mov	r0, #1207959552
 299 01bc FFF7FEFF 		bl	HAL_GPIO_Init
 300              	.LVL18:
 114:../../core/platform/octa/src/gpio.c **** 
 115:../../core/platform/octa/src/gpio.c ****   /*Configure GPIO pins : OCTA_GLED_Pin P3_DIO6_Pin LD3_Pin LD2_Pin */
 116:../../core/platform/octa/src/gpio.c ****   GPIO_InitStruct.Pin = OCTA_GLED_Pin|P3_DIO6_Pin|LD3_Pin|LD2_Pin;
 301              		.loc 1 116 0
 302 01c0 44F28303 		movw	r3, #16515
 303 01c4 0793     		str	r3, [sp, #28]
 117:../../core/platform/octa/src/gpio.c ****   GPIO_InitStruct.Mode = GPIO_MODE_OUTPUT_PP;
 304              		.loc 1 117 0
 305 01c6 0896     		str	r6, [sp, #32]
 118:../../core/platform/octa/src/gpio.c ****   GPIO_InitStruct.Pull = GPIO_NOPULL;
 306              		.loc 1 118 0
 307 01c8 0994     		str	r4, [sp, #36]
 119:../../core/platform/octa/src/gpio.c ****   GPIO_InitStruct.Speed = GPIO_SPEED_FREQ_LOW;
 308              		.loc 1 119 0
 309 01ca 0A94     		str	r4, [sp, #40]
 120:../../core/platform/octa/src/gpio.c ****   HAL_GPIO_Init(GPIOB, &GPIO_InitStruct);
 310              		.loc 1 120 0
 311 01cc 07A9     		add	r1, sp, #28
 312 01ce 4448     		ldr	r0, .L3+12
 313 01d0 FFF7FEFF 		bl	HAL_GPIO_Init
 314              	.LVL19:
 121:../../core/platform/octa/src/gpio.c **** 
 122:../../core/platform/octa/src/gpio.c ****   /*Configure GPIO pins : OCTA_BTN1_Pin OCTA_BTN2_Pin */
 123:../../core/platform/octa/src/gpio.c ****   GPIO_InitStruct.Pin = OCTA_BTN1_Pin|OCTA_BTN2_Pin;
 315              		.loc 1 123 0
 316 01d4 0323     		movs	r3, #3
 317 01d6 0793     		str	r3, [sp, #28]
 124:../../core/platform/octa/src/gpio.c ****   GPIO_InitStruct.Mode = GPIO_MODE_INPUT;
 318              		.loc 1 124 0
 319 01d8 0894     		str	r4, [sp, #32]
 125:../../core/platform/octa/src/gpio.c ****   GPIO_InitStruct.Pull = GPIO_NOPULL;
 320              		.loc 1 125 0
 321 01da 0994     		str	r4, [sp, #36]
 126:../../core/platform/octa/src/gpio.c ****   HAL_GPIO_Init(GPIOG, &GPIO_InitStruct);
 322              		.loc 1 126 0
 323 01dc 07A9     		add	r1, sp, #28
 324 01de 4248     		ldr	r0, .L3+20
 325 01e0 FFF7FEFF 		bl	HAL_GPIO_Init
 326              	.LVL20:
 127:../../core/platform/octa/src/gpio.c **** 
 128:../../core/platform/octa/src/gpio.c ****   /*Configure GPIO pins : OCTA_RLED_Pin OCTA_BLED_Pin */
 129:../../core/platform/octa/src/gpio.c ****   GPIO_InitStruct.Pin = OCTA_RLED_Pin|OCTA_BLED_Pin;
 327              		.loc 1 129 0
 328 01e4 4FF44043 		mov	r3, #49152
ARM GAS  /tmp/ccMIhvRN.s 			page 9


 329 01e8 0793     		str	r3, [sp, #28]
 130:../../core/platform/octa/src/gpio.c ****   GPIO_InitStruct.Mode = GPIO_MODE_OUTPUT_PP;
 330              		.loc 1 130 0
 331 01ea 0896     		str	r6, [sp, #32]
 131:../../core/platform/octa/src/gpio.c ****   GPIO_InitStruct.Pull = GPIO_NOPULL;
 332              		.loc 1 131 0
 333 01ec 0994     		str	r4, [sp, #36]
 132:../../core/platform/octa/src/gpio.c ****   GPIO_InitStruct.Speed = GPIO_SPEED_FREQ_LOW;
 334              		.loc 1 132 0
 335 01ee 0A94     		str	r4, [sp, #40]
 133:../../core/platform/octa/src/gpio.c ****   HAL_GPIO_Init(GPIOD, &GPIO_InitStruct);
 336              		.loc 1 133 0
 337 01f0 07A9     		add	r1, sp, #28
 338 01f2 3C48     		ldr	r0, .L3+16
 339 01f4 FFF7FEFF 		bl	HAL_GPIO_Init
 340              	.LVL21:
 134:../../core/platform/octa/src/gpio.c **** 
 135:../../core/platform/octa/src/gpio.c ****   /*Configure GPIO pin : PF13 (OCTA-FLASH CS)*/
 136:../../core/platform/octa/src/gpio.c ****   GPIO_InitStruct.Pin = OCTA_FLASH_CS_Pin;
 341              		.loc 1 136 0
 342 01f8 CDF81CA0 		str	r10, [sp, #28]
 137:../../core/platform/octa/src/gpio.c ****   GPIO_InitStruct.Mode = GPIO_MODE_OUTPUT_PP;
 343              		.loc 1 137 0
 344 01fc 0896     		str	r6, [sp, #32]
 138:../../core/platform/octa/src/gpio.c ****   GPIO_InitStruct.Pull = GPIO_NOPULL;
 345              		.loc 1 138 0
 346 01fe 0994     		str	r4, [sp, #36]
 139:../../core/platform/octa/src/gpio.c ****   GPIO_InitStruct.Speed = GPIO_SPEED_FREQ_LOW;
 347              		.loc 1 139 0
 348 0200 0A94     		str	r4, [sp, #40]
 140:../../core/platform/octa/src/gpio.c ****   HAL_GPIO_Init(OCTA_FLASH_CS_Port, &GPIO_InitStruct);
 349              		.loc 1 140 0
 350 0202 07A9     		add	r1, sp, #28
 351 0204 3846     		mov	r0, r7
 352 0206 FFF7FEFF 		bl	HAL_GPIO_Init
 353              	.LVL22:
 141:../../core/platform/octa/src/gpio.c **** 
 142:../../core/platform/octa/src/gpio.c ****   /*Configure GPIO pins : PE11 (OCTA-FLASH WP) PE0 (OCTA-FLASH HOLD) */
 143:../../core/platform/octa/src/gpio.c ****   GPIO_InitStruct.Pin = OCTA_FLASH_WP_Pin|OCTA_FLASH_HOLD_Pin;
 354              		.loc 1 143 0
 355 020a 40F60109 		movw	r9, #2049
 356 020e CDF81C90 		str	r9, [sp, #28]
 144:../../core/platform/octa/src/gpio.c ****   GPIO_InitStruct.Mode = GPIO_MODE_OUTPUT_PP;
 357              		.loc 1 144 0
 358 0212 0896     		str	r6, [sp, #32]
 145:../../core/platform/octa/src/gpio.c ****   GPIO_InitStruct.Pull = GPIO_NOPULL;
 359              		.loc 1 145 0
 360 0214 0994     		str	r4, [sp, #36]
 146:../../core/platform/octa/src/gpio.c ****   GPIO_InitStruct.Speed = GPIO_SPEED_FREQ_LOW;
 361              		.loc 1 146 0
 362 0216 0A94     		str	r4, [sp, #40]
 147:../../core/platform/octa/src/gpio.c ****   HAL_GPIO_Init(GPIOE, &GPIO_InitStruct);
 363              		.loc 1 147 0
 364 0218 07A9     		add	r1, sp, #28
 365 021a 2846     		mov	r0, r5
 366 021c FFF7FEFF 		bl	HAL_GPIO_Init
 367              	.LVL23:
ARM GAS  /tmp/ccMIhvRN.s 			page 10


 148:../../core/platform/octa/src/gpio.c **** 
 149:../../core/platform/octa/src/gpio.c ****   /*Configure GPIO pin Output Level */
 150:../../core/platform/octa/src/gpio.c ****   HAL_GPIO_WritePin(OCTA_FLASH_CS_Port, OCTA_FLASH_CS_Pin, GPIO_PIN_SET);
 368              		.loc 1 150 0
 369 0220 3246     		mov	r2, r6
 370 0222 5146     		mov	r1, r10
 371 0224 3846     		mov	r0, r7
 372 0226 FFF7FEFF 		bl	HAL_GPIO_WritePin
 373              	.LVL24:
 151:../../core/platform/octa/src/gpio.c **** 
 152:../../core/platform/octa/src/gpio.c ****   /*Configure GPIO pin Output Level */
 153:../../core/platform/octa/src/gpio.c ****   HAL_GPIO_WritePin(GPIOE, OCTA_FLASH_WP_Pin|OCTA_FLASH_HOLD_Pin, GPIO_PIN_RESET);
 374              		.loc 1 153 0
 375 022a 2246     		mov	r2, r4
 376 022c 4946     		mov	r1, r9
 377 022e 2846     		mov	r0, r5
 378 0230 FFF7FEFF 		bl	HAL_GPIO_WritePin
 379              	.LVL25:
 154:../../core/platform/octa/src/gpio.c **** 
 155:../../core/platform/octa/src/gpio.c ****   P1_DIO1.PORT = P1_DIO1_GPIO_Port;
 380              		.loc 1 155 0
 381 0234 2D4B     		ldr	r3, .L3+24
 382 0236 C3F80080 		str	r8, [r3]
 156:../../core/platform/octa/src/gpio.c ****   P1_DIO1.PIN =  P1_DIO1_Pin;
 383              		.loc 1 156 0
 384 023a 4FF40071 		mov	r1, #512
 385 023e 9980     		strh	r1, [r3, #4]	@ movhi
 157:../../core/platform/octa/src/gpio.c ****   P1_DIO2.PORT = P1_DIO2_GPIO_Port;
 386              		.loc 1 157 0
 387 0240 2B4A     		ldr	r2, .L3+28
 388 0242 C2F80080 		str	r8, [r2]
 158:../../core/platform/octa/src/gpio.c ****   P1_DIO2.PIN = P1_DIO2_Pin;
 389              		.loc 1 158 0
 390 0246 4FF48073 		mov	r3, #256
 391 024a 9380     		strh	r3, [r2, #4]	@ movhi
 159:../../core/platform/octa/src/gpio.c ****   P1_DIO3.PORT = P1_DIO3_GPIO_Port;
 392              		.loc 1 159 0
 393 024c 2948     		ldr	r0, .L3+32
 394 024e 0760     		str	r7, [r0]
 160:../../core/platform/octa/src/gpio.c ****   P1_DIO3.PIN = P1_DIO3_Pin;
 395              		.loc 1 160 0
 396 0250 0822     		movs	r2, #8
 397 0252 8280     		strh	r2, [r0, #4]	@ movhi
 161:../../core/platform/octa/src/gpio.c ****   P1_DIO4.PORT = P1_DIO4_GPIO_Port;
 398              		.loc 1 161 0
 399 0254 284C     		ldr	r4, .L3+36
 400 0256 4FF09040 		mov	r0, #1207959552
 401 025a 2060     		str	r0, [r4]
 162:../../core/platform/octa/src/gpio.c ****   P1_DIO4.PIN = P1_DIO4_Pin;
 402              		.loc 1 162 0
 403 025c 8020     		movs	r0, #128
 404 025e A080     		strh	r0, [r4, #4]	@ movhi
 163:../../core/platform/octa/src/gpio.c ****   P1_DIO5.PORT = P1_DIO5_GPIO_Port;
 405              		.loc 1 163 0
 406 0260 264C     		ldr	r4, .L3+40
 407 0262 2760     		str	r7, [r4]
 164:../../core/platform/octa/src/gpio.c ****   P1_DIO5.PIN = P1_DIO5_Pin;
ARM GAS  /tmp/ccMIhvRN.s 			page 11


 408              		.loc 1 164 0
 409 0264 A4F804B0 		strh	fp, [r4, #4]	@ movhi
 165:../../core/platform/octa/src/gpio.c ****   P1_DIO6.PORT = P1_DIO6_GPIO_Port;
 410              		.loc 1 165 0
 411 0268 254C     		ldr	r4, .L3+44
 412 026a C4F80080 		str	r8, [r4]
 166:../../core/platform/octa/src/gpio.c ****   P1_DIO6.PIN = P1_DIO6_Pin;
 413              		.loc 1 166 0
 414 026e A280     		strh	r2, [r4, #4]	@ movhi
 167:../../core/platform/octa/src/gpio.c **** 
 168:../../core/platform/octa/src/gpio.c ****   P2_DIO1.PORT = P2_DIO1_GPIO_Port;
 415              		.loc 1 168 0
 416 0270 244C     		ldr	r4, .L3+48
 417 0272 2560     		str	r5, [r4]
 169:../../core/platform/octa/src/gpio.c ****   P2_DIO1.PIN =  P2_DIO1_Pin;
 418              		.loc 1 169 0
 419 0274 0426     		movs	r6, #4
 420 0276 A680     		strh	r6, [r4, #4]	@ movhi
 170:../../core/platform/octa/src/gpio.c ****   P2_DIO2.PORT = P2_DIO2_GPIO_Port;
 421              		.loc 1 170 0
 422 0278 234C     		ldr	r4, .L3+52
 423 027a 2560     		str	r5, [r4]
 171:../../core/platform/octa/src/gpio.c ****   P2_DIO2.PIN = P2_DIO2_Pin;
 424              		.loc 1 171 0
 425 027c 1026     		movs	r6, #16
 426 027e A680     		strh	r6, [r4, #4]	@ movhi
 172:../../core/platform/octa/src/gpio.c ****   P2_DIO3.PORT = P2_DIO3_GPIO_Port;
 427              		.loc 1 172 0
 428 0280 224C     		ldr	r4, .L3+56
 429 0282 2560     		str	r5, [r4]
 173:../../core/platform/octa/src/gpio.c ****   P2_DIO3.PIN = P2_DIO3_Pin;
 430              		.loc 1 173 0
 431 0284 4026     		movs	r6, #64
 432 0286 A680     		strh	r6, [r4, #4]	@ movhi
 174:../../core/platform/octa/src/gpio.c ****   P2_DIO4.PORT = P2_DIO4_GPIO_Port;
 433              		.loc 1 174 0
 434 0288 214C     		ldr	r4, .L3+60
 435 028a 2560     		str	r5, [r4]
 175:../../core/platform/octa/src/gpio.c ****   P2_DIO4.PIN = P2_DIO4_Pin;
 436              		.loc 1 175 0
 437 028c A4F804B0 		strh	fp, [r4, #4]	@ movhi
 176:../../core/platform/octa/src/gpio.c ****   P2_DIO5.PORT = P2_DIO5_GPIO_Port;
 438              		.loc 1 176 0
 439 0290 204C     		ldr	r4, .L3+64
 440 0292 2760     		str	r7, [r4]
 177:../../core/platform/octa/src/gpio.c ****   P2_DIO5.PIN = P2_DIO5_Pin;
 441              		.loc 1 177 0
 442 0294 A380     		strh	r3, [r4, #4]	@ movhi
 178:../../core/platform/octa/src/gpio.c ****   P2_DIO6.PORT = P2_DIO6_GPIO_Port;
 443              		.loc 1 178 0
 444 0296 204C     		ldr	r4, .L3+68
 445 0298 2560     		str	r5, [r4]
 179:../../core/platform/octa/src/gpio.c ****   P2_DIO6.PIN = P2_DIO6_Pin;
 446              		.loc 1 179 0
 447 029a A280     		strh	r2, [r4, #4]	@ movhi
 180:../../core/platform/octa/src/gpio.c **** 
 181:../../core/platform/octa/src/gpio.c ****   P3_DIO1.PORT = P3_DIO1_GPIO_Port;
ARM GAS  /tmp/ccMIhvRN.s 			page 12


 448              		.loc 1 181 0
 449 029c 1F4A     		ldr	r2, .L3+72
 450 029e 1560     		str	r5, [r2]
 182:../../core/platform/octa/src/gpio.c ****   P3_DIO1.PIN =  P3_DIO1_Pin;
 451              		.loc 1 182 0
 452 02a0 9080     		strh	r0, [r2, #4]	@ movhi
 183:../../core/platform/octa/src/gpio.c ****   P3_DIO2.PORT = P3_DIO2_GPIO_Port;
 453              		.loc 1 183 0
 454 02a2 1F4A     		ldr	r2, .L3+76
 455 02a4 1560     		str	r5, [r2]
 184:../../core/platform/octa/src/gpio.c ****   P3_DIO2.PIN = P3_DIO2_Pin;
 456              		.loc 1 184 0
 457 02a6 4FF48060 		mov	r0, #1024
 458 02aa 9080     		strh	r0, [r2, #4]	@ movhi
 185:../../core/platform/octa/src/gpio.c ****   P3_DIO3.PORT = P3_DIO3_GPIO_Port;
 459              		.loc 1 185 0
 460 02ac 1D4A     		ldr	r2, .L3+80
 461 02ae 1760     		str	r7, [r2]
 186:../../core/platform/octa/src/gpio.c ****   P3_DIO3.PIN = P3_DIO3_Pin;
 462              		.loc 1 186 0
 463 02b0 4FF48040 		mov	r0, #16384
 464 02b4 9080     		strh	r0, [r2, #4]	@ movhi
 187:../../core/platform/octa/src/gpio.c ****   P3_DIO4.PORT = P3_DIO4_GPIO_Port;
 465              		.loc 1 187 0
 466 02b6 1C4A     		ldr	r2, .L3+84
 467 02b8 1560     		str	r5, [r2]
 188:../../core/platform/octa/src/gpio.c ****   P3_DIO4.PIN = P3_DIO4_Pin;
 468              		.loc 1 188 0
 469 02ba 9380     		strh	r3, [r2, #4]	@ movhi
 189:../../core/platform/octa/src/gpio.c ****   P3_DIO5.PORT = P3_DIO5_GPIO_Port;
 470              		.loc 1 189 0
 471 02bc 1B4B     		ldr	r3, .L3+88
 472 02be 1D60     		str	r5, [r3]
 190:../../core/platform/octa/src/gpio.c ****   P3_DIO5.PIN = P3_DIO5_Pin;
 473              		.loc 1 190 0
 474 02c0 9980     		strh	r1, [r3, #4]	@ movhi
 191:../../core/platform/octa/src/gpio.c ****   P3_DIO6.PORT = P3_DIO6_GPIO_Port;
 475              		.loc 1 191 0
 476 02c2 1B4B     		ldr	r3, .L3+92
 477 02c4 064A     		ldr	r2, .L3+12
 478 02c6 1A60     		str	r2, [r3]
 192:../../core/platform/octa/src/gpio.c ****   P3_DIO6.PIN = P3_DIO6_Pin;
 479              		.loc 1 192 0
 480 02c8 4FF00202 		mov	r2, #2	@ movhi
 481 02cc 9A80     		strh	r2, [r3, #4]	@ movhi
 193:../../core/platform/octa/src/gpio.c **** 
 194:../../core/platform/octa/src/gpio.c **** }
 482              		.loc 1 194 0
 483 02ce 0DB0     		add	sp, sp, #52
 484              	.LCFI2:
 485              		.cfi_def_cfa_offset 36
 486              		@ sp needed
 487 02d0 BDE8F08F 		pop	{r4, r5, r6, r7, r8, r9, r10, fp, pc}
 488              	.L4:
 489              		.align	2
 490              	.L3:
 491 02d4 00100240 		.word	1073876992
ARM GAS  /tmp/ccMIhvRN.s 			page 13


 492 02d8 00100048 		.word	1207963648
 493 02dc 00140048 		.word	1207964672
 494 02e0 00040048 		.word	1207960576
 495 02e4 000C0048 		.word	1207962624
 496 02e8 00180048 		.word	1207965696
 497 02ec 00000000 		.word	P1_DIO1
 498 02f0 00000000 		.word	P1_DIO2
 499 02f4 00000000 		.word	P1_DIO3
 500 02f8 00000000 		.word	P1_DIO4
 501 02fc 00000000 		.word	P1_DIO5
 502 0300 00000000 		.word	P1_DIO6
 503 0304 00000000 		.word	P2_DIO1
 504 0308 00000000 		.word	P2_DIO2
 505 030c 00000000 		.word	P2_DIO3
 506 0310 00000000 		.word	P2_DIO4
 507 0314 00000000 		.word	P2_DIO5
 508 0318 00000000 		.word	P2_DIO6
 509 031c 00000000 		.word	P3_DIO1
 510 0320 00000000 		.word	P3_DIO2
 511 0324 00000000 		.word	P3_DIO3
 512 0328 00000000 		.word	P3_DIO4
 513 032c 00000000 		.word	P3_DIO5
 514 0330 00000000 		.word	P3_DIO6
 515 0334 00080048 		.word	1207961600
 516 0338 00001110 		.word	269549568
 517              		.cfi_endproc
 518              	.LFE123:
 520              		.comm	P3_DIO6,8,4
 521              		.comm	P3_DIO5,8,4
 522              		.comm	P3_DIO4,8,4
 523              		.comm	P3_DIO3,8,4
 524              		.comm	P3_DIO2,8,4
 525              		.comm	P3_DIO1,8,4
 526              		.comm	P2_DIO6,8,4
 527              		.comm	P2_DIO5,8,4
 528              		.comm	P2_DIO4,8,4
 529              		.comm	P2_DIO3,8,4
 530              		.comm	P2_DIO2,8,4
 531              		.comm	P2_DIO1,8,4
 532              		.comm	P1_DIO6,8,4
 533              		.comm	P1_DIO5,8,4
 534              		.comm	P1_DIO4,8,4
 535              		.comm	P1_DIO3,8,4
 536              		.comm	P1_DIO2,8,4
 537              		.comm	P1_DIO1,8,4
 538              		.text
 539              	.Letext0:
 540              		.file 2 "/usr/include/newlib/machine/_default_types.h"
 541              		.file 3 "/usr/include/newlib/sys/_stdint.h"
 542              		.file 4 "../../core/ST/CMSIS/Include/core_cm4.h"
 543              		.file 5 "../../core/ST/CMSIS/Device/ST/STM32L4xx/Include/system_stm32l4xx.h"
 544              		.file 6 "../../core/ST/CMSIS/Device/ST/STM32L4xx/Include/stm32l496xx.h"
 545              		.file 7 "../../core/ST/STM32L4xx_HAL_Driver/Inc/stm32l4xx_hal_gpio.h"
 546              		.file 8 "../../core/ST/STM32L4xx_HAL_Driver/Inc/stm32l4xx_hal.h"
 547              		.file 9 "../../core/platform/octa/inc/gpio.h"
 548              		.file 10 "../../core/ST/STM32L4xx_HAL_Driver/Inc/stm32l4xx_hal_pwr_ex.h"
ARM GAS  /tmp/ccMIhvRN.s 			page 14


DEFINED SYMBOLS
                            *ABS*:0000000000000000 gpio.c
     /tmp/ccMIhvRN.s:18     .text.OCTA_GPIO_Init:0000000000000000 $t
     /tmp/ccMIhvRN.s:25     .text.OCTA_GPIO_Init:0000000000000000 OCTA_GPIO_Init
     /tmp/ccMIhvRN.s:491    .text.OCTA_GPIO_Init:00000000000002d4 $d
                            *COM*:0000000000000008 P1_DIO1
                            *COM*:0000000000000008 P1_DIO2
                            *COM*:0000000000000008 P1_DIO3
                            *COM*:0000000000000008 P1_DIO4
                            *COM*:0000000000000008 P1_DIO5
                            *COM*:0000000000000008 P1_DIO6
                            *COM*:0000000000000008 P2_DIO1
                            *COM*:0000000000000008 P2_DIO2
                            *COM*:0000000000000008 P2_DIO3
                            *COM*:0000000000000008 P2_DIO4
                            *COM*:0000000000000008 P2_DIO5
                            *COM*:0000000000000008 P2_DIO6
                            *COM*:0000000000000008 P3_DIO1
                            *COM*:0000000000000008 P3_DIO2
                            *COM*:0000000000000008 P3_DIO3
                            *COM*:0000000000000008 P3_DIO4
                            *COM*:0000000000000008 P3_DIO5
                            *COM*:0000000000000008 P3_DIO6
                     .debug_frame:0000000000000010 $d

UNDEFINED SYMBOLS
HAL_PWREx_EnableVddIO2
HAL_GPIO_WritePin
HAL_GPIO_Init
