ARM GAS  /tmp/ccRuKEYY.s 			page 1


   1              		.cpu cortex-m4
   2              		.eabi_attribute 27, 1
   3              		.eabi_attribute 28, 1
   4              		.eabi_attribute 20, 1
   5              		.eabi_attribute 21, 1
   6              		.eabi_attribute 23, 3
   7              		.eabi_attribute 24, 1
   8              		.eabi_attribute 25, 1
   9              		.eabi_attribute 26, 1
  10              		.eabi_attribute 30, 1
  11              		.eabi_attribute 34, 1
  12              		.eabi_attribute 18, 4
  13              		.file	"stm32l4xx_hal_gpio.c"
  14              		.text
  15              	.Ltext0:
  16              		.cfi_sections	.debug_frame
  17              		.section	.text.HAL_GPIO_Init,"ax",%progbits
  18              		.align	1
  19              		.global	HAL_GPIO_Init
  20              		.syntax unified
  21              		.thumb
  22              		.thumb_func
  23              		.fpu fpv4-sp-d16
  25              	HAL_GPIO_Init:
  26              	.LFB123:
  27              		.file 1 "../../core/ST/STM32L4xx_HAL_Driver/Src/stm32l4xx_hal_gpio.c"
   1:../../core/ST/STM32L4xx_HAL_Driver/Src/stm32l4xx_hal_gpio.c **** /**
   2:../../core/ST/STM32L4xx_HAL_Driver/Src/stm32l4xx_hal_gpio.c ****   ******************************************************************************
   3:../../core/ST/STM32L4xx_HAL_Driver/Src/stm32l4xx_hal_gpio.c ****   * @file    stm32l4xx_hal_gpio.c
   4:../../core/ST/STM32L4xx_HAL_Driver/Src/stm32l4xx_hal_gpio.c ****   * @author  MCD Application Team
   5:../../core/ST/STM32L4xx_HAL_Driver/Src/stm32l4xx_hal_gpio.c ****   * @brief   GPIO HAL module driver.
   6:../../core/ST/STM32L4xx_HAL_Driver/Src/stm32l4xx_hal_gpio.c ****   *          This file provides firmware functions to manage the following
   7:../../core/ST/STM32L4xx_HAL_Driver/Src/stm32l4xx_hal_gpio.c ****   *          functionalities of the General Purpose Input/Output (GPIO) peripheral:
   8:../../core/ST/STM32L4xx_HAL_Driver/Src/stm32l4xx_hal_gpio.c ****   *           + Initialization and de-initialization functions
   9:../../core/ST/STM32L4xx_HAL_Driver/Src/stm32l4xx_hal_gpio.c ****   *           + IO operation functions
  10:../../core/ST/STM32L4xx_HAL_Driver/Src/stm32l4xx_hal_gpio.c ****   *
  11:../../core/ST/STM32L4xx_HAL_Driver/Src/stm32l4xx_hal_gpio.c ****   @verbatim
  12:../../core/ST/STM32L4xx_HAL_Driver/Src/stm32l4xx_hal_gpio.c ****   ==============================================================================
  13:../../core/ST/STM32L4xx_HAL_Driver/Src/stm32l4xx_hal_gpio.c ****                     ##### GPIO Peripheral features #####
  14:../../core/ST/STM32L4xx_HAL_Driver/Src/stm32l4xx_hal_gpio.c ****   ==============================================================================
  15:../../core/ST/STM32L4xx_HAL_Driver/Src/stm32l4xx_hal_gpio.c ****   [..]
  16:../../core/ST/STM32L4xx_HAL_Driver/Src/stm32l4xx_hal_gpio.c ****     (+) Each port bit of the general-purpose I/O (GPIO) ports can be individually
  17:../../core/ST/STM32L4xx_HAL_Driver/Src/stm32l4xx_hal_gpio.c ****         configured by software in several modes:
  18:../../core/ST/STM32L4xx_HAL_Driver/Src/stm32l4xx_hal_gpio.c ****         (++) Input mode
  19:../../core/ST/STM32L4xx_HAL_Driver/Src/stm32l4xx_hal_gpio.c ****         (++) Analog mode
  20:../../core/ST/STM32L4xx_HAL_Driver/Src/stm32l4xx_hal_gpio.c ****         (++) Output mode
  21:../../core/ST/STM32L4xx_HAL_Driver/Src/stm32l4xx_hal_gpio.c ****         (++) Alternate function mode
  22:../../core/ST/STM32L4xx_HAL_Driver/Src/stm32l4xx_hal_gpio.c ****         (++) External interrupt/event lines
  23:../../core/ST/STM32L4xx_HAL_Driver/Src/stm32l4xx_hal_gpio.c **** 
  24:../../core/ST/STM32L4xx_HAL_Driver/Src/stm32l4xx_hal_gpio.c ****     (+) During and just after reset, the alternate functions and external interrupt
  25:../../core/ST/STM32L4xx_HAL_Driver/Src/stm32l4xx_hal_gpio.c ****         lines are not active and the I/O ports are configured in input floating mode.
  26:../../core/ST/STM32L4xx_HAL_Driver/Src/stm32l4xx_hal_gpio.c **** 
  27:../../core/ST/STM32L4xx_HAL_Driver/Src/stm32l4xx_hal_gpio.c ****     (+) All GPIO pins have weak internal pull-up and pull-down resistors, which can be
  28:../../core/ST/STM32L4xx_HAL_Driver/Src/stm32l4xx_hal_gpio.c ****         activated or not.
  29:../../core/ST/STM32L4xx_HAL_Driver/Src/stm32l4xx_hal_gpio.c **** 
  30:../../core/ST/STM32L4xx_HAL_Driver/Src/stm32l4xx_hal_gpio.c ****     (+) In Output or Alternate mode, each IO can be configured on open-drain or push-pull
  31:../../core/ST/STM32L4xx_HAL_Driver/Src/stm32l4xx_hal_gpio.c ****         type and the IO speed can be selected depending on the VDD value.
ARM GAS  /tmp/ccRuKEYY.s 			page 2


  32:../../core/ST/STM32L4xx_HAL_Driver/Src/stm32l4xx_hal_gpio.c **** 
  33:../../core/ST/STM32L4xx_HAL_Driver/Src/stm32l4xx_hal_gpio.c ****     (+) The microcontroller IO pins are connected to onboard peripherals/modules through a
  34:../../core/ST/STM32L4xx_HAL_Driver/Src/stm32l4xx_hal_gpio.c ****         multiplexer that allows only one peripheral alternate function (AF) connected
  35:../../core/ST/STM32L4xx_HAL_Driver/Src/stm32l4xx_hal_gpio.c ****        to an IO pin at a time. In this way, there can be no conflict between peripherals
  36:../../core/ST/STM32L4xx_HAL_Driver/Src/stm32l4xx_hal_gpio.c ****        sharing the same IO pin.
  37:../../core/ST/STM32L4xx_HAL_Driver/Src/stm32l4xx_hal_gpio.c **** 
  38:../../core/ST/STM32L4xx_HAL_Driver/Src/stm32l4xx_hal_gpio.c ****     (+) All ports have external interrupt/event capability. To use external interrupt
  39:../../core/ST/STM32L4xx_HAL_Driver/Src/stm32l4xx_hal_gpio.c ****         lines, the port must be configured in input mode. All available GPIO pins are
  40:../../core/ST/STM32L4xx_HAL_Driver/Src/stm32l4xx_hal_gpio.c ****         connected to the 16 external interrupt/event lines from EXTI0 to EXTI15.
  41:../../core/ST/STM32L4xx_HAL_Driver/Src/stm32l4xx_hal_gpio.c **** 
  42:../../core/ST/STM32L4xx_HAL_Driver/Src/stm32l4xx_hal_gpio.c ****     (+) The external interrupt/event controller consists of up to 39 edge detectors
  43:../../core/ST/STM32L4xx_HAL_Driver/Src/stm32l4xx_hal_gpio.c ****         (16 lines are connected to GPIO) for generating event/interrupt requests (each
  44:../../core/ST/STM32L4xx_HAL_Driver/Src/stm32l4xx_hal_gpio.c ****         input line can be independently configured to select the type (interrupt or event)
  45:../../core/ST/STM32L4xx_HAL_Driver/Src/stm32l4xx_hal_gpio.c ****         and the corresponding trigger event (rising or falling or both). Each line can
  46:../../core/ST/STM32L4xx_HAL_Driver/Src/stm32l4xx_hal_gpio.c ****         also be masked independently.
  47:../../core/ST/STM32L4xx_HAL_Driver/Src/stm32l4xx_hal_gpio.c **** 
  48:../../core/ST/STM32L4xx_HAL_Driver/Src/stm32l4xx_hal_gpio.c ****                      ##### How to use this driver #####
  49:../../core/ST/STM32L4xx_HAL_Driver/Src/stm32l4xx_hal_gpio.c ****   ==============================================================================
  50:../../core/ST/STM32L4xx_HAL_Driver/Src/stm32l4xx_hal_gpio.c ****   [..]
  51:../../core/ST/STM32L4xx_HAL_Driver/Src/stm32l4xx_hal_gpio.c ****     (#) Enable the GPIO AHB clock using the following function: __HAL_RCC_GPIOx_CLK_ENABLE().
  52:../../core/ST/STM32L4xx_HAL_Driver/Src/stm32l4xx_hal_gpio.c **** 
  53:../../core/ST/STM32L4xx_HAL_Driver/Src/stm32l4xx_hal_gpio.c ****     (#) Configure the GPIO pin(s) using HAL_GPIO_Init().
  54:../../core/ST/STM32L4xx_HAL_Driver/Src/stm32l4xx_hal_gpio.c ****         (++) Configure the IO mode using "Mode" member from GPIO_InitTypeDef structure
  55:../../core/ST/STM32L4xx_HAL_Driver/Src/stm32l4xx_hal_gpio.c ****         (++) Activate Pull-up, Pull-down resistor using "Pull" member from GPIO_InitTypeDef
  56:../../core/ST/STM32L4xx_HAL_Driver/Src/stm32l4xx_hal_gpio.c ****              structure.
  57:../../core/ST/STM32L4xx_HAL_Driver/Src/stm32l4xx_hal_gpio.c ****         (++) In case of Output or alternate function mode selection: the speed is
  58:../../core/ST/STM32L4xx_HAL_Driver/Src/stm32l4xx_hal_gpio.c ****              configured through "Speed" member from GPIO_InitTypeDef structure.
  59:../../core/ST/STM32L4xx_HAL_Driver/Src/stm32l4xx_hal_gpio.c ****         (++) In alternate mode is selection, the alternate function connected to the IO
  60:../../core/ST/STM32L4xx_HAL_Driver/Src/stm32l4xx_hal_gpio.c ****              is configured through "Alternate" member from GPIO_InitTypeDef structure.
  61:../../core/ST/STM32L4xx_HAL_Driver/Src/stm32l4xx_hal_gpio.c ****         (++) Analog mode is required when a pin is to be used as ADC channel
  62:../../core/ST/STM32L4xx_HAL_Driver/Src/stm32l4xx_hal_gpio.c ****              or DAC output.
  63:../../core/ST/STM32L4xx_HAL_Driver/Src/stm32l4xx_hal_gpio.c ****         (++) In case of external interrupt/event selection the "Mode" member from
  64:../../core/ST/STM32L4xx_HAL_Driver/Src/stm32l4xx_hal_gpio.c ****              GPIO_InitTypeDef structure select the type (interrupt or event) and
  65:../../core/ST/STM32L4xx_HAL_Driver/Src/stm32l4xx_hal_gpio.c ****              the corresponding trigger event (rising or falling or both).
  66:../../core/ST/STM32L4xx_HAL_Driver/Src/stm32l4xx_hal_gpio.c **** 
  67:../../core/ST/STM32L4xx_HAL_Driver/Src/stm32l4xx_hal_gpio.c ****     (#) In case of external interrupt/event mode selection, configure NVIC IRQ priority
  68:../../core/ST/STM32L4xx_HAL_Driver/Src/stm32l4xx_hal_gpio.c ****         mapped to the EXTI line using HAL_NVIC_SetPriority() and enable it using
  69:../../core/ST/STM32L4xx_HAL_Driver/Src/stm32l4xx_hal_gpio.c ****         HAL_NVIC_EnableIRQ().
  70:../../core/ST/STM32L4xx_HAL_Driver/Src/stm32l4xx_hal_gpio.c **** 
  71:../../core/ST/STM32L4xx_HAL_Driver/Src/stm32l4xx_hal_gpio.c ****     (#) To get the level of a pin configured in input mode use HAL_GPIO_ReadPin().
  72:../../core/ST/STM32L4xx_HAL_Driver/Src/stm32l4xx_hal_gpio.c **** 
  73:../../core/ST/STM32L4xx_HAL_Driver/Src/stm32l4xx_hal_gpio.c ****     (#) To set/reset the level of a pin configured in output mode use
  74:../../core/ST/STM32L4xx_HAL_Driver/Src/stm32l4xx_hal_gpio.c ****         HAL_GPIO_WritePin()/HAL_GPIO_TogglePin().
  75:../../core/ST/STM32L4xx_HAL_Driver/Src/stm32l4xx_hal_gpio.c **** 
  76:../../core/ST/STM32L4xx_HAL_Driver/Src/stm32l4xx_hal_gpio.c ****    (#) To lock pin configuration until next reset use HAL_GPIO_LockPin().
  77:../../core/ST/STM32L4xx_HAL_Driver/Src/stm32l4xx_hal_gpio.c **** 
  78:../../core/ST/STM32L4xx_HAL_Driver/Src/stm32l4xx_hal_gpio.c ****     (#) During and just after reset, the alternate functions are not
  79:../../core/ST/STM32L4xx_HAL_Driver/Src/stm32l4xx_hal_gpio.c ****         active and the GPIO pins are configured in input floating mode (except JTAG
  80:../../core/ST/STM32L4xx_HAL_Driver/Src/stm32l4xx_hal_gpio.c ****         pins).
  81:../../core/ST/STM32L4xx_HAL_Driver/Src/stm32l4xx_hal_gpio.c **** 
  82:../../core/ST/STM32L4xx_HAL_Driver/Src/stm32l4xx_hal_gpio.c ****     (#) The LSE oscillator pins OSC32_IN and OSC32_OUT can be used as general purpose
  83:../../core/ST/STM32L4xx_HAL_Driver/Src/stm32l4xx_hal_gpio.c ****         (PC14 and PC15, respectively) when the LSE oscillator is off. The LSE has
  84:../../core/ST/STM32L4xx_HAL_Driver/Src/stm32l4xx_hal_gpio.c ****         priority over the GPIO function.
  85:../../core/ST/STM32L4xx_HAL_Driver/Src/stm32l4xx_hal_gpio.c **** 
  86:../../core/ST/STM32L4xx_HAL_Driver/Src/stm32l4xx_hal_gpio.c ****     (#) The HSE oscillator pins OSC_IN/OSC_OUT can be used as
  87:../../core/ST/STM32L4xx_HAL_Driver/Src/stm32l4xx_hal_gpio.c ****         general purpose PH0 and PH1, respectively, when the HSE oscillator is off.
  88:../../core/ST/STM32L4xx_HAL_Driver/Src/stm32l4xx_hal_gpio.c ****         The HSE has priority over the GPIO function.
ARM GAS  /tmp/ccRuKEYY.s 			page 3


  89:../../core/ST/STM32L4xx_HAL_Driver/Src/stm32l4xx_hal_gpio.c **** 
  90:../../core/ST/STM32L4xx_HAL_Driver/Src/stm32l4xx_hal_gpio.c ****   @endverbatim
  91:../../core/ST/STM32L4xx_HAL_Driver/Src/stm32l4xx_hal_gpio.c ****   ******************************************************************************
  92:../../core/ST/STM32L4xx_HAL_Driver/Src/stm32l4xx_hal_gpio.c ****   * @attention
  93:../../core/ST/STM32L4xx_HAL_Driver/Src/stm32l4xx_hal_gpio.c ****   *
  94:../../core/ST/STM32L4xx_HAL_Driver/Src/stm32l4xx_hal_gpio.c ****   * <h2><center>&copy; COPYRIGHT(c) 2017 STMicroelectronics</center></h2>
  95:../../core/ST/STM32L4xx_HAL_Driver/Src/stm32l4xx_hal_gpio.c ****   *
  96:../../core/ST/STM32L4xx_HAL_Driver/Src/stm32l4xx_hal_gpio.c ****   * Redistribution and use in source and binary forms, with or without modification,
  97:../../core/ST/STM32L4xx_HAL_Driver/Src/stm32l4xx_hal_gpio.c ****   * are permitted provided that the following conditions are met:
  98:../../core/ST/STM32L4xx_HAL_Driver/Src/stm32l4xx_hal_gpio.c ****   *   1. Redistributions of source code must retain the above copyright notice,
  99:../../core/ST/STM32L4xx_HAL_Driver/Src/stm32l4xx_hal_gpio.c ****   *      this list of conditions and the following disclaimer.
 100:../../core/ST/STM32L4xx_HAL_Driver/Src/stm32l4xx_hal_gpio.c ****   *   2. Redistributions in binary form must reproduce the above copyright notice,
 101:../../core/ST/STM32L4xx_HAL_Driver/Src/stm32l4xx_hal_gpio.c ****   *      this list of conditions and the following disclaimer in the documentation
 102:../../core/ST/STM32L4xx_HAL_Driver/Src/stm32l4xx_hal_gpio.c ****   *      and/or other materials provided with the distribution.
 103:../../core/ST/STM32L4xx_HAL_Driver/Src/stm32l4xx_hal_gpio.c ****   *   3. Neither the name of STMicroelectronics nor the names of its contributors
 104:../../core/ST/STM32L4xx_HAL_Driver/Src/stm32l4xx_hal_gpio.c ****   *      may be used to endorse or promote products derived from this software
 105:../../core/ST/STM32L4xx_HAL_Driver/Src/stm32l4xx_hal_gpio.c ****   *      without specific prior written permission.
 106:../../core/ST/STM32L4xx_HAL_Driver/Src/stm32l4xx_hal_gpio.c ****   *
 107:../../core/ST/STM32L4xx_HAL_Driver/Src/stm32l4xx_hal_gpio.c ****   * THIS SOFTWARE IS PROVIDED BY THE COPYRIGHT HOLDERS AND CONTRIBUTORS "AS IS"
 108:../../core/ST/STM32L4xx_HAL_Driver/Src/stm32l4xx_hal_gpio.c ****   * AND ANY EXPRESS OR IMPLIED WARRANTIES, INCLUDING, BUT NOT LIMITED TO, THE
 109:../../core/ST/STM32L4xx_HAL_Driver/Src/stm32l4xx_hal_gpio.c ****   * IMPLIED WARRANTIES OF MERCHANTABILITY AND FITNESS FOR A PARTICULAR PURPOSE ARE
 110:../../core/ST/STM32L4xx_HAL_Driver/Src/stm32l4xx_hal_gpio.c ****   * DISCLAIMED. IN NO EVENT SHALL THE COPYRIGHT HOLDER OR CONTRIBUTORS BE LIABLE
 111:../../core/ST/STM32L4xx_HAL_Driver/Src/stm32l4xx_hal_gpio.c ****   * FOR ANY DIRECT, INDIRECT, INCIDENTAL, SPECIAL, EXEMPLARY, OR CONSEQUENTIAL
 112:../../core/ST/STM32L4xx_HAL_Driver/Src/stm32l4xx_hal_gpio.c ****   * DAMAGES (INCLUDING, BUT NOT LIMITED TO, PROCUREMENT OF SUBSTITUTE GOODS OR
 113:../../core/ST/STM32L4xx_HAL_Driver/Src/stm32l4xx_hal_gpio.c ****   * SERVICES; LOSS OF USE, DATA, OR PROFITS; OR BUSINESS INTERRUPTION) HOWEVER
 114:../../core/ST/STM32L4xx_HAL_Driver/Src/stm32l4xx_hal_gpio.c ****   * CAUSED AND ON ANY THEORY OF LIABILITY, WHETHER IN CONTRACT, STRICT LIABILITY,
 115:../../core/ST/STM32L4xx_HAL_Driver/Src/stm32l4xx_hal_gpio.c ****   * OR TORT (INCLUDING NEGLIGENCE OR OTHERWISE) ARISING IN ANY WAY OUT OF THE USE
 116:../../core/ST/STM32L4xx_HAL_Driver/Src/stm32l4xx_hal_gpio.c ****   * OF THIS SOFTWARE, EVEN IF ADVISED OF THE POSSIBILITY OF SUCH DAMAGE.
 117:../../core/ST/STM32L4xx_HAL_Driver/Src/stm32l4xx_hal_gpio.c ****   *
 118:../../core/ST/STM32L4xx_HAL_Driver/Src/stm32l4xx_hal_gpio.c ****   ******************************************************************************
 119:../../core/ST/STM32L4xx_HAL_Driver/Src/stm32l4xx_hal_gpio.c ****   */
 120:../../core/ST/STM32L4xx_HAL_Driver/Src/stm32l4xx_hal_gpio.c **** 
 121:../../core/ST/STM32L4xx_HAL_Driver/Src/stm32l4xx_hal_gpio.c **** /* Includes ------------------------------------------------------------------*/
 122:../../core/ST/STM32L4xx_HAL_Driver/Src/stm32l4xx_hal_gpio.c **** #include "stm32l4xx_hal.h"
 123:../../core/ST/STM32L4xx_HAL_Driver/Src/stm32l4xx_hal_gpio.c **** 
 124:../../core/ST/STM32L4xx_HAL_Driver/Src/stm32l4xx_hal_gpio.c **** /** @addtogroup STM32L4xx_HAL_Driver
 125:../../core/ST/STM32L4xx_HAL_Driver/Src/stm32l4xx_hal_gpio.c ****   * @{
 126:../../core/ST/STM32L4xx_HAL_Driver/Src/stm32l4xx_hal_gpio.c ****   */
 127:../../core/ST/STM32L4xx_HAL_Driver/Src/stm32l4xx_hal_gpio.c **** 
 128:../../core/ST/STM32L4xx_HAL_Driver/Src/stm32l4xx_hal_gpio.c **** /** @defgroup GPIO GPIO
 129:../../core/ST/STM32L4xx_HAL_Driver/Src/stm32l4xx_hal_gpio.c ****   * @brief GPIO HAL module driver
 130:../../core/ST/STM32L4xx_HAL_Driver/Src/stm32l4xx_hal_gpio.c ****   * @{
 131:../../core/ST/STM32L4xx_HAL_Driver/Src/stm32l4xx_hal_gpio.c ****   */
 132:../../core/ST/STM32L4xx_HAL_Driver/Src/stm32l4xx_hal_gpio.c **** /** MISRA C:2012 deviation rule has been granted for following rules:
 133:../../core/ST/STM32L4xx_HAL_Driver/Src/stm32l4xx_hal_gpio.c ****   * Rule-12.2 - Medium: RHS argument is in interval [0,INF] which is out of
 134:../../core/ST/STM32L4xx_HAL_Driver/Src/stm32l4xx_hal_gpio.c ****   * range of the shift operator in following API :
 135:../../core/ST/STM32L4xx_HAL_Driver/Src/stm32l4xx_hal_gpio.c ****   * HAL_GPIO_Init
 136:../../core/ST/STM32L4xx_HAL_Driver/Src/stm32l4xx_hal_gpio.c ****   * HAL_GPIO_DeInit
 137:../../core/ST/STM32L4xx_HAL_Driver/Src/stm32l4xx_hal_gpio.c ****   */
 138:../../core/ST/STM32L4xx_HAL_Driver/Src/stm32l4xx_hal_gpio.c **** 
 139:../../core/ST/STM32L4xx_HAL_Driver/Src/stm32l4xx_hal_gpio.c **** #ifdef HAL_GPIO_MODULE_ENABLED
 140:../../core/ST/STM32L4xx_HAL_Driver/Src/stm32l4xx_hal_gpio.c **** 
 141:../../core/ST/STM32L4xx_HAL_Driver/Src/stm32l4xx_hal_gpio.c **** /* Private typedef -----------------------------------------------------------*/
 142:../../core/ST/STM32L4xx_HAL_Driver/Src/stm32l4xx_hal_gpio.c **** /* Private defines -----------------------------------------------------------*/
 143:../../core/ST/STM32L4xx_HAL_Driver/Src/stm32l4xx_hal_gpio.c **** /** @defgroup GPIO_Private_Defines GPIO Private Defines
 144:../../core/ST/STM32L4xx_HAL_Driver/Src/stm32l4xx_hal_gpio.c ****   * @{
 145:../../core/ST/STM32L4xx_HAL_Driver/Src/stm32l4xx_hal_gpio.c ****   */
ARM GAS  /tmp/ccRuKEYY.s 			page 4


 146:../../core/ST/STM32L4xx_HAL_Driver/Src/stm32l4xx_hal_gpio.c **** #define GPIO_MODE             (0x00000003u)
 147:../../core/ST/STM32L4xx_HAL_Driver/Src/stm32l4xx_hal_gpio.c **** #define ANALOG_MODE           (0x00000008u)
 148:../../core/ST/STM32L4xx_HAL_Driver/Src/stm32l4xx_hal_gpio.c **** #define EXTI_MODE             (0x10000000u)
 149:../../core/ST/STM32L4xx_HAL_Driver/Src/stm32l4xx_hal_gpio.c **** #define GPIO_MODE_IT          (0x00010000u)
 150:../../core/ST/STM32L4xx_HAL_Driver/Src/stm32l4xx_hal_gpio.c **** #define GPIO_MODE_EVT         (0x00020000u)
 151:../../core/ST/STM32L4xx_HAL_Driver/Src/stm32l4xx_hal_gpio.c **** #define RISING_EDGE           (0x00100000u)
 152:../../core/ST/STM32L4xx_HAL_Driver/Src/stm32l4xx_hal_gpio.c **** #define FALLING_EDGE          (0x00200000u)
 153:../../core/ST/STM32L4xx_HAL_Driver/Src/stm32l4xx_hal_gpio.c **** #define GPIO_OUTPUT_TYPE      (0x00000010u)
 154:../../core/ST/STM32L4xx_HAL_Driver/Src/stm32l4xx_hal_gpio.c **** 
 155:../../core/ST/STM32L4xx_HAL_Driver/Src/stm32l4xx_hal_gpio.c **** #define GPIO_NUMBER           (16u)
 156:../../core/ST/STM32L4xx_HAL_Driver/Src/stm32l4xx_hal_gpio.c **** /**
 157:../../core/ST/STM32L4xx_HAL_Driver/Src/stm32l4xx_hal_gpio.c ****   * @}
 158:../../core/ST/STM32L4xx_HAL_Driver/Src/stm32l4xx_hal_gpio.c ****   */
 159:../../core/ST/STM32L4xx_HAL_Driver/Src/stm32l4xx_hal_gpio.c **** 
 160:../../core/ST/STM32L4xx_HAL_Driver/Src/stm32l4xx_hal_gpio.c **** /* Private macros ------------------------------------------------------------*/
 161:../../core/ST/STM32L4xx_HAL_Driver/Src/stm32l4xx_hal_gpio.c **** /* Private variables ---------------------------------------------------------*/
 162:../../core/ST/STM32L4xx_HAL_Driver/Src/stm32l4xx_hal_gpio.c **** /* Private function prototypes -----------------------------------------------*/
 163:../../core/ST/STM32L4xx_HAL_Driver/Src/stm32l4xx_hal_gpio.c **** /* Exported functions --------------------------------------------------------*/
 164:../../core/ST/STM32L4xx_HAL_Driver/Src/stm32l4xx_hal_gpio.c **** 
 165:../../core/ST/STM32L4xx_HAL_Driver/Src/stm32l4xx_hal_gpio.c **** /** @defgroup GPIO_Exported_Functions GPIO Exported Functions
 166:../../core/ST/STM32L4xx_HAL_Driver/Src/stm32l4xx_hal_gpio.c ****   * @{
 167:../../core/ST/STM32L4xx_HAL_Driver/Src/stm32l4xx_hal_gpio.c ****   */
 168:../../core/ST/STM32L4xx_HAL_Driver/Src/stm32l4xx_hal_gpio.c **** 
 169:../../core/ST/STM32L4xx_HAL_Driver/Src/stm32l4xx_hal_gpio.c **** /** @defgroup GPIO_Exported_Functions_Group1 Initialization/de-initialization functions
 170:../../core/ST/STM32L4xx_HAL_Driver/Src/stm32l4xx_hal_gpio.c ****  *  @brief    Initialization and Configuration functions
 171:../../core/ST/STM32L4xx_HAL_Driver/Src/stm32l4xx_hal_gpio.c ****  *
 172:../../core/ST/STM32L4xx_HAL_Driver/Src/stm32l4xx_hal_gpio.c **** @verbatim
 173:../../core/ST/STM32L4xx_HAL_Driver/Src/stm32l4xx_hal_gpio.c ****  ===============================================================================
 174:../../core/ST/STM32L4xx_HAL_Driver/Src/stm32l4xx_hal_gpio.c ****               ##### Initialization and de-initialization functions #####
 175:../../core/ST/STM32L4xx_HAL_Driver/Src/stm32l4xx_hal_gpio.c ****  ===============================================================================
 176:../../core/ST/STM32L4xx_HAL_Driver/Src/stm32l4xx_hal_gpio.c **** 
 177:../../core/ST/STM32L4xx_HAL_Driver/Src/stm32l4xx_hal_gpio.c **** @endverbatim
 178:../../core/ST/STM32L4xx_HAL_Driver/Src/stm32l4xx_hal_gpio.c ****   * @{
 179:../../core/ST/STM32L4xx_HAL_Driver/Src/stm32l4xx_hal_gpio.c ****   */
 180:../../core/ST/STM32L4xx_HAL_Driver/Src/stm32l4xx_hal_gpio.c **** 
 181:../../core/ST/STM32L4xx_HAL_Driver/Src/stm32l4xx_hal_gpio.c **** /**
 182:../../core/ST/STM32L4xx_HAL_Driver/Src/stm32l4xx_hal_gpio.c ****   * @brief  Initialize the GPIOx peripheral according to the specified parameters in the GPIO_Init.
 183:../../core/ST/STM32L4xx_HAL_Driver/Src/stm32l4xx_hal_gpio.c ****   * @param  GPIOx: where x can be (A..H) to select the GPIO peripheral for STM32L4 family
 184:../../core/ST/STM32L4xx_HAL_Driver/Src/stm32l4xx_hal_gpio.c ****   * @param  GPIO_Init: pointer to a GPIO_InitTypeDef structure that contains
 185:../../core/ST/STM32L4xx_HAL_Driver/Src/stm32l4xx_hal_gpio.c ****   *         the configuration information for the specified GPIO peripheral.
 186:../../core/ST/STM32L4xx_HAL_Driver/Src/stm32l4xx_hal_gpio.c ****   * @retval None
 187:../../core/ST/STM32L4xx_HAL_Driver/Src/stm32l4xx_hal_gpio.c ****   */
 188:../../core/ST/STM32L4xx_HAL_Driver/Src/stm32l4xx_hal_gpio.c **** void HAL_GPIO_Init(GPIO_TypeDef  *GPIOx, GPIO_InitTypeDef *GPIO_Init)
 189:../../core/ST/STM32L4xx_HAL_Driver/Src/stm32l4xx_hal_gpio.c **** {
  28              		.loc 1 189 0
  29              		.cfi_startproc
  30              		@ args = 0, pretend = 0, frame = 8
  31              		@ frame_needed = 0, uses_anonymous_args = 0
  32              	.LVL0:
  33 0000 F0B5     		push	{r4, r5, r6, r7, lr}
  34              	.LCFI0:
  35              		.cfi_def_cfa_offset 20
  36              		.cfi_offset 4, -20
  37              		.cfi_offset 5, -16
  38              		.cfi_offset 6, -12
  39              		.cfi_offset 7, -8
  40              		.cfi_offset 14, -4
ARM GAS  /tmp/ccRuKEYY.s 			page 5


  41 0002 83B0     		sub	sp, sp, #12
  42              	.LCFI1:
  43              		.cfi_def_cfa_offset 32
  44              	.LVL1:
 190:../../core/ST/STM32L4xx_HAL_Driver/Src/stm32l4xx_hal_gpio.c ****   uint32_t position = 0x00u;
  45              		.loc 1 190 0
  46 0004 0023     		movs	r3, #0
 191:../../core/ST/STM32L4xx_HAL_Driver/Src/stm32l4xx_hal_gpio.c ****   uint32_t iocurrent;
 192:../../core/ST/STM32L4xx_HAL_Driver/Src/stm32l4xx_hal_gpio.c ****   uint32_t temp;
 193:../../core/ST/STM32L4xx_HAL_Driver/Src/stm32l4xx_hal_gpio.c **** 
 194:../../core/ST/STM32L4xx_HAL_Driver/Src/stm32l4xx_hal_gpio.c ****   /* Check the parameters */
 195:../../core/ST/STM32L4xx_HAL_Driver/Src/stm32l4xx_hal_gpio.c ****   assert_param(IS_GPIO_ALL_INSTANCE(GPIOx));
 196:../../core/ST/STM32L4xx_HAL_Driver/Src/stm32l4xx_hal_gpio.c ****   assert_param(IS_GPIO_PIN(GPIO_Init->Pin));
 197:../../core/ST/STM32L4xx_HAL_Driver/Src/stm32l4xx_hal_gpio.c ****   assert_param(IS_GPIO_MODE(GPIO_Init->Mode));
 198:../../core/ST/STM32L4xx_HAL_Driver/Src/stm32l4xx_hal_gpio.c ****   assert_param(IS_GPIO_PULL(GPIO_Init->Pull));
 199:../../core/ST/STM32L4xx_HAL_Driver/Src/stm32l4xx_hal_gpio.c **** 
 200:../../core/ST/STM32L4xx_HAL_Driver/Src/stm32l4xx_hal_gpio.c ****   /* Configure the port pins */
 201:../../core/ST/STM32L4xx_HAL_Driver/Src/stm32l4xx_hal_gpio.c ****   while (((GPIO_Init->Pin) >> position) != 0x00u)
  47              		.loc 1 201 0
  48 0006 4AE0     		b	.L2
  49              	.LVL2:
  50              	.L4:
 202:../../core/ST/STM32L4xx_HAL_Driver/Src/stm32l4xx_hal_gpio.c ****   {
 203:../../core/ST/STM32L4xx_HAL_Driver/Src/stm32l4xx_hal_gpio.c ****     /* Get current io position */
 204:../../core/ST/STM32L4xx_HAL_Driver/Src/stm32l4xx_hal_gpio.c ****     iocurrent = (GPIO_Init->Pin) & (1uL << position);
 205:../../core/ST/STM32L4xx_HAL_Driver/Src/stm32l4xx_hal_gpio.c **** 
 206:../../core/ST/STM32L4xx_HAL_Driver/Src/stm32l4xx_hal_gpio.c ****     if (iocurrent != 0x00u)
 207:../../core/ST/STM32L4xx_HAL_Driver/Src/stm32l4xx_hal_gpio.c ****     {
 208:../../core/ST/STM32L4xx_HAL_Driver/Src/stm32l4xx_hal_gpio.c ****       /*--------------------- GPIO Mode Configuration ------------------------*/
 209:../../core/ST/STM32L4xx_HAL_Driver/Src/stm32l4xx_hal_gpio.c ****       /* In case of Alternate function mode selection */
 210:../../core/ST/STM32L4xx_HAL_Driver/Src/stm32l4xx_hal_gpio.c ****       if((GPIO_Init->Mode == GPIO_MODE_AF_PP) || (GPIO_Init->Mode == GPIO_MODE_AF_OD))
 211:../../core/ST/STM32L4xx_HAL_Driver/Src/stm32l4xx_hal_gpio.c ****       {
 212:../../core/ST/STM32L4xx_HAL_Driver/Src/stm32l4xx_hal_gpio.c ****         /* Check the Alternate function parameters */
 213:../../core/ST/STM32L4xx_HAL_Driver/Src/stm32l4xx_hal_gpio.c ****         assert_param(IS_GPIO_AF_INSTANCE(GPIOx));
 214:../../core/ST/STM32L4xx_HAL_Driver/Src/stm32l4xx_hal_gpio.c ****         assert_param(IS_GPIO_AF(GPIO_Init->Alternate));
 215:../../core/ST/STM32L4xx_HAL_Driver/Src/stm32l4xx_hal_gpio.c **** 
 216:../../core/ST/STM32L4xx_HAL_Driver/Src/stm32l4xx_hal_gpio.c ****         /* Configure Alternate function mapped with the current IO */
 217:../../core/ST/STM32L4xx_HAL_Driver/Src/stm32l4xx_hal_gpio.c ****         temp = GPIOx->AFR[position >> 3u];
  51              		.loc 1 217 0
  52 0008 4FEAD30E 		lsr	lr, r3, #3
  53 000c 0EF1080E 		add	lr, lr, #8
  54 0010 50F82E40 		ldr	r4, [r0, lr, lsl #2]
  55              	.LVL3:
 218:../../core/ST/STM32L4xx_HAL_Driver/Src/stm32l4xx_hal_gpio.c ****         temp &= ~(0xFu << ((position & 0x07u) * 4u));
  56              		.loc 1 218 0
  57 0014 03F00706 		and	r6, r3, #7
  58 0018 B600     		lsls	r6, r6, #2
  59 001a 0F27     		movs	r7, #15
  60 001c B740     		lsls	r7, r7, r6
  61 001e 24EA0704 		bic	r4, r4, r7
  62              	.LVL4:
 219:../../core/ST/STM32L4xx_HAL_Driver/Src/stm32l4xx_hal_gpio.c ****         temp |= ((GPIO_Init->Alternate) << ((position & 0x07u) * 4u));
  63              		.loc 1 219 0
  64 0022 0F69     		ldr	r7, [r1, #16]
  65 0024 07FA06F6 		lsl	r6, r7, r6
  66 0028 3443     		orrs	r4, r4, r6
  67              	.LVL5:
ARM GAS  /tmp/ccRuKEYY.s 			page 6


 220:../../core/ST/STM32L4xx_HAL_Driver/Src/stm32l4xx_hal_gpio.c ****         GPIOx->AFR[position >> 3u] = temp;
  68              		.loc 1 220 0
  69 002a 40F82E40 		str	r4, [r0, lr, lsl #2]
  70 002e 43E0     		b	.L5
  71              	.LVL6:
  72              	.L24:
 221:../../core/ST/STM32L4xx_HAL_Driver/Src/stm32l4xx_hal_gpio.c ****       }
 222:../../core/ST/STM32L4xx_HAL_Driver/Src/stm32l4xx_hal_gpio.c **** 
 223:../../core/ST/STM32L4xx_HAL_Driver/Src/stm32l4xx_hal_gpio.c ****       /* Configure IO Direction mode (Input, Output, Alternate or Analog) */
 224:../../core/ST/STM32L4xx_HAL_Driver/Src/stm32l4xx_hal_gpio.c ****       temp = GPIOx->MODER;
 225:../../core/ST/STM32L4xx_HAL_Driver/Src/stm32l4xx_hal_gpio.c ****       temp &= ~(GPIO_MODER_MODE0 << (position * 2u));
 226:../../core/ST/STM32L4xx_HAL_Driver/Src/stm32l4xx_hal_gpio.c ****       temp |= ((GPIO_Init->Mode & GPIO_MODE) << (position * 2u));
 227:../../core/ST/STM32L4xx_HAL_Driver/Src/stm32l4xx_hal_gpio.c ****       GPIOx->MODER = temp;
 228:../../core/ST/STM32L4xx_HAL_Driver/Src/stm32l4xx_hal_gpio.c **** 
 229:../../core/ST/STM32L4xx_HAL_Driver/Src/stm32l4xx_hal_gpio.c ****       /* In case of Output or Alternate function mode selection */
 230:../../core/ST/STM32L4xx_HAL_Driver/Src/stm32l4xx_hal_gpio.c ****       if((GPIO_Init->Mode == GPIO_MODE_OUTPUT_PP) || (GPIO_Init->Mode == GPIO_MODE_AF_PP) ||
 231:../../core/ST/STM32L4xx_HAL_Driver/Src/stm32l4xx_hal_gpio.c ****          (GPIO_Init->Mode == GPIO_MODE_OUTPUT_OD) || (GPIO_Init->Mode == GPIO_MODE_AF_OD))
 232:../../core/ST/STM32L4xx_HAL_Driver/Src/stm32l4xx_hal_gpio.c ****       {
 233:../../core/ST/STM32L4xx_HAL_Driver/Src/stm32l4xx_hal_gpio.c ****         /* Check the Speed parameter */
 234:../../core/ST/STM32L4xx_HAL_Driver/Src/stm32l4xx_hal_gpio.c ****         assert_param(IS_GPIO_SPEED(GPIO_Init->Speed));
 235:../../core/ST/STM32L4xx_HAL_Driver/Src/stm32l4xx_hal_gpio.c ****         /* Configure the IO Speed */
 236:../../core/ST/STM32L4xx_HAL_Driver/Src/stm32l4xx_hal_gpio.c ****         temp = GPIOx->OSPEEDR;
 237:../../core/ST/STM32L4xx_HAL_Driver/Src/stm32l4xx_hal_gpio.c ****         temp &= ~(GPIO_OSPEEDR_OSPEED0 << (position * 2u));
 238:../../core/ST/STM32L4xx_HAL_Driver/Src/stm32l4xx_hal_gpio.c ****         temp |= (GPIO_Init->Speed << (position * 2u));
 239:../../core/ST/STM32L4xx_HAL_Driver/Src/stm32l4xx_hal_gpio.c ****         GPIOx->OSPEEDR = temp;
 240:../../core/ST/STM32L4xx_HAL_Driver/Src/stm32l4xx_hal_gpio.c **** 
 241:../../core/ST/STM32L4xx_HAL_Driver/Src/stm32l4xx_hal_gpio.c ****         /* Configure the IO Output Type */
 242:../../core/ST/STM32L4xx_HAL_Driver/Src/stm32l4xx_hal_gpio.c ****         temp = GPIOx->OTYPER;
 243:../../core/ST/STM32L4xx_HAL_Driver/Src/stm32l4xx_hal_gpio.c ****         temp &= ~(GPIO_OTYPER_OT0 << position) ;
 244:../../core/ST/STM32L4xx_HAL_Driver/Src/stm32l4xx_hal_gpio.c ****         temp |= (((GPIO_Init->Mode & GPIO_OUTPUT_TYPE) >> 4u) << position);
 245:../../core/ST/STM32L4xx_HAL_Driver/Src/stm32l4xx_hal_gpio.c ****         GPIOx->OTYPER = temp;
 246:../../core/ST/STM32L4xx_HAL_Driver/Src/stm32l4xx_hal_gpio.c ****       }
 247:../../core/ST/STM32L4xx_HAL_Driver/Src/stm32l4xx_hal_gpio.c **** 
 248:../../core/ST/STM32L4xx_HAL_Driver/Src/stm32l4xx_hal_gpio.c **** #if defined(STM32L471xx) || defined(STM32L475xx) || defined(STM32L476xx) || defined(STM32L485xx) ||
 249:../../core/ST/STM32L4xx_HAL_Driver/Src/stm32l4xx_hal_gpio.c **** 
 250:../../core/ST/STM32L4xx_HAL_Driver/Src/stm32l4xx_hal_gpio.c ****       /* In case of Analog mode, check if ADC control mode is selected */
 251:../../core/ST/STM32L4xx_HAL_Driver/Src/stm32l4xx_hal_gpio.c ****       if((GPIO_Init->Mode & GPIO_MODE_ANALOG) == GPIO_MODE_ANALOG)
 252:../../core/ST/STM32L4xx_HAL_Driver/Src/stm32l4xx_hal_gpio.c ****       {
 253:../../core/ST/STM32L4xx_HAL_Driver/Src/stm32l4xx_hal_gpio.c ****         /* Configure the IO Output Type */
 254:../../core/ST/STM32L4xx_HAL_Driver/Src/stm32l4xx_hal_gpio.c ****         temp = GPIOx->ASCR;
 255:../../core/ST/STM32L4xx_HAL_Driver/Src/stm32l4xx_hal_gpio.c ****         temp &= ~(GPIO_ASCR_ASC0 << position) ;
 256:../../core/ST/STM32L4xx_HAL_Driver/Src/stm32l4xx_hal_gpio.c ****         temp |= (((GPIO_Init->Mode & ANALOG_MODE) >> 3) << position);
 257:../../core/ST/STM32L4xx_HAL_Driver/Src/stm32l4xx_hal_gpio.c ****         GPIOx->ASCR = temp;
 258:../../core/ST/STM32L4xx_HAL_Driver/Src/stm32l4xx_hal_gpio.c ****       }
 259:../../core/ST/STM32L4xx_HAL_Driver/Src/stm32l4xx_hal_gpio.c **** 
 260:../../core/ST/STM32L4xx_HAL_Driver/Src/stm32l4xx_hal_gpio.c **** #endif /* STM32L471xx || STM32L475xx || STM32L476xx || STM32L485xx || STM32L486xx */
 261:../../core/ST/STM32L4xx_HAL_Driver/Src/stm32l4xx_hal_gpio.c **** 
 262:../../core/ST/STM32L4xx_HAL_Driver/Src/stm32l4xx_hal_gpio.c ****       /* Activate the Pull-up or Pull down resistor for the current IO */
 263:../../core/ST/STM32L4xx_HAL_Driver/Src/stm32l4xx_hal_gpio.c ****       temp = GPIOx->PUPDR;
 264:../../core/ST/STM32L4xx_HAL_Driver/Src/stm32l4xx_hal_gpio.c ****       temp &= ~(GPIO_PUPDR_PUPD0 << (position * 2u));
 265:../../core/ST/STM32L4xx_HAL_Driver/Src/stm32l4xx_hal_gpio.c ****       temp |= ((GPIO_Init->Pull) << (position * 2u));
 266:../../core/ST/STM32L4xx_HAL_Driver/Src/stm32l4xx_hal_gpio.c ****       GPIOx->PUPDR = temp;
 267:../../core/ST/STM32L4xx_HAL_Driver/Src/stm32l4xx_hal_gpio.c **** 
 268:../../core/ST/STM32L4xx_HAL_Driver/Src/stm32l4xx_hal_gpio.c ****       /*--------------------- EXTI Mode Configuration ------------------------*/
 269:../../core/ST/STM32L4xx_HAL_Driver/Src/stm32l4xx_hal_gpio.c ****       /* Configure the External Interrupt or event for the current IO */
 270:../../core/ST/STM32L4xx_HAL_Driver/Src/stm32l4xx_hal_gpio.c ****       if((GPIO_Init->Mode & EXTI_MODE) == EXTI_MODE)
 271:../../core/ST/STM32L4xx_HAL_Driver/Src/stm32l4xx_hal_gpio.c ****       {
ARM GAS  /tmp/ccRuKEYY.s 			page 7


 272:../../core/ST/STM32L4xx_HAL_Driver/Src/stm32l4xx_hal_gpio.c ****         /* Enable SYSCFG Clock */
 273:../../core/ST/STM32L4xx_HAL_Driver/Src/stm32l4xx_hal_gpio.c ****         __HAL_RCC_SYSCFG_CLK_ENABLE();
 274:../../core/ST/STM32L4xx_HAL_Driver/Src/stm32l4xx_hal_gpio.c **** 
 275:../../core/ST/STM32L4xx_HAL_Driver/Src/stm32l4xx_hal_gpio.c ****         temp = SYSCFG->EXTICR[position >> 2u];
 276:../../core/ST/STM32L4xx_HAL_Driver/Src/stm32l4xx_hal_gpio.c ****         temp &= ~(0x0FuL << (4u * (position & 0x03u)));
 277:../../core/ST/STM32L4xx_HAL_Driver/Src/stm32l4xx_hal_gpio.c ****         temp |= (GPIO_GET_INDEX(GPIOx) << (4u * (position & 0x03u)));
  73              		.loc 1 277 0
  74 0030 0726     		movs	r6, #7
  75 0032 00E0     		b	.L8
  76              	.L14:
  77 0034 0026     		movs	r6, #0
  78              	.L8:
  79              		.loc 1 277 0 is_stmt 0 discriminator 32
  80 0036 BE40     		lsls	r6, r6, r7
  81 0038 3543     		orrs	r5, r5, r6
  82              	.LVL7:
 278:../../core/ST/STM32L4xx_HAL_Driver/Src/stm32l4xx_hal_gpio.c ****         SYSCFG->EXTICR[position >> 2u] = temp;
  83              		.loc 1 278 0 is_stmt 1 discriminator 32
  84 003a 0234     		adds	r4, r4, #2
  85 003c 5A4E     		ldr	r6, .L25
  86 003e 46F82450 		str	r5, [r6, r4, lsl #2]
 279:../../core/ST/STM32L4xx_HAL_Driver/Src/stm32l4xx_hal_gpio.c **** 
 280:../../core/ST/STM32L4xx_HAL_Driver/Src/stm32l4xx_hal_gpio.c ****         /* Clear EXTI line configuration */
 281:../../core/ST/STM32L4xx_HAL_Driver/Src/stm32l4xx_hal_gpio.c ****         temp = EXTI->IMR1;
  87              		.loc 1 281 0 discriminator 32
  88 0042 5A4C     		ldr	r4, .L25+4
  89 0044 2568     		ldr	r5, [r4]
  90              	.LVL8:
 282:../../core/ST/STM32L4xx_HAL_Driver/Src/stm32l4xx_hal_gpio.c ****         temp &= ~(iocurrent);
  91              		.loc 1 282 0 discriminator 32
  92 0046 D443     		mvns	r4, r2
  93 0048 05EA0406 		and	r6, r5, r4
  94              	.LVL9:
 283:../../core/ST/STM32L4xx_HAL_Driver/Src/stm32l4xx_hal_gpio.c ****         if((GPIO_Init->Mode & GPIO_MODE_IT) == GPIO_MODE_IT)
  95              		.loc 1 283 0 discriminator 32
  96 004c 4F68     		ldr	r7, [r1, #4]
  97 004e 17F4803F 		tst	r7, #65536
  98 0052 01D0     		beq	.L9
 284:../../core/ST/STM32L4xx_HAL_Driver/Src/stm32l4xx_hal_gpio.c ****         {
 285:../../core/ST/STM32L4xx_HAL_Driver/Src/stm32l4xx_hal_gpio.c ****           temp |= iocurrent;
  99              		.loc 1 285 0
 100 0054 42EA0506 		orr	r6, r2, r5
 101              	.LVL10:
 102              	.L9:
 286:../../core/ST/STM32L4xx_HAL_Driver/Src/stm32l4xx_hal_gpio.c ****         }
 287:../../core/ST/STM32L4xx_HAL_Driver/Src/stm32l4xx_hal_gpio.c ****         EXTI->IMR1 = temp;
 103              		.loc 1 287 0
 104 0058 544D     		ldr	r5, .L25+4
 105 005a 2E60     		str	r6, [r5]
 288:../../core/ST/STM32L4xx_HAL_Driver/Src/stm32l4xx_hal_gpio.c **** 
 289:../../core/ST/STM32L4xx_HAL_Driver/Src/stm32l4xx_hal_gpio.c ****         temp = EXTI->EMR1;
 106              		.loc 1 289 0
 107 005c 6D68     		ldr	r5, [r5, #4]
 108              	.LVL11:
 290:../../core/ST/STM32L4xx_HAL_Driver/Src/stm32l4xx_hal_gpio.c ****         temp &= ~(iocurrent);
 109              		.loc 1 290 0
 110 005e 04EA0506 		and	r6, r4, r5
ARM GAS  /tmp/ccRuKEYY.s 			page 8


 111              	.LVL12:
 291:../../core/ST/STM32L4xx_HAL_Driver/Src/stm32l4xx_hal_gpio.c ****         if((GPIO_Init->Mode & GPIO_MODE_EVT) == GPIO_MODE_EVT)
 112              		.loc 1 291 0
 113 0062 4F68     		ldr	r7, [r1, #4]
 114 0064 17F4003F 		tst	r7, #131072
 115 0068 01D0     		beq	.L10
 292:../../core/ST/STM32L4xx_HAL_Driver/Src/stm32l4xx_hal_gpio.c ****         {
 293:../../core/ST/STM32L4xx_HAL_Driver/Src/stm32l4xx_hal_gpio.c ****           temp |= iocurrent;
 116              		.loc 1 293 0
 117 006a 42EA0506 		orr	r6, r2, r5
 118              	.LVL13:
 119              	.L10:
 294:../../core/ST/STM32L4xx_HAL_Driver/Src/stm32l4xx_hal_gpio.c ****         }
 295:../../core/ST/STM32L4xx_HAL_Driver/Src/stm32l4xx_hal_gpio.c ****         EXTI->EMR1 = temp;
 120              		.loc 1 295 0
 121 006e 4F4D     		ldr	r5, .L25+4
 122 0070 6E60     		str	r6, [r5, #4]
 296:../../core/ST/STM32L4xx_HAL_Driver/Src/stm32l4xx_hal_gpio.c **** 
 297:../../core/ST/STM32L4xx_HAL_Driver/Src/stm32l4xx_hal_gpio.c ****         /* Clear Rising Falling edge configuration */
 298:../../core/ST/STM32L4xx_HAL_Driver/Src/stm32l4xx_hal_gpio.c ****         temp = EXTI->RTSR1;
 123              		.loc 1 298 0
 124 0072 AD68     		ldr	r5, [r5, #8]
 125              	.LVL14:
 299:../../core/ST/STM32L4xx_HAL_Driver/Src/stm32l4xx_hal_gpio.c ****         temp &= ~(iocurrent);
 126              		.loc 1 299 0
 127 0074 04EA0506 		and	r6, r4, r5
 128              	.LVL15:
 300:../../core/ST/STM32L4xx_HAL_Driver/Src/stm32l4xx_hal_gpio.c ****         if((GPIO_Init->Mode & RISING_EDGE) == RISING_EDGE)
 129              		.loc 1 300 0
 130 0078 4F68     		ldr	r7, [r1, #4]
 131 007a 17F4801F 		tst	r7, #1048576
 132 007e 01D0     		beq	.L11
 301:../../core/ST/STM32L4xx_HAL_Driver/Src/stm32l4xx_hal_gpio.c ****         {
 302:../../core/ST/STM32L4xx_HAL_Driver/Src/stm32l4xx_hal_gpio.c ****           temp |= iocurrent;
 133              		.loc 1 302 0
 134 0080 42EA0506 		orr	r6, r2, r5
 135              	.LVL16:
 136              	.L11:
 303:../../core/ST/STM32L4xx_HAL_Driver/Src/stm32l4xx_hal_gpio.c ****         }
 304:../../core/ST/STM32L4xx_HAL_Driver/Src/stm32l4xx_hal_gpio.c ****         EXTI->RTSR1 = temp;
 137              		.loc 1 304 0
 138 0084 494D     		ldr	r5, .L25+4
 139 0086 AE60     		str	r6, [r5, #8]
 305:../../core/ST/STM32L4xx_HAL_Driver/Src/stm32l4xx_hal_gpio.c **** 
 306:../../core/ST/STM32L4xx_HAL_Driver/Src/stm32l4xx_hal_gpio.c ****         temp = EXTI->FTSR1;
 140              		.loc 1 306 0
 141 0088 ED68     		ldr	r5, [r5, #12]
 142              	.LVL17:
 307:../../core/ST/STM32L4xx_HAL_Driver/Src/stm32l4xx_hal_gpio.c ****         temp &= ~(iocurrent);
 143              		.loc 1 307 0
 144 008a 2C40     		ands	r4, r4, r5
 145              	.LVL18:
 308:../../core/ST/STM32L4xx_HAL_Driver/Src/stm32l4xx_hal_gpio.c ****         if((GPIO_Init->Mode & FALLING_EDGE) == FALLING_EDGE)
 146              		.loc 1 308 0
 147 008c 4E68     		ldr	r6, [r1, #4]
 148 008e 16F4001F 		tst	r6, #2097152
 149 0092 01D0     		beq	.L12
ARM GAS  /tmp/ccRuKEYY.s 			page 9


 309:../../core/ST/STM32L4xx_HAL_Driver/Src/stm32l4xx_hal_gpio.c ****         {
 310:../../core/ST/STM32L4xx_HAL_Driver/Src/stm32l4xx_hal_gpio.c ****           temp |= iocurrent;
 150              		.loc 1 310 0
 151 0094 42EA0504 		orr	r4, r2, r5
 152              	.LVL19:
 153              	.L12:
 311:../../core/ST/STM32L4xx_HAL_Driver/Src/stm32l4xx_hal_gpio.c ****         }
 312:../../core/ST/STM32L4xx_HAL_Driver/Src/stm32l4xx_hal_gpio.c ****         EXTI->FTSR1 = temp;
 154              		.loc 1 312 0
 155 0098 444A     		ldr	r2, .L25+4
 156              	.LVL20:
 157 009a D460     		str	r4, [r2, #12]
 158              	.LVL21:
 159              	.L3:
 313:../../core/ST/STM32L4xx_HAL_Driver/Src/stm32l4xx_hal_gpio.c ****       }
 314:../../core/ST/STM32L4xx_HAL_Driver/Src/stm32l4xx_hal_gpio.c ****     }
 315:../../core/ST/STM32L4xx_HAL_Driver/Src/stm32l4xx_hal_gpio.c **** 
 316:../../core/ST/STM32L4xx_HAL_Driver/Src/stm32l4xx_hal_gpio.c ****     position++;
 160              		.loc 1 316 0
 161 009c 0133     		adds	r3, r3, #1
 162              	.LVL22:
 163              	.L2:
 201:../../core/ST/STM32L4xx_HAL_Driver/Src/stm32l4xx_hal_gpio.c ****   {
 164              		.loc 1 201 0
 165 009e 0A68     		ldr	r2, [r1]
 166 00a0 32FA03F4 		lsrs	r4, r2, r3
 167 00a4 7ED0     		beq	.L23
 204:../../core/ST/STM32L4xx_HAL_Driver/Src/stm32l4xx_hal_gpio.c **** 
 168              		.loc 1 204 0
 169 00a6 0125     		movs	r5, #1
 170 00a8 9D40     		lsls	r5, r5, r3
 171              	.LVL23:
 206:../../core/ST/STM32L4xx_HAL_Driver/Src/stm32l4xx_hal_gpio.c ****     {
 172              		.loc 1 206 0
 173 00aa 2A40     		ands	r2, r2, r5
 174              	.LVL24:
 175 00ac F6D0     		beq	.L3
 210:../../core/ST/STM32L4xx_HAL_Driver/Src/stm32l4xx_hal_gpio.c ****       {
 176              		.loc 1 210 0
 177 00ae 4C68     		ldr	r4, [r1, #4]
 178 00b0 022C     		cmp	r4, #2
 179 00b2 A9D0     		beq	.L4
 210:../../core/ST/STM32L4xx_HAL_Driver/Src/stm32l4xx_hal_gpio.c ****       {
 180              		.loc 1 210 0 is_stmt 0 discriminator 1
 181 00b4 122C     		cmp	r4, #18
 182 00b6 A7D0     		beq	.L4
 183              	.L5:
 224:../../core/ST/STM32L4xx_HAL_Driver/Src/stm32l4xx_hal_gpio.c ****       temp &= ~(GPIO_MODER_MODE0 << (position * 2u));
 184              		.loc 1 224 0 is_stmt 1
 185 00b8 0668     		ldr	r6, [r0]
 186              	.LVL25:
 225:../../core/ST/STM32L4xx_HAL_Driver/Src/stm32l4xx_hal_gpio.c ****       temp |= ((GPIO_Init->Mode & GPIO_MODE) << (position * 2u));
 187              		.loc 1 225 0
 188 00ba 4FEA430E 		lsl	lr, r3, #1
 189 00be 0324     		movs	r4, #3
 190 00c0 04FA0EF4 		lsl	r4, r4, lr
 191 00c4 E443     		mvns	r4, r4
ARM GAS  /tmp/ccRuKEYY.s 			page 10


 192 00c6 2640     		ands	r6, r6, r4
 193              	.LVL26:
 226:../../core/ST/STM32L4xx_HAL_Driver/Src/stm32l4xx_hal_gpio.c ****       GPIOx->MODER = temp;
 194              		.loc 1 226 0
 195 00c8 4F68     		ldr	r7, [r1, #4]
 196 00ca 07F00307 		and	r7, r7, #3
 197 00ce 07FA0EF7 		lsl	r7, r7, lr
 198 00d2 3E43     		orrs	r6, r6, r7
 199              	.LVL27:
 227:../../core/ST/STM32L4xx_HAL_Driver/Src/stm32l4xx_hal_gpio.c **** 
 200              		.loc 1 227 0
 201 00d4 0660     		str	r6, [r0]
 230:../../core/ST/STM32L4xx_HAL_Driver/Src/stm32l4xx_hal_gpio.c ****          (GPIO_Init->Mode == GPIO_MODE_OUTPUT_OD) || (GPIO_Init->Mode == GPIO_MODE_AF_OD))
 202              		.loc 1 230 0
 203 00d6 4E68     		ldr	r6, [r1, #4]
 204              	.LVL28:
 205 00d8 771E     		subs	r7, r6, #1
 206 00da 012F     		cmp	r7, #1
 207 00dc 03D9     		bls	.L6
 230:../../core/ST/STM32L4xx_HAL_Driver/Src/stm32l4xx_hal_gpio.c ****          (GPIO_Init->Mode == GPIO_MODE_OUTPUT_OD) || (GPIO_Init->Mode == GPIO_MODE_AF_OD))
 208              		.loc 1 230 0 is_stmt 0 discriminator 1
 209 00de 112E     		cmp	r6, #17
 210 00e0 01D0     		beq	.L6
 231:../../core/ST/STM32L4xx_HAL_Driver/Src/stm32l4xx_hal_gpio.c ****       {
 211              		.loc 1 231 0 is_stmt 1
 212 00e2 122E     		cmp	r6, #18
 213 00e4 0FD1     		bne	.L7
 214              	.L6:
 236:../../core/ST/STM32L4xx_HAL_Driver/Src/stm32l4xx_hal_gpio.c ****         temp &= ~(GPIO_OSPEEDR_OSPEED0 << (position * 2u));
 215              		.loc 1 236 0
 216 00e6 8668     		ldr	r6, [r0, #8]
 217              	.LVL29:
 237:../../core/ST/STM32L4xx_HAL_Driver/Src/stm32l4xx_hal_gpio.c ****         temp |= (GPIO_Init->Speed << (position * 2u));
 218              		.loc 1 237 0
 219 00e8 2640     		ands	r6, r6, r4
 220              	.LVL30:
 238:../../core/ST/STM32L4xx_HAL_Driver/Src/stm32l4xx_hal_gpio.c ****         GPIOx->OSPEEDR = temp;
 221              		.loc 1 238 0
 222 00ea CF68     		ldr	r7, [r1, #12]
 223 00ec 07FA0EF7 		lsl	r7, r7, lr
 224 00f0 3E43     		orrs	r6, r6, r7
 225              	.LVL31:
 239:../../core/ST/STM32L4xx_HAL_Driver/Src/stm32l4xx_hal_gpio.c **** 
 226              		.loc 1 239 0
 227 00f2 8660     		str	r6, [r0, #8]
 242:../../core/ST/STM32L4xx_HAL_Driver/Src/stm32l4xx_hal_gpio.c ****         temp &= ~(GPIO_OTYPER_OT0 << position) ;
 228              		.loc 1 242 0
 229 00f4 4668     		ldr	r6, [r0, #4]
 230              	.LVL32:
 243:../../core/ST/STM32L4xx_HAL_Driver/Src/stm32l4xx_hal_gpio.c ****         temp |= (((GPIO_Init->Mode & GPIO_OUTPUT_TYPE) >> 4u) << position);
 231              		.loc 1 243 0
 232 00f6 26EA0505 		bic	r5, r6, r5
 233              	.LVL33:
 244:../../core/ST/STM32L4xx_HAL_Driver/Src/stm32l4xx_hal_gpio.c ****         GPIOx->OTYPER = temp;
 234              		.loc 1 244 0
 235 00fa 4E68     		ldr	r6, [r1, #4]
 236 00fc C6F30016 		ubfx	r6, r6, #4, #1
ARM GAS  /tmp/ccRuKEYY.s 			page 11


 237 0100 9E40     		lsls	r6, r6, r3
 238 0102 3543     		orrs	r5, r5, r6
 239              	.LVL34:
 245:../../core/ST/STM32L4xx_HAL_Driver/Src/stm32l4xx_hal_gpio.c ****       }
 240              		.loc 1 245 0
 241 0104 4560     		str	r5, [r0, #4]
 242              	.LVL35:
 243              	.L7:
 263:../../core/ST/STM32L4xx_HAL_Driver/Src/stm32l4xx_hal_gpio.c ****       temp &= ~(GPIO_PUPDR_PUPD0 << (position * 2u));
 244              		.loc 1 263 0
 245 0106 C568     		ldr	r5, [r0, #12]
 246              	.LVL36:
 264:../../core/ST/STM32L4xx_HAL_Driver/Src/stm32l4xx_hal_gpio.c ****       temp |= ((GPIO_Init->Pull) << (position * 2u));
 247              		.loc 1 264 0
 248 0108 2C40     		ands	r4, r4, r5
 249              	.LVL37:
 265:../../core/ST/STM32L4xx_HAL_Driver/Src/stm32l4xx_hal_gpio.c ****       GPIOx->PUPDR = temp;
 250              		.loc 1 265 0
 251 010a 8D68     		ldr	r5, [r1, #8]
 252 010c 05FA0EF5 		lsl	r5, r5, lr
 253 0110 2C43     		orrs	r4, r4, r5
 254              	.LVL38:
 266:../../core/ST/STM32L4xx_HAL_Driver/Src/stm32l4xx_hal_gpio.c **** 
 255              		.loc 1 266 0
 256 0112 C460     		str	r4, [r0, #12]
 270:../../core/ST/STM32L4xx_HAL_Driver/Src/stm32l4xx_hal_gpio.c ****       {
 257              		.loc 1 270 0
 258 0114 4C68     		ldr	r4, [r1, #4]
 259              	.LVL39:
 260 0116 14F0805F 		tst	r4, #268435456
 261 011a BFD0     		beq	.L3
 262              	.LBB2:
 273:../../core/ST/STM32L4xx_HAL_Driver/Src/stm32l4xx_hal_gpio.c **** 
 263              		.loc 1 273 0
 264 011c 244C     		ldr	r4, .L25+8
 265 011e 256E     		ldr	r5, [r4, #96]
 266 0120 45F00105 		orr	r5, r5, #1
 267 0124 2566     		str	r5, [r4, #96]
 268              	.LVL40:
 269 0126 246E     		ldr	r4, [r4, #96]
 270 0128 04F00104 		and	r4, r4, #1
 271 012c 0194     		str	r4, [sp, #4]
 272 012e 019C     		ldr	r4, [sp, #4]
 273              	.LBE2:
 275:../../core/ST/STM32L4xx_HAL_Driver/Src/stm32l4xx_hal_gpio.c ****         temp &= ~(0x0FuL << (4u * (position & 0x03u)));
 274              		.loc 1 275 0
 275 0130 9C08     		lsrs	r4, r3, #2
 276 0132 A61C     		adds	r6, r4, #2
 277 0134 1C4D     		ldr	r5, .L25
 278 0136 55F82650 		ldr	r5, [r5, r6, lsl #2]
 279              	.LVL41:
 276:../../core/ST/STM32L4xx_HAL_Driver/Src/stm32l4xx_hal_gpio.c ****         temp |= (GPIO_GET_INDEX(GPIOx) << (4u * (position & 0x03u)));
 280              		.loc 1 276 0
 281 013a 03F00306 		and	r6, r3, #3
 282 013e B700     		lsls	r7, r6, #2
 283 0140 0F26     		movs	r6, #15
 284 0142 BE40     		lsls	r6, r6, r7
ARM GAS  /tmp/ccRuKEYY.s 			page 12


 285 0144 25EA0605 		bic	r5, r5, r6
 286              	.LVL42:
 277:../../core/ST/STM32L4xx_HAL_Driver/Src/stm32l4xx_hal_gpio.c ****         SYSCFG->EXTICR[position >> 2u] = temp;
 287              		.loc 1 277 0
 288 0148 B0F1904F 		cmp	r0, #1207959552
 289 014c 3FF472AF 		beq	.L14
 277:../../core/ST/STM32L4xx_HAL_Driver/Src/stm32l4xx_hal_gpio.c ****         SYSCFG->EXTICR[position >> 2u] = temp;
 290              		.loc 1 277 0 is_stmt 0 discriminator 1
 291 0150 184E     		ldr	r6, .L25+12
 292 0152 B042     		cmp	r0, r6
 293 0154 1AD0     		beq	.L15
 277:../../core/ST/STM32L4xx_HAL_Driver/Src/stm32l4xx_hal_gpio.c ****         SYSCFG->EXTICR[position >> 2u] = temp;
 294              		.loc 1 277 0 discriminator 3
 295 0156 06F58066 		add	r6, r6, #1024
 296 015a B042     		cmp	r0, r6
 297 015c 18D0     		beq	.L16
 277:../../core/ST/STM32L4xx_HAL_Driver/Src/stm32l4xx_hal_gpio.c ****         SYSCFG->EXTICR[position >> 2u] = temp;
 298              		.loc 1 277 0 discriminator 5
 299 015e 06F58066 		add	r6, r6, #1024
 300 0162 B042     		cmp	r0, r6
 301 0164 16D0     		beq	.L17
 277:../../core/ST/STM32L4xx_HAL_Driver/Src/stm32l4xx_hal_gpio.c ****         SYSCFG->EXTICR[position >> 2u] = temp;
 302              		.loc 1 277 0 discriminator 7
 303 0166 06F58066 		add	r6, r6, #1024
 304 016a B042     		cmp	r0, r6
 305 016c 14D0     		beq	.L18
 277:../../core/ST/STM32L4xx_HAL_Driver/Src/stm32l4xx_hal_gpio.c ****         SYSCFG->EXTICR[position >> 2u] = temp;
 306              		.loc 1 277 0 discriminator 9
 307 016e 06F58066 		add	r6, r6, #1024
 308 0172 B042     		cmp	r0, r6
 309 0174 12D0     		beq	.L19
 277:../../core/ST/STM32L4xx_HAL_Driver/Src/stm32l4xx_hal_gpio.c ****         SYSCFG->EXTICR[position >> 2u] = temp;
 310              		.loc 1 277 0 discriminator 11
 311 0176 06F58066 		add	r6, r6, #1024
 312 017a B042     		cmp	r0, r6
 313 017c 10D0     		beq	.L20
 277:../../core/ST/STM32L4xx_HAL_Driver/Src/stm32l4xx_hal_gpio.c ****         SYSCFG->EXTICR[position >> 2u] = temp;
 314              		.loc 1 277 0 discriminator 13
 315 017e 06F58066 		add	r6, r6, #1024
 316 0182 B042     		cmp	r0, r6
 317 0184 3FF454AF 		beq	.L24
 277:../../core/ST/STM32L4xx_HAL_Driver/Src/stm32l4xx_hal_gpio.c ****         SYSCFG->EXTICR[position >> 2u] = temp;
 318              		.loc 1 277 0
 319 0188 0826     		movs	r6, #8
 320 018a 54E7     		b	.L8
 321              	.L15:
 322 018c 0126     		movs	r6, #1
 323 018e 52E7     		b	.L8
 324              	.L16:
 325 0190 0226     		movs	r6, #2
 326 0192 50E7     		b	.L8
 327              	.L17:
 328 0194 0326     		movs	r6, #3
 329 0196 4EE7     		b	.L8
 330              	.L18:
 331 0198 0426     		movs	r6, #4
 332 019a 4CE7     		b	.L8
ARM GAS  /tmp/ccRuKEYY.s 			page 13


 333              	.L19:
 334 019c 0526     		movs	r6, #5
 335 019e 4AE7     		b	.L8
 336              	.L20:
 337 01a0 0626     		movs	r6, #6
 338 01a2 48E7     		b	.L8
 339              	.LVL43:
 340              	.L23:
 317:../../core/ST/STM32L4xx_HAL_Driver/Src/stm32l4xx_hal_gpio.c ****   }
 318:../../core/ST/STM32L4xx_HAL_Driver/Src/stm32l4xx_hal_gpio.c **** }
 341              		.loc 1 318 0 is_stmt 1
 342 01a4 03B0     		add	sp, sp, #12
 343              	.LCFI2:
 344              		.cfi_def_cfa_offset 20
 345              		@ sp needed
 346 01a6 F0BD     		pop	{r4, r5, r6, r7, pc}
 347              	.L26:
 348              		.align	2
 349              	.L25:
 350 01a8 00000140 		.word	1073807360
 351 01ac 00040140 		.word	1073808384
 352 01b0 00100240 		.word	1073876992
 353 01b4 00040048 		.word	1207960576
 354              		.cfi_endproc
 355              	.LFE123:
 357              		.section	.text.HAL_GPIO_DeInit,"ax",%progbits
 358              		.align	1
 359              		.global	HAL_GPIO_DeInit
 360              		.syntax unified
 361              		.thumb
 362              		.thumb_func
 363              		.fpu fpv4-sp-d16
 365              	HAL_GPIO_DeInit:
 366              	.LFB124:
 319:../../core/ST/STM32L4xx_HAL_Driver/Src/stm32l4xx_hal_gpio.c **** 
 320:../../core/ST/STM32L4xx_HAL_Driver/Src/stm32l4xx_hal_gpio.c **** /**
 321:../../core/ST/STM32L4xx_HAL_Driver/Src/stm32l4xx_hal_gpio.c ****   * @brief  De-initialize the GPIOx peripheral registers to their default reset values.
 322:../../core/ST/STM32L4xx_HAL_Driver/Src/stm32l4xx_hal_gpio.c ****   * @param  GPIOx: where x can be (A..H) to select the GPIO peripheral for STM32L4 family
 323:../../core/ST/STM32L4xx_HAL_Driver/Src/stm32l4xx_hal_gpio.c ****   * @param  GPIO_Pin: specifies the port bit to be written.
 324:../../core/ST/STM32L4xx_HAL_Driver/Src/stm32l4xx_hal_gpio.c ****   *         This parameter can be any combination of GPIO_Pin_x where x can be (0..15).
 325:../../core/ST/STM32L4xx_HAL_Driver/Src/stm32l4xx_hal_gpio.c ****   * @retval None
 326:../../core/ST/STM32L4xx_HAL_Driver/Src/stm32l4xx_hal_gpio.c ****   */
 327:../../core/ST/STM32L4xx_HAL_Driver/Src/stm32l4xx_hal_gpio.c **** void HAL_GPIO_DeInit(GPIO_TypeDef  *GPIOx, uint32_t GPIO_Pin)
 328:../../core/ST/STM32L4xx_HAL_Driver/Src/stm32l4xx_hal_gpio.c **** {
 367              		.loc 1 328 0
 368              		.cfi_startproc
 369              		@ args = 0, pretend = 0, frame = 0
 370              		@ frame_needed = 0, uses_anonymous_args = 0
 371              	.LVL44:
 329:../../core/ST/STM32L4xx_HAL_Driver/Src/stm32l4xx_hal_gpio.c ****   uint32_t position = 0x00u;
 372              		.loc 1 329 0
 373 0000 0023     		movs	r3, #0
 374              	.LVL45:
 330:../../core/ST/STM32L4xx_HAL_Driver/Src/stm32l4xx_hal_gpio.c ****   uint32_t iocurrent;
 331:../../core/ST/STM32L4xx_HAL_Driver/Src/stm32l4xx_hal_gpio.c ****   uint32_t tmp;
 332:../../core/ST/STM32L4xx_HAL_Driver/Src/stm32l4xx_hal_gpio.c **** 
 333:../../core/ST/STM32L4xx_HAL_Driver/Src/stm32l4xx_hal_gpio.c ****   /* Check the parameters */
ARM GAS  /tmp/ccRuKEYY.s 			page 14


 334:../../core/ST/STM32L4xx_HAL_Driver/Src/stm32l4xx_hal_gpio.c ****   assert_param(IS_GPIO_ALL_INSTANCE(GPIOx));
 335:../../core/ST/STM32L4xx_HAL_Driver/Src/stm32l4xx_hal_gpio.c ****   assert_param(IS_GPIO_PIN(GPIO_Pin));
 336:../../core/ST/STM32L4xx_HAL_Driver/Src/stm32l4xx_hal_gpio.c **** 
 337:../../core/ST/STM32L4xx_HAL_Driver/Src/stm32l4xx_hal_gpio.c ****   /* Configure the port pins */
 338:../../core/ST/STM32L4xx_HAL_Driver/Src/stm32l4xx_hal_gpio.c ****   while ((GPIO_Pin >> position) != 0x00u)
 375              		.loc 1 338 0
 376 0002 31FA03F2 		lsrs	r2, r1, r3
 377 0006 00F08680 		beq	.L43
 328:../../core/ST/STM32L4xx_HAL_Driver/Src/stm32l4xx_hal_gpio.c ****   uint32_t position = 0x00u;
 378              		.loc 1 328 0
 379 000a F0B5     		push	{r4, r5, r6, r7, lr}
 380              	.LCFI3:
 381              		.cfi_def_cfa_offset 20
 382              		.cfi_offset 4, -20
 383              		.cfi_offset 5, -16
 384              		.cfi_offset 6, -12
 385              		.cfi_offset 7, -8
 386              		.cfi_offset 14, -4
 387 000c 0AE0     		b	.L31
 388              	.LVL46:
 389              	.L46:
 339:../../core/ST/STM32L4xx_HAL_Driver/Src/stm32l4xx_hal_gpio.c ****   {
 340:../../core/ST/STM32L4xx_HAL_Driver/Src/stm32l4xx_hal_gpio.c ****     /* Get current io position */
 341:../../core/ST/STM32L4xx_HAL_Driver/Src/stm32l4xx_hal_gpio.c ****     iocurrent = (GPIO_Pin) & (1uL << position);
 342:../../core/ST/STM32L4xx_HAL_Driver/Src/stm32l4xx_hal_gpio.c **** 
 343:../../core/ST/STM32L4xx_HAL_Driver/Src/stm32l4xx_hal_gpio.c ****     if (iocurrent != 0x00u)
 344:../../core/ST/STM32L4xx_HAL_Driver/Src/stm32l4xx_hal_gpio.c ****     {
 345:../../core/ST/STM32L4xx_HAL_Driver/Src/stm32l4xx_hal_gpio.c ****       /*------------------------- GPIO Mode Configuration --------------------*/
 346:../../core/ST/STM32L4xx_HAL_Driver/Src/stm32l4xx_hal_gpio.c ****       /* Configure IO in Analog Mode */
 347:../../core/ST/STM32L4xx_HAL_Driver/Src/stm32l4xx_hal_gpio.c ****       GPIOx->MODER |= (GPIO_MODER_MODE0 << (position * 2u));
 348:../../core/ST/STM32L4xx_HAL_Driver/Src/stm32l4xx_hal_gpio.c **** 
 349:../../core/ST/STM32L4xx_HAL_Driver/Src/stm32l4xx_hal_gpio.c ****       /* Configure the default Alternate Function in current IO */
 350:../../core/ST/STM32L4xx_HAL_Driver/Src/stm32l4xx_hal_gpio.c ****       GPIOx->AFR[position >> 3u] &= ~(0xFu << ((position & 0x07u) * 4u)) ;
 351:../../core/ST/STM32L4xx_HAL_Driver/Src/stm32l4xx_hal_gpio.c **** 
 352:../../core/ST/STM32L4xx_HAL_Driver/Src/stm32l4xx_hal_gpio.c ****       /* Configure the default value for IO Speed */
 353:../../core/ST/STM32L4xx_HAL_Driver/Src/stm32l4xx_hal_gpio.c ****       GPIOx->OSPEEDR &= ~(GPIO_OSPEEDR_OSPEED0 << (position * 2u));
 354:../../core/ST/STM32L4xx_HAL_Driver/Src/stm32l4xx_hal_gpio.c **** 
 355:../../core/ST/STM32L4xx_HAL_Driver/Src/stm32l4xx_hal_gpio.c ****       /* Configure the default value IO Output Type */
 356:../../core/ST/STM32L4xx_HAL_Driver/Src/stm32l4xx_hal_gpio.c ****       GPIOx->OTYPER  &= ~(GPIO_OTYPER_OT0 << position) ;
 357:../../core/ST/STM32L4xx_HAL_Driver/Src/stm32l4xx_hal_gpio.c **** 
 358:../../core/ST/STM32L4xx_HAL_Driver/Src/stm32l4xx_hal_gpio.c ****       /* Deactivate the Pull-up and Pull-down resistor for the current IO */
 359:../../core/ST/STM32L4xx_HAL_Driver/Src/stm32l4xx_hal_gpio.c ****       GPIOx->PUPDR &= ~(GPIO_PUPDR_PUPD0 << (position * 2u));
 360:../../core/ST/STM32L4xx_HAL_Driver/Src/stm32l4xx_hal_gpio.c **** 
 361:../../core/ST/STM32L4xx_HAL_Driver/Src/stm32l4xx_hal_gpio.c **** #if defined(STM32L471xx) || defined(STM32L475xx) || defined(STM32L476xx) || defined(STM32L485xx) ||
 362:../../core/ST/STM32L4xx_HAL_Driver/Src/stm32l4xx_hal_gpio.c ****       /* Deactivate the Control bit of Analog mode for the current IO */
 363:../../core/ST/STM32L4xx_HAL_Driver/Src/stm32l4xx_hal_gpio.c ****       GPIOx->ASCR &= ~(GPIO_ASCR_ASC0<< position);
 364:../../core/ST/STM32L4xx_HAL_Driver/Src/stm32l4xx_hal_gpio.c **** #endif /* STM32L471xx || STM32L475xx || STM32L476xx || STM32L485xx || STM32L486xx */
 365:../../core/ST/STM32L4xx_HAL_Driver/Src/stm32l4xx_hal_gpio.c **** 
 366:../../core/ST/STM32L4xx_HAL_Driver/Src/stm32l4xx_hal_gpio.c ****       /*------------------------- EXTI Mode Configuration --------------------*/
 367:../../core/ST/STM32L4xx_HAL_Driver/Src/stm32l4xx_hal_gpio.c ****       /* Clear the External Interrupt or Event for the current IO */
 368:../../core/ST/STM32L4xx_HAL_Driver/Src/stm32l4xx_hal_gpio.c **** 
 369:../../core/ST/STM32L4xx_HAL_Driver/Src/stm32l4xx_hal_gpio.c ****       tmp = SYSCFG->EXTICR[position >> 2u];
 370:../../core/ST/STM32L4xx_HAL_Driver/Src/stm32l4xx_hal_gpio.c ****       tmp &= (0x0FuL << (4u * (position & 0x03u)));
 371:../../core/ST/STM32L4xx_HAL_Driver/Src/stm32l4xx_hal_gpio.c ****       if (tmp == (GPIO_GET_INDEX(GPIOx) << (4u * (position & 0x03u))))
 390              		.loc 1 371 0
 391 000e 0725     		movs	r5, #7
 392 0010 00E0     		b	.L30
ARM GAS  /tmp/ccRuKEYY.s 			page 15


 393              	.L32:
 394 0012 0025     		movs	r5, #0
 395              	.L30:
 396              		.loc 1 371 0 is_stmt 0 discriminator 32
 397 0014 05FA02F2 		lsl	r2, r5, r2
 398 0018 9442     		cmp	r4, r2
 399 001a 5FD0     		beq	.L44
 400              	.LVL47:
 401              	.L29:
 372:../../core/ST/STM32L4xx_HAL_Driver/Src/stm32l4xx_hal_gpio.c ****       {
 373:../../core/ST/STM32L4xx_HAL_Driver/Src/stm32l4xx_hal_gpio.c ****         tmp = 0x0FuL << (4u * (position & 0x03u));
 374:../../core/ST/STM32L4xx_HAL_Driver/Src/stm32l4xx_hal_gpio.c ****         SYSCFG->EXTICR[position >> 2u] &= ~tmp;
 375:../../core/ST/STM32L4xx_HAL_Driver/Src/stm32l4xx_hal_gpio.c **** 
 376:../../core/ST/STM32L4xx_HAL_Driver/Src/stm32l4xx_hal_gpio.c ****         /* Clear EXTI line configuration */
 377:../../core/ST/STM32L4xx_HAL_Driver/Src/stm32l4xx_hal_gpio.c ****         EXTI->IMR1 &= ~(iocurrent);
 378:../../core/ST/STM32L4xx_HAL_Driver/Src/stm32l4xx_hal_gpio.c ****         EXTI->EMR1 &= ~(iocurrent);
 379:../../core/ST/STM32L4xx_HAL_Driver/Src/stm32l4xx_hal_gpio.c **** 
 380:../../core/ST/STM32L4xx_HAL_Driver/Src/stm32l4xx_hal_gpio.c ****         /* Clear Rising Falling edge configuration */
 381:../../core/ST/STM32L4xx_HAL_Driver/Src/stm32l4xx_hal_gpio.c ****         EXTI->RTSR1 &= ~(iocurrent);
 382:../../core/ST/STM32L4xx_HAL_Driver/Src/stm32l4xx_hal_gpio.c ****         EXTI->FTSR1 &= ~(iocurrent);
 383:../../core/ST/STM32L4xx_HAL_Driver/Src/stm32l4xx_hal_gpio.c ****       }
 384:../../core/ST/STM32L4xx_HAL_Driver/Src/stm32l4xx_hal_gpio.c ****     }
 385:../../core/ST/STM32L4xx_HAL_Driver/Src/stm32l4xx_hal_gpio.c **** 
 386:../../core/ST/STM32L4xx_HAL_Driver/Src/stm32l4xx_hal_gpio.c ****     position++;
 402              		.loc 1 386 0 is_stmt 1
 403 001c 0133     		adds	r3, r3, #1
 404              	.LVL48:
 338:../../core/ST/STM32L4xx_HAL_Driver/Src/stm32l4xx_hal_gpio.c ****   {
 405              		.loc 1 338 0
 406 001e 31FA03F2 		lsrs	r2, r1, r3
 407 0022 77D0     		beq	.L45
 408              	.LVL49:
 409              	.L31:
 341:../../core/ST/STM32L4xx_HAL_Driver/Src/stm32l4xx_hal_gpio.c **** 
 410              		.loc 1 341 0
 411 0024 0122     		movs	r2, #1
 412 0026 9A40     		lsls	r2, r2, r3
 413              	.LVL50:
 343:../../core/ST/STM32L4xx_HAL_Driver/Src/stm32l4xx_hal_gpio.c ****     {
 414              		.loc 1 343 0
 415 0028 11EA020E 		ands	lr, r1, r2
 416              	.LVL51:
 417 002c F6D0     		beq	.L29
 347:../../core/ST/STM32L4xx_HAL_Driver/Src/stm32l4xx_hal_gpio.c **** 
 418              		.loc 1 347 0
 419 002e 0568     		ldr	r5, [r0]
 420 0030 5C00     		lsls	r4, r3, #1
 421 0032 0326     		movs	r6, #3
 422 0034 06FA04F4 		lsl	r4, r6, r4
 423 0038 2543     		orrs	r5, r5, r4
 424 003a 0560     		str	r5, [r0]
 350:../../core/ST/STM32L4xx_HAL_Driver/Src/stm32l4xx_hal_gpio.c **** 
 425              		.loc 1 350 0
 426 003c 23FA06F7 		lsr	r7, r3, r6
 427 0040 0837     		adds	r7, r7, #8
 428 0042 50F827C0 		ldr	ip, [r0, r7, lsl #2]
 429 0046 03F00705 		and	r5, r3, #7
ARM GAS  /tmp/ccRuKEYY.s 			page 16


 430 004a AD00     		lsls	r5, r5, #2
 431 004c 0F26     		movs	r6, #15
 432 004e 06FA05F5 		lsl	r5, r6, r5
 433 0052 2CEA0505 		bic	r5, ip, r5
 434 0056 40F82750 		str	r5, [r0, r7, lsl #2]
 353:../../core/ST/STM32L4xx_HAL_Driver/Src/stm32l4xx_hal_gpio.c **** 
 435              		.loc 1 353 0
 436 005a 8568     		ldr	r5, [r0, #8]
 437 005c E443     		mvns	r4, r4
 438 005e 2540     		ands	r5, r5, r4
 439 0060 8560     		str	r5, [r0, #8]
 356:../../core/ST/STM32L4xx_HAL_Driver/Src/stm32l4xx_hal_gpio.c **** 
 440              		.loc 1 356 0
 441 0062 4568     		ldr	r5, [r0, #4]
 442 0064 25EA0202 		bic	r2, r5, r2
 443 0068 4260     		str	r2, [r0, #4]
 359:../../core/ST/STM32L4xx_HAL_Driver/Src/stm32l4xx_hal_gpio.c **** 
 444              		.loc 1 359 0
 445 006a C268     		ldr	r2, [r0, #12]
 446 006c 1440     		ands	r4, r4, r2
 447 006e C460     		str	r4, [r0, #12]
 369:../../core/ST/STM32L4xx_HAL_Driver/Src/stm32l4xx_hal_gpio.c ****       tmp &= (0x0FuL << (4u * (position & 0x03u)));
 448              		.loc 1 369 0
 449 0070 9F08     		lsrs	r7, r3, #2
 450 0072 BC1C     		adds	r4, r7, #2
 451 0074 284A     		ldr	r2, .L47
 452 0076 52F82440 		ldr	r4, [r2, r4, lsl #2]
 453              	.LVL52:
 370:../../core/ST/STM32L4xx_HAL_Driver/Src/stm32l4xx_hal_gpio.c ****       if (tmp == (GPIO_GET_INDEX(GPIOx) << (4u * (position & 0x03u))))
 454              		.loc 1 370 0
 455 007a 03F00302 		and	r2, r3, #3
 456 007e 9200     		lsls	r2, r2, #2
 457 0080 9640     		lsls	r6, r6, r2
 458 0082 3440     		ands	r4, r4, r6
 459              	.LVL53:
 371:../../core/ST/STM32L4xx_HAL_Driver/Src/stm32l4xx_hal_gpio.c ****       {
 460              		.loc 1 371 0
 461 0084 B0F1904F 		cmp	r0, #1207959552
 462 0088 C3D0     		beq	.L32
 371:../../core/ST/STM32L4xx_HAL_Driver/Src/stm32l4xx_hal_gpio.c ****       {
 463              		.loc 1 371 0 is_stmt 0 discriminator 1
 464 008a 244D     		ldr	r5, .L47+4
 465 008c A842     		cmp	r0, r5
 466 008e 19D0     		beq	.L33
 371:../../core/ST/STM32L4xx_HAL_Driver/Src/stm32l4xx_hal_gpio.c ****       {
 467              		.loc 1 371 0 discriminator 3
 468 0090 05F58065 		add	r5, r5, #1024
 469 0094 A842     		cmp	r0, r5
 470 0096 17D0     		beq	.L34
 371:../../core/ST/STM32L4xx_HAL_Driver/Src/stm32l4xx_hal_gpio.c ****       {
 471              		.loc 1 371 0 discriminator 5
 472 0098 05F58065 		add	r5, r5, #1024
 473 009c A842     		cmp	r0, r5
 474 009e 15D0     		beq	.L35
 371:../../core/ST/STM32L4xx_HAL_Driver/Src/stm32l4xx_hal_gpio.c ****       {
 475              		.loc 1 371 0 discriminator 7
 476 00a0 05F58065 		add	r5, r5, #1024
ARM GAS  /tmp/ccRuKEYY.s 			page 17


 477 00a4 A842     		cmp	r0, r5
 478 00a6 13D0     		beq	.L36
 371:../../core/ST/STM32L4xx_HAL_Driver/Src/stm32l4xx_hal_gpio.c ****       {
 479              		.loc 1 371 0 discriminator 9
 480 00a8 05F58065 		add	r5, r5, #1024
 481 00ac A842     		cmp	r0, r5
 482 00ae 11D0     		beq	.L37
 371:../../core/ST/STM32L4xx_HAL_Driver/Src/stm32l4xx_hal_gpio.c ****       {
 483              		.loc 1 371 0 discriminator 11
 484 00b0 05F58065 		add	r5, r5, #1024
 485 00b4 A842     		cmp	r0, r5
 486 00b6 0FD0     		beq	.L38
 371:../../core/ST/STM32L4xx_HAL_Driver/Src/stm32l4xx_hal_gpio.c ****       {
 487              		.loc 1 371 0 discriminator 13
 488 00b8 05F58065 		add	r5, r5, #1024
 489 00bc A842     		cmp	r0, r5
 490 00be A6D0     		beq	.L46
 371:../../core/ST/STM32L4xx_HAL_Driver/Src/stm32l4xx_hal_gpio.c ****       {
 491              		.loc 1 371 0
 492 00c0 0825     		movs	r5, #8
 493 00c2 A7E7     		b	.L30
 494              	.L33:
 495 00c4 0125     		movs	r5, #1
 496 00c6 A5E7     		b	.L30
 497              	.L34:
 498 00c8 0225     		movs	r5, #2
 499 00ca A3E7     		b	.L30
 500              	.L35:
 501 00cc 0325     		movs	r5, #3
 502 00ce A1E7     		b	.L30
 503              	.L36:
 504 00d0 0425     		movs	r5, #4
 505 00d2 9FE7     		b	.L30
 506              	.L37:
 507 00d4 0525     		movs	r5, #5
 508 00d6 9DE7     		b	.L30
 509              	.L38:
 510 00d8 0625     		movs	r5, #6
 511 00da 9BE7     		b	.L30
 512              	.L44:
 513              	.LVL54:
 374:../../core/ST/STM32L4xx_HAL_Driver/Src/stm32l4xx_hal_gpio.c **** 
 514              		.loc 1 374 0 is_stmt 1
 515 00dc 0E4D     		ldr	r5, .L47
 516 00de BA1C     		adds	r2, r7, #2
 517 00e0 55F82240 		ldr	r4, [r5, r2, lsl #2]
 518 00e4 24EA0606 		bic	r6, r4, r6
 519              	.LVL55:
 520 00e8 45F82260 		str	r6, [r5, r2, lsl #2]
 377:../../core/ST/STM32L4xx_HAL_Driver/Src/stm32l4xx_hal_gpio.c ****         EXTI->EMR1 &= ~(iocurrent);
 521              		.loc 1 377 0
 522 00ec 0C4C     		ldr	r4, .L47+8
 523 00ee 2268     		ldr	r2, [r4]
 524 00f0 6FEA0E0E 		mvn	lr, lr
 525              	.LVL56:
 526 00f4 02EA0E02 		and	r2, r2, lr
 527 00f8 2260     		str	r2, [r4]
ARM GAS  /tmp/ccRuKEYY.s 			page 18


 378:../../core/ST/STM32L4xx_HAL_Driver/Src/stm32l4xx_hal_gpio.c **** 
 528              		.loc 1 378 0
 529 00fa 6268     		ldr	r2, [r4, #4]
 530 00fc 0EEA0202 		and	r2, lr, r2
 531 0100 6260     		str	r2, [r4, #4]
 381:../../core/ST/STM32L4xx_HAL_Driver/Src/stm32l4xx_hal_gpio.c ****         EXTI->FTSR1 &= ~(iocurrent);
 532              		.loc 1 381 0
 533 0102 A268     		ldr	r2, [r4, #8]
 534 0104 0EEA0202 		and	r2, lr, r2
 535 0108 A260     		str	r2, [r4, #8]
 382:../../core/ST/STM32L4xx_HAL_Driver/Src/stm32l4xx_hal_gpio.c ****       }
 536              		.loc 1 382 0
 537 010a E268     		ldr	r2, [r4, #12]
 538 010c 0EEA0202 		and	r2, lr, r2
 539 0110 E260     		str	r2, [r4, #12]
 540 0112 83E7     		b	.L29
 541              	.LVL57:
 542              	.L45:
 387:../../core/ST/STM32L4xx_HAL_Driver/Src/stm32l4xx_hal_gpio.c ****   }
 388:../../core/ST/STM32L4xx_HAL_Driver/Src/stm32l4xx_hal_gpio.c **** }
 543              		.loc 1 388 0
 544 0114 F0BD     		pop	{r4, r5, r6, r7, pc}
 545              	.LVL58:
 546              	.L43:
 547              	.LCFI4:
 548              		.cfi_def_cfa_offset 0
 549              		.cfi_restore 4
 550              		.cfi_restore 5
 551              		.cfi_restore 6
 552              		.cfi_restore 7
 553              		.cfi_restore 14
 554 0116 7047     		bx	lr
 555              	.L48:
 556              		.align	2
 557              	.L47:
 558 0118 00000140 		.word	1073807360
 559 011c 00040048 		.word	1207960576
 560 0120 00040140 		.word	1073808384
 561              		.cfi_endproc
 562              	.LFE124:
 564              		.section	.text.HAL_GPIO_ReadPin,"ax",%progbits
 565              		.align	1
 566              		.global	HAL_GPIO_ReadPin
 567              		.syntax unified
 568              		.thumb
 569              		.thumb_func
 570              		.fpu fpv4-sp-d16
 572              	HAL_GPIO_ReadPin:
 573              	.LFB125:
 389:../../core/ST/STM32L4xx_HAL_Driver/Src/stm32l4xx_hal_gpio.c **** 
 390:../../core/ST/STM32L4xx_HAL_Driver/Src/stm32l4xx_hal_gpio.c **** /**
 391:../../core/ST/STM32L4xx_HAL_Driver/Src/stm32l4xx_hal_gpio.c ****   * @}
 392:../../core/ST/STM32L4xx_HAL_Driver/Src/stm32l4xx_hal_gpio.c ****   */
 393:../../core/ST/STM32L4xx_HAL_Driver/Src/stm32l4xx_hal_gpio.c **** 
 394:../../core/ST/STM32L4xx_HAL_Driver/Src/stm32l4xx_hal_gpio.c **** /** @defgroup GPIO_Exported_Functions_Group2 IO operation functions
 395:../../core/ST/STM32L4xx_HAL_Driver/Src/stm32l4xx_hal_gpio.c ****  *  @brief GPIO Read, Write, Toggle, Lock and EXTI management functions.
 396:../../core/ST/STM32L4xx_HAL_Driver/Src/stm32l4xx_hal_gpio.c ****  *
ARM GAS  /tmp/ccRuKEYY.s 			page 19


 397:../../core/ST/STM32L4xx_HAL_Driver/Src/stm32l4xx_hal_gpio.c **** @verbatim
 398:../../core/ST/STM32L4xx_HAL_Driver/Src/stm32l4xx_hal_gpio.c ****  ===============================================================================
 399:../../core/ST/STM32L4xx_HAL_Driver/Src/stm32l4xx_hal_gpio.c ****                        ##### IO operation functions #####
 400:../../core/ST/STM32L4xx_HAL_Driver/Src/stm32l4xx_hal_gpio.c ****  ===============================================================================
 401:../../core/ST/STM32L4xx_HAL_Driver/Src/stm32l4xx_hal_gpio.c **** 
 402:../../core/ST/STM32L4xx_HAL_Driver/Src/stm32l4xx_hal_gpio.c **** @endverbatim
 403:../../core/ST/STM32L4xx_HAL_Driver/Src/stm32l4xx_hal_gpio.c ****   * @{
 404:../../core/ST/STM32L4xx_HAL_Driver/Src/stm32l4xx_hal_gpio.c ****   */
 405:../../core/ST/STM32L4xx_HAL_Driver/Src/stm32l4xx_hal_gpio.c **** 
 406:../../core/ST/STM32L4xx_HAL_Driver/Src/stm32l4xx_hal_gpio.c **** /**
 407:../../core/ST/STM32L4xx_HAL_Driver/Src/stm32l4xx_hal_gpio.c ****   * @brief  Read the specified input port pin.
 408:../../core/ST/STM32L4xx_HAL_Driver/Src/stm32l4xx_hal_gpio.c ****   * @param  GPIOx: where x can be (A..H) to select the GPIO peripheral for STM32L4 family
 409:../../core/ST/STM32L4xx_HAL_Driver/Src/stm32l4xx_hal_gpio.c ****   * @param  GPIO_Pin: specifies the port bit to read.
 410:../../core/ST/STM32L4xx_HAL_Driver/Src/stm32l4xx_hal_gpio.c ****   *         This parameter can be any combination of GPIO_Pin_x where x can be (0..15).
 411:../../core/ST/STM32L4xx_HAL_Driver/Src/stm32l4xx_hal_gpio.c ****   * @retval The input port pin value.
 412:../../core/ST/STM32L4xx_HAL_Driver/Src/stm32l4xx_hal_gpio.c ****   */
 413:../../core/ST/STM32L4xx_HAL_Driver/Src/stm32l4xx_hal_gpio.c **** GPIO_PinState HAL_GPIO_ReadPin(GPIO_TypeDef* GPIOx, uint16_t GPIO_Pin)
 414:../../core/ST/STM32L4xx_HAL_Driver/Src/stm32l4xx_hal_gpio.c **** {
 574              		.loc 1 414 0
 575              		.cfi_startproc
 576              		@ args = 0, pretend = 0, frame = 0
 577              		@ frame_needed = 0, uses_anonymous_args = 0
 578              		@ link register save eliminated.
 579              	.LVL59:
 415:../../core/ST/STM32L4xx_HAL_Driver/Src/stm32l4xx_hal_gpio.c ****   GPIO_PinState bitstatus;
 416:../../core/ST/STM32L4xx_HAL_Driver/Src/stm32l4xx_hal_gpio.c **** 
 417:../../core/ST/STM32L4xx_HAL_Driver/Src/stm32l4xx_hal_gpio.c ****   /* Check the parameters */
 418:../../core/ST/STM32L4xx_HAL_Driver/Src/stm32l4xx_hal_gpio.c ****   assert_param(IS_GPIO_PIN(GPIO_Pin));
 419:../../core/ST/STM32L4xx_HAL_Driver/Src/stm32l4xx_hal_gpio.c **** 
 420:../../core/ST/STM32L4xx_HAL_Driver/Src/stm32l4xx_hal_gpio.c ****   if ((GPIOx->IDR & GPIO_Pin) != 0x00u)
 580              		.loc 1 420 0
 581 0000 0369     		ldr	r3, [r0, #16]
 582 0002 1942     		tst	r1, r3
 583 0004 01D1     		bne	.L52
 421:../../core/ST/STM32L4xx_HAL_Driver/Src/stm32l4xx_hal_gpio.c ****   {
 422:../../core/ST/STM32L4xx_HAL_Driver/Src/stm32l4xx_hal_gpio.c ****     bitstatus = GPIO_PIN_SET;
 423:../../core/ST/STM32L4xx_HAL_Driver/Src/stm32l4xx_hal_gpio.c ****   }
 424:../../core/ST/STM32L4xx_HAL_Driver/Src/stm32l4xx_hal_gpio.c ****   else
 425:../../core/ST/STM32L4xx_HAL_Driver/Src/stm32l4xx_hal_gpio.c ****   {
 426:../../core/ST/STM32L4xx_HAL_Driver/Src/stm32l4xx_hal_gpio.c ****     bitstatus = GPIO_PIN_RESET;
 584              		.loc 1 426 0
 585 0006 0020     		movs	r0, #0
 586              	.LVL60:
 427:../../core/ST/STM32L4xx_HAL_Driver/Src/stm32l4xx_hal_gpio.c ****   }
 428:../../core/ST/STM32L4xx_HAL_Driver/Src/stm32l4xx_hal_gpio.c ****   return bitstatus;
 429:../../core/ST/STM32L4xx_HAL_Driver/Src/stm32l4xx_hal_gpio.c **** }
 587              		.loc 1 429 0
 588 0008 7047     		bx	lr
 589              	.LVL61:
 590              	.L52:
 422:../../core/ST/STM32L4xx_HAL_Driver/Src/stm32l4xx_hal_gpio.c ****   }
 591              		.loc 1 422 0
 592 000a 0120     		movs	r0, #1
 593              	.LVL62:
 594 000c 7047     		bx	lr
 595              		.cfi_endproc
 596              	.LFE125:
ARM GAS  /tmp/ccRuKEYY.s 			page 20


 598              		.section	.text.HAL_GPIO_WritePin,"ax",%progbits
 599              		.align	1
 600              		.global	HAL_GPIO_WritePin
 601              		.syntax unified
 602              		.thumb
 603              		.thumb_func
 604              		.fpu fpv4-sp-d16
 606              	HAL_GPIO_WritePin:
 607              	.LFB126:
 430:../../core/ST/STM32L4xx_HAL_Driver/Src/stm32l4xx_hal_gpio.c **** 
 431:../../core/ST/STM32L4xx_HAL_Driver/Src/stm32l4xx_hal_gpio.c **** /**
 432:../../core/ST/STM32L4xx_HAL_Driver/Src/stm32l4xx_hal_gpio.c ****   * @brief  Set or clear the selected data port bit.
 433:../../core/ST/STM32L4xx_HAL_Driver/Src/stm32l4xx_hal_gpio.c ****   *
 434:../../core/ST/STM32L4xx_HAL_Driver/Src/stm32l4xx_hal_gpio.c ****   * @note   This function uses GPIOx_BSRR and GPIOx_BRR registers to allow atomic read/modify
 435:../../core/ST/STM32L4xx_HAL_Driver/Src/stm32l4xx_hal_gpio.c ****   *         accesses. In this way, there is no risk of an IRQ occurring between
 436:../../core/ST/STM32L4xx_HAL_Driver/Src/stm32l4xx_hal_gpio.c ****   *         the read and the modify access.
 437:../../core/ST/STM32L4xx_HAL_Driver/Src/stm32l4xx_hal_gpio.c ****   *
 438:../../core/ST/STM32L4xx_HAL_Driver/Src/stm32l4xx_hal_gpio.c ****   * @param  GPIOx where x can be (A..H) to select the GPIO peripheral for STM32L4 family
 439:../../core/ST/STM32L4xx_HAL_Driver/Src/stm32l4xx_hal_gpio.c ****   * @param  GPIO_Pin specifies the port bit to be written.
 440:../../core/ST/STM32L4xx_HAL_Driver/Src/stm32l4xx_hal_gpio.c ****   *         This parameter can be any combination of GPIO_Pin_x where x can be (0..15).
 441:../../core/ST/STM32L4xx_HAL_Driver/Src/stm32l4xx_hal_gpio.c ****   * @param  PinState specifies the value to be written to the selected bit.
 442:../../core/ST/STM32L4xx_HAL_Driver/Src/stm32l4xx_hal_gpio.c ****   *         This parameter can be one of the GPIO_PinState enum values:
 443:../../core/ST/STM32L4xx_HAL_Driver/Src/stm32l4xx_hal_gpio.c ****   *            @arg GPIO_PIN_RESET: to clear the port pin
 444:../../core/ST/STM32L4xx_HAL_Driver/Src/stm32l4xx_hal_gpio.c ****   *            @arg GPIO_PIN_SET: to set the port pin
 445:../../core/ST/STM32L4xx_HAL_Driver/Src/stm32l4xx_hal_gpio.c ****   * @retval None
 446:../../core/ST/STM32L4xx_HAL_Driver/Src/stm32l4xx_hal_gpio.c ****   */
 447:../../core/ST/STM32L4xx_HAL_Driver/Src/stm32l4xx_hal_gpio.c **** void HAL_GPIO_WritePin(GPIO_TypeDef* GPIOx, uint16_t GPIO_Pin, GPIO_PinState PinState)
 448:../../core/ST/STM32L4xx_HAL_Driver/Src/stm32l4xx_hal_gpio.c **** {
 608              		.loc 1 448 0
 609              		.cfi_startproc
 610              		@ args = 0, pretend = 0, frame = 0
 611              		@ frame_needed = 0, uses_anonymous_args = 0
 612              		@ link register save eliminated.
 613              	.LVL63:
 449:../../core/ST/STM32L4xx_HAL_Driver/Src/stm32l4xx_hal_gpio.c ****   /* Check the parameters */
 450:../../core/ST/STM32L4xx_HAL_Driver/Src/stm32l4xx_hal_gpio.c ****   assert_param(IS_GPIO_PIN(GPIO_Pin));
 451:../../core/ST/STM32L4xx_HAL_Driver/Src/stm32l4xx_hal_gpio.c ****   assert_param(IS_GPIO_PIN_ACTION(PinState));
 452:../../core/ST/STM32L4xx_HAL_Driver/Src/stm32l4xx_hal_gpio.c **** 
 453:../../core/ST/STM32L4xx_HAL_Driver/Src/stm32l4xx_hal_gpio.c ****   if(PinState != GPIO_PIN_RESET)
 614              		.loc 1 453 0
 615 0000 0AB9     		cbnz	r2, .L56
 454:../../core/ST/STM32L4xx_HAL_Driver/Src/stm32l4xx_hal_gpio.c ****   {
 455:../../core/ST/STM32L4xx_HAL_Driver/Src/stm32l4xx_hal_gpio.c ****     GPIOx->BSRR = (uint32_t)GPIO_Pin;
 456:../../core/ST/STM32L4xx_HAL_Driver/Src/stm32l4xx_hal_gpio.c ****   }
 457:../../core/ST/STM32L4xx_HAL_Driver/Src/stm32l4xx_hal_gpio.c ****   else
 458:../../core/ST/STM32L4xx_HAL_Driver/Src/stm32l4xx_hal_gpio.c ****   {
 459:../../core/ST/STM32L4xx_HAL_Driver/Src/stm32l4xx_hal_gpio.c ****     GPIOx->BRR = (uint32_t)GPIO_Pin;
 616              		.loc 1 459 0
 617 0002 8162     		str	r1, [r0, #40]
 618 0004 7047     		bx	lr
 619              	.L56:
 455:../../core/ST/STM32L4xx_HAL_Driver/Src/stm32l4xx_hal_gpio.c ****   }
 620              		.loc 1 455 0
 621 0006 8161     		str	r1, [r0, #24]
 622 0008 7047     		bx	lr
 623              		.cfi_endproc
 624              	.LFE126:
ARM GAS  /tmp/ccRuKEYY.s 			page 21


 626              		.section	.text.HAL_GPIO_TogglePin,"ax",%progbits
 627              		.align	1
 628              		.global	HAL_GPIO_TogglePin
 629              		.syntax unified
 630              		.thumb
 631              		.thumb_func
 632              		.fpu fpv4-sp-d16
 634              	HAL_GPIO_TogglePin:
 635              	.LFB127:
 460:../../core/ST/STM32L4xx_HAL_Driver/Src/stm32l4xx_hal_gpio.c ****   }
 461:../../core/ST/STM32L4xx_HAL_Driver/Src/stm32l4xx_hal_gpio.c **** }
 462:../../core/ST/STM32L4xx_HAL_Driver/Src/stm32l4xx_hal_gpio.c **** 
 463:../../core/ST/STM32L4xx_HAL_Driver/Src/stm32l4xx_hal_gpio.c **** /**
 464:../../core/ST/STM32L4xx_HAL_Driver/Src/stm32l4xx_hal_gpio.c ****   * @brief  Toggle the specified GPIO pin.
 465:../../core/ST/STM32L4xx_HAL_Driver/Src/stm32l4xx_hal_gpio.c ****   * @param  GPIOx where x can be (A..H) to select the GPIO peripheral for STM32L4 family
 466:../../core/ST/STM32L4xx_HAL_Driver/Src/stm32l4xx_hal_gpio.c ****   * @param  GPIO_Pin specifies the pin to be toggled.
 467:../../core/ST/STM32L4xx_HAL_Driver/Src/stm32l4xx_hal_gpio.c ****   * @retval None
 468:../../core/ST/STM32L4xx_HAL_Driver/Src/stm32l4xx_hal_gpio.c ****   */
 469:../../core/ST/STM32L4xx_HAL_Driver/Src/stm32l4xx_hal_gpio.c **** void HAL_GPIO_TogglePin(GPIO_TypeDef* GPIOx, uint16_t GPIO_Pin)
 470:../../core/ST/STM32L4xx_HAL_Driver/Src/stm32l4xx_hal_gpio.c **** {
 636              		.loc 1 470 0
 637              		.cfi_startproc
 638              		@ args = 0, pretend = 0, frame = 0
 639              		@ frame_needed = 0, uses_anonymous_args = 0
 640              		@ link register save eliminated.
 641              	.LVL64:
 471:../../core/ST/STM32L4xx_HAL_Driver/Src/stm32l4xx_hal_gpio.c ****   /* Check the parameters */
 472:../../core/ST/STM32L4xx_HAL_Driver/Src/stm32l4xx_hal_gpio.c ****   assert_param(IS_GPIO_PIN(GPIO_Pin));
 473:../../core/ST/STM32L4xx_HAL_Driver/Src/stm32l4xx_hal_gpio.c **** 
 474:../../core/ST/STM32L4xx_HAL_Driver/Src/stm32l4xx_hal_gpio.c ****   GPIOx->ODR ^= GPIO_Pin;
 642              		.loc 1 474 0
 643 0000 4369     		ldr	r3, [r0, #20]
 644 0002 5940     		eors	r1, r1, r3
 645              	.LVL65:
 646 0004 4161     		str	r1, [r0, #20]
 647 0006 7047     		bx	lr
 648              		.cfi_endproc
 649              	.LFE127:
 651              		.section	.text.HAL_GPIO_LockPin,"ax",%progbits
 652              		.align	1
 653              		.global	HAL_GPIO_LockPin
 654              		.syntax unified
 655              		.thumb
 656              		.thumb_func
 657              		.fpu fpv4-sp-d16
 659              	HAL_GPIO_LockPin:
 660              	.LFB128:
 475:../../core/ST/STM32L4xx_HAL_Driver/Src/stm32l4xx_hal_gpio.c **** }
 476:../../core/ST/STM32L4xx_HAL_Driver/Src/stm32l4xx_hal_gpio.c **** 
 477:../../core/ST/STM32L4xx_HAL_Driver/Src/stm32l4xx_hal_gpio.c **** /**
 478:../../core/ST/STM32L4xx_HAL_Driver/Src/stm32l4xx_hal_gpio.c **** * @brief  Lock GPIO Pins configuration registers.
 479:../../core/ST/STM32L4xx_HAL_Driver/Src/stm32l4xx_hal_gpio.c ****   * @note   The locked registers are GPIOx_MODER, GPIOx_OTYPER, GPIOx_OSPEEDR,
 480:../../core/ST/STM32L4xx_HAL_Driver/Src/stm32l4xx_hal_gpio.c ****   *         GPIOx_PUPDR, GPIOx_AFRL and GPIOx_AFRH.
 481:../../core/ST/STM32L4xx_HAL_Driver/Src/stm32l4xx_hal_gpio.c ****   * @note   The configuration of the locked GPIO pins can no longer be modified
 482:../../core/ST/STM32L4xx_HAL_Driver/Src/stm32l4xx_hal_gpio.c ****   *         until the next reset.
 483:../../core/ST/STM32L4xx_HAL_Driver/Src/stm32l4xx_hal_gpio.c ****   * @param  GPIOx where x can be (A..H) to select the GPIO peripheral for STM32L4 family
 484:../../core/ST/STM32L4xx_HAL_Driver/Src/stm32l4xx_hal_gpio.c ****   * @param  GPIO_Pin specifies the port bits to be locked.
ARM GAS  /tmp/ccRuKEYY.s 			page 22


 485:../../core/ST/STM32L4xx_HAL_Driver/Src/stm32l4xx_hal_gpio.c ****   *         This parameter can be any combination of GPIO_Pin_x where x can be (0..15).
 486:../../core/ST/STM32L4xx_HAL_Driver/Src/stm32l4xx_hal_gpio.c ****   * @retval None
 487:../../core/ST/STM32L4xx_HAL_Driver/Src/stm32l4xx_hal_gpio.c ****   */
 488:../../core/ST/STM32L4xx_HAL_Driver/Src/stm32l4xx_hal_gpio.c **** HAL_StatusTypeDef HAL_GPIO_LockPin(GPIO_TypeDef* GPIOx, uint16_t GPIO_Pin)
 489:../../core/ST/STM32L4xx_HAL_Driver/Src/stm32l4xx_hal_gpio.c **** {
 661              		.loc 1 489 0
 662              		.cfi_startproc
 663              		@ args = 0, pretend = 0, frame = 8
 664              		@ frame_needed = 0, uses_anonymous_args = 0
 665              		@ link register save eliminated.
 666              	.LVL66:
 667 0000 82B0     		sub	sp, sp, #8
 668              	.LCFI5:
 669              		.cfi_def_cfa_offset 8
 490:../../core/ST/STM32L4xx_HAL_Driver/Src/stm32l4xx_hal_gpio.c ****   __IO uint32_t tmp = GPIO_LCKR_LCKK;
 670              		.loc 1 490 0
 671 0002 4FF48033 		mov	r3, #65536
 672 0006 0193     		str	r3, [sp, #4]
 491:../../core/ST/STM32L4xx_HAL_Driver/Src/stm32l4xx_hal_gpio.c **** 
 492:../../core/ST/STM32L4xx_HAL_Driver/Src/stm32l4xx_hal_gpio.c ****   /* Check the parameters */
 493:../../core/ST/STM32L4xx_HAL_Driver/Src/stm32l4xx_hal_gpio.c ****   assert_param(IS_GPIO_LOCK_INSTANCE(GPIOx));
 494:../../core/ST/STM32L4xx_HAL_Driver/Src/stm32l4xx_hal_gpio.c ****   assert_param(IS_GPIO_PIN(GPIO_Pin));
 495:../../core/ST/STM32L4xx_HAL_Driver/Src/stm32l4xx_hal_gpio.c **** 
 496:../../core/ST/STM32L4xx_HAL_Driver/Src/stm32l4xx_hal_gpio.c ****   /* Apply lock key write sequence */
 497:../../core/ST/STM32L4xx_HAL_Driver/Src/stm32l4xx_hal_gpio.c ****   tmp |= GPIO_Pin;
 673              		.loc 1 497 0
 674 0008 019B     		ldr	r3, [sp, #4]
 675 000a 0B43     		orrs	r3, r3, r1
 676 000c 0193     		str	r3, [sp, #4]
 498:../../core/ST/STM32L4xx_HAL_Driver/Src/stm32l4xx_hal_gpio.c ****   /* Set LCKx bit(s): LCKK='1' + LCK[15-0] */
 499:../../core/ST/STM32L4xx_HAL_Driver/Src/stm32l4xx_hal_gpio.c ****   GPIOx->LCKR = tmp;
 677              		.loc 1 499 0
 678 000e 019B     		ldr	r3, [sp, #4]
 679 0010 C361     		str	r3, [r0, #28]
 500:../../core/ST/STM32L4xx_HAL_Driver/Src/stm32l4xx_hal_gpio.c ****   /* Reset LCKx bit(s): LCKK='0' + LCK[15-0] */
 501:../../core/ST/STM32L4xx_HAL_Driver/Src/stm32l4xx_hal_gpio.c ****   GPIOx->LCKR = GPIO_Pin;
 680              		.loc 1 501 0
 681 0012 C161     		str	r1, [r0, #28]
 502:../../core/ST/STM32L4xx_HAL_Driver/Src/stm32l4xx_hal_gpio.c ****   /* Set LCKx bit(s): LCKK='1' + LCK[15-0] */
 503:../../core/ST/STM32L4xx_HAL_Driver/Src/stm32l4xx_hal_gpio.c ****   GPIOx->LCKR = tmp;
 682              		.loc 1 503 0
 683 0014 019B     		ldr	r3, [sp, #4]
 684 0016 C361     		str	r3, [r0, #28]
 504:../../core/ST/STM32L4xx_HAL_Driver/Src/stm32l4xx_hal_gpio.c ****   /* Read LCKK bit*/
 505:../../core/ST/STM32L4xx_HAL_Driver/Src/stm32l4xx_hal_gpio.c ****   tmp = GPIOx->LCKR;
 685              		.loc 1 505 0
 686 0018 C369     		ldr	r3, [r0, #28]
 687 001a 0193     		str	r3, [sp, #4]
 506:../../core/ST/STM32L4xx_HAL_Driver/Src/stm32l4xx_hal_gpio.c **** 
 507:../../core/ST/STM32L4xx_HAL_Driver/Src/stm32l4xx_hal_gpio.c ****   if ((GPIOx->LCKR & GPIO_LCKR_LCKK) != 0x00u)
 688              		.loc 1 507 0
 689 001c C369     		ldr	r3, [r0, #28]
 690 001e 13F4803F 		tst	r3, #65536
 691 0022 02D1     		bne	.L62
 508:../../core/ST/STM32L4xx_HAL_Driver/Src/stm32l4xx_hal_gpio.c ****   {
 509:../../core/ST/STM32L4xx_HAL_Driver/Src/stm32l4xx_hal_gpio.c ****     return HAL_OK;
 510:../../core/ST/STM32L4xx_HAL_Driver/Src/stm32l4xx_hal_gpio.c ****   }
ARM GAS  /tmp/ccRuKEYY.s 			page 23


 511:../../core/ST/STM32L4xx_HAL_Driver/Src/stm32l4xx_hal_gpio.c ****   else
 512:../../core/ST/STM32L4xx_HAL_Driver/Src/stm32l4xx_hal_gpio.c ****   {
 513:../../core/ST/STM32L4xx_HAL_Driver/Src/stm32l4xx_hal_gpio.c ****     return HAL_ERROR;
 692              		.loc 1 513 0
 693 0024 0120     		movs	r0, #1
 694              	.LVL67:
 695              	.L59:
 514:../../core/ST/STM32L4xx_HAL_Driver/Src/stm32l4xx_hal_gpio.c ****   }
 515:../../core/ST/STM32L4xx_HAL_Driver/Src/stm32l4xx_hal_gpio.c **** }
 696              		.loc 1 515 0
 697 0026 02B0     		add	sp, sp, #8
 698              	.LCFI6:
 699              		.cfi_remember_state
 700              		.cfi_def_cfa_offset 0
 701              		@ sp needed
 702 0028 7047     		bx	lr
 703              	.LVL68:
 704              	.L62:
 705              	.LCFI7:
 706              		.cfi_restore_state
 509:../../core/ST/STM32L4xx_HAL_Driver/Src/stm32l4xx_hal_gpio.c ****   }
 707              		.loc 1 509 0
 708 002a 0020     		movs	r0, #0
 709              	.LVL69:
 710 002c FBE7     		b	.L59
 711              		.cfi_endproc
 712              	.LFE128:
 714              		.section	.text.HAL_GPIO_EXTI_Callback,"ax",%progbits
 715              		.align	1
 716              		.weak	HAL_GPIO_EXTI_Callback
 717              		.syntax unified
 718              		.thumb
 719              		.thumb_func
 720              		.fpu fpv4-sp-d16
 722              	HAL_GPIO_EXTI_Callback:
 723              	.LFB130:
 516:../../core/ST/STM32L4xx_HAL_Driver/Src/stm32l4xx_hal_gpio.c **** 
 517:../../core/ST/STM32L4xx_HAL_Driver/Src/stm32l4xx_hal_gpio.c **** /**
 518:../../core/ST/STM32L4xx_HAL_Driver/Src/stm32l4xx_hal_gpio.c ****   * @brief  Handle EXTI interrupt request.
 519:../../core/ST/STM32L4xx_HAL_Driver/Src/stm32l4xx_hal_gpio.c ****   * @param  GPIO_Pin Specifies the port pin connected to corresponding EXTI line.
 520:../../core/ST/STM32L4xx_HAL_Driver/Src/stm32l4xx_hal_gpio.c ****   * @retval None
 521:../../core/ST/STM32L4xx_HAL_Driver/Src/stm32l4xx_hal_gpio.c ****   */
 522:../../core/ST/STM32L4xx_HAL_Driver/Src/stm32l4xx_hal_gpio.c **** void HAL_GPIO_EXTI_IRQHandler(uint16_t GPIO_Pin)
 523:../../core/ST/STM32L4xx_HAL_Driver/Src/stm32l4xx_hal_gpio.c **** {
 524:../../core/ST/STM32L4xx_HAL_Driver/Src/stm32l4xx_hal_gpio.c ****   /* EXTI line interrupt detected */
 525:../../core/ST/STM32L4xx_HAL_Driver/Src/stm32l4xx_hal_gpio.c ****   if(__HAL_GPIO_EXTI_GET_IT(GPIO_Pin) != 0x00u)
 526:../../core/ST/STM32L4xx_HAL_Driver/Src/stm32l4xx_hal_gpio.c ****   {
 527:../../core/ST/STM32L4xx_HAL_Driver/Src/stm32l4xx_hal_gpio.c ****     __HAL_GPIO_EXTI_CLEAR_IT(GPIO_Pin);
 528:../../core/ST/STM32L4xx_HAL_Driver/Src/stm32l4xx_hal_gpio.c ****     HAL_GPIO_EXTI_Callback(GPIO_Pin);
 529:../../core/ST/STM32L4xx_HAL_Driver/Src/stm32l4xx_hal_gpio.c ****   }
 530:../../core/ST/STM32L4xx_HAL_Driver/Src/stm32l4xx_hal_gpio.c **** }
 531:../../core/ST/STM32L4xx_HAL_Driver/Src/stm32l4xx_hal_gpio.c **** 
 532:../../core/ST/STM32L4xx_HAL_Driver/Src/stm32l4xx_hal_gpio.c **** /**
 533:../../core/ST/STM32L4xx_HAL_Driver/Src/stm32l4xx_hal_gpio.c ****   * @brief  EXTI line detection callback.
 534:../../core/ST/STM32L4xx_HAL_Driver/Src/stm32l4xx_hal_gpio.c ****   * @param  GPIO_Pin: Specifies the port pin connected to corresponding EXTI line.
 535:../../core/ST/STM32L4xx_HAL_Driver/Src/stm32l4xx_hal_gpio.c ****   * @retval None
 536:../../core/ST/STM32L4xx_HAL_Driver/Src/stm32l4xx_hal_gpio.c ****   */
ARM GAS  /tmp/ccRuKEYY.s 			page 24


 537:../../core/ST/STM32L4xx_HAL_Driver/Src/stm32l4xx_hal_gpio.c **** __weak void HAL_GPIO_EXTI_Callback(uint16_t GPIO_Pin)
 538:../../core/ST/STM32L4xx_HAL_Driver/Src/stm32l4xx_hal_gpio.c **** {
 724              		.loc 1 538 0
 725              		.cfi_startproc
 726              		@ args = 0, pretend = 0, frame = 0
 727              		@ frame_needed = 0, uses_anonymous_args = 0
 728              		@ link register save eliminated.
 729              	.LVL70:
 730 0000 7047     		bx	lr
 731              		.cfi_endproc
 732              	.LFE130:
 734              		.section	.text.HAL_GPIO_EXTI_IRQHandler,"ax",%progbits
 735              		.align	1
 736              		.global	HAL_GPIO_EXTI_IRQHandler
 737              		.syntax unified
 738              		.thumb
 739              		.thumb_func
 740              		.fpu fpv4-sp-d16
 742              	HAL_GPIO_EXTI_IRQHandler:
 743              	.LFB129:
 523:../../core/ST/STM32L4xx_HAL_Driver/Src/stm32l4xx_hal_gpio.c ****   /* EXTI line interrupt detected */
 744              		.loc 1 523 0
 745              		.cfi_startproc
 746              		@ args = 0, pretend = 0, frame = 0
 747              		@ frame_needed = 0, uses_anonymous_args = 0
 748              	.LVL71:
 523:../../core/ST/STM32L4xx_HAL_Driver/Src/stm32l4xx_hal_gpio.c ****   /* EXTI line interrupt detected */
 749              		.loc 1 523 0
 750 0000 08B5     		push	{r3, lr}
 751              	.LCFI8:
 752              		.cfi_def_cfa_offset 8
 753              		.cfi_offset 3, -8
 754              		.cfi_offset 14, -4
 525:../../core/ST/STM32L4xx_HAL_Driver/Src/stm32l4xx_hal_gpio.c ****   {
 755              		.loc 1 525 0
 756 0002 054B     		ldr	r3, .L68
 757 0004 5B69     		ldr	r3, [r3, #20]
 758 0006 0342     		tst	r3, r0
 759 0008 00D1     		bne	.L67
 760              	.LVL72:
 761              	.L64:
 762 000a 08BD     		pop	{r3, pc}
 763              	.LVL73:
 764              	.L67:
 527:../../core/ST/STM32L4xx_HAL_Driver/Src/stm32l4xx_hal_gpio.c ****     HAL_GPIO_EXTI_Callback(GPIO_Pin);
 765              		.loc 1 527 0
 766 000c 024B     		ldr	r3, .L68
 767 000e 5861     		str	r0, [r3, #20]
 528:../../core/ST/STM32L4xx_HAL_Driver/Src/stm32l4xx_hal_gpio.c ****   }
 768              		.loc 1 528 0
 769 0010 FFF7FEFF 		bl	HAL_GPIO_EXTI_Callback
 770              	.LVL74:
 530:../../core/ST/STM32L4xx_HAL_Driver/Src/stm32l4xx_hal_gpio.c **** 
 771              		.loc 1 530 0
 772 0014 F9E7     		b	.L64
 773              	.L69:
 774 0016 00BF     		.align	2
ARM GAS  /tmp/ccRuKEYY.s 			page 25


 775              	.L68:
 776 0018 00040140 		.word	1073808384
 777              		.cfi_endproc
 778              	.LFE129:
 780              		.text
 781              	.Letext0:
 782              		.file 2 "/usr/include/newlib/machine/_default_types.h"
 783              		.file 3 "/usr/include/newlib/sys/_stdint.h"
 784              		.file 4 "../../core/ST/CMSIS/Include/core_cm4.h"
 785              		.file 5 "../../core/ST/CMSIS/Device/ST/STM32L4xx/Include/system_stm32l4xx.h"
 786              		.file 6 "../../core/ST/CMSIS/Device/ST/STM32L4xx/Include/stm32l496xx.h"
 787              		.file 7 "../../core/ST/STM32L4xx_HAL_Driver/Inc/stm32l4xx_hal_def.h"
 788              		.file 8 "../../core/ST/STM32L4xx_HAL_Driver/Inc/stm32l4xx_hal_gpio.h"
 789              		.file 9 "../../core/ST/STM32L4xx_HAL_Driver/Inc/stm32l4xx_hal.h"
ARM GAS  /tmp/ccRuKEYY.s 			page 26


DEFINED SYMBOLS
                            *ABS*:0000000000000000 stm32l4xx_hal_gpio.c
     /tmp/ccRuKEYY.s:18     .text.HAL_GPIO_Init:0000000000000000 $t
     /tmp/ccRuKEYY.s:25     .text.HAL_GPIO_Init:0000000000000000 HAL_GPIO_Init
     /tmp/ccRuKEYY.s:350    .text.HAL_GPIO_Init:00000000000001a8 $d
     /tmp/ccRuKEYY.s:358    .text.HAL_GPIO_DeInit:0000000000000000 $t
     /tmp/ccRuKEYY.s:365    .text.HAL_GPIO_DeInit:0000000000000000 HAL_GPIO_DeInit
     /tmp/ccRuKEYY.s:558    .text.HAL_GPIO_DeInit:0000000000000118 $d
     /tmp/ccRuKEYY.s:565    .text.HAL_GPIO_ReadPin:0000000000000000 $t
     /tmp/ccRuKEYY.s:572    .text.HAL_GPIO_ReadPin:0000000000000000 HAL_GPIO_ReadPin
     /tmp/ccRuKEYY.s:599    .text.HAL_GPIO_WritePin:0000000000000000 $t
     /tmp/ccRuKEYY.s:606    .text.HAL_GPIO_WritePin:0000000000000000 HAL_GPIO_WritePin
     /tmp/ccRuKEYY.s:627    .text.HAL_GPIO_TogglePin:0000000000000000 $t
     /tmp/ccRuKEYY.s:634    .text.HAL_GPIO_TogglePin:0000000000000000 HAL_GPIO_TogglePin
     /tmp/ccRuKEYY.s:652    .text.HAL_GPIO_LockPin:0000000000000000 $t
     /tmp/ccRuKEYY.s:659    .text.HAL_GPIO_LockPin:0000000000000000 HAL_GPIO_LockPin
     /tmp/ccRuKEYY.s:715    .text.HAL_GPIO_EXTI_Callback:0000000000000000 $t
     /tmp/ccRuKEYY.s:722    .text.HAL_GPIO_EXTI_Callback:0000000000000000 HAL_GPIO_EXTI_Callback
     /tmp/ccRuKEYY.s:735    .text.HAL_GPIO_EXTI_IRQHandler:0000000000000000 $t
     /tmp/ccRuKEYY.s:742    .text.HAL_GPIO_EXTI_IRQHandler:0000000000000000 HAL_GPIO_EXTI_IRQHandler
     /tmp/ccRuKEYY.s:776    .text.HAL_GPIO_EXTI_IRQHandler:0000000000000018 $d
                     .debug_frame:0000000000000010 $d

NO UNDEFINED SYMBOLS
