ARM GAS  /tmp/ccDx0C8z.s 			page 1


   1              		.cpu cortex-m4
   2              		.eabi_attribute 27, 1
   3              		.eabi_attribute 28, 1
   4              		.eabi_attribute 20, 1
   5              		.eabi_attribute 21, 1
   6              		.eabi_attribute 23, 3
   7              		.eabi_attribute 24, 1
   8              		.eabi_attribute 25, 1
   9              		.eabi_attribute 26, 1
  10              		.eabi_attribute 30, 1
  11              		.eabi_attribute 34, 1
  12              		.eabi_attribute 18, 4
  13              		.file	"stm32l4xx_it.c"
  14              		.text
  15              	.Ltext0:
  16              		.cfi_sections	.debug_frame
  17              		.section	.text.NMI_Handler,"ax",%progbits
  18              		.align	1
  19              		.global	NMI_Handler
  20              		.syntax unified
  21              		.thumb
  22              		.thumb_func
  23              		.fpu fpv4-sp-d16
  25              	NMI_Handler:
  26              	.LFB128:
  27              		.file 1 "../../core/platform/octa/src/stm32l4xx_it.c"
   1:../../core/platform/octa/src/stm32l4xx_it.c **** /* USER CODE BEGIN Header */
   2:../../core/platform/octa/src/stm32l4xx_it.c **** /**
   3:../../core/platform/octa/src/stm32l4xx_it.c ****   ******************************************************************************
   4:../../core/platform/octa/src/stm32l4xx_it.c ****   * @file    stm32l4xx_it.c
   5:../../core/platform/octa/src/stm32l4xx_it.c ****   * @brief   Interrupt Service Routines.
   6:../../core/platform/octa/src/stm32l4xx_it.c ****   ******************************************************************************
   7:../../core/platform/octa/src/stm32l4xx_it.c ****   *
   8:../../core/platform/octa/src/stm32l4xx_it.c ****   * COPYRIGHT(c) 2019 STMicroelectronics
   9:../../core/platform/octa/src/stm32l4xx_it.c ****   *
  10:../../core/platform/octa/src/stm32l4xx_it.c ****   * Redistribution and use in source and binary forms, with or without modification,
  11:../../core/platform/octa/src/stm32l4xx_it.c ****   * are permitted provided that the following conditions are met:
  12:../../core/platform/octa/src/stm32l4xx_it.c ****   *   1. Redistributions of source code must retain the above copyright notice,
  13:../../core/platform/octa/src/stm32l4xx_it.c ****   *      this list of conditions and the following disclaimer.
  14:../../core/platform/octa/src/stm32l4xx_it.c ****   *   2. Redistributions in binary form must reproduce the above copyright notice,
  15:../../core/platform/octa/src/stm32l4xx_it.c ****   *      this list of conditions and the following disclaimer in the documentation
  16:../../core/platform/octa/src/stm32l4xx_it.c ****   *      and/or other materials provided with the distribution.
  17:../../core/platform/octa/src/stm32l4xx_it.c ****   *   3. Neither the name of STMicroelectronics nor the names of its contributors
  18:../../core/platform/octa/src/stm32l4xx_it.c ****   *      may be used to endorse or promote products derived from this software
  19:../../core/platform/octa/src/stm32l4xx_it.c ****   *      without specific prior written permission.
  20:../../core/platform/octa/src/stm32l4xx_it.c ****   *
  21:../../core/platform/octa/src/stm32l4xx_it.c ****   * THIS SOFTWARE IS PROVIDED BY THE COPYRIGHT HOLDERS AND CONTRIBUTORS "AS IS"
  22:../../core/platform/octa/src/stm32l4xx_it.c ****   * AND ANY EXPRESS OR IMPLIED WARRANTIES, INCLUDING, BUT NOT LIMITED TO, THE
  23:../../core/platform/octa/src/stm32l4xx_it.c ****   * IMPLIED WARRANTIES OF MERCHANTABILITY AND FITNESS FOR A PARTICULAR PURPOSE ARE
  24:../../core/platform/octa/src/stm32l4xx_it.c ****   * DISCLAIMED. IN NO EVENT SHALL THE COPYRIGHT HOLDER OR CONTRIBUTORS BE LIABLE
  25:../../core/platform/octa/src/stm32l4xx_it.c ****   * FOR ANY DIRECT, INDIRECT, INCIDENTAL, SPECIAL, EXEMPLARY, OR CONSEQUENTIAL
  26:../../core/platform/octa/src/stm32l4xx_it.c ****   * DAMAGES (INCLUDING, BUT NOT LIMITED TO, PROCUREMENT OF SUBSTITUTE GOODS OR
  27:../../core/platform/octa/src/stm32l4xx_it.c ****   * SERVICES; LOSS OF USE, DATA, OR PROFITS; OR BUSINESS INTERRUPTION) HOWEVER
  28:../../core/platform/octa/src/stm32l4xx_it.c ****   * CAUSED AND ON ANY THEORY OF LIABILITY, WHETHER IN CONTRACT, STRICT LIABILITY,
  29:../../core/platform/octa/src/stm32l4xx_it.c ****   * OR TORT (INCLUDING NEGLIGENCE OR OTHERWISE) ARISING IN ANY WAY OUT OF THE USE
  30:../../core/platform/octa/src/stm32l4xx_it.c ****   * OF THIS SOFTWARE, EVEN IF ADVISED OF THE POSSIBILITY OF SUCH DAMAGE.
  31:../../core/platform/octa/src/stm32l4xx_it.c ****   *
ARM GAS  /tmp/ccDx0C8z.s 			page 2


  32:../../core/platform/octa/src/stm32l4xx_it.c ****   ******************************************************************************
  33:../../core/platform/octa/src/stm32l4xx_it.c ****   */
  34:../../core/platform/octa/src/stm32l4xx_it.c **** /* USER CODE END Header */
  35:../../core/platform/octa/src/stm32l4xx_it.c **** 
  36:../../core/platform/octa/src/stm32l4xx_it.c **** /* Includes ------------------------------------------------------------------*/
  37:../../core/platform/octa/src/stm32l4xx_it.c **** #include "stm32l4xx_it.h"
  38:../../core/platform/octa/src/stm32l4xx_it.c **** #include "cmsis_os.h"
  39:../../core/platform/octa/src/stm32l4xx_it.c **** #include "uart.h"
  40:../../core/platform/octa/src/stm32l4xx_it.c **** #include "spi.h"
  41:../../core/platform/octa/src/stm32l4xx_it.c **** /* Private includes ----------------------------------------------------------*/
  42:../../core/platform/octa/src/stm32l4xx_it.c **** /* USER CODE BEGIN Includes */
  43:../../core/platform/octa/src/stm32l4xx_it.c **** /* USER CODE END Includes */
  44:../../core/platform/octa/src/stm32l4xx_it.c **** 
  45:../../core/platform/octa/src/stm32l4xx_it.c **** /* Private typedef -----------------------------------------------------------*/
  46:../../core/platform/octa/src/stm32l4xx_it.c **** /* USER CODE BEGIN TD */
  47:../../core/platform/octa/src/stm32l4xx_it.c **** 
  48:../../core/platform/octa/src/stm32l4xx_it.c **** /* USER CODE END TD */
  49:../../core/platform/octa/src/stm32l4xx_it.c **** 
  50:../../core/platform/octa/src/stm32l4xx_it.c **** /* Private define ------------------------------------------------------------*/
  51:../../core/platform/octa/src/stm32l4xx_it.c **** /* USER CODE BEGIN PD */
  52:../../core/platform/octa/src/stm32l4xx_it.c ****  
  53:../../core/platform/octa/src/stm32l4xx_it.c **** /* USER CODE END PD */
  54:../../core/platform/octa/src/stm32l4xx_it.c **** 
  55:../../core/platform/octa/src/stm32l4xx_it.c **** /* Private macro -------------------------------------------------------------*/
  56:../../core/platform/octa/src/stm32l4xx_it.c **** /* USER CODE BEGIN PM */
  57:../../core/platform/octa/src/stm32l4xx_it.c **** 
  58:../../core/platform/octa/src/stm32l4xx_it.c **** /* USER CODE END PM */
  59:../../core/platform/octa/src/stm32l4xx_it.c **** 
  60:../../core/platform/octa/src/stm32l4xx_it.c **** /* Private variables ---------------------------------------------------------*/
  61:../../core/platform/octa/src/stm32l4xx_it.c **** /* USER CODE BEGIN PV */
  62:../../core/platform/octa/src/stm32l4xx_it.c **** 
  63:../../core/platform/octa/src/stm32l4xx_it.c **** /* USER CODE END PV */
  64:../../core/platform/octa/src/stm32l4xx_it.c **** 
  65:../../core/platform/octa/src/stm32l4xx_it.c **** /* Private function prototypes -----------------------------------------------*/
  66:../../core/platform/octa/src/stm32l4xx_it.c **** /* USER CODE BEGIN PFP */
  67:../../core/platform/octa/src/stm32l4xx_it.c **** 
  68:../../core/platform/octa/src/stm32l4xx_it.c **** /* USER CODE END PFP */
  69:../../core/platform/octa/src/stm32l4xx_it.c **** 
  70:../../core/platform/octa/src/stm32l4xx_it.c **** /* Private user code ---------------------------------------------------------*/
  71:../../core/platform/octa/src/stm32l4xx_it.c **** /* USER CODE BEGIN 0 */
  72:../../core/platform/octa/src/stm32l4xx_it.c **** 
  73:../../core/platform/octa/src/stm32l4xx_it.c **** /* USER CODE END 0 */
  74:../../core/platform/octa/src/stm32l4xx_it.c **** 
  75:../../core/platform/octa/src/stm32l4xx_it.c **** /* External variables --------------------------------------------------------*/
  76:../../core/platform/octa/src/stm32l4xx_it.c **** extern TIM_HandleTypeDef htim1;
  77:../../core/platform/octa/src/stm32l4xx_it.c **** /* USER CODE BEGIN EV */
  78:../../core/platform/octa/src/stm32l4xx_it.c **** 
  79:../../core/platform/octa/src/stm32l4xx_it.c **** /* USER CODE END EV */
  80:../../core/platform/octa/src/stm32l4xx_it.c **** 
  81:../../core/platform/octa/src/stm32l4xx_it.c **** /******************************************************************************/
  82:../../core/platform/octa/src/stm32l4xx_it.c **** /*           Cortex-M4 Processor Interruption and Exception Handlers          */ 
  83:../../core/platform/octa/src/stm32l4xx_it.c **** /******************************************************************************/
  84:../../core/platform/octa/src/stm32l4xx_it.c **** /**
  85:../../core/platform/octa/src/stm32l4xx_it.c ****   * @brief This function handles Non maskable interrupt.
  86:../../core/platform/octa/src/stm32l4xx_it.c ****   */
  87:../../core/platform/octa/src/stm32l4xx_it.c **** void NMI_Handler(void)
  88:../../core/platform/octa/src/stm32l4xx_it.c **** {
ARM GAS  /tmp/ccDx0C8z.s 			page 3


  28              		.loc 1 88 0
  29              		.cfi_startproc
  30              		@ args = 0, pretend = 0, frame = 0
  31              		@ frame_needed = 0, uses_anonymous_args = 0
  32              		@ link register save eliminated.
  33 0000 7047     		bx	lr
  34              		.cfi_endproc
  35              	.LFE128:
  37              		.section	.text.HardFault_Handler,"ax",%progbits
  38              		.align	1
  39              		.global	HardFault_Handler
  40              		.syntax unified
  41              		.thumb
  42              		.thumb_func
  43              		.fpu fpv4-sp-d16
  45              	HardFault_Handler:
  46              	.LFB129:
  89:../../core/platform/octa/src/stm32l4xx_it.c ****   /* USER CODE BEGIN NonMaskableInt_IRQn 0 */
  90:../../core/platform/octa/src/stm32l4xx_it.c **** 
  91:../../core/platform/octa/src/stm32l4xx_it.c ****   /* USER CODE END NonMaskableInt_IRQn 0 */
  92:../../core/platform/octa/src/stm32l4xx_it.c ****   /* USER CODE BEGIN NonMaskableInt_IRQn 1 */
  93:../../core/platform/octa/src/stm32l4xx_it.c **** 
  94:../../core/platform/octa/src/stm32l4xx_it.c ****   /* USER CODE END NonMaskableInt_IRQn 1 */
  95:../../core/platform/octa/src/stm32l4xx_it.c **** }
  96:../../core/platform/octa/src/stm32l4xx_it.c **** 
  97:../../core/platform/octa/src/stm32l4xx_it.c **** /**
  98:../../core/platform/octa/src/stm32l4xx_it.c ****   * @brief This function handles Hard fault interrupt.
  99:../../core/platform/octa/src/stm32l4xx_it.c ****   */
 100:../../core/platform/octa/src/stm32l4xx_it.c **** void HardFault_Handler(void)
 101:../../core/platform/octa/src/stm32l4xx_it.c **** {
  47              		.loc 1 101 0
  48              		.cfi_startproc
  49              		@ Volatile: function does not return.
  50              		@ args = 0, pretend = 0, frame = 0
  51              		@ frame_needed = 0, uses_anonymous_args = 0
  52              		@ link register save eliminated.
  53              	.L3:
  54 0000 FEE7     		b	.L3
  55              		.cfi_endproc
  56              	.LFE129:
  58              		.section	.text.MemManage_Handler,"ax",%progbits
  59              		.align	1
  60              		.global	MemManage_Handler
  61              		.syntax unified
  62              		.thumb
  63              		.thumb_func
  64              		.fpu fpv4-sp-d16
  66              	MemManage_Handler:
  67              	.LFB130:
 102:../../core/platform/octa/src/stm32l4xx_it.c ****   /* USER CODE BEGIN HardFault_IRQn 0 */
 103:../../core/platform/octa/src/stm32l4xx_it.c **** 
 104:../../core/platform/octa/src/stm32l4xx_it.c ****   /* USER CODE END HardFault_IRQn 0 */
 105:../../core/platform/octa/src/stm32l4xx_it.c ****   while (1)
 106:../../core/platform/octa/src/stm32l4xx_it.c ****   {
 107:../../core/platform/octa/src/stm32l4xx_it.c ****     /* USER CODE BEGIN W1_HardFault_IRQn 0 */
 108:../../core/platform/octa/src/stm32l4xx_it.c ****     /* USER CODE END W1_HardFault_IRQn 0 */
 109:../../core/platform/octa/src/stm32l4xx_it.c ****   }
ARM GAS  /tmp/ccDx0C8z.s 			page 4


 110:../../core/platform/octa/src/stm32l4xx_it.c **** }
 111:../../core/platform/octa/src/stm32l4xx_it.c **** 
 112:../../core/platform/octa/src/stm32l4xx_it.c **** /**
 113:../../core/platform/octa/src/stm32l4xx_it.c ****   * @brief This function handles Memory management fault.
 114:../../core/platform/octa/src/stm32l4xx_it.c ****   */
 115:../../core/platform/octa/src/stm32l4xx_it.c **** void MemManage_Handler(void)
 116:../../core/platform/octa/src/stm32l4xx_it.c **** {
  68              		.loc 1 116 0
  69              		.cfi_startproc
  70              		@ Volatile: function does not return.
  71              		@ args = 0, pretend = 0, frame = 0
  72              		@ frame_needed = 0, uses_anonymous_args = 0
  73              		@ link register save eliminated.
  74              	.L5:
  75 0000 FEE7     		b	.L5
  76              		.cfi_endproc
  77              	.LFE130:
  79              		.section	.text.BusFault_Handler,"ax",%progbits
  80              		.align	1
  81              		.global	BusFault_Handler
  82              		.syntax unified
  83              		.thumb
  84              		.thumb_func
  85              		.fpu fpv4-sp-d16
  87              	BusFault_Handler:
  88              	.LFB131:
 117:../../core/platform/octa/src/stm32l4xx_it.c ****   /* USER CODE BEGIN MemoryManagement_IRQn 0 */
 118:../../core/platform/octa/src/stm32l4xx_it.c **** 
 119:../../core/platform/octa/src/stm32l4xx_it.c ****   /* USER CODE END MemoryManagement_IRQn 0 */
 120:../../core/platform/octa/src/stm32l4xx_it.c ****   while (1)
 121:../../core/platform/octa/src/stm32l4xx_it.c ****   {
 122:../../core/platform/octa/src/stm32l4xx_it.c ****     /* USER CODE BEGIN W1_MemoryManagement_IRQn 0 */
 123:../../core/platform/octa/src/stm32l4xx_it.c ****     /* USER CODE END W1_MemoryManagement_IRQn 0 */
 124:../../core/platform/octa/src/stm32l4xx_it.c ****   }
 125:../../core/platform/octa/src/stm32l4xx_it.c **** }
 126:../../core/platform/octa/src/stm32l4xx_it.c **** 
 127:../../core/platform/octa/src/stm32l4xx_it.c **** /**
 128:../../core/platform/octa/src/stm32l4xx_it.c ****   * @brief This function handles Prefetch fault, memory access fault.
 129:../../core/platform/octa/src/stm32l4xx_it.c ****   */
 130:../../core/platform/octa/src/stm32l4xx_it.c **** void BusFault_Handler(void)
 131:../../core/platform/octa/src/stm32l4xx_it.c **** {
  89              		.loc 1 131 0
  90              		.cfi_startproc
  91              		@ Volatile: function does not return.
  92              		@ args = 0, pretend = 0, frame = 0
  93              		@ frame_needed = 0, uses_anonymous_args = 0
  94              		@ link register save eliminated.
  95              	.L7:
  96 0000 FEE7     		b	.L7
  97              		.cfi_endproc
  98              	.LFE131:
 100              		.section	.text.UsageFault_Handler,"ax",%progbits
 101              		.align	1
 102              		.global	UsageFault_Handler
 103              		.syntax unified
 104              		.thumb
 105              		.thumb_func
ARM GAS  /tmp/ccDx0C8z.s 			page 5


 106              		.fpu fpv4-sp-d16
 108              	UsageFault_Handler:
 109              	.LFB132:
 132:../../core/platform/octa/src/stm32l4xx_it.c ****   /* USER CODE BEGIN BusFault_IRQn 0 */
 133:../../core/platform/octa/src/stm32l4xx_it.c **** 
 134:../../core/platform/octa/src/stm32l4xx_it.c ****   /* USER CODE END BusFault_IRQn 0 */
 135:../../core/platform/octa/src/stm32l4xx_it.c ****   while (1)
 136:../../core/platform/octa/src/stm32l4xx_it.c ****   {
 137:../../core/platform/octa/src/stm32l4xx_it.c ****     /* USER CODE BEGIN W1_BusFault_IRQn 0 */
 138:../../core/platform/octa/src/stm32l4xx_it.c ****     /* USER CODE END W1_BusFault_IRQn 0 */
 139:../../core/platform/octa/src/stm32l4xx_it.c ****   }
 140:../../core/platform/octa/src/stm32l4xx_it.c **** }
 141:../../core/platform/octa/src/stm32l4xx_it.c **** 
 142:../../core/platform/octa/src/stm32l4xx_it.c **** /**
 143:../../core/platform/octa/src/stm32l4xx_it.c ****   * @brief This function handles Undefined instruction or illegal state.
 144:../../core/platform/octa/src/stm32l4xx_it.c ****   */
 145:../../core/platform/octa/src/stm32l4xx_it.c **** void UsageFault_Handler(void)
 146:../../core/platform/octa/src/stm32l4xx_it.c **** {
 110              		.loc 1 146 0
 111              		.cfi_startproc
 112              		@ Volatile: function does not return.
 113              		@ args = 0, pretend = 0, frame = 0
 114              		@ frame_needed = 0, uses_anonymous_args = 0
 115              		@ link register save eliminated.
 116              	.L9:
 117 0000 FEE7     		b	.L9
 118              		.cfi_endproc
 119              	.LFE132:
 121              		.section	.text.DebugMon_Handler,"ax",%progbits
 122              		.align	1
 123              		.global	DebugMon_Handler
 124              		.syntax unified
 125              		.thumb
 126              		.thumb_func
 127              		.fpu fpv4-sp-d16
 129              	DebugMon_Handler:
 130              	.LFB133:
 147:../../core/platform/octa/src/stm32l4xx_it.c ****   /* USER CODE BEGIN UsageFault_IRQn 0 */
 148:../../core/platform/octa/src/stm32l4xx_it.c **** 
 149:../../core/platform/octa/src/stm32l4xx_it.c ****   /* USER CODE END UsageFault_IRQn 0 */
 150:../../core/platform/octa/src/stm32l4xx_it.c ****   while (1)
 151:../../core/platform/octa/src/stm32l4xx_it.c ****   {
 152:../../core/platform/octa/src/stm32l4xx_it.c ****     /* USER CODE BEGIN W1_UsageFault_IRQn 0 */
 153:../../core/platform/octa/src/stm32l4xx_it.c ****     /* USER CODE END W1_UsageFault_IRQn 0 */
 154:../../core/platform/octa/src/stm32l4xx_it.c ****   }
 155:../../core/platform/octa/src/stm32l4xx_it.c **** }
 156:../../core/platform/octa/src/stm32l4xx_it.c **** 
 157:../../core/platform/octa/src/stm32l4xx_it.c **** /**
 158:../../core/platform/octa/src/stm32l4xx_it.c ****   * @brief This function handles Debug monitor.
 159:../../core/platform/octa/src/stm32l4xx_it.c ****   */
 160:../../core/platform/octa/src/stm32l4xx_it.c **** void DebugMon_Handler(void)
 161:../../core/platform/octa/src/stm32l4xx_it.c **** {
 131              		.loc 1 161 0
 132              		.cfi_startproc
 133              		@ args = 0, pretend = 0, frame = 0
 134              		@ frame_needed = 0, uses_anonymous_args = 0
 135              		@ link register save eliminated.
ARM GAS  /tmp/ccDx0C8z.s 			page 6


 136 0000 7047     		bx	lr
 137              		.cfi_endproc
 138              	.LFE133:
 140              		.section	.text.TIM1_UP_TIM16_IRQHandler,"ax",%progbits
 141              		.align	1
 142              		.global	TIM1_UP_TIM16_IRQHandler
 143              		.syntax unified
 144              		.thumb
 145              		.thumb_func
 146              		.fpu fpv4-sp-d16
 148              	TIM1_UP_TIM16_IRQHandler:
 149              	.LFB134:
 162:../../core/platform/octa/src/stm32l4xx_it.c ****   /* USER CODE BEGIN DebugMonitor_IRQn 0 */
 163:../../core/platform/octa/src/stm32l4xx_it.c **** 
 164:../../core/platform/octa/src/stm32l4xx_it.c ****   /* USER CODE END DebugMonitor_IRQn 0 */
 165:../../core/platform/octa/src/stm32l4xx_it.c ****   /* USER CODE BEGIN DebugMonitor_IRQn 1 */
 166:../../core/platform/octa/src/stm32l4xx_it.c **** 
 167:../../core/platform/octa/src/stm32l4xx_it.c ****   /* USER CODE END DebugMonitor_IRQn 1 */
 168:../../core/platform/octa/src/stm32l4xx_it.c **** }
 169:../../core/platform/octa/src/stm32l4xx_it.c **** 
 170:../../core/platform/octa/src/stm32l4xx_it.c **** /******************************************************************************/
 171:../../core/platform/octa/src/stm32l4xx_it.c **** /* STM32L4xx Peripheral Interrupt Handlers                                    */
 172:../../core/platform/octa/src/stm32l4xx_it.c **** /* Add here the Interrupt Handlers for the used peripherals.                  */
 173:../../core/platform/octa/src/stm32l4xx_it.c **** /* For the available peripheral interrupt handler names,                      */
 174:../../core/platform/octa/src/stm32l4xx_it.c **** /* please refer to the startup file (startup_stm32l4xx.s).                    */
 175:../../core/platform/octa/src/stm32l4xx_it.c **** /******************************************************************************/
 176:../../core/platform/octa/src/stm32l4xx_it.c **** 
 177:../../core/platform/octa/src/stm32l4xx_it.c **** /**
 178:../../core/platform/octa/src/stm32l4xx_it.c ****   * @brief This function handles TIM1 update interrupt and TIM16 global interrupt.
 179:../../core/platform/octa/src/stm32l4xx_it.c ****   */
 180:../../core/platform/octa/src/stm32l4xx_it.c **** void TIM1_UP_TIM16_IRQHandler(void)
 181:../../core/platform/octa/src/stm32l4xx_it.c **** {
 150              		.loc 1 181 0
 151              		.cfi_startproc
 152              		@ args = 0, pretend = 0, frame = 0
 153              		@ frame_needed = 0, uses_anonymous_args = 0
 154              		.loc 1 181 0
 155 0000 08B5     		push	{r3, lr}
 156              	.LCFI0:
 157              		.cfi_def_cfa_offset 8
 158              		.cfi_offset 3, -8
 159              		.cfi_offset 14, -4
 182:../../core/platform/octa/src/stm32l4xx_it.c ****   /* USER CODE BEGIN TIM1_UP_TIM16_IRQn 0 */
 183:../../core/platform/octa/src/stm32l4xx_it.c **** 
 184:../../core/platform/octa/src/stm32l4xx_it.c ****   /* USER CODE END TIM1_UP_TIM16_IRQn 0 */
 185:../../core/platform/octa/src/stm32l4xx_it.c ****   HAL_TIM_IRQHandler(&htim1);
 160              		.loc 1 185 0
 161 0002 0248     		ldr	r0, .L13
 162 0004 FFF7FEFF 		bl	HAL_TIM_IRQHandler
 163              	.LVL0:
 164 0008 08BD     		pop	{r3, pc}
 165              	.L14:
 166 000a 00BF     		.align	2
 167              	.L13:
 168 000c 00000000 		.word	htim1
 169              		.cfi_endproc
 170              	.LFE134:
ARM GAS  /tmp/ccDx0C8z.s 			page 7


 172              		.section	.text.USART2_IRQHandler,"ax",%progbits
 173              		.align	1
 174              		.global	USART2_IRQHandler
 175              		.syntax unified
 176              		.thumb
 177              		.thumb_func
 178              		.fpu fpv4-sp-d16
 180              	USART2_IRQHandler:
 181              	.LFB135:
 186:../../core/platform/octa/src/stm32l4xx_it.c ****   /* USER CODE BEGIN TIM1_UP_TIM16_IRQn 1 */
 187:../../core/platform/octa/src/stm32l4xx_it.c **** 
 188:../../core/platform/octa/src/stm32l4xx_it.c ****   /* USER CODE END TIM1_UP_TIM16_IRQn 1 */
 189:../../core/platform/octa/src/stm32l4xx_it.c **** }
 190:../../core/platform/octa/src/stm32l4xx_it.c **** 
 191:../../core/platform/octa/src/stm32l4xx_it.c **** /* USER CODE BEGIN 1 */
 192:../../core/platform/octa/src/stm32l4xx_it.c **** /**
 193:../../core/platform/octa/src/stm32l4xx_it.c **** * @brief This function handles USART2 global interrupt.
 194:../../core/platform/octa/src/stm32l4xx_it.c **** */
 195:../../core/platform/octa/src/stm32l4xx_it.c **** void USART2_IRQHandler(void)
 196:../../core/platform/octa/src/stm32l4xx_it.c **** {
 182              		.loc 1 196 0
 183              		.cfi_startproc
 184              		@ args = 0, pretend = 0, frame = 0
 185              		@ frame_needed = 0, uses_anonymous_args = 0
 186 0000 08B5     		push	{r3, lr}
 187              	.LCFI1:
 188              		.cfi_def_cfa_offset 8
 189              		.cfi_offset 3, -8
 190              		.cfi_offset 14, -4
 197:../../core/platform/octa/src/stm32l4xx_it.c ****   /* USER CODE BEGIN USART2_IRQn 0 */
 198:../../core/platform/octa/src/stm32l4xx_it.c **** 
 199:../../core/platform/octa/src/stm32l4xx_it.c ****   /* USER CODE END USART2_IRQn 0 */
 200:../../core/platform/octa/src/stm32l4xx_it.c ****   #if USE_BOOTLOADER
 201:../../core/platform/octa/src/stm32l4xx_it.c ****     HAL_UART_IRQHandler(&BLE_UART);
 202:../../core/platform/octa/src/stm32l4xx_it.c ****   #else
 203:../../core/platform/octa/src/stm32l4xx_it.c ****     HAL_UART_IRQHandler(&P2_UART);
 191              		.loc 1 203 0
 192 0002 0248     		ldr	r0, .L17
 193 0004 FFF7FEFF 		bl	HAL_UART_IRQHandler
 194              	.LVL1:
 195 0008 08BD     		pop	{r3, pc}
 196              	.L18:
 197 000a 00BF     		.align	2
 198              	.L17:
 199 000c 00000000 		.word	P2_UART
 200              		.cfi_endproc
 201              	.LFE135:
 203              		.section	.text.USART3_IRQHandler,"ax",%progbits
 204              		.align	1
 205              		.global	USART3_IRQHandler
 206              		.syntax unified
 207              		.thumb
 208              		.thumb_func
 209              		.fpu fpv4-sp-d16
 211              	USART3_IRQHandler:
 212              	.LFB136:
 204:../../core/platform/octa/src/stm32l4xx_it.c ****   #endif
ARM GAS  /tmp/ccDx0C8z.s 			page 8


 205:../../core/platform/octa/src/stm32l4xx_it.c ****   /* USER CODE BEGIN USART2_IRQn 1 */
 206:../../core/platform/octa/src/stm32l4xx_it.c **** 
 207:../../core/platform/octa/src/stm32l4xx_it.c ****   /* USER CODE END USART2_IRQn 1 */
 208:../../core/platform/octa/src/stm32l4xx_it.c **** }
 209:../../core/platform/octa/src/stm32l4xx_it.c **** 
 210:../../core/platform/octa/src/stm32l4xx_it.c **** /**
 211:../../core/platform/octa/src/stm32l4xx_it.c **** * @brief This function handles USART3 global interrupt.
 212:../../core/platform/octa/src/stm32l4xx_it.c **** */
 213:../../core/platform/octa/src/stm32l4xx_it.c **** void USART3_IRQHandler(void)
 214:../../core/platform/octa/src/stm32l4xx_it.c **** {
 213              		.loc 1 214 0
 214              		.cfi_startproc
 215              		@ args = 0, pretend = 0, frame = 0
 216              		@ frame_needed = 0, uses_anonymous_args = 0
 217 0000 08B5     		push	{r3, lr}
 218              	.LCFI2:
 219              		.cfi_def_cfa_offset 8
 220              		.cfi_offset 3, -8
 221              		.cfi_offset 14, -4
 215:../../core/platform/octa/src/stm32l4xx_it.c ****   /* USER CODE BEGIN USART2_IRQn 0 */
 216:../../core/platform/octa/src/stm32l4xx_it.c **** 
 217:../../core/platform/octa/src/stm32l4xx_it.c ****   /* USER CODE END USART2_IRQn 0 */
 218:../../core/platform/octa/src/stm32l4xx_it.c ****   HAL_UART_IRQHandler(&P3_UART);
 222              		.loc 1 218 0
 223 0002 0248     		ldr	r0, .L21
 224 0004 FFF7FEFF 		bl	HAL_UART_IRQHandler
 225              	.LVL2:
 226 0008 08BD     		pop	{r3, pc}
 227              	.L22:
 228 000a 00BF     		.align	2
 229              	.L21:
 230 000c 00000000 		.word	P3_UART
 231              		.cfi_endproc
 232              	.LFE136:
 234              		.section	.text.UART5_IRQHandler,"ax",%progbits
 235              		.align	1
 236              		.global	UART5_IRQHandler
 237              		.syntax unified
 238              		.thumb
 239              		.thumb_func
 240              		.fpu fpv4-sp-d16
 242              	UART5_IRQHandler:
 243              	.LFB137:
 219:../../core/platform/octa/src/stm32l4xx_it.c ****   /* USER CODE BEGIN USART2_IRQn 1 */
 220:../../core/platform/octa/src/stm32l4xx_it.c **** 
 221:../../core/platform/octa/src/stm32l4xx_it.c ****   /* USER CODE END USART2_IRQn 1 */
 222:../../core/platform/octa/src/stm32l4xx_it.c **** }
 223:../../core/platform/octa/src/stm32l4xx_it.c **** 
 224:../../core/platform/octa/src/stm32l4xx_it.c **** /**
 225:../../core/platform/octa/src/stm32l4xx_it.c **** * @brief This function handles UART5 global interrupt.
 226:../../core/platform/octa/src/stm32l4xx_it.c **** */
 227:../../core/platform/octa/src/stm32l4xx_it.c **** void UART5_IRQHandler(void)
 228:../../core/platform/octa/src/stm32l4xx_it.c **** {
 244              		.loc 1 228 0
 245              		.cfi_startproc
 246              		@ args = 0, pretend = 0, frame = 0
 247              		@ frame_needed = 0, uses_anonymous_args = 0
ARM GAS  /tmp/ccDx0C8z.s 			page 9


 248 0000 08B5     		push	{r3, lr}
 249              	.LCFI3:
 250              		.cfi_def_cfa_offset 8
 251              		.cfi_offset 3, -8
 252              		.cfi_offset 14, -4
 229:../../core/platform/octa/src/stm32l4xx_it.c ****   /* USER CODE BEGIN UART5 0 */
 230:../../core/platform/octa/src/stm32l4xx_it.c **** 
 231:../../core/platform/octa/src/stm32l4xx_it.c ****   /* USER CODE END UART5 0 */
 232:../../core/platform/octa/src/stm32l4xx_it.c ****   HAL_UART_IRQHandler(&P1_UART);
 253              		.loc 1 232 0
 254 0002 0248     		ldr	r0, .L25
 255 0004 FFF7FEFF 		bl	HAL_UART_IRQHandler
 256              	.LVL3:
 257 0008 08BD     		pop	{r3, pc}
 258              	.L26:
 259 000a 00BF     		.align	2
 260              	.L25:
 261 000c 00000000 		.word	P1_UART
 262              		.cfi_endproc
 263              	.LFE137:
 265              		.section	.text.SPI1_IRQHandler,"ax",%progbits
 266              		.align	1
 267              		.global	SPI1_IRQHandler
 268              		.syntax unified
 269              		.thumb
 270              		.thumb_func
 271              		.fpu fpv4-sp-d16
 273              	SPI1_IRQHandler:
 274              	.LFB138:
 233:../../core/platform/octa/src/stm32l4xx_it.c ****   /* USER CODE BEGIN UART5 1 */
 234:../../core/platform/octa/src/stm32l4xx_it.c **** 
 235:../../core/platform/octa/src/stm32l4xx_it.c ****   /* USER CODE END UART5 1 */
 236:../../core/platform/octa/src/stm32l4xx_it.c **** }
 237:../../core/platform/octa/src/stm32l4xx_it.c **** 
 238:../../core/platform/octa/src/stm32l4xx_it.c **** /**
 239:../../core/platform/octa/src/stm32l4xx_it.c ****   * @brief This function handles SPI1 global interrupt.
 240:../../core/platform/octa/src/stm32l4xx_it.c ****   */
 241:../../core/platform/octa/src/stm32l4xx_it.c **** void SPI1_IRQHandler(void)
 242:../../core/platform/octa/src/stm32l4xx_it.c **** {
 275              		.loc 1 242 0
 276              		.cfi_startproc
 277              		@ args = 0, pretend = 0, frame = 0
 278              		@ frame_needed = 0, uses_anonymous_args = 0
 279 0000 08B5     		push	{r3, lr}
 280              	.LCFI4:
 281              		.cfi_def_cfa_offset 8
 282              		.cfi_offset 3, -8
 283              		.cfi_offset 14, -4
 243:../../core/platform/octa/src/stm32l4xx_it.c ****   /* USER CODE BEGIN SPI1_IRQn 0 */
 244:../../core/platform/octa/src/stm32l4xx_it.c **** 
 245:../../core/platform/octa/src/stm32l4xx_it.c ****   /* USER CODE END SPI1_IRQn 0 */
 246:../../core/platform/octa/src/stm32l4xx_it.c ****   HAL_SPI_IRQHandler(&P3_SPI);
 284              		.loc 1 246 0
 285 0002 0248     		ldr	r0, .L29
 286 0004 FFF7FEFF 		bl	HAL_SPI_IRQHandler
 287              	.LVL4:
 288 0008 08BD     		pop	{r3, pc}
ARM GAS  /tmp/ccDx0C8z.s 			page 10


 289              	.L30:
 290 000a 00BF     		.align	2
 291              	.L29:
 292 000c 00000000 		.word	P3_SPI
 293              		.cfi_endproc
 294              	.LFE138:
 296              		.section	.text.SPI2_IRQHandler,"ax",%progbits
 297              		.align	1
 298              		.global	SPI2_IRQHandler
 299              		.syntax unified
 300              		.thumb
 301              		.thumb_func
 302              		.fpu fpv4-sp-d16
 304              	SPI2_IRQHandler:
 305              	.LFB139:
 247:../../core/platform/octa/src/stm32l4xx_it.c ****   /* USER CODE BEGIN SPI1_IRQn 1 */
 248:../../core/platform/octa/src/stm32l4xx_it.c **** 
 249:../../core/platform/octa/src/stm32l4xx_it.c ****   /* USER CODE END SPI1_IRQn 1 */
 250:../../core/platform/octa/src/stm32l4xx_it.c **** }
 251:../../core/platform/octa/src/stm32l4xx_it.c **** 
 252:../../core/platform/octa/src/stm32l4xx_it.c **** /**
 253:../../core/platform/octa/src/stm32l4xx_it.c ****   * @brief This function handles SPI2 global interrupt.
 254:../../core/platform/octa/src/stm32l4xx_it.c ****   */
 255:../../core/platform/octa/src/stm32l4xx_it.c **** void SPI2_IRQHandler(void)
 256:../../core/platform/octa/src/stm32l4xx_it.c **** {
 306              		.loc 1 256 0
 307              		.cfi_startproc
 308              		@ args = 0, pretend = 0, frame = 0
 309              		@ frame_needed = 0, uses_anonymous_args = 0
 310 0000 08B5     		push	{r3, lr}
 311              	.LCFI5:
 312              		.cfi_def_cfa_offset 8
 313              		.cfi_offset 3, -8
 314              		.cfi_offset 14, -4
 257:../../core/platform/octa/src/stm32l4xx_it.c ****   /* USER CODE BEGIN SPI2_IRQn 0 */
 258:../../core/platform/octa/src/stm32l4xx_it.c **** 
 259:../../core/platform/octa/src/stm32l4xx_it.c ****   /* USER CODE END SPI2_IRQn 0 */
 260:../../core/platform/octa/src/stm32l4xx_it.c ****   HAL_SPI_IRQHandler(&P2_SPI);
 315              		.loc 1 260 0
 316 0002 0248     		ldr	r0, .L33
 317 0004 FFF7FEFF 		bl	HAL_SPI_IRQHandler
 318              	.LVL5:
 319 0008 08BD     		pop	{r3, pc}
 320              	.L34:
 321 000a 00BF     		.align	2
 322              	.L33:
 323 000c 00000000 		.word	P2_SPI
 324              		.cfi_endproc
 325              	.LFE139:
 327              		.section	.text.SPI3_IRQHandler,"ax",%progbits
 328              		.align	1
 329              		.global	SPI3_IRQHandler
 330              		.syntax unified
 331              		.thumb
 332              		.thumb_func
 333              		.fpu fpv4-sp-d16
 335              	SPI3_IRQHandler:
ARM GAS  /tmp/ccDx0C8z.s 			page 11


 336              	.LFB140:
 261:../../core/platform/octa/src/stm32l4xx_it.c ****   /* USER CODE BEGIN SPI2_IRQn 1 */
 262:../../core/platform/octa/src/stm32l4xx_it.c **** 
 263:../../core/platform/octa/src/stm32l4xx_it.c ****   /* USER CODE END SPI2_IRQn 1 */
 264:../../core/platform/octa/src/stm32l4xx_it.c **** }
 265:../../core/platform/octa/src/stm32l4xx_it.c **** 
 266:../../core/platform/octa/src/stm32l4xx_it.c **** /**
 267:../../core/platform/octa/src/stm32l4xx_it.c ****   * @brief This function handles SPI3 global interrupt.
 268:../../core/platform/octa/src/stm32l4xx_it.c ****   */
 269:../../core/platform/octa/src/stm32l4xx_it.c **** void SPI3_IRQHandler(void)
 270:../../core/platform/octa/src/stm32l4xx_it.c **** {
 337              		.loc 1 270 0
 338              		.cfi_startproc
 339              		@ args = 0, pretend = 0, frame = 0
 340              		@ frame_needed = 0, uses_anonymous_args = 0
 341 0000 08B5     		push	{r3, lr}
 342              	.LCFI6:
 343              		.cfi_def_cfa_offset 8
 344              		.cfi_offset 3, -8
 345              		.cfi_offset 14, -4
 271:../../core/platform/octa/src/stm32l4xx_it.c ****   /* USER CODE BEGIN SPI3_IRQn 0 */
 272:../../core/platform/octa/src/stm32l4xx_it.c **** 
 273:../../core/platform/octa/src/stm32l4xx_it.c ****   /* USER CODE END SPI3_IRQn 0 */
 274:../../core/platform/octa/src/stm32l4xx_it.c ****   HAL_SPI_IRQHandler(&P1_SPI);
 346              		.loc 1 274 0
 347 0002 0248     		ldr	r0, .L37
 348 0004 FFF7FEFF 		bl	HAL_SPI_IRQHandler
 349              	.LVL6:
 350 0008 08BD     		pop	{r3, pc}
 351              	.L38:
 352 000a 00BF     		.align	2
 353              	.L37:
 354 000c 00000000 		.word	P1_SPI
 355              		.cfi_endproc
 356              	.LFE140:
 358              		.comm	FLASH_SPI,100,4
 359              		.comm	P3_SPI,100,4
 360              		.comm	P2_SPI,100,4
 361              		.comm	P1_SPI,100,4
 362              		.comm	P3_UART,120,4
 363              		.comm	P2_UART,120,4
 364              		.comm	P1_UART,120,4
 365              		.comm	BLE_UART,120,4
 366              		.comm	USB_UART,120,4
 367              		.text
 368              	.Letext0:
 369              		.file 2 "/usr/include/newlib/machine/_default_types.h"
 370              		.file 3 "/usr/include/newlib/sys/_stdint.h"
 371              		.file 4 "../../core/platform/octa/inc/FreeRTOSConfig.h"
 372              		.file 5 "../../core/ST/CMSIS/Include/core_cm4.h"
 373              		.file 6 "../../core/ST/CMSIS/Device/ST/STM32L4xx/Include/system_stm32l4xx.h"
 374              		.file 7 "../../core/ST/CMSIS/Device/ST/STM32L4xx/Include/stm32l496xx.h"
 375              		.file 8 "../../core/ST/STM32L4xx_HAL_Driver/Inc/stm32l4xx_hal_def.h"
 376              		.file 9 "../../core/ST/STM32L4xx_HAL_Driver/Inc/stm32l4xx_hal_dma.h"
 377              		.file 10 "../../core/ST/STM32L4xx_HAL_Driver/Inc/stm32l4xx_hal_spi.h"
 378              		.file 11 "../../core/ST/STM32L4xx_HAL_Driver/Inc/stm32l4xx_hal_tim.h"
 379              		.file 12 "../../core/ST/STM32L4xx_HAL_Driver/Inc/stm32l4xx_hal_uart.h"
ARM GAS  /tmp/ccDx0C8z.s 			page 12


 380              		.file 13 "../../core/ST/STM32L4xx_HAL_Driver/Inc/stm32l4xx_hal.h"
 381              		.file 14 "../../core/platform/octa/inc/uart.h"
 382              		.file 15 "../../core/platform/octa/inc/spi.h"
ARM GAS  /tmp/ccDx0C8z.s 			page 13


DEFINED SYMBOLS
                            *ABS*:0000000000000000 stm32l4xx_it.c
     /tmp/ccDx0C8z.s:18     .text.NMI_Handler:0000000000000000 $t
     /tmp/ccDx0C8z.s:25     .text.NMI_Handler:0000000000000000 NMI_Handler
     /tmp/ccDx0C8z.s:38     .text.HardFault_Handler:0000000000000000 $t
     /tmp/ccDx0C8z.s:45     .text.HardFault_Handler:0000000000000000 HardFault_Handler
     /tmp/ccDx0C8z.s:59     .text.MemManage_Handler:0000000000000000 $t
     /tmp/ccDx0C8z.s:66     .text.MemManage_Handler:0000000000000000 MemManage_Handler
     /tmp/ccDx0C8z.s:80     .text.BusFault_Handler:0000000000000000 $t
     /tmp/ccDx0C8z.s:87     .text.BusFault_Handler:0000000000000000 BusFault_Handler
     /tmp/ccDx0C8z.s:101    .text.UsageFault_Handler:0000000000000000 $t
     /tmp/ccDx0C8z.s:108    .text.UsageFault_Handler:0000000000000000 UsageFault_Handler
     /tmp/ccDx0C8z.s:122    .text.DebugMon_Handler:0000000000000000 $t
     /tmp/ccDx0C8z.s:129    .text.DebugMon_Handler:0000000000000000 DebugMon_Handler
     /tmp/ccDx0C8z.s:141    .text.TIM1_UP_TIM16_IRQHandler:0000000000000000 $t
     /tmp/ccDx0C8z.s:148    .text.TIM1_UP_TIM16_IRQHandler:0000000000000000 TIM1_UP_TIM16_IRQHandler
     /tmp/ccDx0C8z.s:168    .text.TIM1_UP_TIM16_IRQHandler:000000000000000c $d
     /tmp/ccDx0C8z.s:173    .text.USART2_IRQHandler:0000000000000000 $t
     /tmp/ccDx0C8z.s:180    .text.USART2_IRQHandler:0000000000000000 USART2_IRQHandler
     /tmp/ccDx0C8z.s:199    .text.USART2_IRQHandler:000000000000000c $d
                            *COM*:0000000000000078 P2_UART
     /tmp/ccDx0C8z.s:204    .text.USART3_IRQHandler:0000000000000000 $t
     /tmp/ccDx0C8z.s:211    .text.USART3_IRQHandler:0000000000000000 USART3_IRQHandler
     /tmp/ccDx0C8z.s:230    .text.USART3_IRQHandler:000000000000000c $d
                            *COM*:0000000000000078 P3_UART
     /tmp/ccDx0C8z.s:235    .text.UART5_IRQHandler:0000000000000000 $t
     /tmp/ccDx0C8z.s:242    .text.UART5_IRQHandler:0000000000000000 UART5_IRQHandler
     /tmp/ccDx0C8z.s:261    .text.UART5_IRQHandler:000000000000000c $d
                            *COM*:0000000000000078 P1_UART
     /tmp/ccDx0C8z.s:266    .text.SPI1_IRQHandler:0000000000000000 $t
     /tmp/ccDx0C8z.s:273    .text.SPI1_IRQHandler:0000000000000000 SPI1_IRQHandler
     /tmp/ccDx0C8z.s:292    .text.SPI1_IRQHandler:000000000000000c $d
                            *COM*:0000000000000064 P3_SPI
     /tmp/ccDx0C8z.s:297    .text.SPI2_IRQHandler:0000000000000000 $t
     /tmp/ccDx0C8z.s:304    .text.SPI2_IRQHandler:0000000000000000 SPI2_IRQHandler
     /tmp/ccDx0C8z.s:323    .text.SPI2_IRQHandler:000000000000000c $d
                            *COM*:0000000000000064 P2_SPI
     /tmp/ccDx0C8z.s:328    .text.SPI3_IRQHandler:0000000000000000 $t
     /tmp/ccDx0C8z.s:335    .text.SPI3_IRQHandler:0000000000000000 SPI3_IRQHandler
     /tmp/ccDx0C8z.s:354    .text.SPI3_IRQHandler:000000000000000c $d
                            *COM*:0000000000000064 P1_SPI
                            *COM*:0000000000000064 FLASH_SPI
                            *COM*:0000000000000078 BLE_UART
                            *COM*:0000000000000078 USB_UART
                     .debug_frame:0000000000000010 $d

UNDEFINED SYMBOLS
HAL_TIM_IRQHandler
htim1
HAL_UART_IRQHandler
HAL_SPI_IRQHandler
