ARM GAS  /tmp/ccNwur4m.s 			page 1


   1              		.cpu cortex-m4
   2              		.eabi_attribute 27, 1
   3              		.eabi_attribute 28, 1
   4              		.eabi_attribute 20, 1
   5              		.eabi_attribute 21, 1
   6              		.eabi_attribute 23, 3
   7              		.eabi_attribute 24, 1
   8              		.eabi_attribute 25, 1
   9              		.eabi_attribute 26, 1
  10              		.eabi_attribute 30, 1
  11              		.eabi_attribute 34, 1
  12              		.eabi_attribute 18, 4
  13              		.file	"uart.c"
  14              		.text
  15              	.Ltext0:
  16              		.cfi_sections	.debug_frame
  17              		.section	.text.USB_UART_Init,"ax",%progbits
  18              		.align	1
  19              		.global	USB_UART_Init
  20              		.syntax unified
  21              		.thumb
  22              		.thumb_func
  23              		.fpu fpv4-sp-d16
  25              	USB_UART_Init:
  26              	.LFB123:
  27              		.file 1 "../../core/platform/octa/src/uart.c"
   1:../../core/platform/octa/src/uart.c **** #include "uart.h"
   2:../../core/platform/octa/src/uart.c **** 
   3:../../core/platform/octa/src/uart.c **** /**
   4:../../core/platform/octa/src/uart.c ****   * @brief LPUART1 Initialization Function
   5:../../core/platform/octa/src/uart.c ****   * @param None
   6:../../core/platform/octa/src/uart.c ****   * @retval None
   7:../../core/platform/octa/src/uart.c ****   */
   8:../../core/platform/octa/src/uart.c **** void USB_UART_Init(uint32_t aBaudRate)
   9:../../core/platform/octa/src/uart.c **** {
  28              		.loc 1 9 0
  29              		.cfi_startproc
  30              		@ args = 0, pretend = 0, frame = 0
  31              		@ frame_needed = 0, uses_anonymous_args = 0
  32              	.LVL0:
  33 0000 08B5     		push	{r3, lr}
  34              	.LCFI0:
  35              		.cfi_def_cfa_offset 8
  36              		.cfi_offset 3, -8
  37              		.cfi_offset 14, -4
  10:../../core/platform/octa/src/uart.c **** 
  11:../../core/platform/octa/src/uart.c ****   /* USER CODE BEGIN LPUART1_Init 0 */
  12:../../core/platform/octa/src/uart.c **** 
  13:../../core/platform/octa/src/uart.c ****   /* USER CODE END LPUART1_Init 0 */
  14:../../core/platform/octa/src/uart.c **** 
  15:../../core/platform/octa/src/uart.c ****   /* USER CODE BEGIN LPUART1_Init 1 */
  16:../../core/platform/octa/src/uart.c **** 
  17:../../core/platform/octa/src/uart.c ****   /* USER CODE END LPUART1_Init 1 */
  18:../../core/platform/octa/src/uart.c ****   USB_UART.Instance = LPUART1;
  38              		.loc 1 18 0
  39 0002 0A4B     		ldr	r3, .L5
  40 0004 0A4A     		ldr	r2, .L5+4
ARM GAS  /tmp/ccNwur4m.s 			page 2


  41 0006 1A60     		str	r2, [r3]
  19:../../core/platform/octa/src/uart.c ****   USB_UART.Init.BaudRate = aBaudRate;
  42              		.loc 1 19 0
  43 0008 5860     		str	r0, [r3, #4]
  20:../../core/platform/octa/src/uart.c ****   USB_UART.Init.WordLength = UART_WORDLENGTH_8B;
  44              		.loc 1 20 0
  45 000a 0022     		movs	r2, #0
  46 000c 9A60     		str	r2, [r3, #8]
  21:../../core/platform/octa/src/uart.c ****   USB_UART.Init.StopBits = UART_STOPBITS_1;
  47              		.loc 1 21 0
  48 000e DA60     		str	r2, [r3, #12]
  22:../../core/platform/octa/src/uart.c ****   USB_UART.Init.Parity = UART_PARITY_NONE;
  49              		.loc 1 22 0
  50 0010 1A61     		str	r2, [r3, #16]
  23:../../core/platform/octa/src/uart.c ****   USB_UART.Init.Mode = UART_MODE_TX_RX;
  51              		.loc 1 23 0
  52 0012 0C21     		movs	r1, #12
  53 0014 5961     		str	r1, [r3, #20]
  24:../../core/platform/octa/src/uart.c ****   USB_UART.Init.HwFlowCtl = UART_HWCONTROL_NONE;
  54              		.loc 1 24 0
  55 0016 9A61     		str	r2, [r3, #24]
  25:../../core/platform/octa/src/uart.c ****   USB_UART.Init.OneBitSampling = UART_ONE_BIT_SAMPLE_DISABLE;
  56              		.loc 1 25 0
  57 0018 1A62     		str	r2, [r3, #32]
  26:../../core/platform/octa/src/uart.c ****   USB_UART.AdvancedInit.AdvFeatureInit = UART_ADVFEATURE_NO_INIT;
  58              		.loc 1 26 0
  59 001a 5A62     		str	r2, [r3, #36]
  27:../../core/platform/octa/src/uart.c ****   if (HAL_UART_Init(&USB_UART) != HAL_OK)
  60              		.loc 1 27 0
  61 001c 1846     		mov	r0, r3
  62              	.LVL1:
  63 001e FFF7FEFF 		bl	HAL_UART_Init
  64              	.LVL2:
  65 0022 00B9     		cbnz	r0, .L4
  66              	.L1:
  67 0024 08BD     		pop	{r3, pc}
  68              	.L4:
  69              	.LBB2:
  28:../../core/platform/octa/src/uart.c ****   {
  29:../../core/platform/octa/src/uart.c ****     Error_Handler();
  70              		.loc 1 29 0
  71 0026 FFF7FEFF 		bl	Error_Handler
  72              	.LVL3:
  73              	.LBE2:
  30:../../core/platform/octa/src/uart.c ****   }
  31:../../core/platform/octa/src/uart.c ****   /* USER CODE BEGIN LPUART1_Init 2 */
  32:../../core/platform/octa/src/uart.c **** 
  33:../../core/platform/octa/src/uart.c ****   /* USER CODE END LPUART1_Init 2 */
  34:../../core/platform/octa/src/uart.c **** 
  35:../../core/platform/octa/src/uart.c **** }
  74              		.loc 1 35 0
  75 002a FBE7     		b	.L1
  76              	.L6:
  77              		.align	2
  78              	.L5:
  79 002c 00000000 		.word	USB_UART
  80 0030 00800040 		.word	1073774592
ARM GAS  /tmp/ccNwur4m.s 			page 3


  81              		.cfi_endproc
  82              	.LFE123:
  84              		.section	.text.P1_UART_Init,"ax",%progbits
  85              		.align	1
  86              		.global	P1_UART_Init
  87              		.syntax unified
  88              		.thumb
  89              		.thumb_func
  90              		.fpu fpv4-sp-d16
  92              	P1_UART_Init:
  93              	.LFB124:
  36:../../core/platform/octa/src/uart.c **** 
  37:../../core/platform/octa/src/uart.c **** /**
  38:../../core/platform/octa/src/uart.c ****   * @brief UART5 Initialization Function
  39:../../core/platform/octa/src/uart.c ****   * @param None
  40:../../core/platform/octa/src/uart.c ****   * @retval None
  41:../../core/platform/octa/src/uart.c ****   */
  42:../../core/platform/octa/src/uart.c **** void P1_UART_Init(uint32_t aBaudRate)
  43:../../core/platform/octa/src/uart.c **** {
  94              		.loc 1 43 0
  95              		.cfi_startproc
  96              		@ args = 0, pretend = 0, frame = 0
  97              		@ frame_needed = 0, uses_anonymous_args = 0
  98              	.LVL4:
  99 0000 08B5     		push	{r3, lr}
 100              	.LCFI1:
 101              		.cfi_def_cfa_offset 8
 102              		.cfi_offset 3, -8
 103              		.cfi_offset 14, -4
  44:../../core/platform/octa/src/uart.c **** 
  45:../../core/platform/octa/src/uart.c ****   /* USER CODE BEGIN UART5_Init 0 */
  46:../../core/platform/octa/src/uart.c **** 
  47:../../core/platform/octa/src/uart.c ****   /* USER CODE END UART5_Init 0 */
  48:../../core/platform/octa/src/uart.c **** 
  49:../../core/platform/octa/src/uart.c ****   /* USER CODE BEGIN UART5_Init 1 */
  50:../../core/platform/octa/src/uart.c **** 
  51:../../core/platform/octa/src/uart.c ****   /* USER CODE END UART5_Init 1 */
  52:../../core/platform/octa/src/uart.c ****   P1_UART.Instance = UART5;
 104              		.loc 1 52 0
 105 0002 0F4B     		ldr	r3, .L11
 106 0004 0F4A     		ldr	r2, .L11+4
 107 0006 1A60     		str	r2, [r3]
  53:../../core/platform/octa/src/uart.c ****   P1_UART.Init.BaudRate = aBaudRate;
 108              		.loc 1 53 0
 109 0008 5860     		str	r0, [r3, #4]
  54:../../core/platform/octa/src/uart.c ****   P1_UART.Init.WordLength = UART_WORDLENGTH_8B;
 110              		.loc 1 54 0
 111 000a 0022     		movs	r2, #0
 112 000c 9A60     		str	r2, [r3, #8]
  55:../../core/platform/octa/src/uart.c ****   P1_UART.Init.StopBits = UART_STOPBITS_1;
 113              		.loc 1 55 0
 114 000e DA60     		str	r2, [r3, #12]
  56:../../core/platform/octa/src/uart.c ****   P1_UART.Init.Parity = UART_PARITY_NONE;
 115              		.loc 1 56 0
 116 0010 1A61     		str	r2, [r3, #16]
  57:../../core/platform/octa/src/uart.c ****   P1_UART.Init.Mode = UART_MODE_TX_RX;
 117              		.loc 1 57 0
ARM GAS  /tmp/ccNwur4m.s 			page 4


 118 0012 0C21     		movs	r1, #12
 119 0014 5961     		str	r1, [r3, #20]
  58:../../core/platform/octa/src/uart.c ****   P1_UART.Init.HwFlowCtl = UART_HWCONTROL_NONE;
 120              		.loc 1 58 0
 121 0016 9A61     		str	r2, [r3, #24]
  59:../../core/platform/octa/src/uart.c ****   P1_UART.Init.OverSampling = UART_OVERSAMPLING_16;
 122              		.loc 1 59 0
 123 0018 DA61     		str	r2, [r3, #28]
  60:../../core/platform/octa/src/uart.c ****   P1_UART.Init.OneBitSampling = UART_ONE_BIT_SAMPLE_DISABLE;
 124              		.loc 1 60 0
 125 001a 1A62     		str	r2, [r3, #32]
  61:../../core/platform/octa/src/uart.c ****   P1_UART.AdvancedInit.AdvFeatureInit = UART_ADVFEATURE_NO_INIT;
 126              		.loc 1 61 0
 127 001c 5A62     		str	r2, [r3, #36]
  62:../../core/platform/octa/src/uart.c ****   if (HAL_UART_Init(&P1_UART) != HAL_OK)
 128              		.loc 1 62 0
 129 001e 1846     		mov	r0, r3
 130              	.LVL5:
 131 0020 FFF7FEFF 		bl	HAL_UART_Init
 132              	.LVL6:
 133 0024 40B9     		cbnz	r0, .L10
 134              	.L8:
  63:../../core/platform/octa/src/uart.c ****   {
  64:../../core/platform/octa/src/uart.c ****     Error_Handler();
  65:../../core/platform/octa/src/uart.c ****   }
  66:../../core/platform/octa/src/uart.c ****   /* USER CODE BEGIN UART5_Init 2 */
  67:../../core/platform/octa/src/uart.c ****   HAL_NVIC_SetPriority(UART5_IRQn, 7, 0);
 135              		.loc 1 67 0
 136 0026 0022     		movs	r2, #0
 137 0028 0721     		movs	r1, #7
 138 002a 3520     		movs	r0, #53
 139 002c FFF7FEFF 		bl	HAL_NVIC_SetPriority
 140              	.LVL7:
  68:../../core/platform/octa/src/uart.c ****   HAL_NVIC_EnableIRQ(UART5_IRQn);
 141              		.loc 1 68 0
 142 0030 3520     		movs	r0, #53
 143 0032 FFF7FEFF 		bl	HAL_NVIC_EnableIRQ
 144              	.LVL8:
 145 0036 08BD     		pop	{r3, pc}
 146              	.L10:
 147              	.LBB3:
  64:../../core/platform/octa/src/uart.c ****   }
 148              		.loc 1 64 0
 149 0038 FFF7FEFF 		bl	Error_Handler
 150              	.LVL9:
 151 003c F3E7     		b	.L8
 152              	.L12:
 153 003e 00BF     		.align	2
 154              	.L11:
 155 0040 00000000 		.word	P1_UART
 156 0044 00500040 		.word	1073762304
 157              	.LBE3:
 158              		.cfi_endproc
 159              	.LFE124:
 161              		.section	.text.P2_UART_Init,"ax",%progbits
 162              		.align	1
 163              		.global	P2_UART_Init
ARM GAS  /tmp/ccNwur4m.s 			page 5


 164              		.syntax unified
 165              		.thumb
 166              		.thumb_func
 167              		.fpu fpv4-sp-d16
 169              	P2_UART_Init:
 170              	.LFB125:
  69:../../core/platform/octa/src/uart.c **** 
  70:../../core/platform/octa/src/uart.c ****   /* USER CODE END UART5_Init 2 */
  71:../../core/platform/octa/src/uart.c **** 
  72:../../core/platform/octa/src/uart.c **** }
  73:../../core/platform/octa/src/uart.c **** 
  74:../../core/platform/octa/src/uart.c **** /**
  75:../../core/platform/octa/src/uart.c ****   * @brief USART2 Initialization Function
  76:../../core/platform/octa/src/uart.c ****   * @param None
  77:../../core/platform/octa/src/uart.c ****   * @retval None
  78:../../core/platform/octa/src/uart.c ****   */
  79:../../core/platform/octa/src/uart.c **** void P2_UART_Init(uint32_t aBaudRate)
  80:../../core/platform/octa/src/uart.c **** {
 171              		.loc 1 80 0
 172              		.cfi_startproc
 173              		@ args = 0, pretend = 0, frame = 0
 174              		@ frame_needed = 0, uses_anonymous_args = 0
 175              	.LVL10:
 176 0000 08B5     		push	{r3, lr}
 177              	.LCFI2:
 178              		.cfi_def_cfa_offset 8
 179              		.cfi_offset 3, -8
 180              		.cfi_offset 14, -4
  81:../../core/platform/octa/src/uart.c **** 
  82:../../core/platform/octa/src/uart.c ****   /* USER CODE BEGIN USART2_Init 0 */
  83:../../core/platform/octa/src/uart.c **** 
  84:../../core/platform/octa/src/uart.c ****   /* USER CODE END USART2_Init 0 */
  85:../../core/platform/octa/src/uart.c **** 
  86:../../core/platform/octa/src/uart.c ****   /* USER CODE BEGIN USART2_Init 1 */
  87:../../core/platform/octa/src/uart.c ****   /* USER CODE END USART2_Init 1 */
  88:../../core/platform/octa/src/uart.c ****   P2_UART.Instance = USART2;
 181              		.loc 1 88 0
 182 0002 0F4B     		ldr	r3, .L17
 183 0004 0F4A     		ldr	r2, .L17+4
 184 0006 1A60     		str	r2, [r3]
  89:../../core/platform/octa/src/uart.c ****   P2_UART.Init.BaudRate = aBaudRate;
 185              		.loc 1 89 0
 186 0008 5860     		str	r0, [r3, #4]
  90:../../core/platform/octa/src/uart.c ****   P2_UART.Init.WordLength = UART_WORDLENGTH_8B;
 187              		.loc 1 90 0
 188 000a 0022     		movs	r2, #0
 189 000c 9A60     		str	r2, [r3, #8]
  91:../../core/platform/octa/src/uart.c ****   P2_UART.Init.StopBits = UART_STOPBITS_1;
 190              		.loc 1 91 0
 191 000e DA60     		str	r2, [r3, #12]
  92:../../core/platform/octa/src/uart.c ****   P2_UART.Init.Parity = UART_PARITY_NONE;
 192              		.loc 1 92 0
 193 0010 1A61     		str	r2, [r3, #16]
  93:../../core/platform/octa/src/uart.c ****   P2_UART.Init.Mode = UART_MODE_TX_RX;
 194              		.loc 1 93 0
 195 0012 0C21     		movs	r1, #12
 196 0014 5961     		str	r1, [r3, #20]
ARM GAS  /tmp/ccNwur4m.s 			page 6


  94:../../core/platform/octa/src/uart.c ****   P2_UART.Init.HwFlowCtl = UART_HWCONTROL_NONE;
 197              		.loc 1 94 0
 198 0016 9A61     		str	r2, [r3, #24]
  95:../../core/platform/octa/src/uart.c ****   P2_UART.Init.OverSampling = UART_OVERSAMPLING_16;
 199              		.loc 1 95 0
 200 0018 DA61     		str	r2, [r3, #28]
  96:../../core/platform/octa/src/uart.c ****   P2_UART.Init.OneBitSampling = UART_ONE_BIT_SAMPLE_DISABLE;
 201              		.loc 1 96 0
 202 001a 1A62     		str	r2, [r3, #32]
  97:../../core/platform/octa/src/uart.c ****   P2_UART.AdvancedInit.AdvFeatureInit = UART_ADVFEATURE_NO_INIT;
 203              		.loc 1 97 0
 204 001c 5A62     		str	r2, [r3, #36]
  98:../../core/platform/octa/src/uart.c ****   if (HAL_UART_Init(&P2_UART) != HAL_OK)
 205              		.loc 1 98 0
 206 001e 1846     		mov	r0, r3
 207              	.LVL11:
 208 0020 FFF7FEFF 		bl	HAL_UART_Init
 209              	.LVL12:
 210 0024 40B9     		cbnz	r0, .L16
 211              	.L14:
  99:../../core/platform/octa/src/uart.c ****   {
 100:../../core/platform/octa/src/uart.c ****     Error_Handler();
 101:../../core/platform/octa/src/uart.c ****   }
 102:../../core/platform/octa/src/uart.c **** 
 103:../../core/platform/octa/src/uart.c ****   /* USER CODE BEGIN USART2_Init 2 */
 104:../../core/platform/octa/src/uart.c ****   HAL_NVIC_SetPriority(USART2_IRQn, 7, 0);
 212              		.loc 1 104 0
 213 0026 0022     		movs	r2, #0
 214 0028 0721     		movs	r1, #7
 215 002a 2620     		movs	r0, #38
 216 002c FFF7FEFF 		bl	HAL_NVIC_SetPriority
 217              	.LVL13:
 105:../../core/platform/octa/src/uart.c ****   HAL_NVIC_EnableIRQ(USART2_IRQn);
 218              		.loc 1 105 0
 219 0030 2620     		movs	r0, #38
 220 0032 FFF7FEFF 		bl	HAL_NVIC_EnableIRQ
 221              	.LVL14:
 222 0036 08BD     		pop	{r3, pc}
 223              	.L16:
 224              	.LBB4:
 100:../../core/platform/octa/src/uart.c ****   }
 225              		.loc 1 100 0
 226 0038 FFF7FEFF 		bl	Error_Handler
 227              	.LVL15:
 228 003c F3E7     		b	.L14
 229              	.L18:
 230 003e 00BF     		.align	2
 231              	.L17:
 232 0040 00000000 		.word	P2_UART
 233 0044 00440040 		.word	1073759232
 234              	.LBE4:
 235              		.cfi_endproc
 236              	.LFE125:
 238              		.section	.text.P3_UART_Init,"ax",%progbits
 239              		.align	1
 240              		.global	P3_UART_Init
 241              		.syntax unified
ARM GAS  /tmp/ccNwur4m.s 			page 7


 242              		.thumb
 243              		.thumb_func
 244              		.fpu fpv4-sp-d16
 246              	P3_UART_Init:
 247              	.LFB126:
 106:../../core/platform/octa/src/uart.c **** 
 107:../../core/platform/octa/src/uart.c ****   /* USER CODE END USART2_Init 2 */
 108:../../core/platform/octa/src/uart.c **** 
 109:../../core/platform/octa/src/uart.c **** }
 110:../../core/platform/octa/src/uart.c **** 
 111:../../core/platform/octa/src/uart.c **** /**
 112:../../core/platform/octa/src/uart.c ****   * @brief USART3 Initialization Function
 113:../../core/platform/octa/src/uart.c ****   * @param None
 114:../../core/platform/octa/src/uart.c ****   * @retval None
 115:../../core/platform/octa/src/uart.c ****   */
 116:../../core/platform/octa/src/uart.c **** void P3_UART_Init(uint32_t aBaudRate)
 117:../../core/platform/octa/src/uart.c **** {
 248              		.loc 1 117 0
 249              		.cfi_startproc
 250              		@ args = 0, pretend = 0, frame = 0
 251              		@ frame_needed = 0, uses_anonymous_args = 0
 252              	.LVL16:
 253 0000 08B5     		push	{r3, lr}
 254              	.LCFI3:
 255              		.cfi_def_cfa_offset 8
 256              		.cfi_offset 3, -8
 257              		.cfi_offset 14, -4
 118:../../core/platform/octa/src/uart.c **** 
 119:../../core/platform/octa/src/uart.c ****   /* USER CODE BEGIN USART3_Init 0 */
 120:../../core/platform/octa/src/uart.c **** 
 121:../../core/platform/octa/src/uart.c ****   /* USER CODE END USART3_Init 0 */
 122:../../core/platform/octa/src/uart.c **** 
 123:../../core/platform/octa/src/uart.c ****   /* USER CODE BEGIN USART3_Init 1 */
 124:../../core/platform/octa/src/uart.c **** 
 125:../../core/platform/octa/src/uart.c ****   /* USER CODE END USART3_Init 1 */
 126:../../core/platform/octa/src/uart.c ****   P3_UART.Instance = USART3;
 258              		.loc 1 126 0
 259 0002 0F4B     		ldr	r3, .L23
 260 0004 0F4A     		ldr	r2, .L23+4
 261 0006 1A60     		str	r2, [r3]
 127:../../core/platform/octa/src/uart.c ****   P3_UART.Init.BaudRate = aBaudRate;
 262              		.loc 1 127 0
 263 0008 5860     		str	r0, [r3, #4]
 128:../../core/platform/octa/src/uart.c ****   P3_UART.Init.WordLength = UART_WORDLENGTH_8B;
 264              		.loc 1 128 0
 265 000a 0022     		movs	r2, #0
 266 000c 9A60     		str	r2, [r3, #8]
 129:../../core/platform/octa/src/uart.c ****   P3_UART.Init.StopBits = UART_STOPBITS_1;
 267              		.loc 1 129 0
 268 000e DA60     		str	r2, [r3, #12]
 130:../../core/platform/octa/src/uart.c ****   P3_UART.Init.Parity = UART_PARITY_NONE;
 269              		.loc 1 130 0
 270 0010 1A61     		str	r2, [r3, #16]
 131:../../core/platform/octa/src/uart.c ****   P3_UART.Init.Mode = UART_MODE_TX_RX;
 271              		.loc 1 131 0
 272 0012 0C21     		movs	r1, #12
 273 0014 5961     		str	r1, [r3, #20]
ARM GAS  /tmp/ccNwur4m.s 			page 8


 132:../../core/platform/octa/src/uart.c ****   P3_UART.Init.HwFlowCtl = UART_HWCONTROL_NONE;
 274              		.loc 1 132 0
 275 0016 9A61     		str	r2, [r3, #24]
 133:../../core/platform/octa/src/uart.c ****   P3_UART.Init.OverSampling = UART_OVERSAMPLING_16;
 276              		.loc 1 133 0
 277 0018 DA61     		str	r2, [r3, #28]
 134:../../core/platform/octa/src/uart.c ****   P3_UART.Init.OneBitSampling = UART_ONE_BIT_SAMPLE_DISABLE;
 278              		.loc 1 134 0
 279 001a 1A62     		str	r2, [r3, #32]
 135:../../core/platform/octa/src/uart.c ****   P3_UART.AdvancedInit.AdvFeatureInit = UART_ADVFEATURE_NO_INIT;
 280              		.loc 1 135 0
 281 001c 5A62     		str	r2, [r3, #36]
 136:../../core/platform/octa/src/uart.c ****   if (HAL_UART_Init(&P3_UART) != HAL_OK)
 282              		.loc 1 136 0
 283 001e 1846     		mov	r0, r3
 284              	.LVL17:
 285 0020 FFF7FEFF 		bl	HAL_UART_Init
 286              	.LVL18:
 287 0024 40B9     		cbnz	r0, .L22
 288              	.L20:
 137:../../core/platform/octa/src/uart.c ****   {
 138:../../core/platform/octa/src/uart.c ****     Error_Handler();
 139:../../core/platform/octa/src/uart.c ****   }
 140:../../core/platform/octa/src/uart.c ****   /* USER CODE BEGIN USART3_Init 2 */
 141:../../core/platform/octa/src/uart.c ****   HAL_NVIC_SetPriority(USART3_IRQn, 7, 0);
 289              		.loc 1 141 0
 290 0026 0022     		movs	r2, #0
 291 0028 0721     		movs	r1, #7
 292 002a 2720     		movs	r0, #39
 293 002c FFF7FEFF 		bl	HAL_NVIC_SetPriority
 294              	.LVL19:
 142:../../core/platform/octa/src/uart.c ****   HAL_NVIC_EnableIRQ(USART3_IRQn);
 295              		.loc 1 142 0
 296 0030 2720     		movs	r0, #39
 297 0032 FFF7FEFF 		bl	HAL_NVIC_EnableIRQ
 298              	.LVL20:
 299 0036 08BD     		pop	{r3, pc}
 300              	.L22:
 301              	.LBB5:
 138:../../core/platform/octa/src/uart.c ****   }
 302              		.loc 1 138 0
 303 0038 FFF7FEFF 		bl	Error_Handler
 304              	.LVL21:
 305 003c F3E7     		b	.L20
 306              	.L24:
 307 003e 00BF     		.align	2
 308              	.L23:
 309 0040 00000000 		.word	P3_UART
 310 0044 00480040 		.word	1073760256
 311              	.LBE5:
 312              		.cfi_endproc
 313              	.LFE126:
 315              		.section	.text.BLE_UART_Init,"ax",%progbits
 316              		.align	1
 317              		.global	BLE_UART_Init
 318              		.syntax unified
 319              		.thumb
ARM GAS  /tmp/ccNwur4m.s 			page 9


 320              		.thumb_func
 321              		.fpu fpv4-sp-d16
 323              	BLE_UART_Init:
 324              	.LFB127:
 143:../../core/platform/octa/src/uart.c ****   /* USER CODE END USART3_Init 2 */
 144:../../core/platform/octa/src/uart.c **** 
 145:../../core/platform/octa/src/uart.c **** }
 146:../../core/platform/octa/src/uart.c **** 
 147:../../core/platform/octa/src/uart.c **** 
 148:../../core/platform/octa/src/uart.c **** /**
 149:../../core/platform/octa/src/uart.c ****   * @brief USART2 Initialization Function
 150:../../core/platform/octa/src/uart.c ****   * @param None
 151:../../core/platform/octa/src/uart.c ****   * @retval None
 152:../../core/platform/octa/src/uart.c ****   */
 153:../../core/platform/octa/src/uart.c **** void BLE_UART_Init(uint32_t aBaudRate)
 154:../../core/platform/octa/src/uart.c **** {
 325              		.loc 1 154 0
 326              		.cfi_startproc
 327              		@ args = 0, pretend = 0, frame = 0
 328              		@ frame_needed = 0, uses_anonymous_args = 0
 329              	.LVL22:
 330 0000 08B5     		push	{r3, lr}
 331              	.LCFI4:
 332              		.cfi_def_cfa_offset 8
 333              		.cfi_offset 3, -8
 334              		.cfi_offset 14, -4
 155:../../core/platform/octa/src/uart.c **** 
 156:../../core/platform/octa/src/uart.c ****   /* USER CODE BEGIN USART2_Init 0 */
 157:../../core/platform/octa/src/uart.c **** 
 158:../../core/platform/octa/src/uart.c ****   /* USER CODE END USART2_Init 0 */
 159:../../core/platform/octa/src/uart.c **** 
 160:../../core/platform/octa/src/uart.c ****   /* USER CODE BEGIN USART2_Init 1 */
 161:../../core/platform/octa/src/uart.c **** 
 162:../../core/platform/octa/src/uart.c ****   /* USER CODE END USART2_Init 1 */
 163:../../core/platform/octa/src/uart.c ****   BLE_UART.Instance = USART2;
 335              		.loc 1 163 0
 336 0002 0F4B     		ldr	r3, .L29
 337 0004 0F4A     		ldr	r2, .L29+4
 338 0006 1A60     		str	r2, [r3]
 164:../../core/platform/octa/src/uart.c ****   BLE_UART.Init.BaudRate = aBaudRate;
 339              		.loc 1 164 0
 340 0008 5860     		str	r0, [r3, #4]
 165:../../core/platform/octa/src/uart.c ****   BLE_UART.Init.WordLength = UART_WORDLENGTH_8B;
 341              		.loc 1 165 0
 342 000a 0022     		movs	r2, #0
 343 000c 9A60     		str	r2, [r3, #8]
 166:../../core/platform/octa/src/uart.c ****   BLE_UART.Init.StopBits = UART_STOPBITS_1;
 344              		.loc 1 166 0
 345 000e DA60     		str	r2, [r3, #12]
 167:../../core/platform/octa/src/uart.c ****   BLE_UART.Init.Parity = UART_PARITY_NONE;
 346              		.loc 1 167 0
 347 0010 1A61     		str	r2, [r3, #16]
 168:../../core/platform/octa/src/uart.c ****   BLE_UART.Init.Mode = UART_MODE_TX_RX;
 348              		.loc 1 168 0
 349 0012 0C21     		movs	r1, #12
 350 0014 5961     		str	r1, [r3, #20]
 169:../../core/platform/octa/src/uart.c ****   BLE_UART.Init.HwFlowCtl = UART_HWCONTROL_NONE;
ARM GAS  /tmp/ccNwur4m.s 			page 10


 351              		.loc 1 169 0
 352 0016 9A61     		str	r2, [r3, #24]
 170:../../core/platform/octa/src/uart.c ****   BLE_UART.Init.OverSampling = UART_OVERSAMPLING_16;
 353              		.loc 1 170 0
 354 0018 DA61     		str	r2, [r3, #28]
 171:../../core/platform/octa/src/uart.c ****   BLE_UART.Init.OneBitSampling = UART_ONE_BIT_SAMPLE_DISABLE;
 355              		.loc 1 171 0
 356 001a 1A62     		str	r2, [r3, #32]
 172:../../core/platform/octa/src/uart.c ****   BLE_UART.AdvancedInit.AdvFeatureInit = UART_ADVFEATURE_NO_INIT;
 357              		.loc 1 172 0
 358 001c 5A62     		str	r2, [r3, #36]
 173:../../core/platform/octa/src/uart.c ****   if (HAL_UART_Init(&BLE_UART) != HAL_OK)
 359              		.loc 1 173 0
 360 001e 1846     		mov	r0, r3
 361              	.LVL23:
 362 0020 FFF7FEFF 		bl	HAL_UART_Init
 363              	.LVL24:
 364 0024 40B9     		cbnz	r0, .L28
 365              	.L26:
 174:../../core/platform/octa/src/uart.c ****   {
 175:../../core/platform/octa/src/uart.c ****     Error_Handler();
 176:../../core/platform/octa/src/uart.c ****   }
 177:../../core/platform/octa/src/uart.c **** 
 178:../../core/platform/octa/src/uart.c ****   /* USER CODE BEGIN USART2_Init 2 */
 179:../../core/platform/octa/src/uart.c ****   HAL_NVIC_SetPriority(USART2_IRQn, 7, 0);
 366              		.loc 1 179 0
 367 0026 0022     		movs	r2, #0
 368 0028 0721     		movs	r1, #7
 369 002a 2620     		movs	r0, #38
 370 002c FFF7FEFF 		bl	HAL_NVIC_SetPriority
 371              	.LVL25:
 180:../../core/platform/octa/src/uart.c ****   HAL_NVIC_EnableIRQ(USART2_IRQn);
 372              		.loc 1 180 0
 373 0030 2620     		movs	r0, #38
 374 0032 FFF7FEFF 		bl	HAL_NVIC_EnableIRQ
 375              	.LVL26:
 376 0036 08BD     		pop	{r3, pc}
 377              	.L28:
 378              	.LBB6:
 175:../../core/platform/octa/src/uart.c ****   }
 379              		.loc 1 175 0
 380 0038 FFF7FEFF 		bl	Error_Handler
 381              	.LVL27:
 382 003c F3E7     		b	.L26
 383              	.L30:
 384 003e 00BF     		.align	2
 385              	.L29:
 386 0040 00000000 		.word	BLE_UART
 387 0044 00440040 		.word	1073759232
 388              	.LBE6:
 389              		.cfi_endproc
 390              	.LFE127:
 392              		.section	.text.HAL_UART_RxCpltCallback,"ax",%progbits
 393              		.align	1
 394              		.weak	HAL_UART_RxCpltCallback
 395              		.syntax unified
 396              		.thumb
ARM GAS  /tmp/ccNwur4m.s 			page 11


 397              		.thumb_func
 398              		.fpu fpv4-sp-d16
 400              	HAL_UART_RxCpltCallback:
 401              	.LFB128:
 181:../../core/platform/octa/src/uart.c ****   /* USER CODE END USART2_Init 2 */
 182:../../core/platform/octa/src/uart.c **** 
 183:../../core/platform/octa/src/uart.c **** }
 184:../../core/platform/octa/src/uart.c **** 
 185:../../core/platform/octa/src/uart.c **** // WEAK UART RX CALLBACK
 186:../../core/platform/octa/src/uart.c **** __weak void HAL_UART_RxCpltCallback(UART_HandleTypeDef *huart)
 187:../../core/platform/octa/src/uart.c **** {
 402              		.loc 1 187 0
 403              		.cfi_startproc
 404              		@ args = 0, pretend = 0, frame = 0
 405              		@ frame_needed = 0, uses_anonymous_args = 0
 406              	.LVL28:
 407 0000 08B5     		push	{r3, lr}
 408              	.LCFI5:
 409              		.cfi_def_cfa_offset 8
 410              		.cfi_offset 3, -8
 411              		.cfi_offset 14, -4
 188:../../core/platform/octa/src/uart.c ****   printf("uart interrupt callback not implemented in application\r\n");
 412              		.loc 1 188 0
 413 0002 0248     		ldr	r0, .L33
 414              	.LVL29:
 415 0004 FFF7FEFF 		bl	puts
 416              	.LVL30:
 417 0008 08BD     		pop	{r3, pc}
 418              	.L34:
 419 000a 00BF     		.align	2
 420              	.L33:
 421 000c 00000000 		.word	.LC0
 422              		.cfi_endproc
 423              	.LFE128:
 425              		.section	.text.__io_putchar,"ax",%progbits
 426              		.align	1
 427              		.global	__io_putchar
 428              		.syntax unified
 429              		.thumb
 430              		.thumb_func
 431              		.fpu fpv4-sp-d16
 433              	__io_putchar:
 434              	.LFB130:
 189:../../core/platform/octa/src/uart.c **** }
 190:../../core/platform/octa/src/uart.c **** 
 191:../../core/platform/octa/src/uart.c **** /*******************************************
 192:../../core/platform/octa/src/uart.c **** PRINTF TO SERIAL REDIRECT FUNCTION PROTOTYPE 
 193:../../core/platform/octa/src/uart.c **** ********************************************/
 194:../../core/platform/octa/src/uart.c **** #ifdef __GNUC__
 195:../../core/platform/octa/src/uart.c **** 
 196:../../core/platform/octa/src/uart.c **** #define PUTCHAR_PROTOTYPE int __io_putchar(int ch)
 197:../../core/platform/octa/src/uart.c **** #else
 198:../../core/platform/octa/src/uart.c **** #define PUTCHAR_PROTOTYPE int fputc(int ch, FILE *f)
 199:../../core/platform/octa/src/uart.c **** 
 200:../../core/platform/octa/src/uart.c **** #endif
 201:../../core/platform/octa/src/uart.c **** 
 202:../../core/platform/octa/src/uart.c **** /* required for printf to work */
ARM GAS  /tmp/ccNwur4m.s 			page 12


 203:../../core/platform/octa/src/uart.c **** int _write(int file, char *ptr, int len)
 204:../../core/platform/octa/src/uart.c **** {
 205:../../core/platform/octa/src/uart.c ****   int DataIdx;
 206:../../core/platform/octa/src/uart.c **** 
 207:../../core/platform/octa/src/uart.c ****   for (DataIdx = 0; DataIdx < len; DataIdx++)
 208:../../core/platform/octa/src/uart.c ****   {
 209:../../core/platform/octa/src/uart.c ****     __io_putchar(*ptr++);
 210:../../core/platform/octa/src/uart.c ****   }
 211:../../core/platform/octa/src/uart.c ****   return len;
 212:../../core/platform/octa/src/uart.c **** }
 213:../../core/platform/octa/src/uart.c **** 
 214:../../core/platform/octa/src/uart.c **** /**
 215:../../core/platform/octa/src/uart.c ****   * @brief  Retargets the C library printf function to the USART.
 216:../../core/platform/octa/src/uart.c ****   * @param  None
 217:../../core/platform/octa/src/uart.c ****   * @retval None
 218:../../core/platform/octa/src/uart.c ****   */
 219:../../core/platform/octa/src/uart.c **** PUTCHAR_PROTOTYPE
 220:../../core/platform/octa/src/uart.c **** {
 435              		.loc 1 220 0
 436              		.cfi_startproc
 437              		@ args = 0, pretend = 0, frame = 8
 438              		@ frame_needed = 0, uses_anonymous_args = 0
 439              	.LVL31:
 440 0000 00B5     		push	{lr}
 441              	.LCFI6:
 442              		.cfi_def_cfa_offset 4
 443              		.cfi_offset 14, -4
 444 0002 83B0     		sub	sp, sp, #12
 445              	.LCFI7:
 446              		.cfi_def_cfa_offset 16
 447 0004 02A9     		add	r1, sp, #8
 448 0006 41F8040D 		str	r0, [r1, #-4]!
 221:../../core/platform/octa/src/uart.c ****   HAL_UART_Transmit(&USB_UART, (uint8_t *)&ch, 1, 0xFFFF);
 449              		.loc 1 221 0
 450 000a 4FF6FF73 		movw	r3, #65535
 451 000e 0122     		movs	r2, #1
 452 0010 0348     		ldr	r0, .L37
 453              	.LVL32:
 454 0012 FFF7FEFF 		bl	HAL_UART_Transmit
 455              	.LVL33:
 222:../../core/platform/octa/src/uart.c ****   return ch;
 223:../../core/platform/octa/src/uart.c **** }...
 456              		.loc 1 223 0
 457 0016 0198     		ldr	r0, [sp, #4]
 458 0018 03B0     		add	sp, sp, #12
 459              	.LCFI8:
 460              		.cfi_def_cfa_offset 4
 461              		@ sp needed
 462 001a 5DF804FB 		ldr	pc, [sp], #4
 463              	.L38:
 464 001e 00BF     		.align	2
 465              	.L37:
 466 0020 00000000 		.word	USB_UART
 467              		.cfi_endproc
 468              	.LFE130:
 470              		.section	.text._write,"ax",%progbits
 471              		.align	1
ARM GAS  /tmp/ccNwur4m.s 			page 13


 472              		.global	_write
 473              		.syntax unified
 474              		.thumb
 475              		.thumb_func
 476              		.fpu fpv4-sp-d16
 478              	_write:
 479              	.LFB129:
 204:../../core/platform/octa/src/uart.c **** {
 480              		.loc 1 204 0
 481              		.cfi_startproc
 482              		@ args = 0, pretend = 0, frame = 0
 483              		@ frame_needed = 0, uses_anonymous_args = 0
 484              	.LVL34:
 485 0000 70B5     		push	{r4, r5, r6, lr}
 486              	.LCFI9:
 487              		.cfi_def_cfa_offset 16
 488              		.cfi_offset 4, -16
 489              		.cfi_offset 5, -12
 490              		.cfi_offset 6, -8
 491              		.cfi_offset 14, -4
 492 0002 1646     		mov	r6, r2
 493              	.LVL35:
 207:../../core/platform/octa/src/uart.c ****   for (DataIdx = 0; DataIdx < len; DataIdx++)
 494              		.loc 1 207 0
 495 0004 0024     		movs	r4, #0
 496 0006 05E0     		b	.L40
 497              	.LVL36:
 498              	.L41:
 499              	.LBB7:
 209:../../core/platform/octa/src/uart.c ****     __io_putchar(*ptr++);
 500              		.loc 1 209 0 discriminator 3
 501 0008 4D1C     		adds	r5, r1, #1
 502              	.LVL37:
 503 000a 0878     		ldrb	r0, [r1]	@ zero_extendqisi2
 504 000c FFF7FEFF 		bl	__io_putchar
 505              	.LVL38:
 506              	.LBE7:
 207:../../core/platform/octa/src/uart.c ****   for (DataIdx = 0; DataIdx < len; DataIdx++)
 507              		.loc 1 207 0 discriminator 3
 508 0010 0134     		adds	r4, r4, #1
 509              	.LVL39:
 510              	.LBB8:
 209:../../core/platform/octa/src/uart.c ****     __io_putchar(*ptr++);
 511              		.loc 1 209 0 discriminator 3
 512 0012 2946     		mov	r1, r5
 513              	.LVL40:
 514              	.L40:
 515              	.LBE8:
 207:../../core/platform/octa/src/uart.c ****   for (DataIdx = 0; DataIdx < len; DataIdx++)
 516              		.loc 1 207 0 discriminator 1
 517 0014 B442     		cmp	r4, r6
 518 0016 F7DB     		blt	.L41
 212:../../core/platform/octa/src/uart.c **** }
 519              		.loc 1 212 0
 520 0018 3046     		mov	r0, r6
 521 001a 70BD     		pop	{r4, r5, r6, pc}
 522              		.cfi_endproc
ARM GAS  /tmp/ccNwur4m.s 			page 14


 523              	.LFE129:
 525              		.comm	P3_UART,120,4
 526              		.comm	P2_UART,120,4
 527              		.comm	P1_UART,120,4
 528              		.comm	BLE_UART,120,4
 529              		.comm	USB_UART,120,4
 530              		.section	.rodata.HAL_UART_RxCpltCallback.str1.4,"aMS",%progbits,1
 531              		.align	2
 532              	.LC0:
 533 0000 75617274 		.ascii	"uart interrupt callback not implemented in applicat"
 533      20696E74 
 533      65727275 
 533      70742063 
 533      616C6C62 
 534 0033 696F6E0D 		.ascii	"ion\015\000"
 534      00
 535              		.text
 536              	.Letext0:
 537              		.file 2 "/usr/include/newlib/machine/_default_types.h"
 538              		.file 3 "/usr/include/newlib/sys/_stdint.h"
 539              		.file 4 "../../core/ST/CMSIS/Include/core_cm4.h"
 540              		.file 5 "../../core/ST/CMSIS/Device/ST/STM32L4xx/Include/system_stm32l4xx.h"
 541              		.file 6 "../../core/ST/CMSIS/Device/ST/STM32L4xx/Include/stm32l496xx.h"
 542              		.file 7 "../../core/ST/STM32L4xx_HAL_Driver/Inc/stm32l4xx_hal_def.h"
 543              		.file 8 "../../core/ST/STM32L4xx_HAL_Driver/Inc/stm32l4xx_hal_dma.h"
 544              		.file 9 "../../core/ST/STM32L4xx_HAL_Driver/Inc/stm32l4xx_hal_uart.h"
 545              		.file 10 "../../core/ST/STM32L4xx_HAL_Driver/Inc/stm32l4xx_hal.h"
 546              		.file 11 "../../core/platform/octa/inc/uart.h"
 547              		.file 12 "../../core/ST/STM32L4xx_HAL_Driver/Inc/stm32l4xx_hal_cortex.h"
 548              		.file 13 "<built-in>"
ARM GAS  /tmp/ccNwur4m.s 			page 15


DEFINED SYMBOLS
                            *ABS*:0000000000000000 uart.c
     /tmp/ccNwur4m.s:18     .text.USB_UART_Init:0000000000000000 $t
     /tmp/ccNwur4m.s:25     .text.USB_UART_Init:0000000000000000 USB_UART_Init
     /tmp/ccNwur4m.s:79     .text.USB_UART_Init:000000000000002c $d
                            *COM*:0000000000000078 USB_UART
     /tmp/ccNwur4m.s:85     .text.P1_UART_Init:0000000000000000 $t
     /tmp/ccNwur4m.s:92     .text.P1_UART_Init:0000000000000000 P1_UART_Init
     /tmp/ccNwur4m.s:155    .text.P1_UART_Init:0000000000000040 $d
                            *COM*:0000000000000078 P1_UART
     /tmp/ccNwur4m.s:162    .text.P2_UART_Init:0000000000000000 $t
     /tmp/ccNwur4m.s:169    .text.P2_UART_Init:0000000000000000 P2_UART_Init
     /tmp/ccNwur4m.s:232    .text.P2_UART_Init:0000000000000040 $d
                            *COM*:0000000000000078 P2_UART
     /tmp/ccNwur4m.s:239    .text.P3_UART_Init:0000000000000000 $t
     /tmp/ccNwur4m.s:246    .text.P3_UART_Init:0000000000000000 P3_UART_Init
     /tmp/ccNwur4m.s:309    .text.P3_UART_Init:0000000000000040 $d
                            *COM*:0000000000000078 P3_UART
     /tmp/ccNwur4m.s:316    .text.BLE_UART_Init:0000000000000000 $t
     /tmp/ccNwur4m.s:323    .text.BLE_UART_Init:0000000000000000 BLE_UART_Init
     /tmp/ccNwur4m.s:386    .text.BLE_UART_Init:0000000000000040 $d
                            *COM*:0000000000000078 BLE_UART
     /tmp/ccNwur4m.s:393    .text.HAL_UART_RxCpltCallback:0000000000000000 $t
     /tmp/ccNwur4m.s:400    .text.HAL_UART_RxCpltCallback:0000000000000000 HAL_UART_RxCpltCallback
     /tmp/ccNwur4m.s:421    .text.HAL_UART_RxCpltCallback:000000000000000c $d
     /tmp/ccNwur4m.s:426    .text.__io_putchar:0000000000000000 $t
     /tmp/ccNwur4m.s:433    .text.__io_putchar:0000000000000000 __io_putchar
     /tmp/ccNwur4m.s:466    .text.__io_putchar:0000000000000020 $d
     /tmp/ccNwur4m.s:471    .text._write:0000000000000000 $t
     /tmp/ccNwur4m.s:478    .text._write:0000000000000000 _write
     /tmp/ccNwur4m.s:531    .rodata.HAL_UART_RxCpltCallback.str1.4:0000000000000000 $d
                     .debug_frame:0000000000000010 $d

UNDEFINED SYMBOLS
HAL_UART_Init
Error_Handler
HAL_NVIC_SetPriority
HAL_NVIC_EnableIRQ
puts
HAL_UART_Transmit
