ARM GAS  /tmp/cc40QAiD.s 			page 1


   1              		.cpu cortex-m4
   2              		.eabi_attribute 27, 1
   3              		.eabi_attribute 28, 1
   4              		.eabi_attribute 20, 1
   5              		.eabi_attribute 21, 1
   6              		.eabi_attribute 23, 3
   7              		.eabi_attribute 24, 1
   8              		.eabi_attribute 25, 1
   9              		.eabi_attribute 26, 1
  10              		.eabi_attribute 30, 1
  11              		.eabi_attribute 34, 1
  12              		.eabi_attribute 18, 4
  13              		.file	"octa.c"
  14              		.text
  15              	.Ltext0:
  16              		.cfi_sections	.debug_frame
  17              		.section	.text.OCTA_Initialize_Common_Peripherals,"ax",%progbits
  18              		.align	1
  19              		.global	OCTA_Initialize_Common_Peripherals
  20              		.syntax unified
  21              		.thumb
  22              		.thumb_func
  23              		.fpu fpv4-sp-d16
  25              	OCTA_Initialize_Common_Peripherals:
  26              	.LFB129:
  27              		.file 1 "../../core/platform/octa/src/octa.c"
   1:../../core/platform/octa/src/octa.c **** #include "octa.h"
   2:../../core/platform/octa/src/octa.c **** 
   3:../../core/platform/octa/src/octa.c **** void OCTA_Initialize_Platform(void)
   4:../../core/platform/octa/src/octa.c **** {
   5:../../core/platform/octa/src/octa.c ****     //GPIO, IWDG, USB_UART(Logging)
   6:../../core/platform/octa/src/octa.c ****     OCTA_Initialize_Common_Peripherals();
   7:../../core/platform/octa/src/octa.c ****     //P1 UART, I2C, SPI & GPIO handles
   8:../../core/platform/octa/src/octa.c ****     OCTA_Initialize_P1_Peripherals();
   9:../../core/platform/octa/src/octa.c ****     //P2 UART, I2C, SPI & GPIO handles
  10:../../core/platform/octa/src/octa.c ****     OCTA_Initialize_P2_Peripherals();
  11:../../core/platform/octa/src/octa.c ****     //P3 UART, I2C, SPI & GPIO handles
  12:../../core/platform/octa/src/octa.c ****     OCTA_Initialize_P3_Peripherals();
  13:../../core/platform/octa/src/octa.c **** }
  14:../../core/platform/octa/src/octa.c **** 
  15:../../core/platform/octa/src/octa.c **** void OCTA_Initialize_Common_Peripherals(void)
  16:../../core/platform/octa/src/octa.c **** {
  28              		.loc 1 16 0
  29              		.cfi_startproc
  30              		@ args = 0, pretend = 0, frame = 0
  31              		@ frame_needed = 0, uses_anonymous_args = 0
  32 0000 08B5     		push	{r3, lr}
  33              	.LCFI0:
  34              		.cfi_def_cfa_offset 8
  35              		.cfi_offset 3, -8
  36              		.cfi_offset 14, -4
  17:../../core/platform/octa/src/octa.c ****     OCTA_GPIO_Init();
  37              		.loc 1 17 0
  38 0002 FFF7FEFF 		bl	OCTA_GPIO_Init
  39              	.LVL0:
  18:../../core/platform/octa/src/octa.c ****     OCTA_IWDG_Init();
  40              		.loc 1 18 0
ARM GAS  /tmp/cc40QAiD.s 			page 2


  41 0006 FFF7FEFF 		bl	OCTA_IWDG_Init
  42              	.LVL1:
  19:../../core/platform/octa/src/octa.c ****     FLASH_SPI_Init();
  43              		.loc 1 19 0
  44 000a FFF7FEFF 		bl	FLASH_SPI_Init
  45              	.LVL2:
  20:../../core/platform/octa/src/octa.c ****     common_I2C_Init();
  46              		.loc 1 20 0
  47 000e FFF7FEFF 		bl	common_I2C_Init
  48              	.LVL3:
  21:../../core/platform/octa/src/octa.c ****     USB_UART_Init(115200);
  49              		.loc 1 21 0
  50 0012 4FF4E130 		mov	r0, #115200
  51 0016 FFF7FEFF 		bl	USB_UART_Init
  52              	.LVL4:
  53 001a 08BD     		pop	{r3, pc}
  54              		.cfi_endproc
  55              	.LFE129:
  57              		.section	.text.OCTA_Initialize_P1_Peripherals,"ax",%progbits
  58              		.align	1
  59              		.global	OCTA_Initialize_P1_Peripherals
  60              		.syntax unified
  61              		.thumb
  62              		.thumb_func
  63              		.fpu fpv4-sp-d16
  65              	OCTA_Initialize_P1_Peripherals:
  66              	.LFB130:
  22:../../core/platform/octa/src/octa.c ****     #if USE_BOOTLOADER
  23:../../core/platform/octa/src/octa.c ****         printf("\r\nusing bootloader, initializing BLE UART\r\n");
  24:../../core/platform/octa/src/octa.c ****         BLE_UART_Init(115200); 
  25:../../core/platform/octa/src/octa.c ****         bootloader_initialize(&BLE_UART);     
  26:../../core/platform/octa/src/octa.c ****     #endif
  27:../../core/platform/octa/src/octa.c **** }
  28:../../core/platform/octa/src/octa.c **** 
  29:../../core/platform/octa/src/octa.c **** void OCTA_Initialize_P1_Peripherals(void)
  30:../../core/platform/octa/src/octa.c **** {
  67              		.loc 1 30 0
  68              		.cfi_startproc
  69              		@ args = 0, pretend = 0, frame = 0
  70              		@ frame_needed = 0, uses_anonymous_args = 0
  71              		@ link register save eliminated.
  31:../../core/platform/octa/src/octa.c ****     P1_header.number = 1;
  72              		.loc 1 31 0
  73 0000 0A4B     		ldr	r3, .L4
  74 0002 0122     		movs	r2, #1
  75 0004 1A70     		strb	r2, [r3]
  32:../../core/platform/octa/src/octa.c ****     P1_header.uartHandle = &P1_UART;
  76              		.loc 1 32 0
  77 0006 0A4A     		ldr	r2, .L4+4
  78 0008 5A60     		str	r2, [r3, #4]
  33:../../core/platform/octa/src/octa.c ****     P1_header.i2cHandle = &P1_I2C;
  79              		.loc 1 33 0
  80 000a 0A4A     		ldr	r2, .L4+8
  81 000c 9A60     		str	r2, [r3, #8]
  34:../../core/platform/octa/src/octa.c ****     P1_header.spiHandle = &P1_SPI;
  82              		.loc 1 34 0
  83 000e 0A4A     		ldr	r2, .L4+12
ARM GAS  /tmp/cc40QAiD.s 			page 3


  84 0010 DA60     		str	r2, [r3, #12]
  35:../../core/platform/octa/src/octa.c ****     P1_header.DIO1 = &P1_DIO1;
  85              		.loc 1 35 0
  86 0012 0A4A     		ldr	r2, .L4+16
  87 0014 1A61     		str	r2, [r3, #16]
  36:../../core/platform/octa/src/octa.c ****     P1_header.DIO2 = &P1_DIO2;
  88              		.loc 1 36 0
  89 0016 0A4A     		ldr	r2, .L4+20
  90 0018 5A61     		str	r2, [r3, #20]
  37:../../core/platform/octa/src/octa.c ****     P1_header.DIO3 = &P1_DIO3;
  91              		.loc 1 37 0
  92 001a 0A4A     		ldr	r2, .L4+24
  93 001c 9A61     		str	r2, [r3, #24]
  38:../../core/platform/octa/src/octa.c ****     P1_header.DIO4 = &P1_DIO4;
  94              		.loc 1 38 0
  95 001e 0A4A     		ldr	r2, .L4+28
  96 0020 DA61     		str	r2, [r3, #28]
  39:../../core/platform/octa/src/octa.c ****     P1_header.DIO5 = &P1_DIO5;
  97              		.loc 1 39 0
  98 0022 0A4A     		ldr	r2, .L4+32
  99 0024 1A62     		str	r2, [r3, #32]
  40:../../core/platform/octa/src/octa.c ****     P1_header.DIO6 = &P1_DIO6;
 100              		.loc 1 40 0
 101 0026 0A4A     		ldr	r2, .L4+36
 102 0028 5A62     		str	r2, [r3, #36]
 103 002a 7047     		bx	lr
 104              	.L5:
 105              		.align	2
 106              	.L4:
 107 002c 00000000 		.word	P1_header
 108 0030 00000000 		.word	P1_UART
 109 0034 00000000 		.word	P1_I2C
 110 0038 00000000 		.word	P1_SPI
 111 003c 00000000 		.word	P1_DIO1
 112 0040 00000000 		.word	P1_DIO2
 113 0044 00000000 		.word	P1_DIO3
 114 0048 00000000 		.word	P1_DIO4
 115 004c 00000000 		.word	P1_DIO5
 116 0050 00000000 		.word	P1_DIO6
 117              		.cfi_endproc
 118              	.LFE130:
 120              		.section	.text.OCTA_Initialize_P2_Peripherals,"ax",%progbits
 121              		.align	1
 122              		.global	OCTA_Initialize_P2_Peripherals
 123              		.syntax unified
 124              		.thumb
 125              		.thumb_func
 126              		.fpu fpv4-sp-d16
 128              	OCTA_Initialize_P2_Peripherals:
 129              	.LFB131:
  41:../../core/platform/octa/src/octa.c **** }
  42:../../core/platform/octa/src/octa.c **** 
  43:../../core/platform/octa/src/octa.c **** void OCTA_Initialize_P2_Peripherals(void)
  44:../../core/platform/octa/src/octa.c **** {
 130              		.loc 1 44 0
 131              		.cfi_startproc
 132              		@ args = 0, pretend = 0, frame = 0
ARM GAS  /tmp/cc40QAiD.s 			page 4


 133              		@ frame_needed = 0, uses_anonymous_args = 0
 134              		@ link register save eliminated.
  45:../../core/platform/octa/src/octa.c ****     P2_header.number = 2;
 135              		.loc 1 45 0
 136 0000 0A4B     		ldr	r3, .L7
 137 0002 0222     		movs	r2, #2
 138 0004 1A70     		strb	r2, [r3]
  46:../../core/platform/octa/src/octa.c ****     #if USE_BOOTLOADER
  47:../../core/platform/octa/src/octa.c ****         printf("\r\nusing bootloader, P2 UART unavailable\r\n");
  48:../../core/platform/octa/src/octa.c ****         P2_header.uartHandle = NULL;
  49:../../core/platform/octa/src/octa.c ****     #else
  50:../../core/platform/octa/src/octa.c ****         P2_header.uartHandle = &P2_UART;
 139              		.loc 1 50 0
 140 0006 0A4A     		ldr	r2, .L7+4
 141 0008 5A60     		str	r2, [r3, #4]
  51:../../core/platform/octa/src/octa.c ****     #endif
  52:../../core/platform/octa/src/octa.c ****     P2_header.i2cHandle = &P2_I2C;
 142              		.loc 1 52 0
 143 000a 0A4A     		ldr	r2, .L7+8
 144 000c 9A60     		str	r2, [r3, #8]
  53:../../core/platform/octa/src/octa.c ****     P2_header.spiHandle = &P2_SPI;
 145              		.loc 1 53 0
 146 000e 0A4A     		ldr	r2, .L7+12
 147 0010 DA60     		str	r2, [r3, #12]
  54:../../core/platform/octa/src/octa.c ****     P2_header.DIO1 = &P2_DIO1;
 148              		.loc 1 54 0
 149 0012 0A4A     		ldr	r2, .L7+16
 150 0014 1A61     		str	r2, [r3, #16]
  55:../../core/platform/octa/src/octa.c ****     P2_header.DIO2 = &P2_DIO2;
 151              		.loc 1 55 0
 152 0016 0A4A     		ldr	r2, .L7+20
 153 0018 5A61     		str	r2, [r3, #20]
  56:../../core/platform/octa/src/octa.c ****     P2_header.DIO3 = &P2_DIO3;
 154              		.loc 1 56 0
 155 001a 0A4A     		ldr	r2, .L7+24
 156 001c 9A61     		str	r2, [r3, #24]
  57:../../core/platform/octa/src/octa.c ****     P2_header.DIO4 = &P2_DIO4;
 157              		.loc 1 57 0
 158 001e 0A4A     		ldr	r2, .L7+28
 159 0020 DA61     		str	r2, [r3, #28]
  58:../../core/platform/octa/src/octa.c ****     P2_header.DIO5 = &P2_DIO5;
 160              		.loc 1 58 0
 161 0022 0A4A     		ldr	r2, .L7+32
 162 0024 1A62     		str	r2, [r3, #32]
  59:../../core/platform/octa/src/octa.c ****     P2_header.DIO6 = &P2_DIO6;
 163              		.loc 1 59 0
 164 0026 0A4A     		ldr	r2, .L7+36
 165 0028 5A62     		str	r2, [r3, #36]
 166 002a 7047     		bx	lr
 167              	.L8:
 168              		.align	2
 169              	.L7:
 170 002c 00000000 		.word	P2_header
 171 0030 00000000 		.word	P2_UART
 172 0034 00000000 		.word	P2_I2C
 173 0038 00000000 		.word	P2_SPI
 174 003c 00000000 		.word	P2_DIO1
ARM GAS  /tmp/cc40QAiD.s 			page 5


 175 0040 00000000 		.word	P2_DIO2
 176 0044 00000000 		.word	P2_DIO3
 177 0048 00000000 		.word	P2_DIO4
 178 004c 00000000 		.word	P2_DIO5
 179 0050 00000000 		.word	P2_DIO6
 180              		.cfi_endproc
 181              	.LFE131:
 183              		.section	.text.OCTA_Initialize_P3_Peripherals,"ax",%progbits
 184              		.align	1
 185              		.global	OCTA_Initialize_P3_Peripherals
 186              		.syntax unified
 187              		.thumb
 188              		.thumb_func
 189              		.fpu fpv4-sp-d16
 191              	OCTA_Initialize_P3_Peripherals:
 192              	.LFB132:
  60:../../core/platform/octa/src/octa.c **** }
  61:../../core/platform/octa/src/octa.c **** 
  62:../../core/platform/octa/src/octa.c **** void OCTA_Initialize_P3_Peripherals(void)
  63:../../core/platform/octa/src/octa.c **** {
 193              		.loc 1 63 0
 194              		.cfi_startproc
 195              		@ args = 0, pretend = 0, frame = 0
 196              		@ frame_needed = 0, uses_anonymous_args = 0
 197              		@ link register save eliminated.
  64:../../core/platform/octa/src/octa.c ****     P3_header.number = 3;
 198              		.loc 1 64 0
 199 0000 0A4B     		ldr	r3, .L10
 200 0002 0322     		movs	r2, #3
 201 0004 1A70     		strb	r2, [r3]
  65:../../core/platform/octa/src/octa.c ****     P3_header.uartHandle = &P3_UART;
 202              		.loc 1 65 0
 203 0006 0A4A     		ldr	r2, .L10+4
 204 0008 5A60     		str	r2, [r3, #4]
  66:../../core/platform/octa/src/octa.c ****     P3_header.i2cHandle = &P3_I2C;
 205              		.loc 1 66 0
 206 000a 0A4A     		ldr	r2, .L10+8
 207 000c 9A60     		str	r2, [r3, #8]
  67:../../core/platform/octa/src/octa.c ****     P3_header.spiHandle = &P3_SPI;
 208              		.loc 1 67 0
 209 000e 0A4A     		ldr	r2, .L10+12
 210 0010 DA60     		str	r2, [r3, #12]
  68:../../core/platform/octa/src/octa.c ****     P3_header.DIO1 = &P3_DIO1;
 211              		.loc 1 68 0
 212 0012 0A4A     		ldr	r2, .L10+16
 213 0014 1A61     		str	r2, [r3, #16]
  69:../../core/platform/octa/src/octa.c ****     P3_header.DIO2 = &P3_DIO2;
 214              		.loc 1 69 0
 215 0016 0A4A     		ldr	r2, .L10+20
 216 0018 5A61     		str	r2, [r3, #20]
  70:../../core/platform/octa/src/octa.c ****     P3_header.DIO3 = &P3_DIO3;
 217              		.loc 1 70 0
 218 001a 0A4A     		ldr	r2, .L10+24
 219 001c 9A61     		str	r2, [r3, #24]
  71:../../core/platform/octa/src/octa.c ****     P3_header.DIO4 = &P3_DIO4;
 220              		.loc 1 71 0
 221 001e 0A4A     		ldr	r2, .L10+28
ARM GAS  /tmp/cc40QAiD.s 			page 6


 222 0020 DA61     		str	r2, [r3, #28]
  72:../../core/platform/octa/src/octa.c ****     P3_header.DIO5 = &P3_DIO5;
 223              		.loc 1 72 0
 224 0022 0A4A     		ldr	r2, .L10+32
 225 0024 1A62     		str	r2, [r3, #32]
  73:../../core/platform/octa/src/octa.c ****     P3_header.DIO6 = &P3_DIO6;
 226              		.loc 1 73 0
 227 0026 0A4A     		ldr	r2, .L10+36
 228 0028 5A62     		str	r2, [r3, #36]
 229 002a 7047     		bx	lr
 230              	.L11:
 231              		.align	2
 232              	.L10:
 233 002c 00000000 		.word	P3_header
 234 0030 00000000 		.word	P3_UART
 235 0034 00000000 		.word	P3_I2C
 236 0038 00000000 		.word	P3_SPI
 237 003c 00000000 		.word	P3_DIO1
 238 0040 00000000 		.word	P3_DIO2
 239 0044 00000000 		.word	P3_DIO3
 240 0048 00000000 		.word	P3_DIO4
 241 004c 00000000 		.word	P3_DIO5
 242 0050 00000000 		.word	P3_DIO6
 243              		.cfi_endproc
 244              	.LFE132:
 246              		.section	.text.OCTA_Initialize_Platform,"ax",%progbits
 247              		.align	1
 248              		.global	OCTA_Initialize_Platform
 249              		.syntax unified
 250              		.thumb
 251              		.thumb_func
 252              		.fpu fpv4-sp-d16
 254              	OCTA_Initialize_Platform:
 255              	.LFB128:
   4:../../core/platform/octa/src/octa.c ****     OCTA_Initialize_Common_Peripherals();
 256              		.loc 1 4 0
 257              		.cfi_startproc
 258              		@ args = 0, pretend = 0, frame = 0
 259              		@ frame_needed = 0, uses_anonymous_args = 0
 260 0000 08B5     		push	{r3, lr}
 261              	.LCFI1:
 262              		.cfi_def_cfa_offset 8
 263              		.cfi_offset 3, -8
 264              		.cfi_offset 14, -4
   6:../../core/platform/octa/src/octa.c ****     //P1 UART, I2C, SPI & GPIO handles
 265              		.loc 1 6 0
 266 0002 FFF7FEFF 		bl	OCTA_Initialize_Common_Peripherals
 267              	.LVL5:
   8:../../core/platform/octa/src/octa.c ****     //P2 UART, I2C, SPI & GPIO handles
 268              		.loc 1 8 0
 269 0006 FFF7FEFF 		bl	OCTA_Initialize_P1_Peripherals
 270              	.LVL6:
  10:../../core/platform/octa/src/octa.c ****     //P3 UART, I2C, SPI & GPIO handles
 271              		.loc 1 10 0
 272 000a FFF7FEFF 		bl	OCTA_Initialize_P2_Peripherals
 273              	.LVL7:
  12:../../core/platform/octa/src/octa.c **** }
ARM GAS  /tmp/cc40QAiD.s 			page 7


 274              		.loc 1 12 0
 275 000e FFF7FEFF 		bl	OCTA_Initialize_P3_Peripherals
 276              	.LVL8:
 277 0012 08BD     		pop	{r3, pc}
 278              		.cfi_endproc
 279              	.LFE128:
 281              		.section	.text.get_UID,"ax",%progbits
 282              		.align	1
 283              		.global	get_UID
 284              		.syntax unified
 285              		.thumb
 286              		.thumb_func
 287              		.fpu fpv4-sp-d16
 289              	get_UID:
 290              	.LFB133:
  74:../../core/platform/octa/src/octa.c **** }
  75:../../core/platform/octa/src/octa.c **** 
  76:../../core/platform/octa/src/octa.c **** uint64_t get_UID(void)
  77:../../core/platform/octa/src/octa.c **** {
 291              		.loc 1 77 0
 292              		.cfi_startproc
 293              		@ args = 0, pretend = 0, frame = 0
 294              		@ frame_needed = 0, uses_anonymous_args = 0
 295              		@ link register save eliminated.
 296 0000 10B4     		push	{r4}
 297              	.LCFI2:
 298              		.cfi_def_cfa_offset 4
 299              		.cfi_offset 4, -4
  78:../../core/platform/octa/src/octa.c ****     // Full 96 bits UID in an array
  79:../../core/platform/octa/src/octa.c ****     // uint32_t *uniqueID = (uint32_t*)UID_BASE;
  80:../../core/platform/octa/src/octa.c ****     // for(uint8_t i = 0; i < 12; i++){
  81:../../core/platform/octa/src/octa.c ****     //   UID[i] = (uint8_t)uniqueID[i];
  82:../../core/platform/octa/src/octa.c ****     // }
  83:../../core/platform/octa/src/octa.c ****     //return 64 bit mac address
  84:../../core/platform/octa/src/octa.c ****     return (*((uint64_t *)(UID_BASE)) << 32) + *((uint64_t *)(UID_BASE + 0x04U));
 300              		.loc 1 84 0
 301 0002 0020     		movs	r0, #0
 302 0004 044B     		ldr	r3, .L16
 303 0006 1968     		ldr	r1, [r3]
 304 0008 044C     		ldr	r4, .L16+4
 305 000a 2268     		ldr	r2, [r4]
 306 000c 6368     		ldr	r3, [r4, #4]
  85:../../core/platform/octa/src/octa.c **** }
 307              		.loc 1 85 0
 308 000e 8018     		adds	r0, r0, r2
 309 0010 5941     		adcs	r1, r1, r3
 310 0012 5DF8044B 		ldr	r4, [sp], #4
 311              	.LCFI3:
 312              		.cfi_restore 4
 313              		.cfi_def_cfa_offset 0
 314 0016 7047     		bx	lr
 315              	.L17:
 316              		.align	2
 317              	.L16:
 318 0018 9075FF1F 		.word	536835472
 319 001c 9475FF1F 		.word	536835476
 320              		.cfi_endproc
ARM GAS  /tmp/cc40QAiD.s 			page 8


 321              	.LFE133:
 323              		.section	.text.platform_initialize_UART,"ax",%progbits
 324              		.align	1
 325              		.global	platform_initialize_UART
 326              		.syntax unified
 327              		.thumb
 328              		.thumb_func
 329              		.fpu fpv4-sp-d16
 331              	platform_initialize_UART:
 332              	.LFB134:
  86:../../core/platform/octa/src/octa.c **** 
  87:../../core/platform/octa/src/octa.c **** void platform_initialize_UART(struct OCTA_header aHeader, uint32_t aBaudRate)
  88:../../core/platform/octa/src/octa.c **** {
 333              		.loc 1 88 0
 334              		.cfi_startproc
 335              		@ args = 48, pretend = 16, frame = 0
 336              		@ frame_needed = 0, uses_anonymous_args = 0
 337              	.LVL9:
 338 0000 84B0     		sub	sp, sp, #16
 339              	.LCFI4:
 340              		.cfi_def_cfa_offset 16
 341 0002 08B5     		push	{r3, lr}
 342              	.LCFI5:
 343              		.cfi_def_cfa_offset 24
 344              		.cfi_offset 3, -24
 345              		.cfi_offset 14, -20
 346 0004 0DF1080E 		add	lr, sp, #8
 347 0008 8EE80F00 		stm	lr, {r0, r1, r2, r3}
  89:../../core/platform/octa/src/octa.c ****     switch(aHeader.number)
 348              		.loc 1 89 0
 349 000c 9DF80830 		ldrb	r3, [sp, #8]	@ zero_extendqisi2
 350 0010 022B     		cmp	r3, #2
 351 0012 0BD0     		beq	.L20
 352 0014 032B     		cmp	r3, #3
 353 0016 0DD0     		beq	.L21
 354 0018 012B     		cmp	r3, #1
 355 001a 03D0     		beq	.L24
 356              	.L18:
  90:../../core/platform/octa/src/octa.c ****     {
  91:../../core/platform/octa/src/octa.c ****         case 1:
  92:../../core/platform/octa/src/octa.c ****             P1_UART_Init(aBaudRate);
  93:../../core/platform/octa/src/octa.c ****             break;
  94:../../core/platform/octa/src/octa.c ****         case 2:
  95:../../core/platform/octa/src/octa.c ****             P2_UART_Init(aBaudRate);
  96:../../core/platform/octa/src/octa.c ****             break;
  97:../../core/platform/octa/src/octa.c ****         case 3:
  98:../../core/platform/octa/src/octa.c ****             P3_UART_Init(aBaudRate);
  99:../../core/platform/octa/src/octa.c ****             break;
 100:../../core/platform/octa/src/octa.c ****         default:
 101:../../core/platform/octa/src/octa.c ****             break;
 102:../../core/platform/octa/src/octa.c ****     }
 103:../../core/platform/octa/src/octa.c **** }
 357              		.loc 1 103 0
 358 001c BDE80840 		pop	{r3, lr}
 359              	.LCFI6:
 360              		.cfi_remember_state
 361              		.cfi_restore 14
ARM GAS  /tmp/cc40QAiD.s 			page 9


 362              		.cfi_restore 3
 363              		.cfi_def_cfa_offset 16
 364 0020 04B0     		add	sp, sp, #16
 365              	.LCFI7:
 366              		.cfi_def_cfa_offset 0
 367 0022 7047     		bx	lr
 368              	.L24:
 369              	.LCFI8:
 370              		.cfi_restore_state
  92:../../core/platform/octa/src/octa.c ****             break;
 371              		.loc 1 92 0
 372 0024 0D98     		ldr	r0, [sp, #52]
 373 0026 FFF7FEFF 		bl	P1_UART_Init
 374              	.LVL10:
  93:../../core/platform/octa/src/octa.c ****         case 2:
 375              		.loc 1 93 0
 376 002a F7E7     		b	.L18
 377              	.L20:
  95:../../core/platform/octa/src/octa.c ****             break;
 378              		.loc 1 95 0
 379 002c 0D98     		ldr	r0, [sp, #52]
 380 002e FFF7FEFF 		bl	P2_UART_Init
 381              	.LVL11:
  96:../../core/platform/octa/src/octa.c ****         case 3:
 382              		.loc 1 96 0
 383 0032 F3E7     		b	.L18
 384              	.L21:
  98:../../core/platform/octa/src/octa.c ****             break;
 385              		.loc 1 98 0
 386 0034 0D98     		ldr	r0, [sp, #52]
 387 0036 FFF7FEFF 		bl	P3_UART_Init
 388              	.LVL12:
 389              		.loc 1 103 0
 390 003a EFE7     		b	.L18
 391              		.cfi_endproc
 392              	.LFE134:
 394              		.section	.text.platform_initialize_I2C,"ax",%progbits
 395              		.align	1
 396              		.global	platform_initialize_I2C
 397              		.syntax unified
 398              		.thumb
 399              		.thumb_func
 400              		.fpu fpv4-sp-d16
 402              	platform_initialize_I2C:
 403              	.LFB135:
 104:../../core/platform/octa/src/octa.c **** 
 105:../../core/platform/octa/src/octa.c **** void platform_initialize_I2C(struct OCTA_header aHeader)
 106:../../core/platform/octa/src/octa.c **** {
 404              		.loc 1 106 0
 405              		.cfi_startproc
 406              		@ args = 44, pretend = 16, frame = 0
 407              		@ frame_needed = 0, uses_anonymous_args = 0
 408 0000 84B0     		sub	sp, sp, #16
 409              	.LCFI9:
 410              		.cfi_def_cfa_offset 16
 411 0002 08B5     		push	{r3, lr}
 412              	.LCFI10:
ARM GAS  /tmp/cc40QAiD.s 			page 10


 413              		.cfi_def_cfa_offset 24
 414              		.cfi_offset 3, -24
 415              		.cfi_offset 14, -20
 416 0004 0DF1080E 		add	lr, sp, #8
 417 0008 8EE80F00 		stm	lr, {r0, r1, r2, r3}
 107:../../core/platform/octa/src/octa.c ****     switch(aHeader.number)
 418              		.loc 1 107 0
 419 000c 9DF80830 		ldrb	r3, [sp, #8]	@ zero_extendqisi2
 420 0010 022B     		cmp	r3, #2
 421 0012 0AD0     		beq	.L27
 422 0014 032B     		cmp	r3, #3
 423 0016 0BD0     		beq	.L28
 424 0018 012B     		cmp	r3, #1
 425 001a 03D0     		beq	.L31
 426              	.L25:
 108:../../core/platform/octa/src/octa.c ****     {
 109:../../core/platform/octa/src/octa.c ****         case 1:
 110:../../core/platform/octa/src/octa.c ****             P1_I2C_Init();
 111:../../core/platform/octa/src/octa.c ****             break;
 112:../../core/platform/octa/src/octa.c ****         case 2:
 113:../../core/platform/octa/src/octa.c ****             P2_I2C_Init();
 114:../../core/platform/octa/src/octa.c ****             break;
 115:../../core/platform/octa/src/octa.c ****         case 3:
 116:../../core/platform/octa/src/octa.c ****             P3_I2C_Init();
 117:../../core/platform/octa/src/octa.c ****             break;
 118:../../core/platform/octa/src/octa.c ****         default:
 119:../../core/platform/octa/src/octa.c ****             break;
 120:../../core/platform/octa/src/octa.c ****     }
 121:../../core/platform/octa/src/octa.c **** }
 427              		.loc 1 121 0
 428 001c BDE80840 		pop	{r3, lr}
 429              	.LCFI11:
 430              		.cfi_remember_state
 431              		.cfi_restore 14
 432              		.cfi_restore 3
 433              		.cfi_def_cfa_offset 16
 434 0020 04B0     		add	sp, sp, #16
 435              	.LCFI12:
 436              		.cfi_def_cfa_offset 0
 437 0022 7047     		bx	lr
 438              	.L31:
 439              	.LCFI13:
 440              		.cfi_restore_state
 110:../../core/platform/octa/src/octa.c ****             break;
 441              		.loc 1 110 0
 442 0024 FFF7FEFF 		bl	P1_I2C_Init
 443              	.LVL13:
 111:../../core/platform/octa/src/octa.c ****         case 2:
 444              		.loc 1 111 0
 445 0028 F8E7     		b	.L25
 446              	.L27:
 113:../../core/platform/octa/src/octa.c ****             break;
 447              		.loc 1 113 0
 448 002a FFF7FEFF 		bl	P2_I2C_Init
 449              	.LVL14:
 114:../../core/platform/octa/src/octa.c ****         case 3:
 450              		.loc 1 114 0
ARM GAS  /tmp/cc40QAiD.s 			page 11


 451 002e F5E7     		b	.L25
 452              	.L28:
 116:../../core/platform/octa/src/octa.c ****             break;
 453              		.loc 1 116 0
 454 0030 FFF7FEFF 		bl	P3_I2C_Init
 455              	.LVL15:
 456              		.loc 1 121 0
 457 0034 F2E7     		b	.L25
 458              		.cfi_endproc
 459              	.LFE135:
 461              		.section	.text.platform_initialize_SPI,"ax",%progbits
 462              		.align	1
 463              		.global	platform_initialize_SPI
 464              		.syntax unified
 465              		.thumb
 466              		.thumb_func
 467              		.fpu fpv4-sp-d16
 469              	platform_initialize_SPI:
 470              	.LFB136:
 122:../../core/platform/octa/src/octa.c **** 
 123:../../core/platform/octa/src/octa.c **** void platform_initialize_SPI(struct OCTA_header aHeader)
 124:../../core/platform/octa/src/octa.c **** {
 471              		.loc 1 124 0
 472              		.cfi_startproc
 473              		@ args = 44, pretend = 16, frame = 0
 474              		@ frame_needed = 0, uses_anonymous_args = 0
 475 0000 84B0     		sub	sp, sp, #16
 476              	.LCFI14:
 477              		.cfi_def_cfa_offset 16
 478 0002 08B5     		push	{r3, lr}
 479              	.LCFI15:
 480              		.cfi_def_cfa_offset 24
 481              		.cfi_offset 3, -24
 482              		.cfi_offset 14, -20
 483 0004 0DF1080E 		add	lr, sp, #8
 484 0008 8EE80F00 		stm	lr, {r0, r1, r2, r3}
 125:../../core/platform/octa/src/octa.c ****     switch(aHeader.number)
 485              		.loc 1 125 0
 486 000c 9DF80830 		ldrb	r3, [sp, #8]	@ zero_extendqisi2
 487 0010 022B     		cmp	r3, #2
 488 0012 0AD0     		beq	.L34
 489 0014 032B     		cmp	r3, #3
 490 0016 0BD0     		beq	.L35
 491 0018 012B     		cmp	r3, #1
 492 001a 03D0     		beq	.L38
 493              	.L32:
 126:../../core/platform/octa/src/octa.c ****     {
 127:../../core/platform/octa/src/octa.c ****         case 1:
 128:../../core/platform/octa/src/octa.c ****             P1_SPI_Init();
 129:../../core/platform/octa/src/octa.c ****             break;
 130:../../core/platform/octa/src/octa.c ****         case 2:
 131:../../core/platform/octa/src/octa.c ****             P2_SPI_Init();
 132:../../core/platform/octa/src/octa.c ****             break;
 133:../../core/platform/octa/src/octa.c ****         case 3:
 134:../../core/platform/octa/src/octa.c ****             P3_SPI_Init();
 135:../../core/platform/octa/src/octa.c ****             break;
 136:../../core/platform/octa/src/octa.c ****         default:
ARM GAS  /tmp/cc40QAiD.s 			page 12


 137:../../core/platform/octa/src/octa.c ****             break;
 138:../../core/platform/octa/src/octa.c ****     }
 139:../../core/platform/octa/src/octa.c **** }
 494              		.loc 1 139 0
 495 001c BDE80840 		pop	{r3, lr}
 496              	.LCFI16:
 497              		.cfi_remember_state
 498              		.cfi_restore 14
 499              		.cfi_restore 3
 500              		.cfi_def_cfa_offset 16
 501 0020 04B0     		add	sp, sp, #16
 502              	.LCFI17:
 503              		.cfi_def_cfa_offset 0
 504 0022 7047     		bx	lr
 505              	.L38:
 506              	.LCFI18:
 507              		.cfi_restore_state
 128:../../core/platform/octa/src/octa.c ****             break;
 508              		.loc 1 128 0
 509 0024 FFF7FEFF 		bl	P1_SPI_Init
 510              	.LVL16:
 129:../../core/platform/octa/src/octa.c ****         case 2:
 511              		.loc 1 129 0
 512 0028 F8E7     		b	.L32
 513              	.L34:
 131:../../core/platform/octa/src/octa.c ****             break;
 514              		.loc 1 131 0
 515 002a FFF7FEFF 		bl	P2_SPI_Init
 516              	.LVL17:
 132:../../core/platform/octa/src/octa.c ****         case 3:
 517              		.loc 1 132 0
 518 002e F5E7     		b	.L32
 519              	.L35:
 134:../../core/platform/octa/src/octa.c ****             break;
 520              		.loc 1 134 0
 521 0030 FFF7FEFF 		bl	P3_SPI_Init
 522              	.LVL18:
 523              		.loc 1 139 0
 524 0034 F2E7     		b	.L32
 525              		.cfi_endproc
 526              	.LFE136:
 528              		.section	.text.platform_getHeader,"ax",%progbits
 529              		.align	1
 530              		.global	platform_getHeader
 531              		.syntax unified
 532              		.thumb
 533              		.thumb_func
 534              		.fpu fpv4-sp-d16
 536              	platform_getHeader:
 537              	.LFB137:
 140:../../core/platform/octa/src/octa.c **** 
 141:../../core/platform/octa/src/octa.c **** struct OCTA_header platform_getHeader(uint8_t connector)
 142:../../core/platform/octa/src/octa.c **** {
 538              		.loc 1 142 0
 539              		.cfi_startproc
 540              		@ args = 0, pretend = 0, frame = 48
 541              		@ frame_needed = 0, uses_anonymous_args = 0
ARM GAS  /tmp/cc40QAiD.s 			page 13


 542              	.LVL19:
 543 0000 70B5     		push	{r4, r5, r6, lr}
 544              	.LCFI19:
 545              		.cfi_def_cfa_offset 16
 546              		.cfi_offset 4, -16
 547              		.cfi_offset 5, -12
 548              		.cfi_offset 6, -8
 549              		.cfi_offset 14, -4
 550 0002 8CB0     		sub	sp, sp, #48
 551              	.LCFI20:
 552              		.cfi_def_cfa_offset 64
 553 0004 0546     		mov	r5, r0
 143:../../core/platform/octa/src/octa.c ****     switch (connector)
 554              		.loc 1 143 0
 555 0006 0229     		cmp	r1, #2
 556 0008 24D0     		beq	.L41
 557 000a 0329     		cmp	r1, #3
 558 000c 30D0     		beq	.L42
 559 000e 0129     		cmp	r1, #1
 560 0010 10D0     		beq	.L47
 561              	.LBB2:
 144:../../core/platform/octa/src/octa.c ****     {
 145:../../core/platform/octa/src/octa.c ****     case 1:
 146:../../core/platform/octa/src/octa.c ****         P1_header.active = 1;
 147:../../core/platform/octa/src/octa.c ****         return P1_header;
 148:../../core/platform/octa/src/octa.c ****     case 2:
 149:../../core/platform/octa/src/octa.c ****         P2_header.active = 1;
 150:../../core/platform/octa/src/octa.c ****         return P2_header;
 151:../../core/platform/octa/src/octa.c ****     case 3:
 152:../../core/platform/octa/src/octa.c ****         P3_header.active = 1;
 153:../../core/platform/octa/src/octa.c ****         return P3_header;
 154:../../core/platform/octa/src/octa.c ****     default:
 155:../../core/platform/octa/src/octa.c ****         //invalid connector
 156:../../core/platform/octa/src/octa.c ****         printf("Invalid connector\r\n");
 562              		.loc 1 156 0
 563 0012 1E48     		ldr	r0, .L48
 564              	.LVL20:
 565 0014 FFF7FEFF 		bl	puts
 566              	.LVL21:
 157:../../core/platform/octa/src/octa.c ****         struct OCTA_header invalid; 
 158:../../core/platform/octa/src/octa.c ****         invalid.active = 0;
 567              		.loc 1 158 0
 568 0018 0023     		movs	r3, #0
 569 001a 8DF82C30 		strb	r3, [sp, #44]
 159:../../core/platform/octa/src/octa.c ****         return invalid;
 570              		.loc 1 159 0
 571 001e 2C46     		mov	r4, r5
 572 0020 01AE     		add	r6, sp, #4
 573 0022 0FCE     		ldmia	r6!, {r0, r1, r2, r3}
 574 0024 0FC4     		stmia	r4!, {r0, r1, r2, r3}
 575 0026 0FCE     		ldmia	r6!, {r0, r1, r2, r3}
 576 0028 0FC4     		stmia	r4!, {r0, r1, r2, r3}
 577 002a 96E80700 		ldm	r6, {r0, r1, r2}
 578 002e 84E80700 		stm	r4, {r0, r1, r2}
 579 0032 0CE0     		b	.L39
 580              	.LVL22:
 581              	.L47:
ARM GAS  /tmp/cc40QAiD.s 			page 14


 146:../../core/platform/octa/src/octa.c ****         return P1_header;
 582              		.loc 1 146 0
 583 0034 164C     		ldr	r4, .L48+4
 584 0036 0123     		movs	r3, #1
 585 0038 84F82830 		strb	r3, [r4, #40]
 147:../../core/platform/octa/src/octa.c ****     case 2:
 586              		.loc 1 147 0
 587 003c 0646     		mov	r6, r0
 588 003e 0FCC     		ldmia	r4!, {r0, r1, r2, r3}
 589              	.LVL23:
 590 0040 0FC6     		stmia	r6!, {r0, r1, r2, r3}
 591 0042 0FCC     		ldmia	r4!, {r0, r1, r2, r3}
 592 0044 0FC6     		stmia	r6!, {r0, r1, r2, r3}
 593 0046 94E80700 		ldm	r4, {r0, r1, r2}
 594 004a 86E80700 		stm	r6, {r0, r1, r2}
 595              	.L39:
 596              	.LBE2:
 160:../../core/platform/octa/src/octa.c ****     }
 161:../../core/platform/octa/src/octa.c **** }...
 597              		.loc 1 161 0
 598 004e 2846     		mov	r0, r5
 599 0050 0CB0     		add	sp, sp, #48
 600              	.LCFI21:
 601              		.cfi_remember_state
 602              		.cfi_def_cfa_offset 16
 603              		@ sp needed
 604 0052 70BD     		pop	{r4, r5, r6, pc}
 605              	.LVL24:
 606              	.L41:
 607              	.LCFI22:
 608              		.cfi_restore_state
 609              	.LBB3:
 149:../../core/platform/octa/src/octa.c ****         P2_header.active = 1;
 610              		.loc 1 149 0
 611 0054 0F4C     		ldr	r4, .L48+8
 612 0056 0123     		movs	r3, #1
 613 0058 84F82830 		strb	r3, [r4, #40]
 150:../../core/platform/octa/src/octa.c ****         return P2_header;
 614              		.loc 1 150 0
 615 005c 0646     		mov	r6, r0
 616 005e 0FCC     		ldmia	r4!, {r0, r1, r2, r3}
 617              	.LVL25:
 618 0060 0FC6     		stmia	r6!, {r0, r1, r2, r3}
 619 0062 0FCC     		ldmia	r4!, {r0, r1, r2, r3}
 620 0064 0FC6     		stmia	r6!, {r0, r1, r2, r3}
 621 0066 94E80700 		ldm	r4, {r0, r1, r2}
 622 006a 86E80700 		stm	r6, {r0, r1, r2}
 623 006e EEE7     		b	.L39
 624              	.LVL26:
 625              	.L42:
 152:../../core/platform/octa/src/octa.c ****         P3_header.active = 1;
 626              		.loc 1 152 0
 627 0070 094C     		ldr	r4, .L48+12
 628 0072 0123     		movs	r3, #1
 629 0074 84F82830 		strb	r3, [r4, #40]
 153:../../core/platform/octa/src/octa.c ****         return P3_header;
 630              		.loc 1 153 0
ARM GAS  /tmp/cc40QAiD.s 			page 15


 631 0078 0646     		mov	r6, r0
 632 007a 0FCC     		ldmia	r4!, {r0, r1, r2, r3}
 633              	.LVL27:
 634 007c 0FC6     		stmia	r6!, {r0, r1, r2, r3}
 635 007e 0FCC     		ldmia	r4!, {r0, r1, r2, r3}
 636 0080 0FC6     		stmia	r6!, {r0, r1, r2, r3}
 637 0082 94E80700 		ldm	r4, {r0, r1, r2}
 638 0086 86E80700 		stm	r6, {r0, r1, r2}
 639 008a E0E7     		b	.L39
 640              	.L49:
 641              		.align	2
 642              	.L48:
 643 008c 00000000 		.word	.LC0
 644 0090 00000000 		.word	P1_header
 645 0094 00000000 		.word	P2_header
 646 0098 00000000 		.word	P3_header
 647              	.LBE3:
 648              		.cfi_endproc
 649              	.LFE137:
 651              		.comm	P3_header,44,4
 652              		.comm	P2_header,44,4
 653              		.comm	P1_header,44,4
 654              		.comm	FLASH_SPI,100,4
 655              		.comm	P3_SPI,100,4
 656              		.comm	P2_SPI,100,4
 657              		.comm	P1_SPI,100,4
 658              		.comm	P3_I2C,76,4
 659              		.comm	P2_I2C,76,4
 660              		.comm	P1_I2C,76,4
 661              		.comm	common_I2C,76,4
 662              		.comm	P3_UART,120,4
 663              		.comm	P2_UART,120,4
 664              		.comm	P1_UART,120,4
 665              		.comm	BLE_UART,120,4
 666              		.comm	USB_UART,120,4
 667              		.comm	hiwdg,16,4
 668              		.comm	P3_DIO6,8,4
 669              		.comm	P3_DIO5,8,4
 670              		.comm	P3_DIO4,8,4
 671              		.comm	P3_DIO3,8,4
 672              		.comm	P3_DIO2,8,4
 673              		.comm	P3_DIO1,8,4
 674              		.comm	P2_DIO6,8,4
 675              		.comm	P2_DIO5,8,4
 676              		.comm	P2_DIO4,8,4
 677              		.comm	P2_DIO3,8,4
 678              		.comm	P2_DIO2,8,4
 679              		.comm	P2_DIO1,8,4
 680              		.comm	P1_DIO6,8,4
 681              		.comm	P1_DIO5,8,4
 682              		.comm	P1_DIO4,8,4
 683              		.comm	P1_DIO3,8,4
 684              		.comm	P1_DIO2,8,4
 685              		.comm	P1_DIO1,8,4
 686              		.section	.rodata.platform_getHeader.str1.4,"aMS",%progbits,1
 687              		.align	2
 688              	.LC0:
ARM GAS  /tmp/cc40QAiD.s 			page 16


 689 0000 496E7661 		.ascii	"Invalid connector\015\000"
 689      6C696420 
 689      636F6E6E 
 689      6563746F 
 689      720D00
 690              		.text
 691              	.Letext0:
 692              		.file 2 "/usr/include/newlib/machine/_default_types.h"
 693              		.file 3 "/usr/include/newlib/sys/_stdint.h"
 694              		.file 4 "../../core/ST/CMSIS/Include/core_cm4.h"
 695              		.file 5 "../../core/ST/CMSIS/Device/ST/STM32L4xx/Include/system_stm32l4xx.h"
 696              		.file 6 "../../core/ST/CMSIS/Device/ST/STM32L4xx/Include/stm32l496xx.h"
 697              		.file 7 "../../core/ST/STM32L4xx_HAL_Driver/Inc/stm32l4xx_hal_def.h"
 698              		.file 8 "../../core/ST/STM32L4xx_HAL_Driver/Inc/stm32l4xx_hal_dma.h"
 699              		.file 9 "../../core/ST/STM32L4xx_HAL_Driver/Inc/stm32l4xx_hal_i2c.h"
 700              		.file 10 "../../core/ST/STM32L4xx_HAL_Driver/Inc/stm32l4xx_hal_iwdg.h"
 701              		.file 11 "../../core/ST/STM32L4xx_HAL_Driver/Inc/stm32l4xx_hal_spi.h"
 702              		.file 12 "../../core/ST/STM32L4xx_HAL_Driver/Inc/stm32l4xx_hal_uart.h"
 703              		.file 13 "../../core/ST/STM32L4xx_HAL_Driver/Inc/stm32l4xx_hal.h"
 704              		.file 14 "../../core/platform/octa/inc/gpio.h"
 705              		.file 15 "../../core/platform/octa/inc/iwdg.h"
 706              		.file 16 "../../core/platform/octa/inc/uart.h"
 707              		.file 17 "../../core/platform/octa/inc/i2c.h"
 708              		.file 18 "../../core/platform/octa/inc/spi.h"
 709              		.file 19 "../../core/platform/octa/inc/octa.h"
 710              		.file 20 "<built-in>"
ARM GAS  /tmp/cc40QAiD.s 			page 17


DEFINED SYMBOLS
                            *ABS*:0000000000000000 octa.c
     /tmp/cc40QAiD.s:18     .text.OCTA_Initialize_Common_Peripherals:0000000000000000 $t
     /tmp/cc40QAiD.s:25     .text.OCTA_Initialize_Common_Peripherals:0000000000000000 OCTA_Initialize_Common_Peripherals
     /tmp/cc40QAiD.s:58     .text.OCTA_Initialize_P1_Peripherals:0000000000000000 $t
     /tmp/cc40QAiD.s:65     .text.OCTA_Initialize_P1_Peripherals:0000000000000000 OCTA_Initialize_P1_Peripherals
     /tmp/cc40QAiD.s:107    .text.OCTA_Initialize_P1_Peripherals:000000000000002c $d
                            *COM*:000000000000002c P1_header
                            *COM*:0000000000000078 P1_UART
                            *COM*:000000000000004c P1_I2C
                            *COM*:0000000000000064 P1_SPI
                            *COM*:0000000000000008 P1_DIO1
                            *COM*:0000000000000008 P1_DIO2
                            *COM*:0000000000000008 P1_DIO3
                            *COM*:0000000000000008 P1_DIO4
                            *COM*:0000000000000008 P1_DIO5
                            *COM*:0000000000000008 P1_DIO6
     /tmp/cc40QAiD.s:121    .text.OCTA_Initialize_P2_Peripherals:0000000000000000 $t
     /tmp/cc40QAiD.s:128    .text.OCTA_Initialize_P2_Peripherals:0000000000000000 OCTA_Initialize_P2_Peripherals
     /tmp/cc40QAiD.s:170    .text.OCTA_Initialize_P2_Peripherals:000000000000002c $d
                            *COM*:000000000000002c P2_header
                            *COM*:0000000000000078 P2_UART
                            *COM*:000000000000004c P2_I2C
                            *COM*:0000000000000064 P2_SPI
                            *COM*:0000000000000008 P2_DIO1
                            *COM*:0000000000000008 P2_DIO2
                            *COM*:0000000000000008 P2_DIO3
                            *COM*:0000000000000008 P2_DIO4
                            *COM*:0000000000000008 P2_DIO5
                            *COM*:0000000000000008 P2_DIO6
     /tmp/cc40QAiD.s:184    .text.OCTA_Initialize_P3_Peripherals:0000000000000000 $t
     /tmp/cc40QAiD.s:191    .text.OCTA_Initialize_P3_Peripherals:0000000000000000 OCTA_Initialize_P3_Peripherals
     /tmp/cc40QAiD.s:233    .text.OCTA_Initialize_P3_Peripherals:000000000000002c $d
                            *COM*:000000000000002c P3_header
                            *COM*:0000000000000078 P3_UART
                            *COM*:000000000000004c P3_I2C
                            *COM*:0000000000000064 P3_SPI
                            *COM*:0000000000000008 P3_DIO1
                            *COM*:0000000000000008 P3_DIO2
                            *COM*:0000000000000008 P3_DIO3
                            *COM*:0000000000000008 P3_DIO4
                            *COM*:0000000000000008 P3_DIO5
                            *COM*:0000000000000008 P3_DIO6
     /tmp/cc40QAiD.s:247    .text.OCTA_Initialize_Platform:0000000000000000 $t
     /tmp/cc40QAiD.s:254    .text.OCTA_Initialize_Platform:0000000000000000 OCTA_Initialize_Platform
     /tmp/cc40QAiD.s:282    .text.get_UID:0000000000000000 $t
     /tmp/cc40QAiD.s:289    .text.get_UID:0000000000000000 get_UID
     /tmp/cc40QAiD.s:318    .text.get_UID:0000000000000018 $d
     /tmp/cc40QAiD.s:324    .text.platform_initialize_UART:0000000000000000 $t
     /tmp/cc40QAiD.s:331    .text.platform_initialize_UART:0000000000000000 platform_initialize_UART
     /tmp/cc40QAiD.s:395    .text.platform_initialize_I2C:0000000000000000 $t
     /tmp/cc40QAiD.s:402    .text.platform_initialize_I2C:0000000000000000 platform_initialize_I2C
     /tmp/cc40QAiD.s:462    .text.platform_initialize_SPI:0000000000000000 $t
     /tmp/cc40QAiD.s:469    .text.platform_initialize_SPI:0000000000000000 platform_initialize_SPI
     /tmp/cc40QAiD.s:529    .text.platform_getHeader:0000000000000000 $t
     /tmp/cc40QAiD.s:536    .text.platform_getHeader:0000000000000000 platform_getHeader
     /tmp/cc40QAiD.s:643    .text.platform_getHeader:000000000000008c $d
ARM GAS  /tmp/cc40QAiD.s 			page 18


                            *COM*:0000000000000064 FLASH_SPI
                            *COM*:000000000000004c common_I2C
                            *COM*:0000000000000078 BLE_UART
                            *COM*:0000000000000078 USB_UART
                            *COM*:0000000000000010 hiwdg
     /tmp/cc40QAiD.s:687    .rodata.platform_getHeader.str1.4:0000000000000000 $d
                     .debug_frame:0000000000000010 $d

UNDEFINED SYMBOLS
OCTA_GPIO_Init
OCTA_IWDG_Init
FLASH_SPI_Init
common_I2C_Init
USB_UART_Init
P1_UART_Init
P2_UART_Init
P3_UART_Init
P1_I2C_Init
P2_I2C_Init
P3_I2C_Init
P1_SPI_Init
P2_SPI_Init
P3_SPI_Init
puts
