ARM GAS  C:\Users\Jola\AppData\Local\Temp\ccQD2lyY.s 			page 1


   1              		.cpu cortex-m4
   2              		.eabi_attribute 27, 1
   3              		.eabi_attribute 28, 1
   4              		.eabi_attribute 20, 1
   5              		.eabi_attribute 21, 1
   6              		.eabi_attribute 23, 3
   7              		.eabi_attribute 24, 1
   8              		.eabi_attribute 25, 1
   9              		.eabi_attribute 26, 1
  10              		.eabi_attribute 30, 1
  11              		.eabi_attribute 34, 1
  12              		.eabi_attribute 18, 4
  13              		.file	"GSP30.c"
  14              		.text
  15              	.Ltext0:
  16              		.cfi_sections	.debug_frame
  17              		.section	.text.GSP30_setI2CInterface,"ax",%progbits
  18              		.align	1
  19              		.global	GSP30_setI2CInterface
  20              		.syntax unified
  21              		.thumb
  22              		.thumb_func
  23              		.fpu fpv4-sp-d16
  25              	GSP30_setI2CInterface:
  26              	.LFB123:
  27              		.file 1 "../../core/drivers/SGP30/src/GSP30.c"
   1:../../core/drivers/SGP30/src/GSP30.c **** #include "GSP30.h"
   2:../../core/drivers/SGP30/src/GSP30.c **** void GSP30_setI2CInterface(I2C_HandleTypeDef *hi2c) {
  28              		.loc 1 2 0
  29              		.cfi_startproc
  30              		@ args = 0, pretend = 0, frame = 0
  31              		@ frame_needed = 0, uses_anonymous_args = 0
  32              		@ link register save eliminated.
  33              	.LVL0:
   3:../../core/drivers/SGP30/src/GSP30.c ****   GSP30_hi2c = hi2c;
  34              		.loc 1 3 0
  35 0000 014B     		ldr	r3, .L2
  36 0002 1860     		str	r0, [r3]
   4:../../core/drivers/SGP30/src/GSP30.c **** }
  37              		.loc 1 4 0
  38 0004 7047     		bx	lr
  39              	.L3:
  40 0006 00BF     		.align	2
  41              	.L2:
  42 0008 00000000 		.word	GSP30_hi2c
  43              		.cfi_endproc
  44              	.LFE123:
  46              		.section	.text.GSP30_readRegister,"ax",%progbits
  47              		.align	1
  48              		.global	GSP30_readRegister
  49              		.syntax unified
  50              		.thumb
  51              		.thumb_func
  52              		.fpu fpv4-sp-d16
  54              	GSP30_readRegister:
  55              	.LFB124:
   5:../../core/drivers/SGP30/src/GSP30.c **** 
ARM GAS  C:\Users\Jola\AppData\Local\Temp\ccQD2lyY.s 			page 2


   6:../../core/drivers/SGP30/src/GSP30.c **** HAL_StatusTypeDef GSP30_readRegister(uint16_t GSP30_reg, uint8_t GSP30_data) {
  56              		.loc 1 6 0
  57              		.cfi_startproc
  58              		@ args = 0, pretend = 0, frame = 8
  59              		@ frame_needed = 0, uses_anonymous_args = 0
  60              	.LVL1:
  61 0000 10B5     		push	{r4, lr}
  62              	.LCFI0:
  63              		.cfi_def_cfa_offset 8
  64              		.cfi_offset 4, -8
  65              		.cfi_offset 14, -4
  66 0002 86B0     		sub	sp, sp, #24
  67              	.LCFI1:
  68              		.cfi_def_cfa_offset 32
  69 0004 06AB     		add	r3, sp, #24
  70 0006 03F8011D 		strb	r1, [r3, #-1]!
   7:../../core/drivers/SGP30/src/GSP30.c **** 
   8:../../core/drivers/SGP30/src/GSP30.c ****   HAL_I2C_Mem_Read(GSP30_hi2c, GSP30_I2C_ADDRESS, GSP30_reg, I2C_MEMADD_SIZE_16BIT, &GSP30_data, si
  71              		.loc 1 8 0
  72 000a 084A     		ldr	r2, .L6
  73 000c 1468     		ldr	r4, [r2]
  74 000e 4FF0FF32 		mov	r2, #-1
  75 0012 0292     		str	r2, [sp, #8]
  76 0014 0122     		movs	r2, #1
  77 0016 0192     		str	r2, [sp, #4]
  78 0018 0093     		str	r3, [sp]
  79 001a 0223     		movs	r3, #2
  80 001c 0246     		mov	r2, r0
  81 001e 5821     		movs	r1, #88
  82              	.LVL2:
  83 0020 2046     		mov	r0, r4
  84              	.LVL3:
  85 0022 FFF7FEFF 		bl	HAL_I2C_Mem_Read
  86              	.LVL4:
   9:../../core/drivers/SGP30/src/GSP30.c **** 
  10:../../core/drivers/SGP30/src/GSP30.c ****   return HAL_OK;
  11:../../core/drivers/SGP30/src/GSP30.c **** }
  87              		.loc 1 11 0
  88 0026 0020     		movs	r0, #0
  89 0028 06B0     		add	sp, sp, #24
  90              	.LCFI2:
  91              		.cfi_def_cfa_offset 8
  92              		@ sp needed
  93 002a 10BD     		pop	{r4, pc}
  94              	.L7:
  95              		.align	2
  96              	.L6:
  97 002c 00000000 		.word	GSP30_hi2c
  98              		.cfi_endproc
  99              	.LFE124:
 101              		.section	.text.GSP30_writeRegister,"ax",%progbits
 102              		.align	1
 103              		.global	GSP30_writeRegister
 104              		.syntax unified
 105              		.thumb
 106              		.thumb_func
 107              		.fpu fpv4-sp-d16
ARM GAS  C:\Users\Jola\AppData\Local\Temp\ccQD2lyY.s 			page 3


 109              	GSP30_writeRegister:
 110              	.LFB125:
  12:../../core/drivers/SGP30/src/GSP30.c **** 
  13:../../core/drivers/SGP30/src/GSP30.c **** HAL_StatusTypeDef GSP30_writeRegister(uint16_t GSP30_reg, uint8_t GSP30_data) {
 111              		.loc 1 13 0
 112              		.cfi_startproc
 113              		@ args = 0, pretend = 0, frame = 8
 114              		@ frame_needed = 0, uses_anonymous_args = 0
 115              	.LVL5:
 116 0000 10B5     		push	{r4, lr}
 117              	.LCFI3:
 118              		.cfi_def_cfa_offset 8
 119              		.cfi_offset 4, -8
 120              		.cfi_offset 14, -4
 121 0002 86B0     		sub	sp, sp, #24
 122              	.LCFI4:
 123              		.cfi_def_cfa_offset 32
 124 0004 06AB     		add	r3, sp, #24
 125 0006 03F8011D 		strb	r1, [r3, #-1]!
  14:../../core/drivers/SGP30/src/GSP30.c **** 
  15:../../core/drivers/SGP30/src/GSP30.c ****   HAL_I2C_Mem_Write(GSP30_hi2c, GSP30_I2C_ADDRESS, GSP30_reg, I2C_MEMADD_SIZE_16BIT, &GSP30_data, s
 126              		.loc 1 15 0
 127 000a 084A     		ldr	r2, .L10
 128 000c 1468     		ldr	r4, [r2]
 129 000e 4FF0FF32 		mov	r2, #-1
 130 0012 0292     		str	r2, [sp, #8]
 131 0014 0122     		movs	r2, #1
 132 0016 0192     		str	r2, [sp, #4]
 133 0018 0093     		str	r3, [sp]
 134 001a 0223     		movs	r3, #2
 135 001c 0246     		mov	r2, r0
 136 001e 5821     		movs	r1, #88
 137              	.LVL6:
 138 0020 2046     		mov	r0, r4
 139              	.LVL7:
 140 0022 FFF7FEFF 		bl	HAL_I2C_Mem_Write
 141              	.LVL8:
  16:../../core/drivers/SGP30/src/GSP30.c **** 
  17:../../core/drivers/SGP30/src/GSP30.c ****   return HAL_OK;
  18:../../core/drivers/SGP30/src/GSP30.c **** }
 142              		.loc 1 18 0
 143 0026 0020     		movs	r0, #0
 144 0028 06B0     		add	sp, sp, #24
 145              	.LCFI5:
 146              		.cfi_def_cfa_offset 8
 147              		@ sp needed
 148 002a 10BD     		pop	{r4, pc}
 149              	.L11:
 150              		.align	2
 151              	.L10:
 152 002c 00000000 		.word	GSP30_hi2c
 153              		.cfi_endproc
 154              	.LFE125:
 156              		.section	.text.GSP30_init,"ax",%progbits
 157              		.align	1
 158              		.global	GSP30_init
 159              		.syntax unified
ARM GAS  C:\Users\Jola\AppData\Local\Temp\ccQD2lyY.s 			page 4


 160              		.thumb
 161              		.thumb_func
 162              		.fpu fpv4-sp-d16
 164              	GSP30_init:
 165              	.LFB126:
  19:../../core/drivers/SGP30/src/GSP30.c **** 
  20:../../core/drivers/SGP30/src/GSP30.c **** void GSP30_init() {
 166              		.loc 1 20 0
 167              		.cfi_startproc
 168              		@ args = 0, pretend = 0, frame = 16
 169              		@ frame_needed = 0, uses_anonymous_args = 0
 170 0000 F0B5     		push	{r4, r5, r6, r7, lr}
 171              	.LCFI6:
 172              		.cfi_def_cfa_offset 20
 173              		.cfi_offset 4, -20
 174              		.cfi_offset 5, -16
 175              		.cfi_offset 6, -12
 176              		.cfi_offset 7, -8
 177              		.cfi_offset 14, -4
 178 0002 89B0     		sub	sp, sp, #36
 179              	.LCFI7:
 180              		.cfi_def_cfa_offset 56
  21:../../core/drivers/SGP30/src/GSP30.c **** 
  22:../../core/drivers/SGP30/src/GSP30.c ****   uint16_t addres[1];
  23:../../core/drivers/SGP30/src/GSP30.c ****   uint8_t data[6];
  24:../../core/drivers/SGP30/src/GSP30.c ****   addres[0] = 0x2003;
 181              		.loc 1 24 0
 182 0004 42F20301 		movw	r1, #8195
 183 0008 08AC     		add	r4, sp, #32
 184 000a 24F8041D 		strh	r1, [r4, #-4]!	@ movhi
  25:../../core/drivers/SGP30/src/GSP30.c ****   printf("Init Command: %x\n\r", addres[0]);
 185              		.loc 1 25 0
 186 000e 2348     		ldr	r0, .L14
 187 0010 FFF7FEFF 		bl	printf
 188              	.LVL9:
  26:../../core/drivers/SGP30/src/GSP30.c ****   GSP30_writeRegister(addres, data);
 189              		.loc 1 26 0
 190 0014 A4B2     		uxth	r4, r4
 191 0016 05AD     		add	r5, sp, #20
 192 0018 EDB2     		uxtb	r5, r5
 193 001a 2946     		mov	r1, r5
 194 001c 2046     		mov	r0, r4
 195 001e FFF7FEFF 		bl	GSP30_writeRegister
 196              	.LVL10:
  27:../../core/drivers/SGP30/src/GSP30.c **** 
  28:../../core/drivers/SGP30/src/GSP30.c ****   HAL_Delay(1000);
 197              		.loc 1 28 0
 198 0022 4FF47A70 		mov	r0, #1000
 199 0026 FFF7FEFF 		bl	HAL_Delay
 200              	.LVL11:
  29:../../core/drivers/SGP30/src/GSP30.c ****   addres[0] = 0x3682;
 201              		.loc 1 29 0
 202 002a 43F28263 		movw	r3, #13954
 203 002e ADF81C30 		strh	r3, [sp, #28]	@ movhi
  30:../../core/drivers/SGP30/src/GSP30.c ****   printf("Read ID\n\r");
 204              		.loc 1 30 0
 205 0032 1B48     		ldr	r0, .L14+4
ARM GAS  C:\Users\Jola\AppData\Local\Temp\ccQD2lyY.s 			page 5


 206 0034 FFF7FEFF 		bl	printf
 207              	.LVL12:
  31:../../core/drivers/SGP30/src/GSP30.c ****   GSP30_writeRegister(addres, data);
 208              		.loc 1 31 0
 209 0038 2946     		mov	r1, r5
 210 003a 2046     		mov	r0, r4
 211 003c FFF7FEFF 		bl	GSP30_writeRegister
 212              	.LVL13:
  32:../../core/drivers/SGP30/src/GSP30.c ****   printf("answer with write: %x %x %x %x %x %x\n\r", data[0], data[1],data[2],data[3],data[4],data[
 213              		.loc 1 32 0
 214 0040 9DF81410 		ldrb	r1, [sp, #20]	@ zero_extendqisi2
 215 0044 9DF81520 		ldrb	r2, [sp, #21]	@ zero_extendqisi2
 216 0048 9DF81630 		ldrb	r3, [sp, #22]	@ zero_extendqisi2
 217 004c 9DF81700 		ldrb	r0, [sp, #23]	@ zero_extendqisi2
 218 0050 9DF81860 		ldrb	r6, [sp, #24]	@ zero_extendqisi2
 219 0054 9DF81970 		ldrb	r7, [sp, #25]	@ zero_extendqisi2
 220 0058 0297     		str	r7, [sp, #8]
 221 005a 0196     		str	r6, [sp, #4]
 222 005c 0090     		str	r0, [sp]
 223 005e 1148     		ldr	r0, .L14+8
 224 0060 FFF7FEFF 		bl	printf
 225              	.LVL14:
  33:../../core/drivers/SGP30/src/GSP30.c ****   GSP30_readRegister(addres, data);
 226              		.loc 1 33 0
 227 0064 2946     		mov	r1, r5
 228 0066 2046     		mov	r0, r4
 229 0068 FFF7FEFF 		bl	GSP30_readRegister
 230              	.LVL15:
  34:../../core/drivers/SGP30/src/GSP30.c ****   printf("answer with read: %x %x %x %x %x %x\n\r", data[0], data[1],data[2],data[3],data[4],data[5
 231              		.loc 1 34 0
 232 006c 9DF81410 		ldrb	r1, [sp, #20]	@ zero_extendqisi2
 233 0070 9DF81520 		ldrb	r2, [sp, #21]	@ zero_extendqisi2
 234 0074 9DF81630 		ldrb	r3, [sp, #22]	@ zero_extendqisi2
 235 0078 9DF81700 		ldrb	r0, [sp, #23]	@ zero_extendqisi2
 236 007c 9DF81840 		ldrb	r4, [sp, #24]	@ zero_extendqisi2
 237 0080 9DF81950 		ldrb	r5, [sp, #25]	@ zero_extendqisi2
 238 0084 0295     		str	r5, [sp, #8]
 239 0086 0194     		str	r4, [sp, #4]
 240 0088 0090     		str	r0, [sp]
 241 008a 0748     		ldr	r0, .L14+12
 242 008c FFF7FEFF 		bl	printf
 243              	.LVL16:
  35:../../core/drivers/SGP30/src/GSP30.c ****   HAL_Delay(100);
 244              		.loc 1 35 0
 245 0090 6420     		movs	r0, #100
 246 0092 FFF7FEFF 		bl	HAL_Delay
 247              	.LVL17:
  36:../../core/drivers/SGP30/src/GSP30.c **** }
 248              		.loc 1 36 0
 249 0096 09B0     		add	sp, sp, #36
 250              	.LCFI8:
 251              		.cfi_def_cfa_offset 20
 252              		@ sp needed
 253 0098 F0BD     		pop	{r4, r5, r6, r7, pc}
 254              	.L15:
 255 009a 00BF     		.align	2
 256              	.L14:
ARM GAS  C:\Users\Jola\AppData\Local\Temp\ccQD2lyY.s 			page 6


 257 009c 00000000 		.word	.LC0
 258 00a0 14000000 		.word	.LC1
 259 00a4 20000000 		.word	.LC2
 260 00a8 48000000 		.word	.LC3
 261              		.cfi_endproc
 262              	.LFE126:
 264              		.section	.text.GSP30_reset,"ax",%progbits
 265              		.align	1
 266              		.global	GSP30_reset
 267              		.syntax unified
 268              		.thumb
 269              		.thumb_func
 270              		.fpu fpv4-sp-d16
 272              	GSP30_reset:
 273              	.LFB127:
  37:../../core/drivers/SGP30/src/GSP30.c **** 
  38:../../core/drivers/SGP30/src/GSP30.c **** /**
  39:../../core/drivers/SGP30/src/GSP30.c ****  * Resets the GSP30 accelerometer
  40:../../core/drivers/SGP30/src/GSP30.c ****  */
  41:../../core/drivers/SGP30/src/GSP30.c **** void GSP30_reset() {
 274              		.loc 1 41 0
 275              		.cfi_startproc
 276              		@ args = 0, pretend = 0, frame = 0
 277              		@ frame_needed = 0, uses_anonymous_args = 0
 278              		@ link register save eliminated.
  42:../../core/drivers/SGP30/src/GSP30.c ****   // GSP30_setting = GSP30_ACC_BOOT;
  43:../../core/drivers/SGP30/src/GSP30.c ****   // GSP30_writeRegister(GSP30_ACC_CTRL_REG5, GSP30_setting, 0);
  44:../../core/drivers/SGP30/src/GSP30.c **** }
 279              		.loc 1 44 0
 280 0000 7047     		bx	lr
 281              		.cfi_endproc
 282              	.LFE127:
 284              		.section	.text.GSP30_measure,"ax",%progbits
 285              		.align	1
 286              		.global	GSP30_measure
 287              		.syntax unified
 288              		.thumb
 289              		.thumb_func
 290              		.fpu fpv4-sp-d16
 292              	GSP30_measure:
 293              	.LFB128:
  45:../../core/drivers/SGP30/src/GSP30.c **** 
  46:../../core/drivers/SGP30/src/GSP30.c **** void GSP30_measure() {
 294              		.loc 1 46 0
 295              		.cfi_startproc
 296              		@ args = 0, pretend = 0, frame = 16
 297              		@ frame_needed = 0, uses_anonymous_args = 0
 298 0000 30B5     		push	{r4, r5, lr}
 299              	.LCFI9:
 300              		.cfi_def_cfa_offset 12
 301              		.cfi_offset 4, -12
 302              		.cfi_offset 5, -8
 303              		.cfi_offset 14, -4
 304 0002 89B0     		sub	sp, sp, #36
 305              	.LCFI10:
 306              		.cfi_def_cfa_offset 48
  47:../../core/drivers/SGP30/src/GSP30.c ****   uint16_t addres[1];
ARM GAS  C:\Users\Jola\AppData\Local\Temp\ccQD2lyY.s 			page 7


  48:../../core/drivers/SGP30/src/GSP30.c ****   uint8_t data[6];
  49:../../core/drivers/SGP30/src/GSP30.c ****   uint8_t data1[1];
  50:../../core/drivers/SGP30/src/GSP30.c ****   addres[0] = 0x2008;
 307              		.loc 1 50 0
 308 0004 08A8     		add	r0, sp, #32
 309 0006 42F20803 		movw	r3, #8200
 310 000a 20F8043D 		strh	r3, [r0, #-4]!	@ movhi
  51:../../core/drivers/SGP30/src/GSP30.c ****   GSP30_writeRegister(addres, data1);
 311              		.loc 1 51 0
 312 000e 84B2     		uxth	r4, r0
 313 0010 04A9     		add	r1, sp, #16
 314 0012 01F0F801 		and	r1, r1, #248
 315 0016 2046     		mov	r0, r4
 316 0018 FFF7FEFF 		bl	GSP30_writeRegister
 317              	.LVL18:
  52:../../core/drivers/SGP30/src/GSP30.c ****   HAL_Delay(12);
 318              		.loc 1 52 0
 319 001c 0C20     		movs	r0, #12
 320 001e FFF7FEFF 		bl	HAL_Delay
 321              	.LVL19:
  53:../../core/drivers/SGP30/src/GSP30.c ****   GSP30_readRegister(addres, data);
 322              		.loc 1 53 0
 323 0022 05A9     		add	r1, sp, #20
 324 0024 01F0FC01 		and	r1, r1, #252
 325 0028 2046     		mov	r0, r4
 326 002a FFF7FEFF 		bl	GSP30_readRegister
 327              	.LVL20:
  54:../../core/drivers/SGP30/src/GSP30.c ****   printf("Data Read Out: %x %x %x %x %x %x\n\r", data[0], data[1],data[2],data[3],data[4],data[5]);
 328              		.loc 1 54 0
 329 002e 9DF81410 		ldrb	r1, [sp, #20]	@ zero_extendqisi2
 330 0032 9DF81520 		ldrb	r2, [sp, #21]	@ zero_extendqisi2
 331 0036 9DF81630 		ldrb	r3, [sp, #22]	@ zero_extendqisi2
 332 003a 9DF81700 		ldrb	r0, [sp, #23]	@ zero_extendqisi2
 333 003e 9DF81840 		ldrb	r4, [sp, #24]	@ zero_extendqisi2
 334 0042 9DF81950 		ldrb	r5, [sp, #25]	@ zero_extendqisi2
 335 0046 0295     		str	r5, [sp, #8]
 336 0048 0194     		str	r4, [sp, #4]
 337 004a 0090     		str	r0, [sp]
 338 004c 0848     		ldr	r0, .L19
 339 004e FFF7FEFF 		bl	printf
 340              	.LVL21:
  55:../../core/drivers/SGP30/src/GSP30.c ****   addres[0]=data[1]*256+data[0];
 341              		.loc 1 55 0
 342 0052 9DF81530 		ldrb	r3, [sp, #21]	@ zero_extendqisi2
 343 0056 9DF81410 		ldrb	r1, [sp, #20]	@ zero_extendqisi2
 344 005a 01EB0321 		add	r1, r1, r3, lsl #8
 345 005e 89B2     		uxth	r1, r1
 346 0060 ADF81C10 		strh	r1, [sp, #28]	@ movhi
  56:../../core/drivers/SGP30/src/GSP30.c ****   printf("Air Quality: %d\n\r",addres[0]);
 347              		.loc 1 56 0
 348 0064 0348     		ldr	r0, .L19+4
 349 0066 FFF7FEFF 		bl	printf
 350              	.LVL22:
  57:../../core/drivers/SGP30/src/GSP30.c **** }
 351              		.loc 1 57 0
 352 006a 09B0     		add	sp, sp, #36
 353              	.LCFI11:
ARM GAS  C:\Users\Jola\AppData\Local\Temp\ccQD2lyY.s 			page 8


 354              		.cfi_def_cfa_offset 12
 355              		@ sp needed
 356 006c 30BD     		pop	{r4, r5, pc}
 357              	.L20:
 358 006e 00BF     		.align	2
 359              	.L19:
 360 0070 00000000 		.word	.LC4
 361 0074 24000000 		.word	.LC5
 362              		.cfi_endproc
 363              	.LFE128:
 365              		.section	.text.GSP30_readData,"ax",%progbits
 366              		.align	1
 367              		.global	GSP30_readData
 368              		.syntax unified
 369              		.thumb
 370              		.thumb_func
 371              		.fpu fpv4-sp-d16
 373              	GSP30_readData:
 374              	.LFB129:
  58:../../core/drivers/SGP30/src/GSP30.c **** 
  59:../../core/drivers/SGP30/src/GSP30.c **** void GSP30_readData(int32_t *pData) {
 375              		.loc 1 59 0
 376              		.cfi_startproc
 377              		@ args = 0, pretend = 0, frame = 0
 378              		@ frame_needed = 0, uses_anonymous_args = 0
 379              		@ link register save eliminated.
 380              	.LVL23:
  60:../../core/drivers/SGP30/src/GSP30.c **** 
  61:../../core/drivers/SGP30/src/GSP30.c ****   // HAL_I2C_Mem_Read(GSP30_hi2c, GSP30_ACC_I2C_ADDRESS,	GSP30_ACC_MULTI_READ, I2C_MEMADD_SIZE_8BIT
  62:../../core/drivers/SGP30/src/GSP30.c ****   // HAL_MAX_DELAY);
  63:../../core/drivers/SGP30/src/GSP30.c **** 
  64:../../core/drivers/SGP30/src/GSP30.c ****   // accRawData[0] = (accRegisterData[1] << 8)	| accRegisterData[0];
  65:../../core/drivers/SGP30/src/GSP30.c ****   // accRawData[1] = (accRegisterData[3] << 8)| accRegisterData[2];
  66:../../core/drivers/SGP30/src/GSP30.c ****   // accRawData[2] = (accRegisterData[5] << 8)| accRegisterData[4];
  67:../../core/drivers/SGP30/src/GSP30.c **** 
  68:../../core/drivers/SGP30/src/GSP30.c ****   /* Apply proper shift and sensitivity */
  69:../../core/drivers/SGP30/src/GSP30.c ****   // Normal mode 10-bit, shift = 6 and FS = 2
  70:../../core/drivers/SGP30/src/GSP30.c ****   // pData[0] = (int32_t) (((accRawData[0] >> 6) * 3900 + 500) / 1000);
  71:../../core/drivers/SGP30/src/GSP30.c ****   // pData[1] = (int32_t) (((accRawData[1] >> 6) * 3900 + 500) / 1000);
  72:../../core/drivers/SGP30/src/GSP30.c ****   // pData[2] = (int32_t) (((accRawData[2] >> 6) * 3900 + 500) / 1000);
  73:../../core/drivers/SGP30/src/GSP30.c **** }
 381              		.loc 1 73 0
 382 0000 7047     		bx	lr
 383              		.cfi_endproc
 384              	.LFE129:
 386              		.comm	GSP30_hi2c,4,4
 387              		.comm	GSP30_setting,1,1
 388              		.section	.rodata.GSP30_init.str1.4,"aMS",%progbits,1
 389              		.align	2
 390              	.LC0:
 391 0000 496E6974 		.ascii	"Init Command: %x\012\015\000"
 391      20436F6D 
 391      6D616E64 
 391      3A202578 
 391      0A0D00
 392 0013 00       		.space	1
 393              	.LC1:
ARM GAS  C:\Users\Jola\AppData\Local\Temp\ccQD2lyY.s 			page 9


 394 0014 52656164 		.ascii	"Read ID\012\015\000"
 394      2049440A 
 394      0D00
 395 001e 0000     		.space	2
 396              	.LC2:
 397 0020 616E7377 		.ascii	"answer with write: %x %x %x %x %x %x\012\015\000"
 397      65722077 
 397      69746820 
 397      77726974 
 397      653A2025 
 398 0047 00       		.space	1
 399              	.LC3:
 400 0048 616E7377 		.ascii	"answer with read: %x %x %x %x %x %x\012\015\000"
 400      65722077 
 400      69746820 
 400      72656164 
 400      3A202578 
 401              		.section	.rodata.GSP30_measure.str1.4,"aMS",%progbits,1
 402              		.align	2
 403              	.LC4:
 404 0000 44617461 		.ascii	"Data Read Out: %x %x %x %x %x %x\012\015\000"
 404      20526561 
 404      64204F75 
 404      743A2025 
 404      78202578 
 405 0023 00       		.space	1
 406              	.LC5:
 407 0024 41697220 		.ascii	"Air Quality: %d\012\015\000"
 407      5175616C 
 407      6974793A 
 407      2025640A 
 407      0D00
 408              		.text
 409              	.Letext0:
 410              		.file 2 "c:\\program files (x86)\\gnu tools arm embedded\\7 2018-q2-update\\arm-none-eabi\\include
 411              		.file 3 "c:\\program files (x86)\\gnu tools arm embedded\\7 2018-q2-update\\arm-none-eabi\\include
 412              		.file 4 "../../core/ST/CMSIS/Include/core_cm4.h"
 413              		.file 5 "../../core/ST/CMSIS/Device/ST/STM32L4xx/Include/system_stm32l4xx.h"
 414              		.file 6 "../../core/ST/CMSIS/Device/ST/STM32L4xx/Include/stm32l496xx.h"
 415              		.file 7 "../../core/ST/STM32L4xx_HAL_Driver/Inc/stm32l4xx_hal_def.h"
 416              		.file 8 "../../core/ST/STM32L4xx_HAL_Driver/Inc/stm32l4xx_hal_dma.h"
 417              		.file 9 "../../core/ST/STM32L4xx_HAL_Driver/Inc/stm32l4xx_hal_i2c.h"
 418              		.file 10 "../../core/ST/STM32L4xx_HAL_Driver/Inc/stm32l4xx_hal.h"
 419              		.file 11 "../../core/drivers/SGP30/inc/GSP30.h"
 420              		.file 12 "<built-in>"
ARM GAS  C:\Users\Jola\AppData\Local\Temp\ccQD2lyY.s 			page 10


DEFINED SYMBOLS
                            *ABS*:00000000 GSP30.c
C:\Users\Jola\AppData\Local\Temp\ccQD2lyY.s:18     .text.GSP30_setI2CInterface:00000000 $t
C:\Users\Jola\AppData\Local\Temp\ccQD2lyY.s:25     .text.GSP30_setI2CInterface:00000000 GSP30_setI2CInterface
C:\Users\Jola\AppData\Local\Temp\ccQD2lyY.s:42     .text.GSP30_setI2CInterface:00000008 $d
                            *COM*:00000004 GSP30_hi2c
C:\Users\Jola\AppData\Local\Temp\ccQD2lyY.s:47     .text.GSP30_readRegister:00000000 $t
C:\Users\Jola\AppData\Local\Temp\ccQD2lyY.s:54     .text.GSP30_readRegister:00000000 GSP30_readRegister
C:\Users\Jola\AppData\Local\Temp\ccQD2lyY.s:97     .text.GSP30_readRegister:0000002c $d
C:\Users\Jola\AppData\Local\Temp\ccQD2lyY.s:102    .text.GSP30_writeRegister:00000000 $t
C:\Users\Jola\AppData\Local\Temp\ccQD2lyY.s:109    .text.GSP30_writeRegister:00000000 GSP30_writeRegister
C:\Users\Jola\AppData\Local\Temp\ccQD2lyY.s:152    .text.GSP30_writeRegister:0000002c $d
C:\Users\Jola\AppData\Local\Temp\ccQD2lyY.s:157    .text.GSP30_init:00000000 $t
C:\Users\Jola\AppData\Local\Temp\ccQD2lyY.s:164    .text.GSP30_init:00000000 GSP30_init
C:\Users\Jola\AppData\Local\Temp\ccQD2lyY.s:257    .text.GSP30_init:0000009c $d
C:\Users\Jola\AppData\Local\Temp\ccQD2lyY.s:265    .text.GSP30_reset:00000000 $t
C:\Users\Jola\AppData\Local\Temp\ccQD2lyY.s:272    .text.GSP30_reset:00000000 GSP30_reset
C:\Users\Jola\AppData\Local\Temp\ccQD2lyY.s:285    .text.GSP30_measure:00000000 $t
C:\Users\Jola\AppData\Local\Temp\ccQD2lyY.s:292    .text.GSP30_measure:00000000 GSP30_measure
C:\Users\Jola\AppData\Local\Temp\ccQD2lyY.s:360    .text.GSP30_measure:00000070 $d
C:\Users\Jola\AppData\Local\Temp\ccQD2lyY.s:366    .text.GSP30_readData:00000000 $t
C:\Users\Jola\AppData\Local\Temp\ccQD2lyY.s:373    .text.GSP30_readData:00000000 GSP30_readData
                            *COM*:00000001 GSP30_setting
C:\Users\Jola\AppData\Local\Temp\ccQD2lyY.s:389    .rodata.GSP30_init.str1.4:00000000 $d
C:\Users\Jola\AppData\Local\Temp\ccQD2lyY.s:402    .rodata.GSP30_measure.str1.4:00000000 $d

UNDEFINED SYMBOLS
HAL_I2C_Mem_Read
HAL_I2C_Mem_Write
printf
HAL_Delay
